{"/Users/tmcw/src/turf/turf_modules/alltests.js":{"path":"/Users/tmcw/src/turf/turf_modules/alltests.js","s":{"1":1,"2":1,"3":1,"4":1,"5":1,"6":1,"7":1,"8":1,"9":1,"10":1,"11":1,"12":1,"13":1,"14":1,"15":1,"16":1,"17":1,"18":1,"19":1,"20":1,"21":1,"22":1,"23":1,"24":1,"25":1,"26":1,"27":1,"28":1,"29":1,"30":1,"31":1,"32":1,"33":1,"34":1,"35":1,"36":1,"37":1,"38":1,"39":1,"40":1,"41":1,"42":1,"43":1,"44":1,"45":1,"46":1,"47":1},"b":{},"f":{},"fnMap":{},"statementMap":{"1":{"start":{"line":1,"column":0},"end":{"line":1,"column":36}},"2":{"start":{"line":2,"column":0},"end":{"line":2,"column":31}},"3":{"start":{"line":3,"column":0},"end":{"line":3,"column":34}},"4":{"start":{"line":4,"column":0},"end":{"line":4,"column":39}},"5":{"start":{"line":5,"column":0},"end":{"line":5,"column":34}},"6":{"start":{"line":6,"column":0},"end":{"line":6,"column":33}},"7":{"start":{"line":7,"column":0},"end":{"line":7,"column":33}},"8":{"start":{"line":8,"column":0},"end":{"line":8,"column":33}},"9":{"start":{"line":9,"column":0},"end":{"line":9,"column":35}},"10":{"start":{"line":10,"column":0},"end":{"line":10,"column":34}},"11":{"start":{"line":11,"column":0},"end":{"line":11,"column":32}},"12":{"start":{"line":12,"column":0},"end":{"line":12,"column":38}},"13":{"start":{"line":13,"column":0},"end":{"line":13,"column":36}},"14":{"start":{"line":14,"column":0},"end":{"line":14,"column":35}},"15":{"start":{"line":15,"column":0},"end":{"line":15,"column":35}},"16":{"start":{"line":16,"column":0},"end":{"line":16,"column":34}},"17":{"start":{"line":17,"column":0},"end":{"line":17,"column":33}},"18":{"start":{"line":18,"column":0},"end":{"line":18,"column":44}},"19":{"start":{"line":19,"column":0},"end":{"line":19,"column":33}},"20":{"start":{"line":20,"column":0},"end":{"line":20,"column":31}},"21":{"start":{"line":21,"column":0},"end":{"line":21,"column":31}},"22":{"start":{"line":22,"column":0},"end":{"line":22,"column":30}},"23":{"start":{"line":24,"column":0},"end":{"line":24,"column":39}},"24":{"start":{"line":25,"column":0},"end":{"line":25,"column":35}},"25":{"start":{"line":26,"column":0},"end":{"line":26,"column":35}},"26":{"start":{"line":27,"column":0},"end":{"line":27,"column":32}},"27":{"start":{"line":28,"column":0},"end":{"line":28,"column":32}},"28":{"start":{"line":29,"column":0},"end":{"line":29,"column":37}},"29":{"start":{"line":30,"column":0},"end":{"line":30,"column":30}},"30":{"start":{"line":31,"column":0},"end":{"line":31,"column":33}},"31":{"start":{"line":32,"column":0},"end":{"line":32,"column":35}},"32":{"start":{"line":33,"column":0},"end":{"line":33,"column":30}},"33":{"start":{"line":34,"column":0},"end":{"line":34,"column":34}},"34":{"start":{"line":35,"column":0},"end":{"line":35,"column":37}},"35":{"start":{"line":36,"column":0},"end":{"line":36,"column":43}},"36":{"start":{"line":37,"column":0},"end":{"line":37,"column":32}},"37":{"start":{"line":38,"column":0},"end":{"line":38,"column":34}},"38":{"start":{"line":39,"column":0},"end":{"line":39,"column":35}},"39":{"start":{"line":40,"column":0},"end":{"line":40,"column":34}},"40":{"start":{"line":41,"column":0},"end":{"line":41,"column":33}},"41":{"start":{"line":42,"column":0},"end":{"line":42,"column":33}},"42":{"start":{"line":43,"column":0},"end":{"line":43,"column":31}},"43":{"start":{"line":44,"column":0},"end":{"line":44,"column":33}},"44":{"start":{"line":45,"column":0},"end":{"line":45,"column":30}},"45":{"start":{"line":47,"column":0},"end":{"line":47,"column":30}},"46":{"start":{"line":48,"column":0},"end":{"line":48,"column":35}},"47":{"start":{"line":49,"column":0},"end":{"line":49,"column":33}}},"branchMap":{}},"/Users/tmcw/src/turf/turf_modules/turf-aggregate/test.js":{"path":"/Users/tmcw/src/turf/turf_modules/turf-aggregate/test.js","s":{"1":1,"2":1,"3":1,"4":1,"5":1,"6":1,"7":1,"8":1,"9":1,"10":1,"11":1,"12":1,"13":1,"14":1,"15":1,"16":1,"17":1,"18":1,"19":1,"20":1,"21":1,"22":1,"23":1,"24":1,"25":1,"26":1,"27":1,"28":1,"29":1,"30":1,"31":1,"32":1},"b":{},"f":{"1":1},"fnMap":{"1":{"name":"(anonymous_1)","line":7,"loc":{"start":{"line":7,"column":18},"end":{"line":7,"column":29}}}},"statementMap":{"1":{"start":{"line":1,"column":0},"end":{"line":1,"column":30}},"2":{"start":{"line":2,"column":0},"end":{"line":2,"column":27}},"3":{"start":{"line":3,"column":0},"end":{"line":3,"column":38}},"4":{"start":{"line":4,"column":0},"end":{"line":4,"column":34}},"5":{"start":{"line":5,"column":0},"end":{"line":5,"column":59}},"6":{"start":{"line":7,"column":0},"end":{"line":77,"column":3}},"7":{"start":{"line":8,"column":2},"end":{"line":8,"column":61}},"8":{"start":{"line":9,"column":2},"end":{"line":9,"column":64}},"9":{"start":{"line":10,"column":2},"end":{"line":10,"column":49}},"10":{"start":{"line":11,"column":2},"end":{"line":11,"column":42}},"11":{"start":{"line":12,"column":2},"end":{"line":12,"column":42}},"12":{"start":{"line":13,"column":2},"end":{"line":13,"column":43}},"13":{"start":{"line":14,"column":2},"end":{"line":14,"column":43}},"14":{"start":{"line":15,"column":2},"end":{"line":15,"column":43}},"15":{"start":{"line":16,"column":2},"end":{"line":16,"column":58}},"16":{"start":{"line":17,"column":2},"end":{"line":58,"column":4}},"17":{"start":{"line":60,"column":2},"end":{"line":60,"column":57}},"18":{"start":{"line":61,"column":2},"end":{"line":61,"column":58}},"19":{"start":{"line":62,"column":2},"end":{"line":62,"column":58}},"20":{"start":{"line":63,"column":2},"end":{"line":63,"column":58}},"21":{"start":{"line":64,"column":2},"end":{"line":64,"column":58}},"22":{"start":{"line":65,"column":2},"end":{"line":65,"column":61}},"23":{"start":{"line":66,"column":2},"end":{"line":66,"column":61}},"24":{"start":{"line":67,"column":2},"end":{"line":67,"column":58}},"25":{"start":{"line":68,"column":2},"end":{"line":68,"column":58}},"26":{"start":{"line":69,"column":2},"end":{"line":69,"column":58}},"27":{"start":{"line":70,"column":2},"end":{"line":70,"column":58}},"28":{"start":{"line":71,"column":2},"end":{"line":71,"column":56}},"29":{"start":{"line":72,"column":2},"end":{"line":72,"column":56}},"30":{"start":{"line":73,"column":2},"end":{"line":73,"column":55}},"31":{"start":{"line":74,"column":2},"end":{"line":74,"column":55}},"32":{"start":{"line":76,"column":2},"end":{"line":76,"column":10}}},"branchMap":{}},"/Users/tmcw/src/turf/turf_modules/turf-aggregate/index.js":{"path":"/Users/tmcw/src/turf/turf_modules/turf-aggregate/index.js","s":{"1":1,"2":1,"3":1,"4":1,"5":1,"6":1,"7":1,"8":1,"9":1,"10":1,"11":1,"12":1,"13":1,"14":1,"15":1,"16":1,"17":1,"18":1,"19":1,"20":8,"21":8,"22":8,"23":1,"24":7,"25":0,"26":1,"27":1,"28":8},"b":{"1":[8,0],"2":[1,7],"3":[8,7,6,5,4,3,2,1]},"f":{"1":1,"2":8},"fnMap":{"1":{"name":"(anonymous_1)","line":87,"loc":{"start":{"line":87,"column":17},"end":{"line":87,"column":57}}},"2":{"name":"isAggregationOperation","line":107,"loc":{"start":{"line":107,"column":0},"end":{"line":107,"column":43}}}},"statementMap":{"1":{"start":{"line":1,"column":0},"end":{"line":1,"column":38}},"2":{"start":{"line":2,"column":0},"end":{"line":2,"column":30}},"3":{"start":{"line":3,"column":0},"end":{"line":3,"column":36}},"4":{"start":{"line":4,"column":0},"end":{"line":4,"column":30}},"5":{"start":{"line":5,"column":0},"end":{"line":5,"column":30}},"6":{"start":{"line":6,"column":0},"end":{"line":6,"column":42}},"7":{"start":{"line":7,"column":0},"end":{"line":7,"column":40}},"8":{"start":{"line":8,"column":0},"end":{"line":8,"column":34}},"9":{"start":{"line":9,"column":0},"end":{"line":9,"column":20}},"10":{"start":{"line":10,"column":0},"end":{"line":10,"column":29}},"11":{"start":{"line":11,"column":0},"end":{"line":11,"column":21}},"12":{"start":{"line":12,"column":0},"end":{"line":12,"column":27}},"13":{"start":{"line":13,"column":0},"end":{"line":13,"column":21}},"14":{"start":{"line":14,"column":0},"end":{"line":14,"column":21}},"15":{"start":{"line":15,"column":0},"end":{"line":15,"column":33}},"16":{"start":{"line":16,"column":0},"end":{"line":16,"column":31}},"17":{"start":{"line":17,"column":0},"end":{"line":17,"column":25}},"18":{"start":{"line":87,"column":0},"end":{"line":105,"column":2}},"19":{"start":{"line":88,"column":2},"end":{"line":102,"column":3}},"20":{"start":{"line":89,"column":4},"end":{"line":91,"column":24}},"21":{"start":{"line":93,"column":4},"end":{"line":101,"column":5}},"22":{"start":{"line":94,"column":6},"end":{"line":98,"column":7}},"23":{"start":{"line":95,"column":8},"end":{"line":95,"column":73}},"24":{"start":{"line":97,"column":8},"end":{"line":97,"column":86}},"25":{"start":{"line":100,"column":6},"end":{"line":100,"column":86}},"26":{"start":{"line":104,"column":2},"end":{"line":104,"column":18}},"27":{"start":{"line":107,"column":0},"end":{"line":116,"column":1}},"28":{"start":{"line":108,"column":2},"end":{"line":115,"column":26}}},"branchMap":{"1":{"line":93,"type":"if","locations":[{"start":{"line":93,"column":4},"end":{"line":93,"column":4}},{"start":{"line":93,"column":4},"end":{"line":93,"column":4}}]},"2":{"line":94,"type":"if","locations":[{"start":{"line":94,"column":6},"end":{"line":94,"column":6}},{"start":{"line":94,"column":6},"end":{"line":94,"column":6}}]},"3":{"line":108,"type":"binary-expr","locations":[{"start":{"line":108,"column":9},"end":{"line":108,"column":32}},{"start":{"line":109,"column":4},"end":{"line":109,"column":23}},{"start":{"line":110,"column":4},"end":{"line":110,"column":26}},{"start":{"line":111,"column":4},"end":{"line":111,"column":23}},{"start":{"line":112,"column":4},"end":{"line":112,"column":23}},{"start":{"line":113,"column":4},"end":{"line":113,"column":29}},{"start":{"line":114,"column":4},"end":{"line":114,"column":28}},{"start":{"line":115,"column":4},"end":{"line":115,"column":25}}]}}},"/Users/tmcw/src/turf/turf_modules/turf-area/test.js":{"path":"/Users/tmcw/src/turf/turf_modules/turf-area/test.js","s":{"1":1,"2":1,"3":1,"4":1,"5":1},"b":{},"f":{"1":1},"fnMap":{"1":{"name":"(anonymous_1)","line":4,"loc":{"start":{"line":4,"column":21},"end":{"line":4,"column":33}}}},"statementMap":{"1":{"start":{"line":1,"column":0},"end":{"line":2,"column":27}},"2":{"start":{"line":4,"column":0},"end":{"line":19,"column":3}},"3":{"start":{"line":5,"column":4},"end":{"line":16,"column":6}},"4":{"start":{"line":17,"column":4},"end":{"line":17,"column":43}},"5":{"start":{"line":18,"column":4},"end":{"line":18,"column":12}}},"branchMap":{}},"/Users/tmcw/src/turf/turf_modules/turf-area/index.js":{"path":"/Users/tmcw/src/turf/turf_modules/turf-area/index.js","s":{"1":1,"2":1,"3":1,"4":0,"5":0,"6":0,"7":0,"8":0,"9":1},"b":{"1":[0,1],"2":[0,0],"3":[0,0]},"f":{"1":1},"fnMap":{"1":{"name":"(anonymous_1)","line":15,"loc":{"start":{"line":15,"column":17},"end":{"line":15,"column":29}}}},"statementMap":{"1":{"start":{"line":1,"column":0},"end":{"line":1,"column":52}},"2":{"start":{"line":15,"column":0},"end":{"line":27,"column":2}},"3":{"start":{"line":16,"column":4},"end":{"line":26,"column":5}},"4":{"start":{"line":17,"column":8},"end":{"line":22,"column":9}},"5":{"start":{"line":18,"column":12},"end":{"line":21,"column":13}},"6":{"start":{"line":19,"column":16},"end":{"line":19,"column":65}},"7":{"start":{"line":20,"column":16},"end":{"line":20,"column":34}},"8":{"start":{"line":23,"column":8},"end":{"line":23,"column":19}},"9":{"start":{"line":25,"column":8},"end":{"line":25,"column":31}}},"branchMap":{"1":{"line":16,"type":"if","locations":[{"start":{"line":16,"column":4},"end":{"line":16,"column":4}},{"start":{"line":16,"column":4},"end":{"line":16,"column":4}}]},"2":{"line":18,"type":"if","locations":[{"start":{"line":18,"column":12},"end":{"line":18,"column":12}},{"start":{"line":18,"column":12},"end":{"line":18,"column":12}}]},"3":{"line":20,"type":"binary-expr","locations":[{"start":{"line":20,"column":23},"end":{"line":20,"column":28}},{"start":{"line":20,"column":32},"end":{"line":20,"column":33}}]}}},"/Users/tmcw/src/turf/turf_modules/turf-average/test.js":{"path":"/Users/tmcw/src/turf/turf_modules/turf-average/test.js","s":{"1":1,"2":1,"3":1,"4":1,"5":1,"6":1,"7":1,"8":1,"9":1,"10":1,"11":1,"12":1,"13":1,"14":1,"15":1,"16":1,"17":1,"18":1,"19":1,"20":1},"b":{},"f":{"1":1},"fnMap":{"1":{"name":"(anonymous_1)","line":7,"loc":{"start":{"line":7,"column":16},"end":{"line":7,"column":27}}}},"statementMap":{"1":{"start":{"line":1,"column":0},"end":{"line":1,"column":28}},"2":{"start":{"line":2,"column":0},"end":{"line":2,"column":27}},"3":{"start":{"line":3,"column":0},"end":{"line":3,"column":38}},"4":{"start":{"line":4,"column":0},"end":{"line":4,"column":34}},"5":{"start":{"line":5,"column":0},"end":{"line":5,"column":59}},"6":{"start":{"line":7,"column":0},"end":{"line":27,"column":0}},"7":{"start":{"line":8,"column":2},"end":{"line":8,"column":61}},"8":{"start":{"line":9,"column":2},"end":{"line":9,"column":64}},"9":{"start":{"line":10,"column":2},"end":{"line":10,"column":49}},"10":{"start":{"line":11,"column":2},"end":{"line":11,"column":42}},"11":{"start":{"line":12,"column":2},"end":{"line":12,"column":42}},"12":{"start":{"line":13,"column":2},"end":{"line":13,"column":43}},"13":{"start":{"line":14,"column":2},"end":{"line":14,"column":43}},"14":{"start":{"line":15,"column":2},"end":{"line":15,"column":43}},"15":{"start":{"line":16,"column":2},"end":{"line":16,"column":58}},"16":{"start":{"line":18,"column":2},"end":{"line":18,"column":64}},"17":{"start":{"line":20,"column":2},"end":{"line":20,"column":57}},"18":{"start":{"line":21,"column":2},"end":{"line":21,"column":56}},"19":{"start":{"line":22,"column":2},"end":{"line":22,"column":56}},"20":{"start":{"line":24,"column":2},"end":{"line":25,"column":0}}},"branchMap":{}},"/Users/tmcw/src/turf/turf_modules/turf-average/index.js":{"path":"/Users/tmcw/src/turf/turf_modules/turf-average/index.js","s":{"1":1,"2":1,"3":1,"4":2,"5":0,"6":2,"7":2,"8":10,"9":5,"10":2,"11":1,"12":1,"13":2,"14":2,"15":5,"16":2},"b":{"1":[0,2],"2":[5,5]},"f":{"1":1,"2":2,"3":10,"4":2},"fnMap":{"1":{"name":"(anonymous_1)","line":30,"loc":{"start":{"line":30,"column":17},"end":{"line":30,"column":64}}},"2":{"name":"(anonymous_2)","line":31,"loc":{"start":{"line":31,"column":26},"end":{"line":31,"column":40}}},"3":{"name":"(anonymous_3)","line":34,"loc":{"start":{"line":34,"column":26},"end":{"line":34,"column":38}}},"4":{"name":"average","line":43,"loc":{"start":{"line":43,"column":0},"end":{"line":43,"column":25}}}},"statementMap":{"1":{"start":{"line":1,"column":0},"end":{"line":1,"column":36}},"2":{"start":{"line":30,"column":0},"end":{"line":43,"column":0}},"3":{"start":{"line":31,"column":2},"end":{"line":38,"column":5}},"4":{"start":{"line":32,"column":4},"end":{"line":32,"column":46}},"5":{"start":{"line":32,"column":25},"end":{"line":32,"column":46}},"6":{"start":{"line":33,"column":4},"end":{"line":33,"column":20}},"7":{"start":{"line":34,"column":4},"end":{"line":36,"column":7}},"8":{"start":{"line":35,"column":6},"end":{"line":35,"column":64}},"9":{"start":{"line":35,"column":28},"end":{"line":35,"column":64}},"10":{"start":{"line":37,"column":4},"end":{"line":37,"column":48}},"11":{"start":{"line":40,"column":2},"end":{"line":40,"column":16}},"12":{"start":{"line":43,"column":0},"end":{"line":49,"column":1}},"13":{"start":{"line":44,"column":2},"end":{"line":44,"column":14}},"14":{"start":{"line":45,"column":2},"end":{"line":47,"column":3}},"15":{"start":{"line":46,"column":4},"end":{"line":46,"column":21}},"16":{"start":{"line":48,"column":2},"end":{"line":48,"column":29}}},"branchMap":{"1":{"line":32,"type":"if","locations":[{"start":{"line":32,"column":4},"end":{"line":32,"column":4}},{"start":{"line":32,"column":4},"end":{"line":32,"column":4}}]},"2":{"line":35,"type":"if","locations":[{"start":{"line":35,"column":6},"end":{"line":35,"column":6}},{"start":{"line":35,"column":6},"end":{"line":35,"column":6}}]}}},"/Users/tmcw/src/turf/turf_modules/turf-bbox-polygon/test.js":{"path":"/Users/tmcw/src/turf/turf_modules/turf-bbox-polygon/test.js","s":{"1":1,"2":1,"3":1,"4":1,"5":1,"6":1,"7":1,"8":1,"9":1,"10":1,"11":1,"12":1,"13":1,"14":1},"b":{},"f":{"1":1,"2":1},"fnMap":{"1":{"name":"(anonymous_1)","line":4,"loc":{"start":{"line":4,"column":20},"end":{"line":4,"column":31}}},"2":{"name":"(anonymous_2)","line":13,"loc":{"start":{"line":13,"column":34},"end":{"line":13,"column":47}}}},"statementMap":{"1":{"start":{"line":1,"column":0},"end":{"line":2,"column":0}},"2":{"start":{"line":2,"column":0},"end":{"line":4,"column":0}},"3":{"start":{"line":4,"column":0},"end":{"line":11,"column":3}},"4":{"start":{"line":5,"column":2},"end":{"line":5,"column":12}},"5":{"start":{"line":7,"column":2},"end":{"line":7,"column":38}},"6":{"start":{"line":9,"column":2},"end":{"line":9,"column":98}},"7":{"start":{"line":10,"column":2},"end":{"line":10,"column":78}},"8":{"start":{"line":13,"column":0},"end":{"line":21,"column":3}},"9":{"start":{"line":14,"column":2},"end":{"line":15,"column":44}},"10":{"start":{"line":16,"column":2},"end":{"line":16,"column":41}},"11":{"start":{"line":17,"column":2},"end":{"line":17,"column":36}},"12":{"start":{"line":18,"column":2},"end":{"line":18,"column":75}},"13":{"start":{"line":19,"column":2},"end":{"line":19,"column":75}},"14":{"start":{"line":20,"column":2},"end":{"line":20,"column":10}}},"branchMap":{}},"/Users/tmcw/src/turf/turf_modules/turf-bbox-polygon/index.js":{"path":"/Users/tmcw/src/turf/turf_modules/turf-bbox-polygon/index.js","s":{"1":1,"2":1,"3":2,"4":2,"5":2,"6":2,"7":2,"8":2},"b":{},"f":{"1":2},"fnMap":{"1":{"name":"(anonymous_1)","line":17,"loc":{"start":{"line":17,"column":17},"end":{"line":17,"column":31}}}},"statementMap":{"1":{"start":{"line":1,"column":0},"end":{"line":1,"column":38}},"2":{"start":{"line":17,"column":0},"end":{"line":33,"column":0}},"3":{"start":{"line":18,"column":2},"end":{"line":18,"column":35}},"4":{"start":{"line":19,"column":2},"end":{"line":19,"column":35}},"5":{"start":{"line":20,"column":2},"end":{"line":20,"column":36}},"6":{"start":{"line":21,"column":2},"end":{"line":21,"column":36}},"7":{"start":{"line":23,"column":2},"end":{"line":29,"column":6}},"8":{"start":{"line":30,"column":2},"end":{"line":30,"column":14}}},"branchMap":{}},"/Users/tmcw/src/turf/turf_modules/turf-bearing/test.js":{"path":"/Users/tmcw/src/turf/turf_modules/turf-bearing/test.js","s":{"1":1,"2":1,"3":1,"4":1,"5":1,"6":1,"7":1,"8":1},"b":{},"f":{"1":1},"fnMap":{"1":{"name":"(anonymous_1)","line":4,"loc":{"start":{"line":4,"column":16},"end":{"line":4,"column":27}}}},"statementMap":{"1":{"start":{"line":1,"column":0},"end":{"line":1,"column":27}},"2":{"start":{"line":2,"column":0},"end":{"line":2,"column":28}},"3":{"start":{"line":4,"column":0},"end":{"line":17,"column":3}},"4":{"start":{"line":5,"column":2},"end":{"line":8,"column":4}},"5":{"start":{"line":9,"column":2},"end":{"line":12,"column":4}},"6":{"start":{"line":14,"column":2},"end":{"line":14,"column":31}},"7":{"start":{"line":15,"column":2},"end":{"line":15,"column":40}},"8":{"start":{"line":16,"column":2},"end":{"line":16,"column":10}}},"branchMap":{}},"/Users/tmcw/src/turf/turf_modules/turf-bearing/index.js":{"path":"/Users/tmcw/src/turf/turf_modules/turf-bearing/index.js","s":{"1":1,"2":1,"3":1,"4":1,"5":1,"6":1,"7":1,"8":1,"9":1,"10":1,"11":1,"12":1,"13":4,"14":1,"15":1},"b":{},"f":{"1":1,"2":4,"3":1},"fnMap":{"1":{"name":"(anonymous_1)","line":19,"loc":{"start":{"line":19,"column":17},"end":{"line":19,"column":43}}},"2":{"name":"toRad","line":36,"loc":{"start":{"line":36,"column":0},"end":{"line":36,"column":23}}},"3":{"name":"toDeg","line":40,"loc":{"start":{"line":40,"column":0},"end":{"line":40,"column":23}}}},"statementMap":{"1":{"start":{"line":19,"column":0},"end":{"line":34,"column":2}},"2":{"start":{"line":20,"column":4},"end":{"line":20,"column":51}},"3":{"start":{"line":21,"column":4},"end":{"line":21,"column":51}},"4":{"start":{"line":23,"column":4},"end":{"line":23,"column":38}},"5":{"start":{"line":24,"column":4},"end":{"line":24,"column":38}},"6":{"start":{"line":25,"column":4},"end":{"line":25,"column":38}},"7":{"start":{"line":26,"column":4},"end":{"line":26,"column":38}},"8":{"start":{"line":27,"column":4},"end":{"line":27,"column":51}},"9":{"start":{"line":28,"column":4},"end":{"line":29,"column":64}},"10":{"start":{"line":31,"column":4},"end":{"line":31,"column":42}},"11":{"start":{"line":33,"column":4},"end":{"line":33,"column":19}},"12":{"start":{"line":36,"column":0},"end":{"line":38,"column":1}},"13":{"start":{"line":37,"column":4},"end":{"line":37,"column":34}},"14":{"start":{"line":40,"column":0},"end":{"line":42,"column":1}},"15":{"start":{"line":41,"column":4},"end":{"line":41,"column":34}}},"branchMap":{}},"/Users/tmcw/src/turf/turf_modules/turf-bezier/test.js":{"path":"/Users/tmcw/src/turf/turf_modules/turf-bezier/test.js","s":{"1":1,"2":1,"3":1,"4":1,"5":1,"6":0,"7":1,"8":1,"9":1,"10":1},"b":{"1":[0,1]},"f":{"1":1},"fnMap":{"1":{"name":"(anonymous_1)","line":5,"loc":{"start":{"line":5,"column":15},"end":{"line":5,"column":27}}}},"statementMap":{"1":{"start":{"line":1,"column":0},"end":{"line":3,"column":21}},"2":{"start":{"line":5,"column":0},"end":{"line":15,"column":0}},"3":{"start":{"line":6,"column":4},"end":{"line":6,"column":84}},"4":{"start":{"line":7,"column":4},"end":{"line":7,"column":48}},"5":{"start":{"line":8,"column":4},"end":{"line":8,"column":56}},"6":{"start":{"line":8,"column":38},"end":{"line":8,"column":56}},"7":{"start":{"line":9,"column":4},"end":{"line":9,"column":22}},"8":{"start":{"line":10,"column":4},"end":{"line":10,"column":43}},"9":{"start":{"line":11,"column":4},"end":{"line":11,"column":58}},"10":{"start":{"line":12,"column":4},"end":{"line":12,"column":12}}},"branchMap":{"1":{"line":8,"type":"if","locations":[{"start":{"line":8,"column":4},"end":{"line":8,"column":4}},{"start":{"line":8,"column":4},"end":{"line":8,"column":4}}]}}},"/Users/tmcw/src/turf/turf_modules/turf-bezier/index.js":{"path":"/Users/tmcw/src/turf/turf_modules/turf-bezier/index.js","s":{"1":1,"2":1,"3":1,"4":1,"5":1,"6":1,"7":13,"8":1,"9":1,"10":500,"11":500,"12":250,"13":1},"b":{"1":[250,250]},"f":{"1":1,"2":13},"fnMap":{"1":{"name":"(anonymous_1)","line":31,"loc":{"start":{"line":31,"column":17},"end":{"line":31,"column":54}}},"2":{"name":"(anonymous_2)","line":35,"loc":{"start":{"line":35,"column":42},"end":{"line":35,"column":54}}}},"statementMap":{"1":{"start":{"line":1,"column":0},"end":{"line":1,"column":44}},"2":{"start":{"line":2,"column":0},"end":{"line":2,"column":36}},"3":{"start":{"line":31,"column":0},"end":{"line":52,"column":2}},"4":{"start":{"line":32,"column":2},"end":{"line":32,"column":31}},"5":{"start":{"line":34,"column":2},"end":{"line":34,"column":39}},"6":{"start":{"line":35,"column":2},"end":{"line":37,"column":5}},"7":{"start":{"line":36,"column":4},"end":{"line":36,"column":32}},"8":{"start":{"line":39,"column":2},"end":{"line":43,"column":5}},"9":{"start":{"line":44,"column":2},"end":{"line":49,"column":3}},"10":{"start":{"line":45,"column":4},"end":{"line":45,"column":28}},"11":{"start":{"line":46,"column":4},"end":{"line":48,"column":5}},"12":{"start":{"line":47,"column":8},"end":{"line":47,"column":58}},"13":{"start":{"line":51,"column":2},"end":{"line":51,"column":17}}},"branchMap":{"1":{"line":46,"type":"if","locations":[{"start":{"line":46,"column":4},"end":{"line":46,"column":4}},{"start":{"line":46,"column":4},"end":{"line":46,"column":4}}]}}},"/Users/tmcw/src/turf/turf_modules/turf-bezier/spline.js":{"path":"/Users/tmcw/src/turf/turf_modules/turf-bezier/spline.js","s":{"1":1,"2":1,"3":1,"4":1,"5":1,"6":1,"7":1,"8":1,"9":1,"10":1,"11":13,"12":1,"13":12,"14":12,"15":12,"16":1,"17":1,"18":11,"19":11,"20":11,"21":11,"22":11,"23":11,"24":1,"25":1,"26":1,"27":1,"28":1,"29":1,"30":1,"31":1,"32":500,"33":500,"34":500,"35":0,"36":0,"37":1,"38":1,"39":0,"40":0,"41":0,"42":1,"43":1,"44":1001,"45":1001,"46":1001,"47":1001,"48":1001,"49":1001,"50":1001,"51":1001,"52":0,"53":1001,"54":0,"55":1001,"56":1001,"57":0,"58":1001,"59":1001,"60":1001,"61":1},"b":{"1":[1,0],"2":[1,0],"3":[1,0],"4":[1,1],"5":[13,13],"6":[0,500],"7":[0,1001],"8":[0,1001],"9":[0,1001]},"f":{"1":1,"2":1,"3":0,"4":1001,"5":1001,"6":1001},"fnMap":{"1":{"name":"(anonymous_1)","line":36,"loc":{"start":{"line":36,"column":13},"end":{"line":36,"column":30}}},"2":{"name":"(anonymous_2)","line":76,"loc":{"start":{"line":76,"column":32},"end":{"line":76,"column":49}}},"3":{"name":"(anonymous_3)","line":94,"loc":{"start":{"line":94,"column":28},"end":{"line":94,"column":39}}},"4":{"name":"(anonymous_4)","line":110,"loc":{"start":{"line":110,"column":25},"end":{"line":110,"column":39}}},"5":{"name":"bezier","line":112,"loc":{"start":{"line":112,"column":4},"end":{"line":112,"column":38}}},"6":{"name":"(anonymous_6)","line":113,"loc":{"start":{"line":113,"column":14},"end":{"line":113,"column":26}}}},"statementMap":{"1":{"start":{"line":36,"column":0},"end":{"line":71,"column":4}},"2":{"start":{"line":37,"column":4},"end":{"line":37,"column":39}},"3":{"start":{"line":38,"column":4},"end":{"line":38,"column":46}},"4":{"start":{"line":39,"column":4},"end":{"line":39,"column":47}},"5":{"start":{"line":40,"column":4},"end":{"line":40,"column":22}},"6":{"start":{"line":41,"column":4},"end":{"line":41,"column":23}},"7":{"start":{"line":42,"column":4},"end":{"line":42,"column":47}},"8":{"start":{"line":43,"column":4},"end":{"line":43,"column":37}},"9":{"start":{"line":44,"column":4},"end":{"line":44,"column":19}},"10":{"start":{"line":46,"column":4},"end":{"line":46,"column":78}},"11":{"start":{"line":46,"column":37},"end":{"line":46,"column":78}},"12":{"start":{"line":47,"column":4},"end":{"line":51,"column":5}},"13":{"start":{"line":48,"column":6},"end":{"line":48,"column":30}},"14":{"start":{"line":49,"column":6},"end":{"line":49,"column":32}},"15":{"start":{"line":50,"column":6},"end":{"line":50,"column":77}},"16":{"start":{"line":52,"column":4},"end":{"line":52,"column":56}},"17":{"start":{"line":53,"column":4},"end":{"line":67,"column":5}},"18":{"start":{"line":54,"column":6},"end":{"line":54,"column":31}},"19":{"start":{"line":55,"column":6},"end":{"line":55,"column":33}},"20":{"start":{"line":56,"column":6},"end":{"line":56,"column":76}},"21":{"start":{"line":57,"column":6},"end":{"line":57,"column":76}},"22":{"start":{"line":58,"column":6},"end":{"line":58,"column":76}},"23":{"start":{"line":59,"column":6},"end":{"line":66,"column":93}},"24":{"start":{"line":68,"column":4},"end":{"line":68,"column":80}},"25":{"start":{"line":69,"column":4},"end":{"line":69,"column":50}},"26":{"start":{"line":70,"column":4},"end":{"line":70,"column":16}},"27":{"start":{"line":76,"column":2},"end":{"line":89,"column":4}},"28":{"start":{"line":77,"column":4},"end":{"line":77,"column":19}},"29":{"start":{"line":78,"column":4},"end":{"line":78,"column":31}},"30":{"start":{"line":79,"column":4},"end":{"line":79,"column":18}},"31":{"start":{"line":80,"column":4},"end":{"line":87,"column":5}},"32":{"start":{"line":81,"column":6},"end":{"line":81,"column":29}},"33":{"start":{"line":82,"column":6},"end":{"line":82,"column":148}},"34":{"start":{"line":83,"column":6},"end":{"line":86,"column":7}},"35":{"start":{"line":84,"column":8},"end":{"line":84,"column":22}},"36":{"start":{"line":85,"column":8},"end":{"line":85,"column":24}},"37":{"start":{"line":88,"column":4},"end":{"line":88,"column":17}},"38":{"start":{"line":94,"column":2},"end":{"line":101,"column":4}},"39":{"start":{"line":95,"column":4},"end":{"line":95,"column":28}},"40":{"start":{"line":96,"column":4},"end":{"line":96,"column":28}},"41":{"start":{"line":97,"column":4},"end":{"line":100,"column":6}},"42":{"start":{"line":110,"column":2},"end":{"line":137,"column":2}},"43":{"start":{"line":112,"column":4},"end":{"line":124,"column":5}},"44":{"start":{"line":113,"column":6},"end":{"line":117,"column":6}},"45":{"start":{"line":114,"column":8},"end":{"line":114,"column":28}},"46":{"start":{"line":115,"column":8},"end":{"line":116,"column":6}},"47":{"start":{"line":117,"column":6},"end":{"line":118,"column":6}},"48":{"start":{"line":118,"column":6},"end":{"line":123,"column":6}},"49":{"start":{"line":123,"column":6},"end":{"line":123,"column":17}},"50":{"start":{"line":125,"column":4},"end":{"line":125,"column":28}},"51":{"start":{"line":126,"column":4},"end":{"line":126,"column":16}},"52":{"start":{"line":126,"column":12},"end":{"line":126,"column":16}},"53":{"start":{"line":127,"column":4},"end":{"line":127,"column":42}},"54":{"start":{"line":127,"column":24},"end":{"line":127,"column":42}},"55":{"start":{"line":129,"column":4},"end":{"line":129,"column":31}},"56":{"start":{"line":130,"column":4},"end":{"line":130,"column":48}},"57":{"start":{"line":130,"column":14},"end":{"line":130,"column":48}},"58":{"start":{"line":132,"column":4},"end":{"line":132,"column":50}},"59":{"start":{"line":133,"column":4},"end":{"line":133,"column":34}},"60":{"start":{"line":134,"column":4},"end":{"line":134,"column":96}},"61":{"start":{"line":137,"column":2},"end":{"line":137,"column":26}}},"branchMap":{"1":{"line":37,"type":"binary-expr","locations":[{"start":{"line":37,"column":18},"end":{"line":37,"column":32}},{"start":{"line":37,"column":36},"end":{"line":37,"column":38}}]},"2":{"line":38,"type":"binary-expr","locations":[{"start":{"line":38,"column":20},"end":{"line":38,"column":36}},{"start":{"line":38,"column":40},"end":{"line":38,"column":45}}]},"3":{"line":39,"type":"binary-expr","locations":[{"start":{"line":39,"column":21},"end":{"line":39,"column":38}},{"start":{"line":39,"column":42},"end":{"line":39,"column":46}}]},"4":{"line":42,"type":"binary-expr","locations":[{"start":{"line":42,"column":22},"end":{"line":42,"column":40}},{"start":{"line":42,"column":44},"end":{"line":42,"column":46}}]},"5":{"line":46,"type":"binary-expr","locations":[{"start":{"line":46,"column":56},"end":{"line":46,"column":72}},{"start":{"line":46,"column":76},"end":{"line":46,"column":77}}]},"6":{"line":83,"type":"if","locations":[{"start":{"line":83,"column":6},"end":{"line":83,"column":6}},{"start":{"line":83,"column":6},"end":{"line":83,"column":6}}]},"7":{"line":126,"type":"if","locations":[{"start":{"line":126,"column":4},"end":{"line":126,"column":4}},{"start":{"line":126,"column":4},"end":{"line":126,"column":4}}]},"8":{"line":127,"type":"if","locations":[{"start":{"line":127,"column":4},"end":{"line":127,"column":4}},{"start":{"line":127,"column":4},"end":{"line":127,"column":4}}]},"9":{"line":130,"type":"if","locations":[{"start":{"line":130,"column":4},"end":{"line":130,"column":4}},{"start":{"line":130,"column":4},"end":{"line":130,"column":4}}]}}},"/Users/tmcw/src/turf/turf_modules/turf-buffer/test.js":{"path":"/Users/tmcw/src/turf/turf_modules/turf-buffer/test.js","s":{"1":1,"2":1,"3":1,"4":1,"5":1,"6":1,"7":1,"8":1,"9":1,"10":1,"11":1,"12":1,"13":1,"14":1,"15":1,"16":1,"17":1},"b":{},"f":{"1":1},"fnMap":{"1":{"name":"(anonymous_1)","line":5,"loc":{"start":{"line":5,"column":15},"end":{"line":5,"column":26}}}},"statementMap":{"1":{"start":{"line":1,"column":0},"end":{"line":1,"column":27}},"2":{"start":{"line":2,"column":0},"end":{"line":2,"column":27}},"3":{"start":{"line":3,"column":0},"end":{"line":3,"column":23}},"4":{"start":{"line":5,"column":0},"end":{"line":22,"column":3}},"5":{"start":{"line":6,"column":2},"end":{"line":6,"column":75}},"6":{"start":{"line":7,"column":2},"end":{"line":7,"column":82}},"7":{"start":{"line":8,"column":2},"end":{"line":8,"column":82}},"8":{"start":{"line":9,"column":2},"end":{"line":9,"column":87}},"9":{"start":{"line":11,"column":2},"end":{"line":11,"column":39}},"10":{"start":{"line":12,"column":2},"end":{"line":12,"column":41}},"11":{"start":{"line":13,"column":2},"end":{"line":13,"column":41}},"12":{"start":{"line":14,"column":2},"end":{"line":14,"column":39}},"13":{"start":{"line":16,"column":2},"end":{"line":16,"column":40}},"14":{"start":{"line":17,"column":2},"end":{"line":17,"column":41}},"15":{"start":{"line":18,"column":2},"end":{"line":18,"column":44}},"16":{"start":{"line":19,"column":2},"end":{"line":19,"column":50}},"17":{"start":{"line":21,"column":2},"end":{"line":21,"column":10}}},"branchMap":{}},"/Users/tmcw/src/turf/turf_modules/turf-buffer/index.js":{"path":"/Users/tmcw/src/turf/turf_modules/turf-buffer/index.js","s":{"1":1,"2":1,"3":1,"4":1,"5":1,"6":4,"7":4,"8":4,"9":4,"10":0,"11":0,"12":0,"13":0,"14":0,"15":0,"16":0,"17":4,"18":1,"19":1,"20":1,"21":1,"22":3,"23":3,"24":1,"25":4,"26":4,"27":4,"28":4,"29":4,"30":4,"31":1,"32":1,"33":3,"34":4},"b":{"1":[4,0,0,0,0],"2":[1,3],"3":[1,3]},"f":{"1":4,"2":4},"fnMap":{"1":{"name":"(anonymous_1)","line":31,"loc":{"start":{"line":31,"column":17},"end":{"line":31,"column":49}}},"2":{"name":"(anonymous_2)","line":63,"loc":{"start":{"line":63,"column":15},"end":{"line":63,"column":40}}}},"statementMap":{"1":{"start":{"line":5,"column":0},"end":{"line":5,"column":58}},"2":{"start":{"line":6,"column":0},"end":{"line":6,"column":38}},"3":{"start":{"line":7,"column":0},"end":{"line":7,"column":38}},"4":{"start":{"line":8,"column":0},"end":{"line":8,"column":27}},"5":{"start":{"line":31,"column":0},"end":{"line":63,"column":0}},"6":{"start":{"line":32,"column":2},"end":{"line":32,"column":15}},"7":{"start":{"line":34,"column":2},"end":{"line":49,"column":3}},"8":{"start":{"line":36,"column":6},"end":{"line":36,"column":31}},"9":{"start":{"line":37,"column":6},"end":{"line":37,"column":11}},"10":{"start":{"line":39,"column":6},"end":{"line":39,"column":33}},"11":{"start":{"line":40,"column":6},"end":{"line":40,"column":11}},"12":{"start":{"line":42,"column":6},"end":{"line":42,"column":31}},"13":{"start":{"line":43,"column":6},"end":{"line":43,"column":11}},"14":{"start":{"line":45,"column":6},"end":{"line":45,"column":33}},"15":{"start":{"line":46,"column":6},"end":{"line":46,"column":11}},"16":{"start":{"line":48,"column":6},"end":{"line":48,"column":11}},"17":{"start":{"line":51,"column":2},"end":{"line":60,"column":3}},"18":{"start":{"line":52,"column":4},"end":{"line":52,"column":33}},"19":{"start":{"line":53,"column":4},"end":{"line":53,"column":26}},"20":{"start":{"line":54,"column":4},"end":{"line":54,"column":39}},"21":{"start":{"line":55,"column":4},"end":{"line":55,"column":20}},"22":{"start":{"line":58,"column":4},"end":{"line":58,"column":41}},"23":{"start":{"line":59,"column":4},"end":{"line":59,"column":20}},"24":{"start":{"line":63,"column":0},"end":{"line":85,"column":0}},"25":{"start":{"line":64,"column":2},"end":{"line":64,"column":43}},"26":{"start":{"line":65,"column":2},"end":{"line":65,"column":59}},"27":{"start":{"line":66,"column":2},"end":{"line":66,"column":37}},"28":{"start":{"line":67,"column":2},"end":{"line":67,"column":43}},"29":{"start":{"line":68,"column":2},"end":{"line":68,"column":36}},"30":{"start":{"line":70,"column":2},"end":{"line":80,"column":3}},"31":{"start":{"line":71,"column":4},"end":{"line":75,"column":6}},"32":{"start":{"line":76,"column":4},"end":{"line":76,"column":45}},"33":{"start":{"line":79,"column":4},"end":{"line":79,"column":66}},"34":{"start":{"line":82,"column":2},"end":{"line":82,"column":18}}},"branchMap":{"1":{"line":34,"type":"switch","locations":[{"start":{"line":35,"column":4},"end":{"line":37,"column":11}},{"start":{"line":38,"column":4},"end":{"line":40,"column":11}},{"start":{"line":41,"column":4},"end":{"line":43,"column":11}},{"start":{"line":44,"column":4},"end":{"line":46,"column":11}},{"start":{"line":47,"column":4},"end":{"line":48,"column":11}}]},"2":{"line":51,"type":"if","locations":[{"start":{"line":51,"column":2},"end":{"line":51,"column":2}},{"start":{"line":51,"column":2},"end":{"line":51,"column":2}}]},"3":{"line":70,"type":"if","locations":[{"start":{"line":70,"column":2},"end":{"line":70,"column":2}},{"start":{"line":70,"column":2},"end":{"line":70,"column":2}}]}}},"/Users/tmcw/src/turf/turf_modules/turf-center/test.js":{"path":"/Users/tmcw/src/turf/turf_modules/turf-center/test.js","s":{"1":1,"2":1,"3":1,"4":1,"5":1,"6":1,"7":1,"8":1},"b":{},"f":{"1":1},"fnMap":{"1":{"name":"(anonymous_1)","line":5,"loc":{"start":{"line":5,"column":15},"end":{"line":5,"column":26}}}},"statementMap":{"1":{"start":{"line":1,"column":0},"end":{"line":1,"column":27}},"2":{"start":{"line":2,"column":0},"end":{"line":2,"column":27}},"3":{"start":{"line":3,"column":0},"end":{"line":3,"column":33}},"4":{"start":{"line":5,"column":0},"end":{"line":10,"column":3}},"5":{"start":{"line":6,"column":2},"end":{"line":6,"column":28}},"6":{"start":{"line":7,"column":2},"end":{"line":7,"column":76}},"7":{"start":{"line":8,"column":2},"end":{"line":8,"column":55}},"8":{"start":{"line":9,"column":2},"end":{"line":9,"column":10}}},"branchMap":{}},"/Users/tmcw/src/turf/turf_modules/turf-center/index.js":{"path":"/Users/tmcw/src/turf/turf_modules/turf-center/index.js","s":{"1":1,"2":1,"3":1,"4":1,"5":1,"6":1},"b":{},"f":{"1":1},"fnMap":{"1":{"name":"(anonymous_1)","line":34,"loc":{"start":{"line":34,"column":17},"end":{"line":34,"column":38}}}},"statementMap":{"1":{"start":{"line":1,"column":0},"end":{"line":2,"column":34}},"2":{"start":{"line":34,"column":0},"end":{"line":39,"column":2}},"3":{"start":{"line":35,"column":2},"end":{"line":35,"column":26}},"4":{"start":{"line":36,"column":2},"end":{"line":36,"column":30}},"5":{"start":{"line":37,"column":2},"end":{"line":37,"column":30}},"6":{"start":{"line":38,"column":2},"end":{"line":38,"column":23}}},"branchMap":{}},"/Users/tmcw/src/turf/turf_modules/turf-point/index.js":{"path":"/Users/tmcw/src/turf/turf_modules/turf-point/index.js","s":{"1":1,"2":0,"3":1,"4":5,"5":2,"6":2,"7":2,"8":3,"9":1,"10":4},"b":{"1":[1,0],"2":[2,3],"3":[1,2],"4":[3,2],"5":[4,2]},"f":{"1":0,"2":5},"fnMap":{"1":{"name":"(anonymous_1)","line":15,"loc":{"start":{"line":15,"column":31},"end":{"line":15,"column":45}}},"2":{"name":"(anonymous_2)","line":18,"loc":{"start":{"line":18,"column":17},"end":{"line":18,"column":43}}}},"statementMap":{"1":{"start":{"line":15,"column":0},"end":{"line":17,"column":2}},"2":{"start":{"line":16,"column":2},"end":{"line":16,"column":66}},"3":{"start":{"line":18,"column":0},"end":{"line":32,"column":2}},"4":{"start":{"line":19,"column":2},"end":{"line":23,"column":73}},"5":{"start":{"line":20,"column":3},"end":{"line":20,"column":18}},"6":{"start":{"line":21,"column":3},"end":{"line":21,"column":12}},"7":{"start":{"line":22,"column":3},"end":{"line":22,"column":12}},"8":{"start":{"line":23,"column":9},"end":{"line":23,"column":73}},"9":{"start":{"line":23,"column":34},"end":{"line":23,"column":73}},"10":{"start":{"line":24,"column":2},"end":{"line":31,"column":4}}},"branchMap":{"1":{"line":15,"type":"binary-expr","locations":[{"start":{"line":15,"column":14},"end":{"line":15,"column":27}},{"start":{"line":15,"column":31},"end":{"line":17,"column":1}}]},"2":{"line":19,"type":"if","locations":[{"start":{"line":19,"column":2},"end":{"line":19,"column":2}},{"start":{"line":19,"column":2},"end":{"line":19,"column":2}}]},"3":{"line":23,"type":"if","locations":[{"start":{"line":23,"column":9},"end":{"line":23,"column":9}},{"start":{"line":23,"column":9},"end":{"line":23,"column":9}}]},"4":{"line":23,"type":"binary-expr","locations":[{"start":{"line":23,"column":12},"end":{"line":23,"column":20}},{"start":{"line":23,"column":24},"end":{"line":23,"column":32}}]},"5":{"line":30,"type":"binary-expr","locations":[{"start":{"line":30,"column":16},"end":{"line":30,"column":26}},{"start":{"line":30,"column":30},"end":{"line":30,"column":32}}]}}},"/Users/tmcw/src/turf/turf_modules/turf-center/geojson/fc.js":{"path":"/Users/tmcw/src/turf/turf_modules/turf-center/geojson/fc.js","s":{"1":1},"b":{},"f":{},"fnMap":{},"statementMap":{"1":{"start":{"line":1,"column":0},"end":{"line":41,"column":0}}},"branchMap":{}},"/Users/tmcw/src/turf/turf_modules/turf-centroid/test.js":{"path":"/Users/tmcw/src/turf/turf_modules/turf-centroid/test.js","s":{"1":1,"2":1,"3":1,"4":1,"5":1,"6":1,"7":1,"8":1},"b":{},"f":{"1":1},"fnMap":{"1":{"name":"(anonymous_1)","line":5,"loc":{"start":{"line":5,"column":15},"end":{"line":5,"column":26}}}},"statementMap":{"1":{"start":{"line":1,"column":0},"end":{"line":1,"column":27}},"2":{"start":{"line":2,"column":0},"end":{"line":2,"column":27}},"3":{"start":{"line":3,"column":0},"end":{"line":3,"column":33}},"4":{"start":{"line":5,"column":0},"end":{"line":12,"column":3}},"5":{"start":{"line":6,"column":2},"end":{"line":6,"column":28}},"6":{"start":{"line":8,"column":2},"end":{"line":8,"column":76}},"7":{"start":{"line":9,"column":2},"end":{"line":9,"column":58}},"8":{"start":{"line":11,"column":2},"end":{"line":11,"column":10}}},"branchMap":{}},"/Users/tmcw/src/turf/turf_modules/turf-centroid/index.js":{"path":"/Users/tmcw/src/turf/turf_modules/turf-centroid/index.js","s":{"1":1,"2":1,"3":1,"4":1,"5":1,"6":5,"7":5,"8":1},"b":{},"f":{"1":1},"fnMap":{"1":{"name":"(anonymous_1)","line":28,"loc":{"start":{"line":28,"column":17},"end":{"line":28,"column":35}}}},"statementMap":{"1":{"start":{"line":1,"column":0},"end":{"line":1,"column":38}},"2":{"start":{"line":2,"column":0},"end":{"line":2,"column":34}},"3":{"start":{"line":28,"column":0},"end":{"line":40,"column":2}},"4":{"start":{"line":29,"column":2},"end":{"line":32,"column":26}},"5":{"start":{"line":34,"column":2},"end":{"line":37,"column":3}},"6":{"start":{"line":35,"column":4},"end":{"line":35,"column":48}},"7":{"start":{"line":36,"column":4},"end":{"line":36,"column":48}},"8":{"start":{"line":39,"column":2},"end":{"line":39,"column":39}}},"branchMap":{}},"/Users/tmcw/src/turf/turf_modules/turf-centroid/geojson/fc.js":{"path":"/Users/tmcw/src/turf/turf_modules/turf-centroid/geojson/fc.js","s":{"1":1},"b":{},"f":{},"fnMap":{},"statementMap":{"1":{"start":{"line":1,"column":0},"end":{"line":41,"column":0}}},"branchMap":{}},"/Users/tmcw/src/turf/turf_modules/turf-combine/test.js":{"path":"/Users/tmcw/src/turf/turf_modules/turf-combine/test.js","s":{"1":1,"2":1,"3":1,"4":1,"5":1,"6":1,"7":1,"8":1,"9":1,"10":1,"11":1,"12":1,"13":1,"14":1,"15":1,"16":1,"17":1,"18":1,"19":1,"20":1,"21":1,"22":1,"23":1,"24":1,"25":1},"b":{},"f":{"1":1},"fnMap":{"1":{"name":"(anonymous_1)","line":8,"loc":{"start":{"line":8,"column":16},"end":{"line":8,"column":27}}}},"statementMap":{"1":{"start":{"line":1,"column":0},"end":{"line":2,"column":0}},"2":{"start":{"line":2,"column":0},"end":{"line":3,"column":0}},"3":{"start":{"line":3,"column":0},"end":{"line":4,"column":0}},"4":{"start":{"line":4,"column":0},"end":{"line":5,"column":0}},"5":{"start":{"line":5,"column":0},"end":{"line":6,"column":0}},"6":{"start":{"line":6,"column":0},"end":{"line":8,"column":0}},"7":{"start":{"line":8,"column":0},"end":{"line":65,"column":0}},"8":{"start":{"line":10,"column":2},"end":{"line":11,"column":2}},"9":{"start":{"line":11,"column":2},"end":{"line":13,"column":2}},"10":{"start":{"line":13,"column":2},"end":{"line":15,"column":2}},"11":{"start":{"line":15,"column":2},"end":{"line":16,"column":2}},"12":{"start":{"line":16,"column":2},"end":{"line":19,"column":2}},"13":{"start":{"line":19,"column":2},"end":{"line":24,"column":2}},"14":{"start":{"line":24,"column":2},"end":{"line":30,"column":2}},"15":{"start":{"line":30,"column":2},"end":{"line":32,"column":2}},"16":{"start":{"line":32,"column":2},"end":{"line":33,"column":2}},"17":{"start":{"line":33,"column":2},"end":{"line":34,"column":2}},"18":{"start":{"line":34,"column":2},"end":{"line":38,"column":2}},"19":{"start":{"line":38,"column":2},"end":{"line":47,"column":2}},"20":{"start":{"line":47,"column":2},"end":{"line":54,"column":4}},"21":{"start":{"line":54,"column":4},"end":{"line":56,"column":4}},"22":{"start":{"line":56,"column":4},"end":{"line":57,"column":4}},"23":{"start":{"line":57,"column":4},"end":{"line":58,"column":4}},"24":{"start":{"line":58,"column":4},"end":{"line":63,"column":2}},"25":{"start":{"line":63,"column":2},"end":{"line":64,"column":0}}},"branchMap":{}},"/Users/tmcw/src/turf/turf_modules/turf-combine/index.js":{"path":"/Users/tmcw/src/turf/turf_modules/turf-combine/index.js","s":{"1":1,"2":3,"3":3,"4":3,"5":6,"6":3,"7":1,"8":1,"9":1,"10":0,"11":1,"12":1,"13":1,"14":0,"15":1,"16":1,"17":1,"18":0,"19":1,"20":3,"21":6},"b":{"1":[1,1,1]},"f":{"1":3,"2":6,"3":3,"4":6},"fnMap":{"1":{"name":"(anonymous_1)","line":17,"loc":{"start":{"line":17,"column":17},"end":{"line":17,"column":29}}},"2":{"name":"(anonymous_2)","line":20,"loc":{"start":{"line":20,"column":35},"end":{"line":20,"column":46}}},"3":{"name":"pluckCoods","line":61,"loc":{"start":{"line":61,"column":0},"end":{"line":61,"column":26}}},"4":{"name":"(anonymous_4)","line":62,"loc":{"start":{"line":62,"column":19},"end":{"line":62,"column":33}}}},"statementMap":{"1":{"start":{"line":17,"column":0},"end":{"line":61,"column":0}},"2":{"start":{"line":18,"column":2},"end":{"line":18,"column":42}},"3":{"start":{"line":19,"column":2},"end":{"line":19,"column":10}},"4":{"start":{"line":20,"column":2},"end":{"line":24,"column":2}},"5":{"start":{"line":21,"column":4},"end":{"line":21,"column":22}},"6":{"start":{"line":24,"column":2},"end":{"line":58,"column":3}},"7":{"start":{"line":26,"column":6},"end":{"line":32,"column":8}},"8":{"start":{"line":33,"column":6},"end":{"line":33,"column":63}},"9":{"start":{"line":34,"column":6},"end":{"line":34,"column":24}},"10":{"start":{"line":35,"column":6},"end":{"line":35,"column":11}},"11":{"start":{"line":37,"column":6},"end":{"line":43,"column":8}},"12":{"start":{"line":44,"column":6},"end":{"line":45,"column":6}},"13":{"start":{"line":45,"column":6},"end":{"line":45,"column":29}},"14":{"start":{"line":46,"column":6},"end":{"line":46,"column":11}},"15":{"start":{"line":48,"column":6},"end":{"line":54,"column":8}},"16":{"start":{"line":55,"column":6},"end":{"line":56,"column":6}},"17":{"start":{"line":56,"column":6},"end":{"line":56,"column":26}},"18":{"start":{"line":57,"column":6},"end":{"line":57,"column":11}},"19":{"start":{"line":61,"column":0},"end":{"line":65,"column":1}},"20":{"start":{"line":62,"column":2},"end":{"line":64,"column":5}},"21":{"start":{"line":63,"column":4},"end":{"line":63,"column":28}}},"branchMap":{"1":{"line":24,"type":"switch","locations":[{"start":{"line":25,"column":4},"end":{"line":35,"column":11}},{"start":{"line":36,"column":4},"end":{"line":46,"column":11}},{"start":{"line":47,"column":4},"end":{"line":57,"column":11}}]}}},"/Users/tmcw/src/turf/turf_modules/turf-count/test.js":{"path":"/Users/tmcw/src/turf/turf_modules/turf-count/test.js","s":{"1":1,"2":1,"3":1,"4":1,"5":1,"6":1,"7":1,"8":1,"9":1,"10":1,"11":1,"12":1,"13":1,"14":1,"15":1,"16":1,"17":1,"18":1,"19":1,"20":1,"21":1},"b":{},"f":{"1":1},"fnMap":{"1":{"name":"(anonymous_1)","line":8,"loc":{"start":{"line":8,"column":14},"end":{"line":8,"column":25}}}},"statementMap":{"1":{"start":{"line":1,"column":0},"end":{"line":1,"column":26}},"2":{"start":{"line":2,"column":0},"end":{"line":2,"column":27}},"3":{"start":{"line":3,"column":0},"end":{"line":3,"column":38}},"4":{"start":{"line":4,"column":0},"end":{"line":4,"column":34}},"5":{"start":{"line":5,"column":0},"end":{"line":5,"column":58}},"6":{"start":{"line":6,"column":0},"end":{"line":6,"column":40}},"7":{"start":{"line":8,"column":0},"end":{"line":29,"column":0}},"8":{"start":{"line":10,"column":2},"end":{"line":10,"column":64}},"9":{"start":{"line":11,"column":2},"end":{"line":11,"column":66}},"10":{"start":{"line":12,"column":2},"end":{"line":12,"column":49}},"11":{"start":{"line":13,"column":2},"end":{"line":13,"column":42}},"12":{"start":{"line":14,"column":2},"end":{"line":14,"column":42}},"13":{"start":{"line":15,"column":2},"end":{"line":15,"column":43}},"14":{"start":{"line":16,"column":2},"end":{"line":16,"column":43}},"15":{"start":{"line":17,"column":2},"end":{"line":17,"column":43}},"16":{"start":{"line":18,"column":2},"end":{"line":18,"column":58}},"17":{"start":{"line":20,"column":2},"end":{"line":20,"column":48}},"18":{"start":{"line":22,"column":2},"end":{"line":22,"column":56}},"19":{"start":{"line":23,"column":2},"end":{"line":23,"column":54}},"20":{"start":{"line":24,"column":2},"end":{"line":24,"column":54}},"21":{"start":{"line":26,"column":2},"end":{"line":26,"column":10}}},"branchMap":{}},"/Users/tmcw/src/turf/turf_modules/turf-count/index.js":{"path":"/Users/tmcw/src/turf/turf_modules/turf-count/index.js","s":{"1":1,"2":1,"3":1,"4":2,"5":2,"6":0,"7":2,"8":2,"9":10,"10":10,"11":5,"12":2,"13":1},"b":{"1":[0,2],"2":[5,5]},"f":{"1":1},"fnMap":{"1":{"name":"(anonymous_1)","line":40,"loc":{"start":{"line":40,"column":17},"end":{"line":40,"column":55}}}},"statementMap":{"1":{"start":{"line":1,"column":0},"end":{"line":1,"column":36}},"2":{"start":{"line":40,"column":0},"end":{"line":55,"column":2}},"3":{"start":{"line":41,"column":2},"end":{"line":52,"column":3}},"4":{"start":{"line":42,"column":4},"end":{"line":42,"column":34}},"5":{"start":{"line":43,"column":4},"end":{"line":43,"column":46}},"6":{"start":{"line":43,"column":25},"end":{"line":43,"column":46}},"7":{"start":{"line":44,"column":4},"end":{"line":44,"column":19}},"8":{"start":{"line":45,"column":4},"end":{"line":50,"column":5}},"9":{"start":{"line":46,"column":6},"end":{"line":46,"column":32}},"10":{"start":{"line":47,"column":6},"end":{"line":49,"column":7}},"11":{"start":{"line":48,"column":8},"end":{"line":48,"column":17}},"12":{"start":{"line":51,"column":4},"end":{"line":51,"column":39}},"13":{"start":{"line":54,"column":2},"end":{"line":54,"column":16}}},"branchMap":{"1":{"line":43,"type":"if","locations":[{"start":{"line":43,"column":4},"end":{"line":43,"column":4}},{"start":{"line":43,"column":4},"end":{"line":43,"column":4}}]},"2":{"line":47,"type":"if","locations":[{"start":{"line":47,"column":6},"end":{"line":47,"column":6}},{"start":{"line":47,"column":6},"end":{"line":47,"column":6}}]}}},"/Users/tmcw/src/turf/turf_modules/turf-destination/test.js":{"path":"/Users/tmcw/src/turf/turf_modules/turf-destination/test.js","s":{"1":1,"2":1,"3":1,"4":1,"5":1,"6":1,"7":1,"8":1,"9":1,"10":1},"b":{},"f":{"1":1},"fnMap":{"1":{"name":"(anonymous_1)","line":5,"loc":{"start":{"line":5,"column":20},"end":{"line":5,"column":31}}}},"statementMap":{"1":{"start":{"line":1,"column":0},"end":{"line":1,"column":27}},"2":{"start":{"line":2,"column":0},"end":{"line":2,"column":40}},"3":{"start":{"line":3,"column":0},"end":{"line":3,"column":32}},"4":{"start":{"line":5,"column":0},"end":{"line":16,"column":3}},"5":{"start":{"line":6,"column":2},"end":{"line":9,"column":4}},"6":{"start":{"line":10,"column":2},"end":{"line":10,"column":17}},"7":{"start":{"line":11,"column":2},"end":{"line":11,"column":17}},"8":{"start":{"line":13,"column":2},"end":{"line":13,"column":55}},"9":{"start":{"line":14,"column":2},"end":{"line":14,"column":37}},"10":{"start":{"line":15,"column":2},"end":{"line":15,"column":10}}},"branchMap":{}},"/Users/tmcw/src/turf/turf_modules/turf-destination/index.js":{"path":"/Users/tmcw/src/turf/turf_modules/turf-destination/index.js","s":{"1":1,"2":1,"3":1,"4":1,"5":1,"6":1,"7":1,"8":1,"9":0,"10":0,"11":1,"12":1,"13":0,"14":0,"15":0,"16":0,"17":1,"18":1,"19":1,"20":1,"21":3,"22":1,"23":2},"b":{"1":[0,1,0,0]},"f":{"1":1,"2":3,"3":2},"fnMap":{"1":{"name":"(anonymous_1)","line":28,"loc":{"start":{"line":28,"column":17},"end":{"line":28,"column":61}}},"2":{"name":"toRad","line":58,"loc":{"start":{"line":58,"column":0},"end":{"line":58,"column":23}}},"3":{"name":"toDeg","line":62,"loc":{"start":{"line":62,"column":0},"end":{"line":62,"column":20}}}},"statementMap":{"1":{"start":{"line":3,"column":0},"end":{"line":3,"column":34}},"2":{"start":{"line":28,"column":0},"end":{"line":56,"column":2}},"3":{"start":{"line":29,"column":4},"end":{"line":29,"column":51}},"4":{"start":{"line":30,"column":4},"end":{"line":30,"column":44}},"5":{"start":{"line":31,"column":4},"end":{"line":31,"column":43}},"6":{"start":{"line":32,"column":4},"end":{"line":32,"column":37}},"7":{"start":{"line":34,"column":4},"end":{"line":34,"column":14}},"8":{"start":{"line":35,"column":4},"end":{"line":48,"column":5}},"9":{"start":{"line":37,"column":8},"end":{"line":37,"column":17}},"10":{"start":{"line":38,"column":8},"end":{"line":38,"column":13}},"11":{"start":{"line":40,"column":8},"end":{"line":40,"column":17}},"12":{"start":{"line":41,"column":8},"end":{"line":41,"column":13}},"13":{"start":{"line":43,"column":8},"end":{"line":43,"column":23}},"14":{"start":{"line":44,"column":8},"end":{"line":44,"column":13}},"15":{"start":{"line":46,"column":8},"end":{"line":46,"column":14}},"16":{"start":{"line":47,"column":8},"end":{"line":47,"column":13}},"17":{"start":{"line":50,"column":4},"end":{"line":51,"column":78}},"18":{"start":{"line":52,"column":4},"end":{"line":53,"column":76}},"19":{"start":{"line":55,"column":4},"end":{"line":55,"column":54}},"20":{"start":{"line":58,"column":0},"end":{"line":60,"column":1}},"21":{"start":{"line":59,"column":4},"end":{"line":59,"column":34}},"22":{"start":{"line":62,"column":0},"end":{"line":64,"column":1}},"23":{"start":{"line":63,"column":4},"end":{"line":63,"column":31}}},"branchMap":{"1":{"line":35,"type":"switch","locations":[{"start":{"line":36,"column":4},"end":{"line":38,"column":13}},{"start":{"line":39,"column":4},"end":{"line":41,"column":13}},{"start":{"line":42,"column":4},"end":{"line":44,"column":13}},{"start":{"line":45,"column":4},"end":{"line":47,"column":13}}]}}},"/Users/tmcw/src/turf/turf_modules/turf-deviation/test.js":{"path":"/Users/tmcw/src/turf/turf_modules/turf-deviation/test.js","s":{"1":1,"2":1,"3":1,"4":1,"5":1,"6":1,"7":1,"8":1,"9":1,"10":1,"11":1,"12":1,"13":1,"14":1,"15":1,"16":1,"17":1,"18":1,"19":1},"b":{},"f":{"1":1},"fnMap":{"1":{"name":"(anonymous_1)","line":7,"loc":{"start":{"line":7,"column":18},"end":{"line":7,"column":29}}}},"statementMap":{"1":{"start":{"line":1,"column":0},"end":{"line":1,"column":30}},"2":{"start":{"line":2,"column":0},"end":{"line":2,"column":27}},"3":{"start":{"line":3,"column":0},"end":{"line":3,"column":38}},"4":{"start":{"line":4,"column":0},"end":{"line":4,"column":34}},"5":{"start":{"line":5,"column":0},"end":{"line":5,"column":58}},"6":{"start":{"line":7,"column":0},"end":{"line":24,"column":3}},"7":{"start":{"line":8,"column":2},"end":{"line":8,"column":61}},"8":{"start":{"line":9,"column":2},"end":{"line":9,"column":64}},"9":{"start":{"line":10,"column":2},"end":{"line":10,"column":49}},"10":{"start":{"line":11,"column":2},"end":{"line":11,"column":42}},"11":{"start":{"line":12,"column":2},"end":{"line":12,"column":42}},"12":{"start":{"line":13,"column":2},"end":{"line":13,"column":43}},"13":{"start":{"line":14,"column":2},"end":{"line":14,"column":43}},"14":{"start":{"line":15,"column":2},"end":{"line":15,"column":43}},"15":{"start":{"line":16,"column":2},"end":{"line":16,"column":58}},"16":{"start":{"line":18,"column":2},"end":{"line":18,"column":66}},"17":{"start":{"line":20,"column":2},"end":{"line":20,"column":57}},"18":{"start":{"line":21,"column":2},"end":{"line":21,"column":55}},"19":{"start":{"line":23,"column":2},"end":{"line":23,"column":10}}},"branchMap":{}},"/Users/tmcw/src/turf/turf_modules/turf-deviation/index.js":{"path":"/Users/tmcw/src/turf/turf_modules/turf-deviation/index.js","s":{"1":1,"2":1,"3":1,"4":1,"5":2,"6":0,"7":2,"8":2,"9":10,"10":5,"11":2,"12":1},"b":{"1":[0,2],"2":[5,5]},"f":{"1":1,"2":2,"3":10},"fnMap":{"1":{"name":"(anonymous_1)","line":53,"loc":{"start":{"line":53,"column":17},"end":{"line":53,"column":64}}},"2":{"name":"(anonymous_2)","line":54,"loc":{"start":{"line":54,"column":26},"end":{"line":54,"column":40}}},"3":{"name":"(anonymous_3)","line":59,"loc":{"start":{"line":59,"column":26},"end":{"line":59,"column":38}}}},"statementMap":{"1":{"start":{"line":1,"column":0},"end":{"line":1,"column":38}},"2":{"start":{"line":2,"column":0},"end":{"line":2,"column":36}},"3":{"start":{"line":53,"column":0},"end":{"line":70,"column":0}},"4":{"start":{"line":54,"column":2},"end":{"line":67,"column":2}},"5":{"start":{"line":55,"column":4},"end":{"line":57,"column":5}},"6":{"start":{"line":56,"column":6},"end":{"line":56,"column":27}},"7":{"start":{"line":58,"column":4},"end":{"line":58,"column":20}},"8":{"start":{"line":59,"column":4},"end":{"line":63,"column":7}},"9":{"start":{"line":60,"column":6},"end":{"line":62,"column":7}},"10":{"start":{"line":61,"column":8},"end":{"line":61,"column":44}},"11":{"start":{"line":64,"column":4},"end":{"line":64,"column":62}},"12":{"start":{"line":67,"column":2},"end":{"line":67,"column":16}}},"branchMap":{"1":{"line":55,"type":"if","locations":[{"start":{"line":55,"column":4},"end":{"line":55,"column":4}},{"start":{"line":55,"column":4},"end":{"line":55,"column":4}}]},"2":{"line":60,"type":"if","locations":[{"start":{"line":60,"column":6},"end":{"line":60,"column":6}},{"start":{"line":60,"column":6},"end":{"line":60,"column":6}}]}}},"/Users/tmcw/src/turf/turf_modules/turf-distance/test.js":{"path":"/Users/tmcw/src/turf/turf_modules/turf-distance/test.js","s":{"1":1,"2":1,"3":1,"4":1,"5":1,"6":1,"7":1,"8":1},"b":{},"f":{"1":1},"fnMap":{"1":{"name":"(anonymous_1)","line":4,"loc":{"start":{"line":4,"column":17},"end":{"line":4,"column":28}}}},"statementMap":{"1":{"start":{"line":1,"column":0},"end":{"line":1,"column":27}},"2":{"start":{"line":2,"column":0},"end":{"line":2,"column":29}},"3":{"start":{"line":4,"column":0},"end":{"line":18,"column":3}},"4":{"start":{"line":5,"column":2},"end":{"line":8,"column":4}},"5":{"start":{"line":9,"column":2},"end":{"line":12,"column":4}},"6":{"start":{"line":14,"column":2},"end":{"line":14,"column":41}},"7":{"start":{"line":15,"column":2},"end":{"line":15,"column":41}},"8":{"start":{"line":17,"column":2},"end":{"line":17,"column":10}}},"branchMap":{}},"/Users/tmcw/src/turf/turf_modules/turf-distance/index.js":{"path":"/Users/tmcw/src/turf/turf_modules/turf-distance/index.js","s":{"1":1,"2":1,"3":1,"4":1,"5":1,"6":1,"7":1,"8":1,"9":1,"10":1,"11":1,"12":1,"13":1,"14":0,"15":0,"16":0,"17":0,"18":0,"19":0,"20":1,"21":1,"22":1,"23":4},"b":{"1":[1,0,0,0]},"f":{"1":1,"2":4},"fnMap":{"1":{"name":"(anonymous_1)","line":22,"loc":{"start":{"line":22,"column":17},"end":{"line":22,"column":48}}},"2":{"name":"toRad","line":53,"loc":{"start":{"line":53,"column":0},"end":{"line":53,"column":22}}}},"statementMap":{"1":{"start":{"line":22,"column":0},"end":{"line":53,"column":0}},"2":{"start":{"line":23,"column":2},"end":{"line":23,"column":49}},"3":{"start":{"line":24,"column":2},"end":{"line":24,"column":49}},"4":{"start":{"line":26,"column":2},"end":{"line":26,"column":54}},"5":{"start":{"line":27,"column":2},"end":{"line":27,"column":54}},"6":{"start":{"line":28,"column":2},"end":{"line":28,"column":36}},"7":{"start":{"line":29,"column":2},"end":{"line":29,"column":36}},"8":{"start":{"line":30,"column":2},"end":{"line":31,"column":80}},"9":{"start":{"line":32,"column":2},"end":{"line":32,"column":55}},"10":{"start":{"line":34,"column":2},"end":{"line":34,"column":12}},"11":{"start":{"line":35,"column":2},"end":{"line":48,"column":3}},"12":{"start":{"line":37,"column":6},"end":{"line":37,"column":15}},"13":{"start":{"line":38,"column":6},"end":{"line":38,"column":12}},"14":{"start":{"line":40,"column":6},"end":{"line":40,"column":15}},"15":{"start":{"line":41,"column":6},"end":{"line":41,"column":12}},"16":{"start":{"line":43,"column":6},"end":{"line":43,"column":21}},"17":{"start":{"line":44,"column":6},"end":{"line":44,"column":12}},"18":{"start":{"line":46,"column":6},"end":{"line":46,"column":12}},"19":{"start":{"line":47,"column":6},"end":{"line":47,"column":12}},"20":{"start":{"line":49,"column":2},"end":{"line":49,"column":23}},"21":{"start":{"line":50,"column":2},"end":{"line":50,"column":18}},"22":{"start":{"line":53,"column":0},"end":{"line":55,"column":1}},"23":{"start":{"line":54,"column":2},"end":{"line":54,"column":32}}},"branchMap":{"1":{"line":35,"type":"switch","locations":[{"start":{"line":36,"column":4},"end":{"line":38,"column":12}},{"start":{"line":39,"column":4},"end":{"line":41,"column":12}},{"start":{"line":42,"column":4},"end":{"line":44,"column":12}},{"start":{"line":45,"column":4},"end":{"line":47,"column":12}}]}}},"/Users/tmcw/src/turf/turf_modules/turf-envelope/test.js":{"path":"/Users/tmcw/src/turf/turf_modules/turf-envelope/test.js","s":{"1":1,"2":1,"3":1,"4":1,"5":1,"6":1,"7":1,"8":1},"b":{},"f":{"1":1},"fnMap":{"1":{"name":"(anonymous_1)","line":5,"loc":{"start":{"line":5,"column":17},"end":{"line":5,"column":28}}}},"statementMap":{"1":{"start":{"line":1,"column":0},"end":{"line":1,"column":27}},"2":{"start":{"line":2,"column":0},"end":{"line":2,"column":29}},"3":{"start":{"line":3,"column":0},"end":{"line":3,"column":36}},"4":{"start":{"line":5,"column":0},"end":{"line":11,"column":0}},"5":{"start":{"line":6,"column":2},"end":{"line":6,"column":31}},"6":{"start":{"line":7,"column":2},"end":{"line":7,"column":109}},"7":{"start":{"line":8,"column":2},"end":{"line":8,"column":46}},"8":{"start":{"line":9,"column":2},"end":{"line":9,"column":10}}},"branchMap":{}},"/Users/tmcw/src/turf/turf_modules/turf-envelope/index.js":{"path":"/Users/tmcw/src/turf/turf_modules/turf-envelope/index.js","s":{"1":1,"2":1,"3":1,"4":1,"5":1,"6":1},"b":{},"f":{"1":1},"fnMap":{"1":{"name":"(anonymous_1)","line":24,"loc":{"start":{"line":24,"column":17},"end":{"line":24,"column":41}}}},"statementMap":{"1":{"start":{"line":1,"column":0},"end":{"line":1,"column":36}},"2":{"start":{"line":2,"column":0},"end":{"line":2,"column":47}},"3":{"start":{"line":24,"column":0},"end":{"line":30,"column":0}},"4":{"start":{"line":25,"column":2},"end":{"line":25,"column":30}},"5":{"start":{"line":26,"column":2},"end":{"line":26,"column":31}},"6":{"start":{"line":27,"column":2},"end":{"line":27,"column":14}}},"branchMap":{}},"/Users/tmcw/src/turf/turf_modules/turf-envelope/geojson/fc.js":{"path":"/Users/tmcw/src/turf/turf_modules/turf-envelope/geojson/fc.js","s":{"1":1},"b":{},"f":{},"fnMap":{},"statementMap":{"1":{"start":{"line":1,"column":0},"end":{"line":41,"column":0}}},"branchMap":{}},"/Users/tmcw/src/turf/turf_modules/turf-explode/test.js":{"path":"/Users/tmcw/src/turf/turf_modules/turf-explode/test.js","s":{"1":1,"2":1,"3":1,"4":1,"5":1,"6":1,"7":1,"8":1,"9":1,"10":1,"11":1,"12":1,"13":1,"14":1,"15":1},"b":{},"f":{"1":1,"2":1},"fnMap":{"1":{"name":"(anonymous_1)","line":7,"loc":{"start":{"line":7,"column":16},"end":{"line":7,"column":27}}},"2":{"name":"(anonymous_2)","line":20,"loc":{"start":{"line":20,"column":11},"end":{"line":20,"column":22}}}},"statementMap":{"1":{"start":{"line":1,"column":0},"end":{"line":1,"column":27}},"2":{"start":{"line":2,"column":0},"end":{"line":2,"column":38}},"3":{"start":{"line":3,"column":0},"end":{"line":3,"column":34}},"4":{"start":{"line":4,"column":0},"end":{"line":4,"column":58}},"5":{"start":{"line":5,"column":0},"end":{"line":5,"column":28}},"6":{"start":{"line":7,"column":0},"end":{"line":25,"column":3}},"7":{"start":{"line":8,"column":2},"end":{"line":8,"column":64}},"8":{"start":{"line":9,"column":2},"end":{"line":12,"column":23}},"9":{"start":{"line":13,"column":2},"end":{"line":13,"column":47}},"10":{"start":{"line":15,"column":2},"end":{"line":15,"column":31}},"11":{"start":{"line":17,"column":2},"end":{"line":17,"column":97}},"12":{"start":{"line":18,"column":2},"end":{"line":18,"column":28}},"13":{"start":{"line":20,"column":2},"end":{"line":22,"column":30}},"14":{"start":{"line":21,"column":6},"end":{"line":21,"column":18}},"15":{"start":{"line":24,"column":2},"end":{"line":24,"column":10}}},"branchMap":{}},"/Users/tmcw/src/turf/turf_modules/turf-explode/index.js":{"path":"/Users/tmcw/src/turf/turf_modules/turf-explode/index.js","s":{"1":1,"2":1,"3":1,"4":2,"5":2,"6":0,"7":2,"8":1,"9":1,"10":2,"11":2,"12":2,"13":0,"14":0,"15":0,"16":0,"17":1,"18":1,"19":0,"20":0,"21":1,"22":1,"23":1,"24":0,"25":1,"26":0,"27":0,"28":0,"29":1,"30":1,"31":1,"32":5,"33":5,"34":1,"35":0,"36":0,"37":0,"38":0,"39":0},"b":{"1":[0,2],"2":[1,1],"3":[0,0,0,1,1,0,1]},"f":{"1":2,"2":0,"3":0,"4":1,"5":0},"fnMap":{"1":{"name":"(anonymous_1)","line":30,"loc":{"start":{"line":30,"column":17},"end":{"line":30,"column":32}}},"2":{"name":"depth0","line":61,"loc":{"start":{"line":61,"column":0},"end":{"line":61,"column":33}}},"3":{"name":"depth1","line":65,"loc":{"start":{"line":65,"column":0},"end":{"line":65,"column":34}}},"4":{"name":"depth2","line":72,"loc":{"start":{"line":72,"column":0},"end":{"line":72,"column":34}}},"5":{"name":"depth3","line":81,"loc":{"start":{"line":81,"column":0},"end":{"line":81,"column":34}}}},"statementMap":{"1":{"start":{"line":1,"column":0},"end":{"line":1,"column":58}},"2":{"start":{"line":2,"column":0},"end":{"line":2,"column":34}},"3":{"start":{"line":30,"column":0},"end":{"line":59,"column":2}},"4":{"start":{"line":32,"column":2},"end":{"line":32,"column":18}},"5":{"start":{"line":33,"column":2},"end":{"line":35,"column":40}},"6":{"start":{"line":33,"column":42},"end":{"line":33,"column":68}},"7":{"start":{"line":34,"column":7},"end":{"line":35,"column":40}},"8":{"start":{"line":34,"column":37},"end":{"line":34,"column":56}},"9":{"start":{"line":35,"column":7},"end":{"line":35,"column":40}},"10":{"start":{"line":37,"column":2},"end":{"line":57,"column":3}},"11":{"start":{"line":38,"column":4},"end":{"line":38,"column":50}},"12":{"start":{"line":39,"column":4},"end":{"line":56,"column":5}},"13":{"start":{"line":41,"column":8},"end":{"line":41,"column":31}},"14":{"start":{"line":42,"column":8},"end":{"line":42,"column":14}},"15":{"start":{"line":45,"column":8},"end":{"line":45,"column":31}},"16":{"start":{"line":46,"column":8},"end":{"line":46,"column":14}},"17":{"start":{"line":49,"column":8},"end":{"line":49,"column":31}},"18":{"start":{"line":50,"column":8},"end":{"line":50,"column":14}},"19":{"start":{"line":52,"column":8},"end":{"line":52,"column":31}},"20":{"start":{"line":53,"column":8},"end":{"line":53,"column":14}},"21":{"start":{"line":55,"column":8},"end":{"line":55,"column":49}},"22":{"start":{"line":58,"column":2},"end":{"line":58,"column":35}},"23":{"start":{"line":61,"column":0},"end":{"line":63,"column":1}},"24":{"start":{"line":62,"column":2},"end":{"line":62,"column":43}},"25":{"start":{"line":65,"column":0},"end":{"line":70,"column":1}},"26":{"start":{"line":66,"column":2},"end":{"line":69,"column":3}},"27":{"start":{"line":67,"column":4},"end":{"line":67,"column":26}},"28":{"start":{"line":68,"column":4},"end":{"line":68,"column":45}},"29":{"start":{"line":72,"column":0},"end":{"line":79,"column":1}},"30":{"start":{"line":73,"column":2},"end":{"line":78,"column":3}},"31":{"start":{"line":74,"column":4},"end":{"line":77,"column":5}},"32":{"start":{"line":75,"column":6},"end":{"line":75,"column":31}},"33":{"start":{"line":76,"column":6},"end":{"line":76,"column":47}},"34":{"start":{"line":81,"column":0},"end":{"line":90,"column":1}},"35":{"start":{"line":82,"column":2},"end":{"line":89,"column":3}},"36":{"start":{"line":83,"column":4},"end":{"line":88,"column":5}},"37":{"start":{"line":84,"column":6},"end":{"line":87,"column":7}},"38":{"start":{"line":85,"column":8},"end":{"line":85,"column":36}},"39":{"start":{"line":86,"column":8},"end":{"line":86,"column":49}}},"branchMap":{"1":{"line":33,"type":"if","locations":[{"start":{"line":33,"column":2},"end":{"line":33,"column":2}},{"start":{"line":33,"column":2},"end":{"line":33,"column":2}}]},"2":{"line":34,"type":"if","locations":[{"start":{"line":34,"column":7},"end":{"line":34,"column":7}},{"start":{"line":34,"column":7},"end":{"line":34,"column":7}}]},"3":{"line":39,"type":"switch","locations":[{"start":{"line":40,"column":6},"end":{"line":42,"column":14}},{"start":{"line":43,"column":6},"end":{"line":43,"column":24}},{"start":{"line":44,"column":6},"end":{"line":46,"column":14}},{"start":{"line":47,"column":6},"end":{"line":47,"column":21}},{"start":{"line":48,"column":6},"end":{"line":50,"column":14}},{"start":{"line":51,"column":6},"end":{"line":53,"column":14}},{"start":{"line":54,"column":6},"end":{"line":55,"column":49}}]}}},"/Users/tmcw/src/turf/turf_modules/turf-extent/test.js":{"path":"/Users/tmcw/src/turf/turf_modules/turf-extent/test.js","s":{"1":1,"2":1,"3":1,"4":1,"5":1,"6":1,"7":1,"8":1,"9":1,"10":1,"11":1,"12":1,"13":1,"14":1,"15":1,"16":1,"17":1,"18":1,"19":1,"20":1,"21":1,"22":1,"23":1,"24":1,"25":1,"26":1,"27":1,"28":1,"29":1,"30":1,"31":1,"32":1,"33":1,"34":1,"35":1,"36":1,"37":1,"38":1,"39":1,"40":1,"41":1,"42":1,"43":1,"44":1,"45":1,"46":1,"47":1,"48":1,"49":1},"b":{},"f":{"1":1,"2":1},"fnMap":{"1":{"name":"(anonymous_1)","line":13,"loc":{"start":{"line":13,"column":15},"end":{"line":13,"column":26}}},"2":{"name":"(anonymous_2)","line":67,"loc":{"start":{"line":67,"column":11},"end":{"line":67,"column":22}}}},"statementMap":{"1":{"start":{"line":1,"column":0},"end":{"line":1,"column":27}},"2":{"start":{"line":2,"column":0},"end":{"line":2,"column":23}},"3":{"start":{"line":3,"column":0},"end":{"line":3,"column":27}},"4":{"start":{"line":6,"column":0},"end":{"line":6,"column":48}},"5":{"start":{"line":7,"column":0},"end":{"line":7,"column":37}},"6":{"start":{"line":8,"column":0},"end":{"line":8,"column":43}},"7":{"start":{"line":9,"column":0},"end":{"line":9,"column":40}},"8":{"start":{"line":10,"column":0},"end":{"line":10,"column":53}},"9":{"start":{"line":11,"column":0},"end":{"line":11,"column":50}},"10":{"start":{"line":13,"column":0},"end":{"line":76,"column":0}},"11":{"start":{"line":15,"column":2},"end":{"line":15,"column":28}},"12":{"start":{"line":17,"column":2},"end":{"line":17,"column":38}},"13":{"start":{"line":18,"column":2},"end":{"line":18,"column":27}},"14":{"start":{"line":19,"column":2},"end":{"line":19,"column":28}},"15":{"start":{"line":20,"column":2},"end":{"line":20,"column":28}},"16":{"start":{"line":21,"column":2},"end":{"line":21,"column":26}},"17":{"start":{"line":24,"column":2},"end":{"line":24,"column":28}},"18":{"start":{"line":25,"column":2},"end":{"line":25,"column":26}},"19":{"start":{"line":26,"column":2},"end":{"line":26,"column":28}},"20":{"start":{"line":27,"column":2},"end":{"line":27,"column":28}},"21":{"start":{"line":28,"column":2},"end":{"line":28,"column":28}},"22":{"start":{"line":29,"column":2},"end":{"line":29,"column":28}},"23":{"start":{"line":32,"column":2},"end":{"line":32,"column":32}},"24":{"start":{"line":34,"column":2},"end":{"line":34,"column":27}},"25":{"start":{"line":35,"column":2},"end":{"line":35,"column":30}},"26":{"start":{"line":36,"column":2},"end":{"line":36,"column":30}},"27":{"start":{"line":37,"column":2},"end":{"line":37,"column":30}},"28":{"start":{"line":38,"column":2},"end":{"line":38,"column":28}},"29":{"start":{"line":41,"column":2},"end":{"line":41,"column":32}},"30":{"start":{"line":43,"column":2},"end":{"line":43,"column":30}},"31":{"start":{"line":44,"column":2},"end":{"line":44,"column":30}},"32":{"start":{"line":45,"column":2},"end":{"line":45,"column":28}},"33":{"start":{"line":46,"column":2},"end":{"line":46,"column":30}},"34":{"start":{"line":47,"column":2},"end":{"line":47,"column":28}},"35":{"start":{"line":50,"column":2},"end":{"line":50,"column":42}},"36":{"start":{"line":52,"column":2},"end":{"line":52,"column":43}},"37":{"start":{"line":53,"column":2},"end":{"line":53,"column":35}},"38":{"start":{"line":54,"column":2},"end":{"line":54,"column":33}},"39":{"start":{"line":55,"column":2},"end":{"line":55,"column":35}},"40":{"start":{"line":56,"column":2},"end":{"line":56,"column":33}},"41":{"start":{"line":59,"column":2},"end":{"line":59,"column":42}},"42":{"start":{"line":61,"column":2},"end":{"line":61,"column":40}},"43":{"start":{"line":62,"column":2},"end":{"line":62,"column":35}},"44":{"start":{"line":63,"column":2},"end":{"line":63,"column":33}},"45":{"start":{"line":64,"column":2},"end":{"line":64,"column":35}},"46":{"start":{"line":65,"column":2},"end":{"line":65,"column":33}},"47":{"start":{"line":67,"column":2},"end":{"line":69,"column":61}},"48":{"start":{"line":68,"column":6},"end":{"line":68,"column":39}},"49":{"start":{"line":71,"column":2},"end":{"line":71,"column":10}}},"branchMap":{}},"/Users/tmcw/src/turf/turf_modules/turf-extent/index.js":{"path":"/Users/tmcw/src/turf/turf_modules/turf-extent/index.js","s":{"1":1,"2":7,"3":7,"4":7,"5":1,"6":6,"7":2,"8":4,"9":7,"10":9,"11":9,"12":2,"13":2,"14":2,"15":2,"16":3,"17":3,"18":1,"19":1,"20":1,"21":6,"22":1,"23":2,"24":2,"25":2,"26":2,"27":2,"28":2,"29":2,"30":2,"31":1,"32":2,"33":8,"34":8,"35":1,"36":8,"37":2,"38":8,"39":7,"40":8,"41":5,"42":1,"43":3,"44":4,"45":13,"46":13,"47":4,"48":13,"49":2,"50":13,"51":5,"52":13,"53":6,"54":1,"55":1,"56":2,"57":3,"58":15,"59":15,"60":2,"61":15,"62":2,"63":15,"64":2,"65":15,"66":2},"b":{"1":[1,6],"2":[2,4],"3":[2,2,2,2,3,1,1],"4":[2,0],"5":[2,0],"6":[2,0],"7":[2,0],"8":[1,7],"9":[2,6],"10":[7,1],"11":[5,3],"12":[4,9],"13":[2,11],"14":[5,8],"15":[6,7],"16":[2,13],"17":[2,13],"18":[2,13],"19":[2,13]},"f":{"1":7,"2":2,"3":2,"4":3,"5":1},"fnMap":{"1":{"name":"(anonymous_1)","line":27,"loc":{"start":{"line":27,"column":17},"end":{"line":27,"column":32}}},"2":{"name":"extent0","line":59,"loc":{"start":{"line":59,"column":0},"end":{"line":59,"column":32}}},"3":{"name":"extent1","line":66,"loc":{"start":{"line":66,"column":0},"end":{"line":66,"column":33}}},"4":{"name":"extent2","line":76,"loc":{"start":{"line":76,"column":0},"end":{"line":76,"column":33}}},"5":{"name":"extent3","line":88,"loc":{"start":{"line":88,"column":0},"end":{"line":88,"column":33}}}},"statementMap":{"1":{"start":{"line":27,"column":0},"end":{"line":57,"column":2}},"2":{"start":{"line":28,"column":2},"end":{"line":28,"column":58}},"3":{"start":{"line":30,"column":2},"end":{"line":30,"column":20}},"4":{"start":{"line":31,"column":2},"end":{"line":33,"column":40}},"5":{"start":{"line":31,"column":42},"end":{"line":31,"column":68}},"6":{"start":{"line":32,"column":7},"end":{"line":33,"column":40}},"7":{"start":{"line":32,"column":37},"end":{"line":32,"column":56}},"8":{"start":{"line":33,"column":7},"end":{"line":33,"column":40}},"9":{"start":{"line":35,"column":2},"end":{"line":55,"column":3}},"10":{"start":{"line":36,"column":4},"end":{"line":36,"column":50}},"11":{"start":{"line":37,"column":4},"end":{"line":54,"column":5}},"12":{"start":{"line":39,"column":8},"end":{"line":39,"column":32}},"13":{"start":{"line":40,"column":8},"end":{"line":40,"column":14}},"14":{"start":{"line":43,"column":8},"end":{"line":43,"column":32}},"15":{"start":{"line":44,"column":8},"end":{"line":44,"column":14}},"16":{"start":{"line":47,"column":8},"end":{"line":47,"column":32}},"17":{"start":{"line":48,"column":8},"end":{"line":48,"column":14}},"18":{"start":{"line":50,"column":8},"end":{"line":50,"column":32}},"19":{"start":{"line":51,"column":8},"end":{"line":51,"column":14}},"20":{"start":{"line":53,"column":8},"end":{"line":53,"column":49}},"21":{"start":{"line":56,"column":2},"end":{"line":56,"column":16}},"22":{"start":{"line":59,"column":0},"end":{"line":64,"column":1}},"23":{"start":{"line":60,"column":2},"end":{"line":60,"column":48}},"24":{"start":{"line":60,"column":27},"end":{"line":60,"column":48}},"25":{"start":{"line":61,"column":2},"end":{"line":61,"column":48}},"26":{"start":{"line":61,"column":27},"end":{"line":61,"column":48}},"27":{"start":{"line":62,"column":2},"end":{"line":62,"column":48}},"28":{"start":{"line":62,"column":27},"end":{"line":62,"column":48}},"29":{"start":{"line":63,"column":2},"end":{"line":63,"column":48}},"30":{"start":{"line":63,"column":27},"end":{"line":63,"column":48}},"31":{"start":{"line":66,"column":0},"end":{"line":74,"column":1}},"32":{"start":{"line":67,"column":2},"end":{"line":73,"column":3}},"33":{"start":{"line":68,"column":4},"end":{"line":68,"column":26}},"34":{"start":{"line":69,"column":4},"end":{"line":69,"column":50}},"35":{"start":{"line":69,"column":29},"end":{"line":69,"column":50}},"36":{"start":{"line":70,"column":4},"end":{"line":70,"column":50}},"37":{"start":{"line":70,"column":29},"end":{"line":70,"column":50}},"38":{"start":{"line":71,"column":4},"end":{"line":71,"column":50}},"39":{"start":{"line":71,"column":29},"end":{"line":71,"column":50}},"40":{"start":{"line":72,"column":4},"end":{"line":72,"column":50}},"41":{"start":{"line":72,"column":29},"end":{"line":72,"column":50}},"42":{"start":{"line":76,"column":0},"end":{"line":86,"column":1}},"43":{"start":{"line":77,"column":2},"end":{"line":85,"column":3}},"44":{"start":{"line":78,"column":4},"end":{"line":84,"column":5}},"45":{"start":{"line":79,"column":6},"end":{"line":79,"column":31}},"46":{"start":{"line":80,"column":6},"end":{"line":80,"column":52}},"47":{"start":{"line":80,"column":31},"end":{"line":80,"column":52}},"48":{"start":{"line":81,"column":6},"end":{"line":81,"column":52}},"49":{"start":{"line":81,"column":31},"end":{"line":81,"column":52}},"50":{"start":{"line":82,"column":6},"end":{"line":82,"column":52}},"51":{"start":{"line":82,"column":31},"end":{"line":82,"column":52}},"52":{"start":{"line":83,"column":6},"end":{"line":83,"column":52}},"53":{"start":{"line":83,"column":31},"end":{"line":83,"column":52}},"54":{"start":{"line":88,"column":0},"end":{"line":100,"column":1}},"55":{"start":{"line":89,"column":2},"end":{"line":99,"column":3}},"56":{"start":{"line":90,"column":4},"end":{"line":98,"column":5}},"57":{"start":{"line":91,"column":6},"end":{"line":97,"column":7}},"58":{"start":{"line":92,"column":8},"end":{"line":92,"column":36}},"59":{"start":{"line":93,"column":8},"end":{"line":93,"column":54}},"60":{"start":{"line":93,"column":33},"end":{"line":93,"column":54}},"61":{"start":{"line":94,"column":8},"end":{"line":94,"column":54}},"62":{"start":{"line":94,"column":33},"end":{"line":94,"column":54}},"63":{"start":{"line":95,"column":8},"end":{"line":95,"column":54}},"64":{"start":{"line":95,"column":33},"end":{"line":95,"column":54}},"65":{"start":{"line":96,"column":8},"end":{"line":96,"column":54}},"66":{"start":{"line":96,"column":33},"end":{"line":96,"column":54}}},"branchMap":{"1":{"line":31,"type":"if","locations":[{"start":{"line":31,"column":2},"end":{"line":31,"column":2}},{"start":{"line":31,"column":2},"end":{"line":31,"column":2}}]},"2":{"line":32,"type":"if","locations":[{"start":{"line":32,"column":7},"end":{"line":32,"column":7}},{"start":{"line":32,"column":7},"end":{"line":32,"column":7}}]},"3":{"line":37,"type":"switch","locations":[{"start":{"line":38,"column":6},"end":{"line":40,"column":14}},{"start":{"line":41,"column":6},"end":{"line":41,"column":24}},{"start":{"line":42,"column":6},"end":{"line":44,"column":14}},{"start":{"line":45,"column":6},"end":{"line":45,"column":21}},{"start":{"line":46,"column":6},"end":{"line":48,"column":14}},{"start":{"line":49,"column":6},"end":{"line":51,"column":14}},{"start":{"line":52,"column":6},"end":{"line":53,"column":49}}]},"4":{"line":60,"type":"if","locations":[{"start":{"line":60,"column":2},"end":{"line":60,"column":2}},{"start":{"line":60,"column":2},"end":{"line":60,"column":2}}]},"5":{"line":61,"type":"if","locations":[{"start":{"line":61,"column":2},"end":{"line":61,"column":2}},{"start":{"line":61,"column":2},"end":{"line":61,"column":2}}]},"6":{"line":62,"type":"if","locations":[{"start":{"line":62,"column":2},"end":{"line":62,"column":2}},{"start":{"line":62,"column":2},"end":{"line":62,"column":2}}]},"7":{"line":63,"type":"if","locations":[{"start":{"line":63,"column":2},"end":{"line":63,"column":2}},{"start":{"line":63,"column":2},"end":{"line":63,"column":2}}]},"8":{"line":69,"type":"if","locations":[{"start":{"line":69,"column":4},"end":{"line":69,"column":4}},{"start":{"line":69,"column":4},"end":{"line":69,"column":4}}]},"9":{"line":70,"type":"if","locations":[{"start":{"line":70,"column":4},"end":{"line":70,"column":4}},{"start":{"line":70,"column":4},"end":{"line":70,"column":4}}]},"10":{"line":71,"type":"if","locations":[{"start":{"line":71,"column":4},"end":{"line":71,"column":4}},{"start":{"line":71,"column":4},"end":{"line":71,"column":4}}]},"11":{"line":72,"type":"if","locations":[{"start":{"line":72,"column":4},"end":{"line":72,"column":4}},{"start":{"line":72,"column":4},"end":{"line":72,"column":4}}]},"12":{"line":80,"type":"if","location
[...]
6},"end":{"line":37,"column":6}},{"start":{"line":37,"column":6},"end":{"line":37,"column":6}}]}}},"/Users/tmcw/src/turf/turf_modules/turf-tin/test.js":{"path":"/Users/tmcw/src/turf/turf_modules/turf-tin/test.js","s":{"1":1,"2":1,"3":1,"4":1,"5":1,"6":1,"7":1,"8":1,"9":1,"10":1},"b":{},"f":{"1":1},"fnMap":{"1":{"name":"(anonymous_1)","line":5,"loc":{"start":{"line":5,"column":12},"end":{"line":5,"column":23}}}},"statementMap":{"1":{"start":{"line":1,"column":0},"end":{"line":1,"column":27}},"2":{"start":{"line":2,"column":0},"end":{"line":2,"column":23}},"3":{"start":{"line":3,"column":0},"end":{"line":3,"column":24}},"4":{"start":{"line":5,"column":0},"end":{"line":15,"column":3}},"5":{"start":{"line":6,"column":2},"end":{"line":6,"column":80}},"6":{"start":{"line":8,"column":2},"end":{"line":8,"column":40}},"7":{"start":{"line":10,"column":2},"end":{"line":10,"column":55}},"8":{"start":{"line":11,"column":2},"end":{"line":11,"column":38}},"9":{"start":{"line":13,"column":2},"end":{"line":13,"column":77}},"10":{"start":{"line":14,"column":2},"end":{"line":14,"column":10}}},"branchMap":{}},"/Users/tmcw/src/turf/turf_modules/turf-tin/index.js":{"path":"/Users/tmcw/src/turf/turf_modules/turf-tin/index.js","s":{"1":1,"2":1,"3":1,"4":1,"5":1,"6":1,"7":17,"8":24,"9":1,"10":1,"11":24,"12":72,"13":72,"14":24,"15":24,"16":24,"17":24,"18":24,"19":24,"20":1,"21":1,"22":1,"23":24,"24":24,"25":24,"26":1,"27":84,"28":84,"29":84,"30":84,"31":84,"32":0,"33":0,"34":0,"35":0,"36":0,"37":0,"38":0,"39":84,"40":84,"41":84,"42":84,"43":84,"44":1,"45":53,"46":1,"47":17,"48":17,"49":17,"50":115,"51":115,"52":115,"53":115,"54":425,"55":425,"56":425,"57":32,"58":32,"59":32,"60":32,"61":1,"62":1,"63":0,"64":1,"65":1,"66":1,"67":16,"68":3,"69":16,"70":3,"71":1,"72":1,"73":1,"74":17,"75":17,"76":17,"77":178,"78":178,"79":21,"80":21,"81":21,"82":157,"83":157,"84":108,"85":49,"86":49,"87":17,"88":17,"89":17,"90":83,"91":83,"92":83,"93":1,"94":1,"95":1,"96":35,"97":11,"98":1},"b":{"1":[1,0],"2":[24,24,24],"3":[24,0],"4":[0,84],"5":[32,393],"6":[425,50,425,127],"7":[0,1],"8":[3,13],"9":[3,13],"10":[0,1],"11":[21,157],"12":[178,104],"13":[108,49],"14":[11,24],"15":[35,28,24]},"f":{"1":1,"2":17,"3":24,"4":24,"5":72,"6":24,"7":24,"8":84,"9":53,"10":17,"11":1},"fnMap":{"1":{"name":"(anonymous_1)","line":28,"loc":{"start":{"line":28,"column":17},"end":{"line":28,"column":36}}},"2":{"name":"(anonymous_2)","line":30,"loc":{"start":{"line":30,"column":68},"end":{"line":30,"column":79}}},"3":{"name":"(anonymous_3)","line":35,"loc":{"start":{"line":35,"column":10},"end":{"line":35,"column":28}}},"4":{"name":"(anonymous_4)","line":43,"loc":{"start":{"line":43,"column":31},"end":{"line":43,"column":44}}},"5":{"name":"(anonymous_5)","line":44,"loc":{"start":{"line":44,"column":42},"end":{"line":44,"column":56}}},"6":{"name":"correctRings","line":64,"loc":{"start":{"line":64,"column":0},"end":{"line":64,"column":27}}},"7":{"name":"(anonymous_7)","line":65,"loc":{"start":{"line":65,"column":36},"end":{"line":65,"column":50}}},"8":{"name":"Triangle","line":70,"loc":{"start":{"line":70,"column":0},"end":{"line":70,"column":27}}},"9":{"name":"byX","line":106,"loc":{"start":{"line":106,"column":0},"end":{"line":106,"column":19}}},"10":{"name":"dedup","line":110,"loc":{"start":{"line":110,"column":0},"end":{"line":110,"column":22}}},"11":{"name":"triangulate","line":131,"loc":{"start":{"line":131,"column":0},"end":{"line":131,"column":31}}}},"statementMap":{"1":{"start":{"line":3,"column":0},"end":{"line":3,"column":38}},"2":{"start":{"line":4,"column":0},"end":{"line":4,"column":38}},"3":{"start":{"line":5,"column":0},"end":{"line":5,"column":58}},"4":{"start":{"line":6,"column":0},"end":{"line":6,"column":34}},"5":{"start":{"line":28,"column":0},"end":{"line":62,"column":2}},"6":{"start":{"line":30,"column":2},"end":{"line":39,"column":6}},"7":{"start":{"line":31,"column":4},"end":{"line":34,"column":6}},"8":{"start":{"line":36,"column":4},"end":{"line":38,"column":69}},"9":{"start":{"line":41,"column":2},"end":{"line":59,"column":3}},"10":{"start":{"line":43,"column":4},"end":{"line":58,"column":7}},"11":{"start":{"line":44,"column":6},"end":{"line":57,"column":9}},"12":{"start":{"line":45,"column":8},"end":{"line":45,"column":57}},"13":{"start":{"line":46,"column":8},"end":{"line":56,"column":9}},"14":{"start":{"line":48,"column":12},"end":{"line":48,"column":53}},"15":{"start":{"line":49,"column":12},"end":{"line":49,"column":18}},"16":{"start":{"line":51,"column":12},"end":{"line":51,"column":53}},"17":{"start":{"line":52,"column":12},"end":{"line":52,"column":18}},"18":{"start":{"line":54,"column":12},"end":{"line":54,"column":53}},"19":{"start":{"line":55,"column":12},"end":{"line":55,"column":18}},"20":{"start":{"line":60,"column":2},"end":{"line":60,"column":43}},"21":{"start":{"line":61,"column":2},"end":{"line":61,"column":19}},"22":{"start":{"line":64,"column":0},"end":{"line":68,"column":1}},"23":{"start":{"line":65,"column":2},"end":{"line":67,"column":5}},"24":{"start":{"line":66,"column":4},"end":{"line":66,"column":58}},"25":{"start":{"line":66,"column":39},"end":{"line":66,"column":58}},"26":{"start":{"line":70,"column":0},"end":{"line":104,"column":1}},"27":{"start":{"line":71,"column":2},"end":{"line":71,"column":13}},"28":{"start":{"line":72,"column":2},"end":{"line":72,"column":13}},"29":{"start":{"line":73,"column":2},"end":{"line":73,"column":13}},"30":{"start":{"line":75,"column":2},"end":{"line":82,"column":25}},"31":{"start":{"line":86,"column":2},"end":{"line":103,"column":3}},"32":{"start":{"line":87,"column":4},"end":{"line":87,"column":35}},"33":{"start":{"line":88,"column":4},"end":{"line":88,"column":35}},"34":{"start":{"line":89,"column":4},"end":{"line":89,"column":50}},"35":{"start":{"line":90,"column":4},"end":{"line":90,"column":50}},"36":{"start":{"line":92,"column":4},"end":{"line":92,"column":23}},"37":{"start":{"line":93,"column":4},"end":{"line":93,"column":23}},"38":{"start":{"line":94,"column":4},"end":{"line":94,"column":31}},"39":{"start":{"line":98,"column":4},"end":{"line":98,"column":29}},"40":{"start":{"line":99,"column":4},"end":{"line":99,"column":29}},"41":{"start":{"line":100,"column":4},"end":{"line":100,"column":22}},"42":{"start":{"line":101,"column":4},"end":{"line":101,"column":22}},"43":{"start":{"line":102,"column":4},"end":{"line":102,"column":31}},"44":{"start":{"line":106,"column":0},"end":{"line":108,"column":1}},"45":{"start":{"line":107,"column":2},"end":{"line":107,"column":19}},"46":{"start":{"line":110,"column":0},"end":{"line":129,"column":1}},"47":{"start":{"line":111,"column":2},"end":{"line":112,"column":20}},"48":{"start":{"line":114,"column":2},"end":{"line":128,"column":3}},"49":{"start":{"line":114,"column":9},"end":{"line":128,"column":3}},"50":{"start":{"line":115,"column":4},"end":{"line":116,"column":4}},"51":{"start":{"line":116,"column":4},"end":{"line":117,"column":4}},"52":{"start":{"line":117,"column":4},"end":{"line":118,"column":4}},"53":{"start":{"line":118,"column":4},"end":{"line":127,"column":5}},"54":{"start":{"line":119,"column":6},"end":{"line":120,"column":6}},"55":{"start":{"line":120,"column":6},"end":{"line":121,"column":6}},"56":{"start":{"line":121,"column":6},"end":{"line":126,"column":7}},"57":{"start":{"line":122,"column":8},"end":{"line":123,"column":8}},"58":{"start":{"line":123,"column":8},"end":{"line":124,"column":8}},"59":{"start":{"line":124,"column":8},"end":{"line":125,"column":8}},"60":{"start":{"line":125,"column":8},"end":{"line":126,"column":6}},"61":{"start":{"line":131,"column":0},"end":{"line":234,"column":1}},"62":{"start":{"line":133,"column":2},"end":{"line":139,"column":2}},"63":{"start":{"line":134,"column":4},"end":{"line":139,"column":2}},"64":{"start":{"line":139,"column":2},"end":{"line":141,"column":2}},"65":{"start":{"line":141,"column":2},"end":{"line":147,"column":2}},"66":{"start":{"line":147,"column":2},"end":{"line":150,"column":3}},"67":{"start":{"line":148,"column":4},"end":{"line":149,"column":4}},"68":{"start":{"line":148,"column":29},"end":{"line":149,"column":4}},"69":{"start":{"line":149,"column":4},"end":{"line":150,"column":2}},"70":{"start":{"line":149,"column":29},"end":{"line":150,"column":2}},"71":{"start":{"line":160,"column":2},"end":{"line":177,"column":2}},"72":{"start":{"line":177,"column":2},"end":{"line":178,"column":2}},"73":{"start":{"line":178,"column":2},"end":{"line":219,"column":3}},"74":{"start":{"line":182,"column":4},"end":{"line":183,"column":4}},"75":{"start":{"line":183,"column":4},"end":{"line":184,"column":4}},"76":{"start":{"line":184,"column":4},"end":{"line":207,"column":5}},"77":{"start":{"line":188,"column":6},"end":{"line":189,"column":6}},"78":{"start":{"line":189,"column":6},"end":{"line":193,"column":7}},"79":{"start":{"line":190,"column":8},"end":{"line":191,"column":8}},"80":{"start":{"line":191,"column":8},"end":{"line":192,"column":8}},"81":{"start":{"line":192,"column":8},"end":{"line":192,"column":16}},"82":{"start":{"line":196,"column":6},"end":{"line":197,"column":6}},"83":{"start":{"line":197,"column":6},"end":{"line":198,"column":16}},"84":{"start":{"line":198,"column":8},"end":{"line":198,"column":16}},"85":{"start":{"line":201,"column":6},"end":{"line":206,"column":6}},"86":{"start":{"line":206,"column":6},"end":{"line":207,"column":4}},"87":{"start":{"line":210,"column":4},"end":{"line":213,"column":4}},"88":{"start":{"line":213,"column":4},"end":{"line":214,"column":4}},"89":{"start":{"line":214,"column":4},"end":{"line":218,"column":5}},"90":{"start":{"line":215,"column":6},"end":{"line":216,"column":6}},"91":{"start":{"line":216,"column":6},"end":{"line":217,"column":6}},"92":{"start":{"line":217,"column":6},"end":{"line":218,"column":4}},"93":{"start":{"line":223,"column":2},"end":{"line":225,"column":2}},"94":{"start":{"line":225,"column":2},"end":{"line":226,"column":2}},"95":{"start":{"line":226,"column":2},"end":{"line":233,"column":2}},"96":{"start":{"line":227,"column":4},"end":{"line":233,"column":2}},"97":{"start":{"line":230,"column":6},"end":{"line":233,"column":2}},"98":{"start":{"line":233,"column":2},"end":{"line":233,"column":16}}},"branchMap":{"1":{"line":41,"type":"if","locations":[{"start":{"line":41,"column":2},"end":{"line":41,"column":2}},{"start":{"line":41,"column":2},"end":{"line":41,"column":2}}]},"2":{"line":46,"type":"switch","locations":[{"start":{"line":47,"column":10},"end":{"line":49,"column":18}},{"start":{"line":50,"column":10},"end":{"line":52,"column":18}},{"start":{"line":53,"column":10},"end":{"line":55,"column":18}}]},"3":{"line":66,"type":"if","locations":[{"start":{"line":66,"column":4},"end":{"line":66,"column":4}},{"start":{"line":66,"column":4},"end":{"line":66,"column":4}}]},"4":{"line":86,"type":"if","locations":[{"start":{"line":86,"column":2},"end":{"line":86,"column":2}},{"start":{"line":86,"column":2},"end":{"line":86,"column":2}}]},"5":{"line":121,"type":"if","locations":[{"start":{"line":121,"column":6},"end":{"line":121,"column":6}},{"start":{"line":121,"column":6},"end":{"line":121,"column":6}}]},"6":{"line":121,"type":"binary-expr","locations":[{"start":{"line":121,"column":10},"end":{"line":121,"column":17}},{"start":{"line":121,"column":21},"end":{"line":121,"column":28}},{"start":{"line":121,"column":34},"end":{"line":121,"column":41}},{"start":{"line":121,"column":45},"end":{"line":121,"column":52}}]},"7":{"line":133,"type":"if","locations":[{"start":{"line":133,"column":2},"end":{"line":133,"column":2}},{"start":{"line":133,"column":2},"end":{"line":133,"column":2}}]},"8":{"line":148,"type":"if","locations":[{"start":{"line":148,"column":4},"end":{"line":148,"column":4}},{"start":{"line":148,"column":4},"end":{"line":148,"column":4}}]},"9":{"line":149,"type":"if","locations":[{"start":{"line":149,"column":4},"end":{"line":149,"column":4}},{"start":{"line":149,"column":4},"end":{"line":149,"column":4}}]},"10":{"line":162,"type":"cond-expr","locations":[{"start":{"line":162,"column":27},"end":{"line":162,"column":29}},{"start":{"line":162,"column":32},"end":{"line":162,"column":34}}]},"11":{"line":189,"type":"if","locations":[{"start":{"line":189,"column":6},"end":{"line":189,"column":6}},{"start":{"line":189,"column":6},"end":{"line":189,"column":6}}]},"12":{"line":189,"type":"binary-expr","locations":[{"start":{"line":189,"column":9},"end":{"line":189,"column":15}},{"start":{"line":189,"column":19},"end":{"line":189,"column":38}}]},"13":{"line":197,"type":"if","locations":[{"start":{"line":197,"column":6},"end":{"line":197,"column":6}},{"start":{"line":197,"column":6},"end":{"line":197,"column":6}}]},"14":{"line":227,"type":"if","locations":[{"start":{"line":227,"column":4},"end":{"line":227,"column":4}},{"start":{"line":227,"column":4},"end":{"line":227,"column":4}}]},"15":{"line":227,"type":"binary-expr","locations":[{"start":{"line":227,"column":7},"end":{"line":227,"column":29}},{"start":{"line":228,"column":7},"end":{"line":228,"column":29}},{"start":{"line":229,"column":7},"end":{"line":229,"column":29}}]}}},"/Users/tmcw/src/turf/turf_modules/turf-variance/test.js":{"path":"/Users/tmcw/src/turf/turf_modules/turf-variance/test.js","s":{"1":1,"2":1,"3":1,"4":1,"5":1,"6":1,"7":1,"8":1,"9":1,"10":1,"11":1,"12":1,"13":1,"14":1,"15":1,"16":1,"17":1,"18":1,"19":1},"b":{},"f":{"1":1},"fnMap":{"1":{"name":"(anonymous_1)","line":7,"loc":{"start":{"line":7,"column":17},"end":{"line":7,"column":28}}}},"statementMap":{"1":{"start":{"line":1,"column":0},"end":{"line":1,"column":29}},"2":{"start":{"line":2,"column":0},"end":{"line":2,"column":27}},"3":{"start":{"line":3,"column":0},"end":{"line":3,"column":38}},"4":{"start":{"line":4,"column":0},"end":{"line":4,"column":34}},"5":{"start":{"line":5,"column":0},"end":{"line":5,"column":59}},"6":{"start":{"line":7,"column":0},"end":{"line":24,"column":3}},"7":{"start":{"line":8,"column":2},"end":{"line":8,"column":56}},"8":{"start":{"line":9,"column":2},"end":{"line":9,"column":58}},"9":{"start":{"line":10,"column":2},"end":{"line":10,"column":49}},"10":{"start":{"line":11,"column":2},"end":{"line":11,"column":42}},"11":{"start":{"line":12,"column":2},"end":{"line":12,"column":42}},"12":{"start":{"line":13,"column":2},"end":{"line":13,"column":43}},"13":{"start":{"line":14,"column":2},"end":{"line":14,"column":43}},"14":{"start":{"line":15,"column":2},"end":{"line":15,"column":43}},"15":{"start":{"line":16,"column":2},"end":{"line":16,"column":58}},"16":{"start":{"line":18,"column":2},"end":{"line":18,"column":66}},"17":{"start":{"line":20,"column":2},"end":{"line":20,"column":58}},"18":{"start":{"line":21,"column":2},"end":{"line":21,"column":58}},"19":{"start":{"line":23,"column":2},"end":{"line":23,"column":10}}},"branchMap":{}},"/Users/tmcw/src/turf/turf_modules/turf-variance/index.js":{"path":"/Users/tmcw/src/turf/turf_modules/turf-variance/index.js","s":{"1":1,"2":1,"3":1,"4":1,"5":2,"6":0,"7":2,"8":2,"9":10,"10":5,"11":2,"12":1},"b":{"1":[0,2],"2":[5,5]},"f":{"1":1,"2":2,"3":10},"fnMap":{"1":{"name":"(anonymous_1)","line":30,"loc":{"start":{"line":30,"column":17},"end":{"line":30,"column":60}}},"2":{"name":"(anonymous_2)","line":31,"loc":{"start":{"line":31,"column":26},"end":{"line":31,"column":40}}},"3":{"name":"(anonymous_3)","line":36,"loc":{"start":{"line":36,"column":26},"end":{"line":36,"column":38}}}},"statementMap":{"1":{"start":{"line":1,"column":0},"end":{"line":1,"column":38}},"2":{"start":{"line":2,"column":0},"end":{"line":2,"column":36}},"3":{"start":{"line":30,"column":0},"end":{"line":45,"column":2}},"4":{"start":{"line":31,"column":2},"end":{"line":42,"column":5}},"5":{"start":{"line":32,"column":4},"end":{"line":34,"column":5}},"6":{"start":{"line":33,"column":6},"end":{"line":33,"column":27}},"7":{"start":{"line":35,"column":4},"end":{"line":35,"column":20}},"8":{"start":{"line":36,"column":4},"end":{"line":40,"column":7}},"9":{"start":{"line":37,"column":6},"end":{"line":39,"column":7}},"10":{"start":{"line":38,"column":8},"end":{"line":38,"column":44}},"11":{"start":{"line":41,"column":4},"end":{"line":41,"column":52}},"12":{"start":{"line":44,"column":2},"end":{"line":44,"column":16}}},"branchMap":{"1":{"line":32,"type":"if","locations":[{"start":{"line":32,"column":4},"end":{"line":32,"column":4}},{"start":{"line":32,"column":4},"end":{"line":32,"column":4}}]},"2":{"line":37,"type":"if","locations":[{"start":{"line":37,"column":6},"end":{"line":37,"column":6}},{"start":{"line":37,"column":6},"end":{"line":37,"column":6}}]}}},"/Users/tmcw/src/turf/turf_modules/turf-within/test.js":{"path":"/Users/tmcw/src/turf/turf_modules/turf-within/test.js","s":{"1":1,"2":1,"3":1,"4":1,"5":1,"6":1,"7":1,"8":1,"9":1,"10":1,"11":1,"12":1,"13":1,"14":1,"15":1,"16":1,"17":1,"18":1,"19":1,"20":1,"21":1,"22":1,"23":1,"24":1,"25":1,"26":1,"27":1},"b":{},"f":{"1":1},"fnMap":{"1":{"name":"(anonymous_1)","line":7,"loc":{"start":{"line":7,"column":15},"end":{"line":7,"column":26}}}},"statementMap":{"1":{"start":{"line":1,"column":0},"end":{"line":1,"column":27}},"2":{"start":{"line":2,"column":0},"end":{"line":2,"column":27}},"3":{"start":{"line":3,"column":0},"end":{"line":3,"column":34}},"4":{"start":{"line":4,"column":0},"end":{"line":4,"column":38}},"5":{"start":{"line":5,"column":0},"end":{"line":5,"column":58}},"6":{"start":{"line":7,"column":0},"end":{"line":36,"column":3}},"7":{"start":{"line":8,"column":2},"end":{"line":8,"column":12}},"8":{"start":{"line":11,"column":2},"end":{"line":11,"column":61}},"9":{"start":{"line":12,"column":2},"end":{"line":12,"column":25}},"10":{"start":{"line":13,"column":2},"end":{"line":13,"column":41}},"11":{"start":{"line":14,"column":2},"end":{"line":14,"column":37}},"12":{"start":{"line":16,"column":2},"end":{"line":16,"column":37}},"13":{"start":{"line":18,"column":2},"end":{"line":18,"column":47}},"14":{"start":{"line":19,"column":2},"end":{"line":19,"column":62}},"15":{"start":{"line":22,"column":2},"end":{"line":22,"column":55}},"16":{"start":{"line":23,"column":2},"end":{"line":23,"column":58}},"17":{"start":{"line":24,"column":2},"end":{"line":24,"column":49}},"18":{"start":{"line":25,"column":2},"end":{"line":25,"column":42}},"19":{"start":{"line":26,"column":2},"end":{"line":26,"column":42}},"20":{"start":{"line":27,"column":2},"end":{"line":27,"column":43}},"21":{"start":{"line":28,"column":2},"end":{"line":28,"column":43}},"22":{"start":{"line":29,"column":2},"end":{"line":29,"column":43}},"23":{"start":{"line":30,"column":2},"end":{"line":30,"column":44}},"24":{"start":{"line":31,"column":2},"end":{"line":31,"column":63}},"25":{"start":{"line":33,"column":2},"end":{"line":33,"column":37}},"26":{"start":{"line":34,"column":2},"end":{"line":34,"column":47}},"27":{"start":{"line":35,"column":2},"end":{"line":35,"column":78}}},"branchMap":{}},"/Users/tmcw/src/turf/turf_modules/turf-within/index.js":{"path":"/Users/tmcw/src/turf/turf_modules/turf-within/index.js","s":{"1":1,"2":1,"3":1,"4":2,"5":2,"6":3,"7":13,"8":13,"9":6,"10":2},"b":{"1":[6,7]},"f":{"1":2},"fnMap":{"1":{"name":"(anonymous_1)","line":36,"loc":{"start":{"line":36,"column":17},"end":{"line":36,"column":39}}}},"statementMap":{"1":{"start":{"line":1,"column":0},"end":{"line":1,"column":36}},"2":{"start":{"line":2,"column":0},"end":{"line":2,"column":58}},"3":{"start":{"line":36,"column":0},"end":{"line":47,"column":2}},"4":{"start":{"line":37,"column":2},"end":{"line":37,"column":43}},"5":{"start":{"line":38,"column":2},"end":{"line":45,"column":3}},"6":{"start":{"line":39,"column":4},"end":{"line":44,"column":5}},"7":{"start":{"line":40,"column":6},"end":{"line":40,"column":66}},"8":{"start":{"line":41,"column":6},"end":{"line":43,"column":7}},"9":{"start":{"line":42,"column":8},"end":{"line":42,"column":53}},"10":{"start":{"line":46,"column":2},"end":{"line":46,"column":22}}},"branchMap":{"1":{"line":41,"type":"if","locations":[{"start":{"line":41,"column":6},"end":{"line":41,"column":6}},{"start":{"line":41,"column":6},"end":{"line":41,"column":6}}]}}}}