TN:
SF:/Users/tmcw/src/turf/turf_modules/alltests.js
FNF:0
FNH:0
DA:1,1
DA:2,1
DA:3,1
DA:4,1
DA:5,1
DA:6,1
DA:7,1
DA:8,1
DA:9,1
DA:10,1
DA:11,1
DA:12,1
DA:13,1
DA:14,1
DA:15,1
DA:16,1
DA:17,1
DA:18,1
DA:19,1
DA:20,1
DA:21,1
DA:22,1
DA:24,1
DA:25,1
DA:26,1
DA:27,1
DA:28,1
DA:29,1
DA:30,1
DA:31,1
DA:32,1
DA:33,1
DA:34,1
DA:35,1
DA:36,1
DA:37,1
DA:38,1
DA:39,1
DA:40,1
DA:41,1
DA:42,1
DA:43,1
DA:44,1
DA:45,1
DA:47,1
DA:48,1
DA:49,1
LF:47
LH:47
BRF:0
BRH:0
end_of_record
TN:
SF:/Users/tmcw/src/turf/turf_modules/turf-aggregate/test.js
FN:7,(anonymous_1)
FNF:1
FNH:1
FNDA:1,(anonymous_1)
DA:1,1
DA:2,1
DA:3,1
DA:4,1
DA:5,1
DA:7,1
DA:8,1
DA:9,1
DA:10,1
DA:11,1
DA:12,1
DA:13,1
DA:14,1
DA:15,1
DA:16,1
DA:17,1
DA:60,1
DA:61,1
DA:62,1
DA:63,1
DA:64,1
DA:65,1
DA:66,1
DA:67,1
DA:68,1
DA:69,1
DA:70,1
DA:71,1
DA:72,1
DA:73,1
DA:74,1
DA:76,1
LF:32
LH:32
BRF:0
BRH:0
end_of_record
TN:
SF:/Users/tmcw/src/turf/turf_modules/turf-aggregate/index.js
FN:87,(anonymous_1)
FN:107,isAggregationOperation
FNF:2
FNH:2
FNDA:1,(anonymous_1)
FNDA:8,isAggregationOperation
DA:1,1
DA:2,1
DA:3,1
DA:4,1
DA:5,1
DA:6,1
DA:7,1
DA:8,1
DA:9,1
DA:10,1
DA:11,1
DA:12,1
DA:13,1
DA:14,1
DA:15,1
DA:16,1
DA:17,1
DA:87,1
DA:88,1
DA:89,8
DA:93,8
DA:94,8
DA:95,1
DA:97,7
DA:100,0
DA:104,1
DA:107,1
DA:108,8
LF:28
LH:27
BRDA:93,1,0,8
BRDA:93,1,1,0
BRDA:94,2,0,1
BRDA:94,2,1,7
BRDA:108,3,0,8
BRDA:108,3,1,7
BRDA:108,3,2,6
BRDA:108,3,3,5
BRDA:108,3,4,4
BRDA:108,3,5,3
BRDA:108,3,6,2
BRDA:108,3,7,1
BRF:12
BRH:11
end_of_record
TN:
SF:/Users/tmcw/src/turf/turf_modules/turf-area/test.js
FN:4,(anonymous_1)
FNF:1
FNH:1
FNDA:1,(anonymous_1)
DA:1,1
DA:4,1
DA:5,1
DA:17,1
DA:18,1
LF:5
LH:5
BRF:0
BRH:0
end_of_record
TN:
SF:/Users/tmcw/src/turf/turf_modules/turf-area/index.js
FN:15,(anonymous_1)
FNF:1
FNH:1
FNDA:1,(anonymous_1)
DA:1,1
DA:15,1
DA:16,1
DA:17,0
DA:18,0
DA:19,0
DA:20,0
DA:23,0
DA:25,1
LF:9
LH:4
BRDA:16,1,0,0
BRDA:16,1,1,1
BRDA:18,2,0,0
BRDA:18,2,1,0
BRDA:20,3,0,0
BRDA:20,3,1,0
BRF:6
BRH:1
end_of_record
TN:
SF:/Users/tmcw/src/turf/turf_modules/turf-average/test.js
FN:7,(anonymous_1)
FNF:1
FNH:1
FNDA:1,(anonymous_1)
DA:1,1
DA:2,1
DA:3,1
DA:4,1
DA:5,1
DA:7,1
DA:8,1
DA:9,1
DA:10,1
DA:11,1
DA:12,1
DA:13,1
DA:14,1
DA:15,1
DA:16,1
DA:18,1
DA:20,1
DA:21,1
DA:22,1
DA:24,1
LF:20
LH:20
BRF:0
BRH:0
end_of_record
TN:
SF:/Users/tmcw/src/turf/turf_modules/turf-average/index.js
FN:30,(anonymous_1)
FN:31,(anonymous_2)
FN:34,(anonymous_3)
FN:43,average
FNF:4
FNH:4
FNDA:1,(anonymous_1)
FNDA:2,(anonymous_2)
FNDA:10,(anonymous_3)
FNDA:2,average
DA:1,1
DA:30,1
DA:31,1
DA:32,2
DA:33,2
DA:34,2
DA:35,10
DA:37,2
DA:40,1
DA:43,1
DA:44,2
DA:45,2
DA:46,5
DA:48,2
LF:14
LH:14
BRDA:32,1,0,0
BRDA:32,1,1,2
BRDA:35,2,0,5
BRDA:35,2,1,5
BRF:4
BRH:3
end_of_record
TN:
SF:/Users/tmcw/src/turf/turf_modules/turf-bbox-polygon/test.js
FN:4,(anonymous_1)
FN:13,(anonymous_2)
FNF:2
FNH:2
FNDA:1,(anonymous_1)
FNDA:1,(anonymous_2)
DA:1,1
DA:2,1
DA:4,1
DA:5,1
DA:7,1
DA:9,1
DA:10,1
DA:13,1
DA:14,1
DA:16,1
DA:17,1
DA:18,1
DA:19,1
DA:20,1
LF:14
LH:14
BRF:0
BRH:0
end_of_record
TN:
SF:/Users/tmcw/src/turf/turf_modules/turf-bbox-polygon/index.js
FN:17,(anonymous_1)
FNF:1
FNH:1
FNDA:2,(anonymous_1)
DA:1,1
DA:17,1
DA:18,2
DA:19,2
DA:20,2
DA:21,2
DA:23,2
DA:30,2
LF:8
LH:8
BRF:0
BRH:0
end_of_record
TN:
SF:/Users/tmcw/src/turf/turf_modules/turf-bearing/test.js
FN:4,(anonymous_1)
FNF:1
FNH:1
FNDA:1,(anonymous_1)
DA:1,1
DA:2,1
DA:4,1
DA:5,1
DA:9,1
DA:14,1
DA:15,1
DA:16,1
LF:8
LH:8
BRF:0
BRH:0
end_of_record
TN:
SF:/Users/tmcw/src/turf/turf_modules/turf-bearing/index.js
FN:19,(anonymous_1)
FN:36,toRad
FN:40,toDeg
FNF:3
FNH:3
FNDA:1,(anonymous_1)
FNDA:4,toRad
FNDA:1,toDeg
DA:19,1
DA:20,1
DA:21,1
DA:23,1
DA:24,1
DA:25,1
DA:26,1
DA:27,1
DA:28,1
DA:31,1
DA:33,1
DA:36,1
DA:37,4
DA:40,1
DA:41,1
LF:15
LH:15
BRF:0
BRH:0
end_of_record
TN:
SF:/Users/tmcw/src/turf/turf_modules/turf-bezier/test.js
FN:5,(anonymous_1)
FNF:1
FNH:1
FNDA:1,(anonymous_1)
DA:1,1
DA:5,1
DA:6,1
DA:7,1
DA:8,1
DA:9,1
DA:10,1
DA:11,1
DA:12,1
LF:9
LH:9
BRDA:8,1,0,0
BRDA:8,1,1,1
BRF:2
BRH:1
end_of_record
TN:
SF:/Users/tmcw/src/turf/turf_modules/turf-bezier/index.js
FN:31,(anonymous_1)
FN:35,(anonymous_2)
FNF:2
FNH:2
FNDA:1,(anonymous_1)
FNDA:13,(anonymous_2)
DA:1,1
DA:2,1
DA:31,1
DA:32,1
DA:34,1
DA:35,1
DA:36,13
DA:39,1
DA:44,1
DA:45,500
DA:46,500
DA:47,250
DA:51,1
LF:13
LH:13
BRDA:46,1,0,250
BRDA:46,1,1,250
BRF:2
BRH:2
end_of_record
TN:
SF:/Users/tmcw/src/turf/turf_modules/turf-bezier/spline.js
FN:36,(anonymous_1)
FN:76,(anonymous_2)
FN:94,(anonymous_3)
FN:110,(anonymous_4)
FN:112,bezier
FN:113,(anonymous_6)
FNF:6
FNH:5
FNDA:1,(anonymous_1)
FNDA:1,(anonymous_2)
FNDA:0,(anonymous_3)
FNDA:1001,(anonymous_4)
FNDA:1001,bezier
FNDA:1001,(anonymous_6)
DA:36,1
DA:37,1
DA:38,1
DA:39,1
DA:40,1
DA:41,1
DA:42,1
DA:43,1
DA:44,1
DA:46,13
DA:47,1
DA:48,12
DA:49,12
DA:50,12
DA:52,1
DA:53,1
DA:54,11
DA:55,11
DA:56,11
DA:57,11
DA:58,11
DA:59,11
DA:68,1
DA:69,1
DA:70,1
DA:76,1
DA:77,1
DA:78,1
DA:79,1
DA:80,1
DA:81,500
DA:82,500
DA:83,500
DA:84,0
DA:85,0
DA:88,1
DA:94,1
DA:95,0
DA:96,0
DA:97,0
DA:110,1
DA:112,1
DA:113,1001
DA:114,1001
DA:115,1001
DA:117,1001
DA:118,1001
DA:123,1001
DA:125,1001
DA:126,1001
DA:127,1001
DA:129,1001
DA:130,1001
DA:132,1001
DA:133,1001
DA:134,1001
DA:137,1
LF:57
LH:52
BRDA:37,1,0,1
BRDA:37,1,1,0
BRDA:38,2,0,1
BRDA:38,2,1,0
BRDA:39,3,0,1
BRDA:39,3,1,0
BRDA:42,4,0,1
BRDA:42,4,1,1
BRDA:46,5,0,13
BRDA:46,5,1,13
BRDA:83,6,0,0
BRDA:83,6,1,500
BRDA:126,7,0,0
BRDA:126,7,1,1001
BRDA:127,8,0,0
BRDA:127,8,1,1001
BRDA:130,9,0,0
BRDA:130,9,1,1001
BRF:18
BRH:11
end_of_record
TN:
SF:/Users/tmcw/src/turf/turf_modules/turf-buffer/test.js
FN:5,(anonymous_1)
FNF:1
FNH:1
FNDA:1,(anonymous_1)
DA:1,1
DA:2,1
DA:3,1
DA:5,1
DA:6,1
DA:7,1
DA:8,1
DA:9,1
DA:11,1
DA:12,1
DA:13,1
DA:14,1
DA:16,1
DA:17,1
DA:18,1
DA:19,1
DA:21,1
LF:17
LH:17
BRF:0
BRH:0
end_of_record
TN:
SF:/Users/tmcw/src/turf/turf_modules/turf-buffer/index.js
FN:31,(anonymous_1)
FN:63,(anonymous_2)
FNF:2
FNH:2
FNDA:4,(anonymous_1)
FNDA:4,(anonymous_2)
DA:5,1
DA:6,1
DA:7,1
DA:8,1
DA:31,1
DA:32,4
DA:34,4
DA:36,4
DA:37,4
DA:39,0
DA:40,0
DA:42,0
DA:43,0
DA:45,0
DA:46,0
DA:48,0
DA:51,4
DA:52,1
DA:53,1
DA:54,1
DA:55,1
DA:58,3
DA:59,3
DA:63,1
DA:64,4
DA:65,4
DA:66,4
DA:67,4
DA:68,4
DA:70,4
DA:71,1
DA:76,1
DA:79,3
DA:82,4
LF:34
LH:27
BRDA:34,1,0,4
BRDA:34,1,1,0
BRDA:34,1,2,0
BRDA:34,1,3,0
BRDA:34,1,4,0
BRDA:51,2,0,1
BRDA:51,2,1,3
BRDA:70,3,0,1
BRDA:70,3,1,3
BRF:9
BRH:5
end_of_record
TN:
SF:/Users/tmcw/src/turf/turf_modules/turf-center/test.js
FN:5,(anonymous_1)
FNF:1
FNH:1
FNDA:1,(anonymous_1)
DA:1,1
DA:2,1
DA:3,1
DA:5,1
DA:6,1
DA:7,1
DA:8,1
DA:9,1
LF:8
LH:8
BRF:0
BRH:0
end_of_record
TN:
SF:/Users/tmcw/src/turf/turf_modules/turf-center/index.js
FN:34,(anonymous_1)
FNF:1
FNH:1
FNDA:1,(anonymous_1)
DA:1,1
DA:34,1
DA:35,1
DA:36,1
DA:37,1
DA:38,1
LF:6
LH:6
BRF:0
BRH:0
end_of_record
TN:
SF:/Users/tmcw/src/turf/turf_modules/turf-point/index.js
FN:15,(anonymous_1)
FN:18,(anonymous_2)
FNF:2
FNH:1
FNDA:0,(anonymous_1)
FNDA:5,(anonymous_2)
DA:15,1
DA:16,0
DA:18,1
DA:19,5
DA:20,2
DA:21,2
DA:22,2
DA:23,3
DA:24,4
LF:9
LH:8
BRDA:15,1,0,1
BRDA:15,1,1,0
BRDA:19,2,0,2
BRDA:19,2,1,3
BRDA:23,3,0,1
BRDA:23,3,1,2
BRDA:23,4,0,3
BRDA:23,4,1,2
BRDA:30,5,0,4
BRDA:30,5,1,2
BRF:10
BRH:9
end_of_record
TN:
SF:/Users/tmcw/src/turf/turf_modules/turf-center/geojson/fc.js
FNF:0
FNH:0
DA:1,1
LF:1
LH:1
BRF:0
BRH:0
end_of_record
TN:
SF:/Users/tmcw/src/turf/turf_modules/turf-centroid/test.js
FN:5,(anonymous_1)
FNF:1
FNH:1
FNDA:1,(anonymous_1)
DA:1,1
DA:2,1
DA:3,1
DA:5,1
DA:6,1
DA:8,1
DA:9,1
DA:11,1
LF:8
LH:8
BRF:0
BRH:0
end_of_record
TN:
SF:/Users/tmcw/src/turf/turf_modules/turf-centroid/index.js
FN:28,(anonymous_1)
FNF:1
FNH:1
FNDA:1,(anonymous_1)
DA:1,1
DA:2,1
DA:28,1
DA:29,1
DA:34,1
DA:35,5
DA:36,5
DA:39,1
LF:8
LH:8
BRF:0
BRH:0
end_of_record
TN:
SF:/Users/tmcw/src/turf/turf_modules/turf-centroid/geojson/fc.js
FNF:0
FNH:0
DA:1,1
LF:1
LH:1
BRF:0
BRH:0
end_of_record
TN:
SF:/Users/tmcw/src/turf/turf_modules/turf-combine/test.js
FN:8,(anonymous_1)
FNF:1
FNH:1
FNDA:1,(anonymous_1)
DA:1,1
DA:2,1
DA:3,1
DA:4,1
DA:5,1
DA:6,1
DA:8,1
DA:10,1
DA:11,1
DA:13,1
DA:15,1
DA:16,1
DA:19,1
DA:24,1
DA:30,1
DA:32,1
DA:33,1
DA:34,1
DA:38,1
DA:47,1
DA:54,1
DA:56,1
DA:57,1
DA:58,1
DA:63,1
LF:25
LH:25
BRF:0
BRH:0
end_of_record
TN:
SF:/Users/tmcw/src/turf/turf_modules/turf-combine/index.js
FN:17,(anonymous_1)
FN:20,(anonymous_2)
FN:61,pluckCoods
FN:62,(anonymous_4)
FNF:4
FNH:4
FNDA:3,(anonymous_1)
FNDA:6,(anonymous_2)
FNDA:3,pluckCoods
FNDA:6,(anonymous_4)
DA:17,1
DA:18,3
DA:19,3
DA:20,3
DA:21,6
DA:24,3
DA:26,1
DA:33,1
DA:34,1
DA:35,0
DA:37,1
DA:44,1
DA:45,1
DA:46,0
DA:48,1
DA:55,1
DA:56,1
DA:57,0
DA:61,1
DA:62,3
DA:63,6
LF:21
LH:18
BRDA:24,1,0,1
BRDA:24,1,1,1
BRDA:24,1,2,1
BRF:3
BRH:3
end_of_record
TN:
SF:/Users/tmcw/src/turf/turf_modules/turf-count/test.js
FN:8,(anonymous_1)
FNF:1
FNH:1
FNDA:1,(anonymous_1)
DA:1,1
DA:2,1
DA:3,1
DA:4,1
DA:5,1
DA:6,1
DA:8,1
DA:10,1
DA:11,1
DA:12,1
DA:13,1
DA:14,1
DA:15,1
DA:16,1
DA:17,1
DA:18,1
DA:20,1
DA:22,1
DA:23,1
DA:24,1
DA:26,1
LF:21
LH:21
BRF:0
BRH:0
end_of_record
TN:
SF:/Users/tmcw/src/turf/turf_modules/turf-count/index.js
FN:40,(anonymous_1)
FNF:1
FNH:1
FNDA:1,(anonymous_1)
DA:1,1
DA:40,1
DA:41,1
DA:42,2
DA:43,2
DA:44,2
DA:45,2
DA:46,10
DA:47,10
DA:48,5
DA:51,2
DA:54,1
LF:12
LH:12
BRDA:43,1,0,0
BRDA:43,1,1,2
BRDA:47,2,0,5
BRDA:47,2,1,5
BRF:4
BRH:3
end_of_record
TN:
SF:/Users/tmcw/src/turf/turf_modules/turf-destination/test.js
FN:5,(anonymous_1)
FNF:1
FNH:1
FNDA:1,(anonymous_1)
DA:1,1
DA:2,1
DA:3,1
DA:5,1
DA:6,1
DA:10,1
DA:11,1
DA:13,1
DA:14,1
DA:15,1
LF:10
LH:10
BRF:0
BRH:0
end_of_record
TN:
SF:/Users/tmcw/src/turf/turf_modules/turf-destination/index.js
FN:28,(anonymous_1)
FN:58,toRad
FN:62,toDeg
FNF:3
FNH:3
FNDA:1,(anonymous_1)
FNDA:3,toRad
FNDA:2,toDeg
DA:3,1
DA:28,1
DA:29,1
DA:30,1
DA:31,1
DA:32,1
DA:34,1
DA:35,1
DA:37,0
DA:38,0
DA:40,1
DA:41,1
DA:43,0
DA:44,0
DA:46,0
DA:47,0
DA:50,1
DA:52,1
DA:55,1
DA:58,1
DA:59,3
DA:62,1
DA:63,2
LF:23
LH:17
BRDA:35,1,0,0
BRDA:35,1,1,1
BRDA:35,1,2,0
BRDA:35,1,3,0
BRF:4
BRH:1
end_of_record
TN:
SF:/Users/tmcw/src/turf/turf_modules/turf-deviation/test.js
FN:7,(anonymous_1)
FNF:1
FNH:1
FNDA:1,(anonymous_1)
DA:1,1
DA:2,1
DA:3,1
DA:4,1
DA:5,1
DA:7,1
DA:8,1
DA:9,1
DA:10,1
DA:11,1
DA:12,1
DA:13,1
DA:14,1
DA:15,1
DA:16,1
DA:18,1
DA:20,1
DA:21,1
DA:23,1
LF:19
LH:19
BRF:0
BRH:0
end_of_record
TN:
SF:/Users/tmcw/src/turf/turf_modules/turf-deviation/index.js
FN:53,(anonymous_1)
FN:54,(anonymous_2)
FN:59,(anonymous_3)
FNF:3
FNH:3
FNDA:1,(anonymous_1)
FNDA:2,(anonymous_2)
FNDA:10,(anonymous_3)
DA:1,1
DA:2,1
DA:53,1
DA:54,1
DA:55,2
DA:56,0
DA:58,2
DA:59,2
DA:60,10
DA:61,5
DA:64,2
DA:67,1
LF:12
LH:11
BRDA:55,1,0,0
BRDA:55,1,1,2
BRDA:60,2,0,5
BRDA:60,2,1,5
BRF:4
BRH:3
end_of_record
TN:
SF:/Users/tmcw/src/turf/turf_modules/turf-distance/test.js
FN:4,(anonymous_1)
FNF:1
FNH:1
FNDA:1,(anonymous_1)
DA:1,1
DA:2,1
DA:4,1
DA:5,1
DA:9,1
DA:14,1
DA:15,1
DA:17,1
LF:8
LH:8
BRF:0
BRH:0
end_of_record
TN:
SF:/Users/tmcw/src/turf/turf_modules/turf-distance/index.js
FN:22,(anonymous_1)
FN:53,toRad
FNF:2
FNH:2
FNDA:1,(anonymous_1)
FNDA:4,toRad
DA:22,1
DA:23,1
DA:24,1
DA:26,1
DA:27,1
DA:28,1
DA:29,1
DA:30,1
DA:32,1
DA:34,1
DA:35,1
DA:37,1
DA:38,1
DA:40,0
DA:41,0
DA:43,0
DA:44,0
DA:46,0
DA:47,0
DA:49,1
DA:50,1
DA:53,1
DA:54,4
LF:23
LH:17
BRDA:35,1,0,1
BRDA:35,1,1,0
BRDA:35,1,2,0
BRDA:35,1,3,0
BRF:4
BRH:1
end_of_record
TN:
SF:/Users/tmcw/src/turf/turf_modules/turf-envelope/test.js
FN:5,(anonymous_1)
FNF:1
FNH:1
FNDA:1,(anonymous_1)
DA:1,1
DA:2,1
DA:3,1
DA:5,1
DA:6,1
DA:7,1
DA:8,1
DA:9,1
LF:8
LH:8
BRF:0
BRH:0
end_of_record
TN:
SF:/Users/tmcw/src/turf/turf_modules/turf-envelope/index.js
FN:24,(anonymous_1)
FNF:1
FNH:1
FNDA:1,(anonymous_1)
DA:1,1
DA:2,1
DA:24,1
DA:25,1
DA:26,1
DA:27,1
LF:6
LH:6
BRF:0
BRH:0
end_of_record
TN:
SF:/Users/tmcw/src/turf/turf_modules/turf-envelope/geojson/fc.js
FNF:0
FNH:0
DA:1,1
LF:1
LH:1
BRF:0
BRH:0
end_of_record
TN:
SF:/Users/tmcw/src/turf/turf_modules/turf-explode/test.js
FN:7,(anonymous_1)
FN:20,(anonymous_2)
FNF:2
FNH:2
FNDA:1,(anonymous_1)
FNDA:1,(anonymous_2)
DA:1,1
DA:2,1
DA:3,1
DA:4,1
DA:5,1
DA:7,1
DA:8,1
DA:9,1
DA:13,1
DA:15,1
DA:17,1
DA:18,1
DA:20,1
DA:21,1
DA:24,1
LF:15
LH:15
BRF:0
BRH:0
end_of_record
TN:
SF:/Users/tmcw/src/turf/turf_modules/turf-explode/index.js
FN:30,(anonymous_1)
FN:61,depth0
FN:65,depth1
FN:72,depth2
FN:81,depth3
FNF:5
FNH:2
FNDA:2,(anonymous_1)
FNDA:0,depth0
FNDA:0,depth1
FNDA:1,depth2
FNDA:0,depth3
DA:1,1
DA:2,1
DA:30,1
DA:32,2
DA:33,2
DA:34,2
DA:35,1
DA:37,2
DA:38,2
DA:39,2
DA:41,0
DA:42,0
DA:45,0
DA:46,0
DA:49,1
DA:50,1
DA:52,0
DA:53,0
DA:55,1
DA:58,1
DA:61,1
DA:62,0
DA:65,1
DA:66,0
DA:67,0
DA:68,0
DA:72,1
DA:73,1
DA:74,1
DA:75,5
DA:76,5
DA:81,1
DA:82,0
DA:83,0
DA:84,0
DA:85,0
DA:86,0
LF:37
LH:22
BRDA:33,1,0,0
BRDA:33,1,1,2
BRDA:34,2,0,1
BRDA:34,2,1,1
BRDA:39,3,0,0
BRDA:39,3,1,0
BRDA:39,3,2,0
BRDA:39,3,3,1
BRDA:39,3,4,1
BRDA:39,3,5,0
BRDA:39,3,6,1
BRF:11
BRH:6
end_of_record
TN:
SF:/Users/tmcw/src/turf/turf_modules/turf-extent/test.js
FN:13,(anonymous_1)
FN:67,(anonymous_2)
FNF:2
FNH:2
FNDA:1,(anonymous_1)
FNDA:1,(anonymous_2)
DA:1,1
DA:2,1
DA:3,1
DA:6,1
DA:7,1
DA:8,1
DA:9,1
DA:10,1
DA:11,1
DA:13,1
DA:15,1
DA:17,1
DA:18,1
DA:19,1
DA:20,1
DA:21,1
DA:24,1
DA:25,1
DA:26,1
DA:27,1
DA:28,1
DA:29,1
DA:32,1
DA:34,1
DA:35,1
DA:36,1
DA:37,1
DA:38,1
DA:41,1
DA:43,1
DA:44,1
DA:45,1
DA:46,1
DA:47,1
DA:50,1
DA:52,1
DA:53,1
DA:54,1
DA:55,1
DA:56,1
DA:59,1
DA:61,1
DA:62,1
DA:63,1
DA:64,1
DA:65,1
DA:67,1
DA:68,1
DA:71,1
LF:49
LH:49
BRF:0
BRH:0
end_of_record
TN:
SF:/Users/tmcw/src/turf/turf_modules/turf-extent/index.js
FN:27,(anonymous_1)
FN:59,extent0
FN:66,extent1
FN:76,extent2
FN:88,extent3
FNF:5
FNH:5
FNDA:7,(anonymous_1)
FNDA:2,extent0
FNDA:2,extent1
FNDA:3,extent2
FNDA:1,extent3
DA:27,1
DA:28,7
DA:30,7
DA:31,7
DA:32,6
DA:33,4
DA:35,7
DA:36,9
DA:37,9
DA:39,2
DA:40,2
DA:43,2
DA:44,2
DA:47,3
DA:48,3
DA:50,1
DA:51,1
DA:53,1
DA:56,6
DA:59,1
DA:60,2
DA:61,2
DA:62,2
DA:63,2
DA:66,1
DA:67,2
DA:68,8
DA:69,8
DA:70,8
DA:71,8
DA:72,8
DA:76,1
DA:77,3
DA:78,4
DA:79,13
DA:80,13
DA:81,13
DA:82,13
DA:83,13
DA:88,1
DA:89,1
DA:90,2
DA:91,3
DA:92,15
DA:93,15
DA:94,15
DA:95,15
DA:96,15
LF:48
LH:48
BRDA:31,1,0,1
BRDA:31,1,1,6
BRDA:32,2,0,2
BRDA:32,2,1,4
BRDA:37,3,0,2
BRDA:37,3,1,2
BRDA:37,3,2,2
BRDA:37,3,3,2
BRDA:37,3,4,3
BRDA:37,3,5,1
BRDA:37,3,6,1
BRDA:60,4,0,2
BRDA:60,4,1,0
BRDA:61,5,0,2
BRDA:61,5,1,0
BRDA:62,6,0,2
BRDA:62,6,1,0
BRDA:63,7,0,2
BRDA:63,7,1,0
BRDA:69,8,0,1
BRDA:69,8,1,7
BRDA:70,9,0,2
BRDA:70,9,1,6
BRDA:71,10,0,7
BRDA:71,10,1,1
BRDA:72,11,0,5
BRDA:72,11,1,3
BRDA:80,12,0,4
BRDA:80,12,1,9
BRDA:81,13,0,2
BRDA:81,13,1,11
BRDA:82,14,0,5
BRDA:82,14,1,8
BRDA:83,15,0,6
BRDA:83,15,1,7
BRDA:93,16,0,2
BRDA:93,16,1,13
BRDA:94,17,0,2
BRDA:94,17,1,13
BRDA:95,18,0,2
BRDA:95,18,1,13
BRDA:96,19,0,2
BRDA:96,19,1,13
BRF:43
BRH:39
end_of_record
TN:
SF:/Users/tmcw/src/turf/turf_modules/turf-extent/geojson/FeatureCollection.js
FNF:0
FNH:0
DA:1,1
LF:1
LH:1
BRF:0
BRH:0
end_of_record
TN:
SF:/Users/tmcw/src/turf/turf_modules/turf-extent/geojson/Point.js
FNF:0
FNH:0
DA:1,1
LF:1
LH:1
BRF:0
BRH:0
end_of_record
TN:
SF:/Users/tmcw/src/turf/turf_modules/turf-extent/geojson/LineString.js
FNF:0
FNH:0
DA:1,1
LF:1
LH:1
BRF:0
BRH:0
end_of_record
TN:
SF:/Users/tmcw/src/turf/turf_modules/turf-extent/geojson/Polygon.js
FNF:0
FNH:0
DA:1,1
LF:1
LH:1
BRF:0
BRH:0
end_of_record
TN:
SF:/Users/tmcw/src/turf/turf_modules/turf-extent/geojson/MultiLineString.js
FNF:0
FNH:0
DA:1,1
LF:1
LH:1
BRF:0
BRH:0
end_of_record
TN:
SF:/Users/tmcw/src/turf/turf_modules/turf-extent/geojson/MultiPolygon.js
FNF:0
FNH:0
DA:1,1
LF:1
LH:1
BRF:0
BRH:0
end_of_record
TN:
SF:/Users/tmcw/src/turf/turf_modules/turf-featurecollection/test.js
FN:5,(anonymous_1)
FNF:1
FNH:1
FNDA:1,(anonymous_1)
DA:1,1
DA:2,1
DA:3,1
DA:5,1
DA:6,1
DA:8,1
DA:12,1
DA:14,1
DA:15,1
DA:16,1
DA:17,1
DA:18,1
DA:19,1
DA:20,1
LF:14
LH:14
BRF:0
BRH:0
end_of_record
TN:
SF:/Users/tmcw/src/turf/turf_modules/turf-featurecollection/index.js
FN:15,(anonymous_1)
FNF:1
FNH:1
FNDA:1,(anonymous_1)
DA:15,1
DA:16,1
DA:21,1
LF:3
LH:3
BRF:0
BRH:0
end_of_record
TN:
SF:/Users/tmcw/src/turf/turf_modules/turf-filter/test.js
FN:6,(anonymous_1)
FNF:1
FNH:1
FNDA:1,(anonymous_1)
DA:1,1
DA:2,1
DA:3,1
DA:4,1
DA:6,1
DA:7,1
DA:9,1
DA:17,1
DA:19,1
DA:20,1
LF:10
LH:10
BRF:0
BRH:0
end_of_record
TN:
SF:/Users/tmcw/src/turf/turf_modules/turf-filter/index.js
FN:27,(anonymous_1)
FNF:1
FNH:1
FNDA:1,(anonymous_1)
DA:1,1
DA:27,1
DA:28,1
DA:29,1
DA:30,6
DA:31,1
DA:34,1
LF:7
LH:7
BRDA:30,1,0,1
BRDA:30,1,1,5
BRF:2
BRH:2
end_of_record
TN:
SF:/Users/tmcw/src/turf/turf_modules/turf-flip/test.js
FN:8,(anonymous_1)
FNF:1
FNH:1
FNDA:1,(anonymous_1)
DA:1,1
DA:2,1
DA:3,1
DA:4,1
DA:5,1
DA:6,1
DA:8,1
DA:10,1
DA:11,1
DA:12,1
DA:13,1
DA:15,1
DA:16,1
DA:19,1
DA:20,1
DA:22,1
DA:23,1
DA:24,1
DA:27,1
DA:28,1
DA:30,1
DA:31,1
DA:32,1
DA:33,1
DA:34,1
DA:37,1
DA:38,1
DA:40,1
DA:41,1
DA:42,1
DA:43,1
DA:44,1
DA:45,1
DA:46,1
DA:47,1
DA:48,1
DA:51,1
DA:52,1
DA:53,1
DA:54,1
DA:56,1
DA:57,1
DA:58,1
DA:59,1
DA:60,1
DA:62,1
LF:46
LH:46
BRF:0
BRH:0
end_of_record
TN:
SF:/Users/tmcw/src/turf/turf_modules/turf-flip/index.js
FN:16,flipAny
FN:35,flipGeometry
FN:58,flip0
FN:62,flip1
FN:66,flip2
FN:71,flip3
FNF:6
FNH:5
FNDA:5,flipAny
FNDA:6,flipGeometry
FNDA:4,flip0
FNDA:1,flip1
FNDA:1,flip2
FNDA:0,flip3
DA:14,1
DA:16,1
DA:20,5
DA:21,5
DA:23,1
DA:24,2
DA:25,1
DA:27,3
DA:28,3
DA:30,1
DA:31,1
DA:35,1
DA:36,6
DA:37,6
DA:39,4
DA:40,4
DA:43,1
DA:44,1
DA:47,1
DA:48,1
DA:50,0
DA:51,0
DA:53,0
DA:54,0
DA:58,1
DA:59,4
DA:62,1
DA:63,2
DA:66,1
DA:67,1
DA:68,6
DA:71,1
DA:72,0
DA:73,0
DA:74,0
LF:35
LH:28
BRDA:21,1,0,1
BRDA:21,1,1,3
BRDA:21,1,2,1
BRDA:37,2,0,4
BRDA:37,2,1,1
BRDA:37,2,2,1
BRDA:37,2,3,1
BRDA:37,2,4,1
BRDA:37,2,5,0
BRDA:37,2,6,0
BRF:10
BRH:8
end_of_record
TN:
SF:/Users/tmcw/src/turf/turf_modules/turf-grid/test.js
FN:5,(anonymous_1)
FNF:1
FNH:1
FNDA:1,(anonymous_1)
DA:1,1
DA:2,1
DA:3,1
DA:5,1
DA:6,1
DA:8,1
DA:9,1
DA:10,1
DA:12,1
DA:14,1
DA:16,1
DA:17,1
DA:18,1
DA:20,1
DA:22,1
LF:15
LH:15
BRF:0
BRH:0
end_of_record
TN:
SF:/Users/tmcw/src/turf/turf_modules/turf-grid/index.js
FN:18,(anonymous_1)
FNF:1
FNH:1
FNDA:2,(anonymous_1)
DA:1,1
DA:18,1
DA:19,2
DA:20,2
DA:21,2
DA:22,2
DA:23,2
DA:24,2
DA:25,2
DA:30,2
DA:31,22
DA:32,242
DA:35,2
LF:13
LH:13
BRF:0
BRH:0
end_of_record
TN:
SF:/Users/tmcw/src/turf/turf_modules/turf-hex/test.js
FN:9,(anonymous_1)
FN:19,(anonymous_2)
FN:34,(anonymous_3)
FNF:3
FNH:3
FNDA:1,(anonymous_1)
FNDA:3,(anonymous_2)
FNDA:15,(anonymous_3)
DA:1,1
DA:2,1
DA:3,1
DA:4,1
DA:5,1
DA:6,1
DA:7,1
DA:9,1
DA:11,1
DA:17,1
DA:19,1
DA:20,3
DA:21,3
DA:23,3
DA:24,3
DA:25,3
DA:27,3
DA:28,3
DA:29,3
DA:30,3
DA:31,3
DA:32,3
DA:34,3
DA:35,15
DA:36,0
DA:40,3
DA:45,1
LF:27
LH:26
BRDA:35,1,0,0
BRDA:35,1,1,15
BRF:2
BRH:1
end_of_record
TN:
SF:/Users/tmcw/src/turf/turf_modules/turf-hex/index.js
FN:32,hexagon
FN:48,hexgrid
FNF:2
FNH:2
FNDA:50,hexagon
FNDA:3,hexgrid
DA:1,1
DA:19,1
DA:23,1
DA:24,1
DA:25,1
DA:26,6
DA:27,6
DA:28,6
DA:32,1
DA:33,50
DA:35,50
DA:36,300
DA:37,300
DA:39,300
DA:43,50
DA:45,50
DA:48,1
DA:49,3
DA:50,3
DA:51,3
DA:52,3
DA:54,3
DA:59,3
DA:60,3
DA:62,3
DA:63,3
DA:65,3
DA:66,3
DA:68,3
DA:69,3
DA:70,3
DA:71,3
DA:74,3
DA:76,3
DA:78,3
DA:80,3
DA:81,3
DA:82,1
DA:85,3
DA:86,14
DA:88,58
DA:89,58
DA:90,6
DA:93,52
DA:94,2
DA:97,50
DA:98,50
DA:100,50
DA:101,20
DA:104,50
DA:108,3
LF:51
LH:51
BRDA:70,1,0,3
BRDA:70,1,1,0
BRDA:81,2,0,1
BRDA:81,2,1,2
BRDA:89,3,0,6
BRDA:89,3,1,52
BRDA:89,4,0,58
BRDA:89,4,1,14
BRDA:93,5,0,2
BRDA:93,5,1,50
BRDA:93,6,0,52
BRDA:93,6,1,8
BRDA:100,7,0,20
BRDA:100,7,1,30
BRF:14
BRH:13
end_of_record
TN:
SF:/Users/tmcw/src/turf/turf_modules/turf-is-clockwise/test.js
FN:4,(anonymous_1)
FNF:1
FNH:1
FNDA:1,(anonymous_1)
DA:1,1
DA:2,1
DA:4,1
DA:5,1
DA:6,1
DA:7,1
DA:9,1
DA:10,1
DA:11,1
DA:13,1
LF:10
LH:10
BRF:0
BRH:0
end_of_record
TN:
SF:/Users/tmcw/src/turf/turf_modules/turf-is-clockwise/index.js
FN:1,(anonymous_1)
FNF:1
FNH:1
FNDA:2,(anonymous_1)
DA:1,1
DA:2,2
DA:3,2
DA:4,2
DA:5,2
DA:6,2
DA:7,6
DA:8,6
DA:9,6
DA:10,6
DA:12,2
LF:11
LH:11
BRDA:7,1,0,6
BRDA:7,1,1,2
BRF:2
BRH:2
end_of_record
TN:
SF:/Users/tmcw/src/turf/turf_modules/turf-isobands/test.js
FN:5,(anonymous_1)
FNF:1
FNH:1
FNDA:1,(anonymous_1)
DA:1,1
DA:2,1
DA:3,1
DA:5,1
DA:6,1
DA:8,1
DA:10,1
DA:11,1
DA:13,1
DA:14,1
LF:10
LH:10
BRF:0
BRH:0
end_of_record
TN:
SF:/Users/tmcw/src/turf/turf_modules/turf-isobands/index.js
FN:37,(anonymous_1)
FN:46,(anonymous_2)
FN:47,(anonymous_3)
FN:63,(anonymous_4)
FN:81,(anonymous_5)
FN:97,(anonymous_6)
FN:100,(anonymous_7)
FN:114,addEdges
FN:182,unique
FN:183,(anonymous_10)
FNF:10
FNH:10
FNDA:1,(anonymous_1)
FNDA:256,(anonymous_2)
FNDA:38912,(anonymous_3)
FNDA:256,(anonymous_4)
FNDA:9,(anonymous_5)
FNDA:17,(anonymous_6)
FNDA:416,(anonymous_7)
FNDA:1,addEdges
FNDA:1,unique
FNDA:9,(anonymous_10)
DA:3,1
DA:4,1
DA:5,1
DA:6,1
DA:7,1
DA:8,1
DA:9,1
DA:10,1
DA:11,1
DA:12,1
DA:13,1
DA:14,1
DA:37,1
DA:38,1
DA:40,1
DA:41,1
DA:42,1
DA:43,1
DA:44,1
DA:46,1
DA:47,256
DA:48,38912
DA:49,182
DA:50,182
DA:53,256
DA:54,0
DA:55,0
DA:59,1
DA:60,1
DA:61,16
DA:62,16
DA:63,16
DA:64,256
DA:65,256
DA:67,0
DA:70,16
DA:72,1
DA:73,1
DA:74,1
DA:75,1
DA:76,16
DA:77,16
DA:81,1
DA:82,9
DA:83,0
DA:86,9
DA:90,1
DA:92,1
DA:93,1
DA:94,1
DA:96,1
DA:97,1
DA:98,17
DA:99,17
DA:100,17
DA:101,416
DA:103,17
DA:104,17
DA:105,17
DA:107,17
DA:111,1
DA:114,1
DA:115,1
DA:119,1
DA:120,0
DA:123,1
DA:125,1
DA:126,0
DA:129,1
DA:131,1
DA:132,0
DA:135,1
DA:136,1
DA:138,1
DA:139,1
DA:140,1
DA:141,1
DA:144,1
DA:145,1
DA:146,16
DA:147,16
DA:148,16
DA:149,16
DA:153,1
DA:154,1
DA:155,16
DA:156,16
DA:157,16
DA:158,16
DA:162,1
DA:163,1
DA:164,16
DA:165,16
DA:166,16
DA:167,16
DA:171,1
DA:172,1
DA:173,16
DA:174,16
DA:175,16
DA:176,16
DA:179,1
DA:182,1
DA:183,1
DA:184,9
DA:185,9
LF:106
LH:99
BRDA:48,1,0,182
BRDA:48,1,1,38730
BRDA:53,2,0,0
BRDA:53,2,1,256
BRDA:64,3,0,256
BRDA:64,3,1,0
BRDA:82,4,0,0
BRDA:82,4,1,9
BRDA:98,5,0,17
BRDA:98,5,1,0
BRDA:119,6,0,0
BRDA:119,6,1,1
BRDA:125,7,0,0
BRDA:125,7,1,1
BRDA:131,8,0,0
BRDA:131,8,1,1
BRDA:184,9,0,9
BRDA:184,9,1,0
BRF:18
BRH:10
end_of_record
TN:
SF:/Users/tmcw/src/turf/turf_modules/turf-isobands/conrec.js
FN:70,pointsEqual
FN:75,reverseList
FN:94,ContourBuilder
FN:99,(anonymous_4)
FN:112,(anonymous_5)
FN:252,Conrec
FN:268,(anonymous_7)
FN:275,(anonymous_8)
FN:294,(anonymous_9)
FN:328,(anonymous_10)
FN:334,(anonymous_11)
FN:338,(anonymous_12)
FNF:12
FNH:12
FNDA:3811,pointsEqual
FNDA:58,reverseList
FNDA:4,ContourBuilder
FNDA:123,(anonymous_4)
FNDA:399,(anonymous_5)
FNDA:1,Conrec
FNDA:399,(anonymous_7)
FNDA:1,(anonymous_8)
FNDA:32,(anonymous_9)
FNDA:1,(anonymous_10)
FNDA:798,(anonymous_11)
FNDA:798,(anonymous_12)
DA:66,1
DA:68,1
DA:70,1
DA:71,3811
DA:72,3811
DA:75,1
DA:76,58
DA:78,58
DA:80,623
DA:81,623
DA:82,623
DA:85,623
DA:89,58
DA:90,58
DA:91,58
DA:94,1
DA:95,4
DA:96,4
DA:97,4
DA:99,1
DA:101,123
DA:102,55
DA:104,68
DA:107,123
DA:108,106
DA:110,123
DA:112,1
DA:113,399
DA:114,399
DA:115,399
DA:116,399
DA:117,399
DA:119,399
DA:120,1264
DA:122,1087
DA:123,82
DA:124,82
DA:125,1005
DA:126,83
DA:129,1264
DA:131,931
DA:132,143
DA:133,143
DA:134,788
DA:135,81
DA:139,1264
DA:140,130
DA:142,1134
DA:147,399
DA:149,399
DA:151,140
DA:152,140
DA:153,140
DA:154,140
DA:158,140
DA:159,140
DA:160,136
DA:162,140
DA:164,140
DA:165,140
DA:168,35
DA:170,35
DA:171,30
DA:172,30
DA:173,30
DA:174,30
DA:176,5
DA:177,5
DA:178,5
DA:179,5
DA:181,35
DA:184,94
DA:186,94
DA:187,65
DA:188,65
DA:189,65
DA:190,65
DA:192,29
DA:193,29
DA:194,29
DA:195,29
DA:197,94
DA:202,130
DA:203,7
DA:204,7
DA:205,7
DA:206,7
DA:207,7
DA:213,123
DA:216,29
DA:220,51
DA:221,51
DA:222,51
DA:225,51
DA:226,51
DA:230,29
DA:234,72
DA:235,72
DA:236,72
DA:239,72
DA:240,72
DA:252,1
DA:253,1
DA:254,1
DA:255,1
DA:268,1
DA:269,399
DA:270,399
DA:271,4
DA:273,399
DA:275,1
DA:276,1
DA:277,1
DA:278,1
DA:279,4
DA:280,4
DA:281,4
DA:282,17
DA:283,17
DA:284,17
DA:285,17
DA:286,17
DA:287,416
DA:288,416
DA:290,17
DA:291,17
DA:294,32
DA:295,1
DA:298,0
DA:300,1
DA:301,1
DA:302,1
DA:303,1
DA:328,1
DA:329,1
DA:330,1
DA:331,1
DA:334,1
DA:335,798
DA:338,1
DA:339,798
DA:341,1
DA:342,1
DA:343,1
DA:344,1
DA:345,1
DA:346,1
DA:347,1
DA:348,1
DA:349,1
DA:350,1
DA:354,1
DA:355,1
DA:360,1
DA:372,1
DA:373,15
DA:374,225
DA:375,225
DA:376,225
DA:377,225
DA:378,225
DA:379,225
DA:380,225
DA:382,225
DA:383,83
DA:384,747
DA:385,161
DA:386,805
DA:389,644
DA:390,644
DA:391,644
DA:393,161
DA:394,161
DA:395,161
DA:397,805
DA:398,351
DA:399,454
DA:400,454
DA:402,0
DA:434,161
DA:435,644
DA:436,644
DA:437,644
DA:438,483
DA:440,161
DA:442,644
DA:443,644
DA:444,399
DA:446,0
DA:447,0
DA:448,0
DA:449,0
DA:450,0
DA:452,0
DA:453,0
DA:454,0
DA:455,0
DA:456,0
DA:458,0
DA:459,0
DA:460,0
DA:461,0
DA:462,0
DA:464,0
DA:465,0
DA:466,0
DA:467,0
DA:468,0
DA:470,0
DA:471,0
DA:472,0
DA:473,0
DA:474,0
DA:476,0
DA:477,0
DA:478,0
DA:479,0
DA:480,0
DA:482,75
DA:483,75
DA:484,75
DA:485,75
DA:486,75
DA:488,162
DA:489,162
DA:490,162
DA:491,162
DA:492,162
DA:494,162
DA:495,162
DA:496,162
DA:497,162
DA:498,162
DA:500,0
DA:504,399
LF:235
LH:202
BRDA:101,1,0,55
BRDA:101,1,1,68
BRDA:107,2,0,106
BRDA:107,2,1,17
BRDA:120,3,0,1087
BRDA:120,3,1,177
BRDA:122,4,0,82
BRDA:122,4,1,1005
BRDA:125,5,0,83
BRDA:125,5,1,922
BRDA:129,6,0,931
BRDA:129,6,1,333
BRDA:131,7,0,143
BRDA:131,7,1,788
BRDA:134,8,0,81
BRDA:134,8,1,707
BRDA:139,9,0,130
BRDA:139,9,1,1134
BRDA:139,10,0,1264
BRDA:139,10,1,557
BRDA:147,11,0,165
BRDA:147,11,1,234
BRDA:147,12,0,224
BRDA:147,12,1,175
BRDA:149,13,0,140
BRDA:149,13,1,35
BRDA:149,13,2,94
BRDA:149,13,3,130
BRDA:159,14,0,136
BRDA:159,14,1,4
BRDA:170,15,0,30
BRDA:170,15,1,5
BRDA:186,16,0,65
BRDA:186,16,1,29
BRDA:202,17,0,7
BRDA:202,17,1,123
BRDA:213,18,0,29
BRDA:213,18,1,51
BRDA:213,18,2,29
BRDA:213,18,3,72
BRDA:213,19,0,51
BRDA:213,19,1,72
BRDA:213,20,0,72
BRDA:213,20,1,51
BRDA:253,21,0,1
BRDA:253,21,1,0
BRDA:270,22,0,4
BRDA:270,22,1,395
BRDA:286,23,0,433
BRDA:286,23,1,416
BRDA:382,24,0,83
BRDA:382,24,1,142
BRDA:382,25,0,225
BRDA:382,25,1,83
BRDA:384,26,0,161
BRDA:384,26,1,586
BRDA:384,27,0,747
BRDA:384,27,1,708
BRDA:386,28,0,644
BRDA:386,28,1,161
BRDA:397,29,0,351
BRDA:397,29,1,454
BRDA:399,30,0,454
BRDA:399,30,1,0
BRDA:437,31,0,483
BRDA:437,31,1,161
BRDA:443,32,0,399
BRDA:443,32,1,245
BRDA:444,33,0,0
BRDA:444,33,1,0
BRDA:444,33,2,0
BRDA:444,33,3,0
BRDA:444,33,4,0
BRDA:444,33,5,0
BRDA:444,33,6,75
BRDA:444,33,7,162
BRDA:444,33,8,162
BRDA:444,33,9,0
BRF:78
BRH:69
end_of_record
TN:
SF:/Users/tmcw/src/turf/turf_modules/turf-isolines/test.js
FN:5,(anonymous_1)
FNF:1
FNH:1
FNDA:1,(anonymous_1)
DA:1,1
DA:2,1
DA:3,1
DA:5,1
DA:6,1
DA:8,1
DA:10,1
DA:11,1
DA:13,1
DA:14,1
LF:10
LH:10
BRF:0
BRH:0
end_of_record
TN:
SF:/Users/tmcw/src/turf/turf_modules/turf-isolines/index.js
FN:35,(anonymous_1)
FN:57,(anonymous_2)
FN:79,(anonymous_3)
FN:82,(anonymous_4)
FNF:4
FNH:4
FNDA:1,(anonymous_1)
FNDA:256,(anonymous_2)
FNDA:18,(anonymous_3)
FNDA:533,(anonymous_4)
DA:3,1
DA:4,1
DA:5,1
DA:6,1
DA:7,1
DA:8,1
DA:9,1
DA:10,1
DA:11,1
DA:35,1
DA:36,1
DA:37,1
DA:38,1
DA:39,1
DA:40,1
DA:42,1
DA:43,256
DA:44,256
DA:45,6144
DA:46,6144
DA:47,178
DA:48,178
DA:53,1
DA:54,1
DA:55,16
DA:56,16
DA:57,16
DA:58,256
DA:59,256
DA:61,0
DA:64,16
DA:66,1
DA:67,1
DA:68,1
DA:69,1
DA:70,16
DA:71,16
DA:74,1
DA:75,1
DA:76,1
DA:78,1
DA:79,1
DA:80,18
DA:81,18
DA:82,18
DA:83,533
DA:85,18
DA:86,18
DA:87,18
DA:89,18
DA:93,1
LF:51
LH:50
BRDA:46,1,0,178
BRDA:46,1,1,5966
BRDA:58,2,0,256
BRDA:58,2,1,0
BRDA:80,3,0,18
BRDA:80,3,1,0
BRF:6
BRH:4
end_of_record
TN:
SF:/Users/tmcw/src/turf/turf_modules/turf-isolines/conrec.js
FN:72,pointsEqual
FN:77,reverseList
FN:96,ContourBuilder
FN:101,(anonymous_4)
FN:114,(anonymous_5)
FN:254,Conrec
FN:270,(anonymous_7)
FN:277,(anonymous_8)
FN:296,(anonymous_9)
FN:330,(anonymous_10)
FN:336,(anonymous_11)
FN:340,(anonymous_12)
FNF:12
FNH:12
FNDA:3612,pointsEqual
FNDA:76,reverseList
FNDA:8,ContourBuilder
FNDA:167,(anonymous_4)
FNDA:515,(anonymous_5)
FNDA:1,Conrec
FNDA:515,(anonymous_7)
FNDA:1,(anonymous_8)
FNDA:34,(anonymous_9)
FNDA:1,(anonymous_10)
FNDA:1030,(anonymous_11)
FNDA:1030,(anonymous_12)
DA:68,1
DA:70,1
DA:72,1
DA:73,3612
DA:74,3612
DA:77,1
DA:78,76
DA:80,76
DA:82,988
DA:83,988
DA:84,988
DA:87,988
DA:91,76
DA:92,76
DA:93,76
DA:96,1
DA:97,8
DA:98,8
DA:99,8
DA:101,1
DA:103,167
DA:104,47
DA:106,120
DA:109,167
DA:110,143
DA:112,167
DA:114,1
DA:115,515
DA:116,515
DA:117,515
DA:118,515
DA:119,515
DA:121,515
DA:122,1200
DA:124,1025
DA:125,115
DA:126,115
DA:127,910
DA:128,108
DA:131,1200
DA:133,924
DA:134,171
DA:135,171
DA:136,753
DA:137,109
DA:141,1200
DA:142,173
DA:144,1027
DA:149,515
DA:151,515
DA:153,185
DA:154,185
DA:155,185
DA:156,185
DA:160,185
DA:161,185
DA:162,177
DA:164,185
DA:166,185
DA:167,185
DA:170,50
DA:172,50
DA:173,46
DA:174,46
DA:175,46
DA:176,46
DA:178,4
DA:179,4
DA:180,4
DA:181,4
DA:183,50
DA:186,107
DA:188,107
DA:189,71
DA:190,71
DA:191,71
DA:192,71
DA:194,36
DA:195,36
DA:196,36
DA:197,36
DA:199,107
DA:204,173
DA:205,6
DA:206,6
DA:207,6
DA:208,6
DA:209,6
DA:215,167
DA:218,40
DA:222,73
DA:223,73
DA:224,73
DA:227,73
DA:228,73
DA:232,36
DA:236,94
DA:237,94
DA:238,94
DA:241,94
DA:242,94
DA:254,1
DA:255,1
DA:256,1
DA:257,1
DA:270,1
DA:271,515
DA:272,515
DA:273,8
DA:275,515
DA:277,1
DA:278,1
DA:279,1
DA:280,1
DA:281,8
DA:282,8
DA:283,8
DA:284,18
DA:285,18
DA:286,18
DA:287,18
DA:288,18
DA:289,533
DA:290,533
DA:292,18
DA:293,18
DA:296,34
DA:297,1
DA:300,0
DA:302,1
DA:303,1
DA:304,1
DA:305,1
DA:330,1
DA:331,1
DA:332,1
DA:333,1
DA:336,1
DA:337,1030
DA:340,1
DA:341,1030
DA:343,1
DA:344,1
DA:345,1
DA:346,1
DA:347,1
DA:348,1
DA:349,1
DA:350,1
DA:351,1
DA:352,1
DA:356,1
DA:357,1
DA:362,1
DA:374,1
DA:375,15
DA:376,225
DA:377,225
DA:378,225
DA:379,225
DA:380,225
DA:381,225
DA:382,225
DA:384,225
DA:385,138
DA:386,1242
DA:387,214
DA:388,1070
DA:391,856
DA:392,856
DA:393,856
DA:395,214
DA:396,214
DA:397,214
DA:399,1070
DA:400,525
DA:401,545
DA:402,545
DA:404,0
DA:436,214
DA:437,856
DA:438,856
DA:439,856
DA:440,642
DA:442,214
DA:444,856
DA:445,856
DA:446,515
DA:448,0
DA:449,0
DA:450,0
DA:451,0
DA:452,0
DA:454,0
DA:455,0
DA:456,0
DA:457,0
DA:458,0
DA:460,0
DA:461,0
DA:462,0
DA:463,0
DA:464,0
DA:466,0
DA:467,0
DA:468,0
DA:469,0
DA:470,0
DA:472,0
DA:473,0
DA:474,0
DA:475,0
DA:476,0
DA:478,0
DA:479,0
DA:480,0
DA:481,0
DA:482,0
DA:484,85
DA:485,85
DA:486,85
DA:487,85
DA:488,85
DA:490,215
DA:491,215
DA:492,215
DA:493,215
DA:494,215
DA:496,215
DA:497,215
DA:498,215
DA:499,215
DA:500,215
DA:502,0
DA:506,515
LF:235
LH:202
BRDA:103,1,0,47
BRDA:103,1,1,120
BRDA:109,2,0,143
BRDA:109,2,1,24
BRDA:122,3,0,1025
BRDA:122,3,1,175
BRDA:124,4,0,115
BRDA:124,4,1,910
BRDA:127,5,0,108
BRDA:127,5,1,802
BRDA:131,6,0,924
BRDA:131,6,1,276
BRDA:133,7,0,171
BRDA:133,7,1,753
BRDA:136,8,0,109
BRDA:136,8,1,644
BRDA:141,9,0,173
BRDA:141,9,1,1027
BRDA:141,10,0,1200
BRDA:141,10,1,556
BRDA:149,11,0,223
BRDA:149,11,1,292
BRDA:149,12,0,280
BRDA:149,12,1,235
BRDA:151,13,0,185
BRDA:151,13,1,50
BRDA:151,13,2,107
BRDA:151,13,3,173
BRDA:161,14,0,177
BRDA:161,14,1,8
BRDA:172,15,0,46
BRDA:172,15,1,4
BRDA:188,16,0,71
BRDA:188,16,1,36
BRDA:204,17,0,6
BRDA:204,17,1,167
BRDA:215,18,0,40
BRDA:215,18,1,73
BRDA:215,18,2,36
BRDA:215,18,3,94
BRDA:215,19,0,69
BRDA:215,19,1,98
BRDA:215,20,0,94
BRDA:215,20,1,73
BRDA:255,21,0,1
BRDA:255,21,1,0
BRDA:272,22,0,8
BRDA:272,22,1,507
BRDA:288,23,0,551
BRDA:288,23,1,533
BRDA:384,24,0,138
BRDA:384,24,1,87
BRDA:384,25,0,225
BRDA:384,25,1,138
BRDA:386,26,0,214
BRDA:386,26,1,1028
BRDA:386,27,0,1242
BRDA:386,27,1,963
BRDA:388,28,0,856
BRDA:388,28,1,214
BRDA:399,29,0,525
BRDA:399,29,1,545
BRDA:401,30,0,545
BRDA:401,30,1,0
BRDA:439,31,0,642
BRDA:439,31,1,214
BRDA:445,32,0,515
BRDA:445,32,1,341
BRDA:446,33,0,0
BRDA:446,33,1,0
BRDA:446,33,2,0
BRDA:446,33,3,0
BRDA:446,33,4,0
BRDA:446,33,5,0
BRDA:446,33,6,85
BRDA:446,33,7,215
BRDA:446,33,8,215
BRDA:446,33,9,0
BRF:78
BRH:69
end_of_record
TN:
SF:/Users/tmcw/src/turf/turf_modules/turf-jenks/test.js
FN:5,(anonymous_1)
FNF:1
FNH:1
FNDA:1,(anonymous_1)
DA:1,1
DA:2,1
DA:3,1
DA:5,1
DA:6,1
DA:8,1
DA:10,1
DA:11,1
DA:13,1
LF:9
LH:9
BRF:0
BRH:0
end_of_record
TN:
SF:/Users/tmcw/src/turf/turf_modules/turf-jenks/index.js
FN:21,(anonymous_1)
FN:25,(anonymous_2)
FNF:2
FNH:2
FNDA:1,(anonymous_1)
FNDA:17,(anonymous_2)
DA:1,1
DA:21,1
DA:22,1
DA:23,1
DA:25,1
DA:26,17
DA:27,17
DA:30,1
DA:32,1
LF:9
LH:9
BRDA:26,1,0,17
BRDA:26,1,1,0
BRF:2
BRH:1
end_of_record
TN:
SF:/Users/tmcw/src/turf/turf_modules/turf-kinks/test.js
FN:4,(anonymous_1)
FN:84,(anonymous_2)
FNF:2
FNH:2
FNDA:1,(anonymous_1)
FNDA:1,(anonymous_2)
DA:1,1
DA:2,1
DA:4,1
DA:5,1
DA:33,1
DA:34,1
DA:35,1
DA:37,1
DA:77,1
DA:78,1
DA:79,1
DA:81,1
DA:84,1
DA:85,1
DA:115,1
DA:117,1
DA:118,1
DA:120,1
LF:18
LH:18
BRF:0
BRH:0
end_of_record
TN:
SF:/Users/tmcw/src/turf/turf_modules/turf-kinks/index.js
FN:28,(anonymous_1)
FN:37,(anonymous_2)
FN:38,(anonymous_3)
FN:55,lineIntersects
FNF:4
FNH:4
FNDA:3,(anonymous_1)
FNDA:3,(anonymous_2)
FNDA:3,(anonymous_3)
FNDA:81,lineIntersects
DA:24,1
DA:25,1
DA:26,1
DA:28,1
DA:29,3
DA:30,3
DA:31,3
DA:32,1
DA:34,2
DA:36,3
DA:37,3
DA:38,3
DA:39,3
DA:40,15
DA:41,81
DA:43,81
DA:44,10
DA:50,3
DA:55,1
DA:57,81
DA:63,81
DA:64,81
DA:65,15
DA:66,0
DA:68,15
DA:71,66
DA:72,66
DA:73,66
DA:74,66
DA:75,66
DA:76,66
DA:79,66
DA:80,66
DA:83,66
DA:84,14
DA:87,66
DA:88,14
DA:91,66
DA:92,10
DA:95,56
LF:40
LH:39
BRDA:31,1,0,1
BRDA:31,1,1,2
BRDA:43,2,0,10
BRDA:43,2,1,71
BRDA:64,3,0,15
BRDA:64,3,1,66
BRDA:65,4,0,0
BRDA:65,4,1,15
BRDA:65,5,0,15
BRDA:65,5,1,0
BRDA:83,6,0,14
BRDA:83,6,1,52
BRDA:83,7,0,66
BRDA:83,7,1,38
BRDA:87,8,0,14
BRDA:87,8,1,52
BRDA:87,9,0,66
BRDA:87,9,1,38
BRDA:91,10,0,10
BRDA:91,10,1,56
BRDA:91,11,0,66
BRDA:91,11,1,14
BRF:22
BRH:20
end_of_record
TN:
SF:/Users/tmcw/src/turf/turf_modules/turf-linestring/test.js
FN:4,(anonymous_1)
FN:13,(anonymous_2)
FNF:2
FNH:2
FNDA:1,(anonymous_1)
FNDA:1,(anonymous_2)
DA:1,1
DA:2,1
DA:4,1
DA:6,1
DA:8,1
DA:9,1
DA:10,1
DA:11,1
DA:13,1
DA:14,1
DA:17,1
DA:19,1
DA:21,1
LF:13
LH:13
BRF:0
BRH:0
end_of_record
TN:
SF:/Users/tmcw/src/turf/turf_modules/turf-linestring/index.js
FN:28,(anonymous_1)
FNF:1
FNH:1
FNDA:3,(anonymous_1)
DA:28,1
DA:29,3
DA:30,1
DA:32,2
LF:4
LH:4
BRDA:29,1,0,1
BRDA:29,1,1,2
BRDA:38,2,0,2
BRDA:38,2,1,1
BRF:4
BRH:4
end_of_record
TN:
SF:/Users/tmcw/src/turf/turf_modules/turf-max/test.js
FN:7,(anonymous_1)
FNF:1
FNH:1
FNDA:1,(anonymous_1)
DA:1,1
DA:2,1
DA:3,1
DA:4,1
DA:5,1
DA:7,1
DA:8,1
DA:9,1
DA:10,1
DA:11,1
DA:12,1
DA:13,1
DA:14,1
DA:15,1
DA:16,1
DA:18,1
DA:20,1
DA:21,1
DA:22,1
DA:24,1
LF:20
LH:20
BRF:0
BRH:0
end_of_record
TN:
SF:/Users/tmcw/src/turf/turf_modules/turf-max/index.js
FN:46,(anonymous_1)
FN:47,(anonymous_2)
FN:52,(anonymous_3)
FNF:3
FNH:3
FNDA:1,(anonymous_1)
FNDA:2,(anonymous_2)
FNDA:10,(anonymous_3)
DA:1,1
DA:2,1
DA:46,1
DA:47,1
DA:48,2
DA:49,0
DA:51,2
DA:52,2
DA:53,10
DA:54,5
DA:57,2
DA:60,1
LF:12
LH:11
BRDA:48,1,0,0
BRDA:48,1,1,2
BRDA:53,2,0,5
BRDA:53,2,1,5
BRF:4
BRH:3
end_of_record
TN:
SF:/Users/tmcw/src/turf/turf_modules/turf-median/test.js
FN:7,(anonymous_1)
FNF:1
FNH:1
FNDA:1,(anonymous_1)
DA:1,1
DA:2,1
DA:3,1
DA:4,1
DA:5,1
DA:7,1
DA:8,1
DA:9,1
DA:10,1
DA:11,1
DA:12,1
DA:13,1
DA:14,1
DA:15,1
DA:16,1
DA:18,1
DA:20,1
DA:21,1
DA:22,1
DA:24,1
LF:20
LH:20
BRF:0
BRH:0
end_of_record
TN:
SF:/Users/tmcw/src/turf/turf_modules/turf-median/index.js
FN:30,(anonymous_1)
FN:31,(anonymous_2)
FN:36,(anonymous_3)
FNF:3
FNH:3
FNDA:1,(anonymous_1)
FNDA:2,(anonymous_2)
FNDA:10,(anonymous_3)
DA:1,1
DA:2,1
DA:30,1
DA:31,1
DA:32,2
DA:33,0
DA:35,2
DA:36,2
DA:37,10
DA:38,5
DA:41,2
DA:44,1
LF:12
LH:11
BRDA:32,1,0,0
BRDA:32,1,1,2
BRDA:37,2,0,5
BRDA:37,2,1,5
BRF:4
BRH:3
end_of_record
TN:
SF:/Users/tmcw/src/turf/turf_modules/turf-midpoint/test.js
FN:5,(anonymous_1)
FNF:1
FNH:1
FNDA:1,(anonymous_1)
DA:1,1
DA:2,1
DA:3,1
DA:5,1
DA:6,1
DA:7,1
DA:8,1
DA:9,1
DA:10,1
DA:12,1
DA:13,1
DA:14,1
DA:15,1
DA:16,1
DA:18,1
DA:19,1
DA:20,1
DA:21,1
DA:22,1
DA:24,1
LF:20
LH:20
BRF:0
BRH:0
end_of_record
TN:
SF:/Users/tmcw/src/turf/turf_modules/turf-midpoint/index.js
FN:20,(anonymous_1)
FNF:1
FNH:1
FNDA:3,(anonymous_1)
DA:3,1
DA:20,1
DA:21,3
DA:22,0
DA:25,3
DA:26,3
DA:27,3
DA:28,3
DA:30,3
DA:31,3
DA:32,3
DA:33,3
DA:35,3
DA:37,3
LF:14
LH:13
BRDA:21,1,0,0
BRDA:21,1,1,3
BRDA:21,2,0,3
BRDA:21,2,1,3
BRF:4
BRH:3
end_of_record
TN:
SF:/Users/tmcw/src/turf/turf_modules/turf-min/test.js
FN:7,(anonymous_1)
FNF:1
FNH:1
FNDA:1,(anonymous_1)
DA:1,1
DA:2,1
DA:3,1
DA:4,1
DA:5,1
DA:7,1
DA:8,1
DA:9,1
DA:10,1
DA:11,1
DA:12,1
DA:13,1
DA:14,1
DA:15,1
DA:16,1
DA:18,1
DA:20,1
DA:21,1
DA:22,1
DA:24,1
LF:20
LH:20
BRF:0
BRH:0
end_of_record
TN:
SF:/Users/tmcw/src/turf/turf_modules/turf-min/index.js
FN:30,(anonymous_1)
FN:31,(anonymous_2)
FN:36,(anonymous_3)
FNF:3
FNH:3
FNDA:1,(anonymous_1)
FNDA:2,(anonymous_2)
FNDA:10,(anonymous_3)
DA:1,1
DA:2,1
DA:30,1
DA:31,1
DA:32,2
DA:33,0
DA:35,2
DA:36,2
DA:37,10
DA:38,5
DA:41,2
DA:44,1
LF:12
LH:11
BRDA:32,1,0,0
BRDA:32,1,1,2
BRDA:37,2,0,5
BRDA:37,2,1,5
BRF:4
BRH:3
end_of_record
TN:
SF:/Users/tmcw/src/turf/turf_modules/turf-nearest/test.js
FN:5,(anonymous_1)
FNF:1
FNH:1
FNDA:1,(anonymous_1)
DA:1,1
DA:2,1
DA:3,1
DA:5,1
DA:6,1
DA:7,1
DA:9,1
DA:11,1
DA:12,1
DA:13,1
DA:14,1
DA:15,1
LF:12
LH:12
BRF:0
BRH:0
end_of_record
TN:
SF:/Users/tmcw/src/turf/turf_modules/turf-nearest/index.js
FN:12,(anonymous_1)
FN:16,(anonymous_2)
FNF:2
FNH:2
FNDA:1,(anonymous_1)
FNDA:17,(anonymous_2)
DA:1,1
DA:12,1
DA:13,1
DA:14,1
DA:15,1
DA:16,1
DA:17,17
DA:18,1
DA:19,1
DA:20,1
DA:23,16
DA:24,16
DA:25,5
DA:26,5
DA:30,1
DA:31,1
LF:16
LH:16
BRDA:17,1,0,1
BRDA:17,1,1,16
BRDA:24,2,0,5
BRDA:24,2,1,11
BRF:4
BRH:4
end_of_record
TN:
SF:/Users/tmcw/src/turf/turf_modules/turf-planepoint/test.js
FN:7,(anonymous_1)
FNF:1
FNH:1
FNDA:1,(anonymous_1)
DA:3,1
DA:4,1
DA:5,1
DA:7,1
DA:8,1
DA:9,1
DA:20,1
DA:22,1
DA:24,1
LF:9
LH:9
BRF:0
BRH:0
end_of_record
TN:
SF:/Users/tmcw/src/turf/turf_modules/turf-planepoint/index.js
FN:20,(anonymous_1)
FNF:1
FNH:1
FNDA:1,(anonymous_1)
DA:20,1
DA:21,1
DA:33,1
DA:38,1
LF:4
LH:4
BRF:0
BRH:0
end_of_record
TN:
SF:/Users/tmcw/src/turf/turf_modules/turf-point-on-surface/test.js
FN:6,(anonymous_1)
FN:19,(anonymous_2)
FN:63,(anonymous_3)
FN:76,(anonymous_4)
FN:89,(anonymous_5)
FN:102,(anonymous_6)
FNF:6
FNH:6
FNDA:1,(anonymous_1)
FNDA:1,(anonymous_2)
FNDA:1,(anonymous_3)
FNDA:1,(anonymous_4)
FNDA:1,(anonymous_5)
FNDA:1,(anonymous_6)
DA:1,1
DA:2,1
DA:3,1
DA:4,1
DA:6,1
DA:7,1
DA:8,1
DA:10,1
DA:11,1
DA:12,1
DA:13,1
DA:14,1
DA:16,1
DA:19,1
DA:20,1
DA:21,1
DA:23,1
DA:24,1
DA:25,1
DA:26,1
DA:27,1
DA:28,1
DA:60,1
DA:63,1
DA:64,1
DA:65,1
DA:67,1
DA:68,1
DA:69,1
DA:70,1
DA:71,1
DA:73,1
DA:76,1
DA:77,1
DA:78,1
DA:80,1
DA:81,1
DA:82,1
DA:83,1
DA:84,1
DA:86,1
DA:89,1
DA:90,1
DA:91,1
DA:93,1
DA:94,1
DA:95,1
DA:96,1
DA:97,1
DA:99,1
DA:102,1
DA:103,1
DA:104,1
DA:106,1
DA:107,1
DA:108,1
DA:109,1
DA:110,1
DA:112,1
LF:59
LH:59
BRF:0
BRH:0
end_of_record
TN:
SF:/Users/tmcw/src/turf/turf_modules/turf-point-on-surface/index.js
FN:15,(anonymous_1)
FN:120,pointOnSegment
FNF:2
FNH:2
FNDA:6,(anonymous_1)
FNDA:39,pointOnSegment
DA:1,1
DA:2,1
DA:3,1
DA:4,1
DA:5,1
DA:15,1
DA:17,6
DA:18,3
DA:19,0
DA:24,3
DA:28,6
DA:31,6
DA:32,6
DA:33,6
DA:34,10
DA:35,10
DA:36,0
DA:38,0
DA:40,10
DA:41,1
DA:42,1
DA:43,1
DA:44,5
DA:46,0
DA:47,0
DA:49,5
DA:51,9
DA:52,4
DA:53,4
DA:54,4
DA:55,17
DA:56,17
DA:57,17
DA:58,17
DA:59,17
DA:60,17
DA:61,17
DA:62,0
DA:63,0
DA:65,17
DA:67,5
DA:68,1
DA:69,1
DA:70,1
DA:71,3
DA:72,3
DA:73,3
DA:74,3
DA:75,22
DA:76,22
DA:77,22
DA:78,22
DA:79,22
DA:80,22
DA:81,22
DA:82,0
DA:83,0
DA:85,22
DA:87,3
DA:89,4
DA:90,4
DA:94,4
DA:95,1
DA:98,10
DA:100,6
DA:101,1
DA:103,5
DA:104,5
DA:105,9
DA:107,5
DA:108,5
DA:109,5
DA:110,102
DA:111,102
DA:112,22
DA:113,22
DA:116,5
DA:120,1
DA:121,39
DA:122,39
DA:123,39
DA:124,39
DA:125,0
LF:83
LH:73
BRDA:17,1,0,3
BRDA:17,1,1,3
BRDA:18,2,0,0
BRDA:18,2,1,3
BRDA:33,3,0,16
BRDA:33,3,1,15
BRDA:35,4,0,0
BRDA:35,4,1,10
BRDA:36,5,0,0
BRDA:36,5,1,0
BRDA:36,6,0,0
BRDA:36,6,1,0
BRDA:40,7,0,1
BRDA:40,7,1,9
BRDA:43,8,0,6
BRDA:43,8,1,6
BRDA:44,9,0,0
BRDA:44,9,1,5
BRDA:44,10,0,5
BRDA:44,10,1,0
BRDA:51,11,0,4
BRDA:51,11,1,5
BRDA:54,12,0,21
BRDA:54,12,1,21
BRDA:61,13,0,0
BRDA:61,13,1,17
BRDA:67,14,0,1
BRDA:67,14,1,4
BRDA:70,15,0,4
BRDA:70,15,1,4
BRDA:74,16,0,25
BRDA:74,16,1,25
BRDA:81,17,0,0
BRDA:81,17,1,22
BRDA:89,18,0,4
BRDA:89,18,1,0
BRDA:89,19,0,4
BRDA:89,19,1,1
BRDA:94,20,0,1
BRDA:94,20,1,3
BRDA:100,21,0,1
BRDA:100,21,1,5
BRDA:111,22,0,22
BRDA:111,22,1,80
BRDA:124,23,0,0
BRDA:124,23,1,39
BRF:46
BRH:34
end_of_record
TN:
SF:/Users/tmcw/src/turf/turf_modules/turf-point/test.js
FN:4,(anonymous_1)
FN:19,(anonymous_2)
FNF:2
FNH:2
FNDA:1,(anonymous_1)
FNDA:1,(anonymous_2)
DA:1,1
DA:2,1
DA:4,1
DA:5,1
DA:7,1
DA:8,1
DA:9,1
DA:10,1
DA:12,1
DA:14,1
DA:15,1
DA:16,1
DA:17,1
DA:19,1
DA:20,1
DA:23,1
DA:24,1
DA:26,1
LF:18
LH:18
BRF:0
BRH:0
end_of_record
TN:
SF:/Users/tmcw/src/turf/turf_modules/turf-polygon/test.js
FN:4,(anonymous_1)
FN:12,(anonymous_2)
FN:15,(anonymous_3)
FNF:3
FNH:3
FNDA:1,(anonymous_1)
FNDA:1,(anonymous_2)
FNDA:1,(anonymous_3)
DA:1,1
DA:2,1
DA:4,1
DA:5,1
DA:6,1
DA:7,1
DA:8,1
DA:9,1
DA:10,1
DA:11,1
DA:12,1
DA:13,1
DA:15,1
DA:16,1
DA:18,1
DA:19,1
DA:20,1
LF:17
LH:17
BRF:0
BRH:0
end_of_record
TN:
SF:/Users/tmcw/src/turf/turf_modules/turf-polygon/index.js
FN:19,(anonymous_1)
FNF:1
FNH:1
FNDA:4,(anonymous_1)
DA:19,1
DA:21,4
DA:23,4
DA:24,4
DA:25,4
DA:26,6
DA:27,1
DA:29,5
DA:30,1
DA:35,2
DA:44,2
DA:45,1
DA:48,2
LF:13
LH:13
BRDA:21,1,0,0
BRDA:21,1,1,4
BRDA:26,2,0,1
BRDA:26,2,1,5
BRDA:29,3,0,1
BRDA:29,3,1,4
BRDA:44,4,0,1
BRDA:44,4,1,1
BRF:8
BRH:7
end_of_record
TN:
SF:/Users/tmcw/src/turf/turf_modules/turf-quantile/test.js
FN:5,(anonymous_1)
FNF:1
FNH:1
FNDA:1,(anonymous_1)
DA:1,1
DA:2,1
DA:3,1
DA:5,1
DA:6,1
DA:8,1
DA:10,1
DA:11,1
DA:13,1
LF:9
LH:9
BRF:0
BRH:0
end_of_record
TN:
SF:/Users/tmcw/src/turf/turf_modules/turf-quantile/index.js
FN:20,(anonymous_1)
FN:24,(anonymous_2)
FN:27,(anonymous_3)
FNF:3
FNH:3
FNDA:1,(anonymous_1)
FNDA:17,(anonymous_2)
FNDA:7,(anonymous_3)
DA:1,1
DA:20,1
DA:21,1
DA:22,1
DA:24,1
DA:25,17
DA:27,1
DA:28,7
DA:30,1
LF:9
LH:9
BRF:0
BRH:0
end_of_record
TN:
SF:/Users/tmcw/src/turf/turf_modules/turf-reclass/test.js
FN:5,(anonymous_1)
FNF:1
FNH:1
FNDA:1,(anonymous_1)
DA:1,1
DA:2,1
DA:3,1
DA:5,1
DA:6,1
DA:7,1
DA:8,1
DA:9,1
DA:11,1
DA:13,1
DA:14,1
DA:16,1
LF:12
LH:12
BRF:0
BRH:0
end_of_record
TN:
SF:/Users/tmcw/src/turf/turf_modules/turf-reclass/index.js
FN:14,(anonymous_1)
FN:17,(anonymous_2)
FNF:2
FNH:2
FNDA:1,(anonymous_1)
FNDA:17,(anonymous_2)
DA:1,1
DA:2,1
DA:14,1
DA:15,1
DA:17,1
DA:18,17
DA:19,17
DA:20,17
DA:21,68
DA:22,17
DA:25,17
DA:28,1
LF:12
LH:12
BRDA:21,1,0,17
BRDA:21,1,1,51
BRDA:21,2,0,68
BRDA:21,2,1,45
BRF:4
BRH:4
end_of_record
TN:
SF:/Users/tmcw/src/turf/turf_modules/turf-remove/test.js
FN:6,(anonymous_1)
FN:18,(anonymous_2)
FNF:2
FNH:2
FNDA:1,(anonymous_1)
FNDA:3,(anonymous_2)
DA:1,1
DA:2,1
DA:3,1
DA:4,1
DA:6,1
DA:7,1
DA:15,1
DA:17,1
DA:18,1
DA:19,3
DA:22,1
LF:11
LH:11
BRF:0
BRH:0
end_of_record
TN:
SF:/Users/tmcw/src/turf/turf_modules/turf-remove/index.js
FN:24,(anonymous_1)
FNF:1
FNH:1
FNDA:1,(anonymous_1)
DA:1,1
DA:24,1
DA:25,1
DA:26,1
DA:27,6
DA:28,3
DA:31,1
LF:7
LH:7
BRDA:27,1,0,3
BRDA:27,1,1,3
BRF:2
BRH:2
end_of_record
TN:
SF:/Users/tmcw/src/turf/turf_modules/turf-sample/test.js
FN:6,(anonymous_1)
FNF:1
FNH:1
FNDA:1,(anonymous_1)
DA:1,1
DA:2,1
DA:3,1
DA:4,1
DA:6,1
DA:7,1
DA:15,1
DA:17,1
DA:18,1
LF:9
LH:9
BRF:0
BRH:0
end_of_record
TN:
SF:/Users/tmcw/src/turf/turf_modules/turf-sample/index.js
FN:18,(anonymous_1)
FN:23,getRandomSubarray
FNF:2
FNH:2
FNDA:1,(anonymous_1)
FNDA:1,getRandomSubarray
DA:2,1
DA:18,1
DA:19,1
DA:20,1
DA:23,1
DA:24,1
DA:25,1
DA:26,4
DA:27,4
DA:28,4
DA:29,4
DA:31,1
LF:12
LH:12
BRF:0
BRH:0
end_of_record
TN:
SF:/Users/tmcw/src/turf/turf_modules/turf-size/test.js
FN:4,(anonymous_1)
FNF:1
FNH:1
FNDA:1,(anonymous_1)
DA:1,1
DA:2,1
DA:4,1
DA:5,1
DA:6,1
DA:7,1
DA:9,1
DA:10,1
DA:11,1
DA:13,1
DA:14,1
DA:15,1
DA:17,1
DA:18,1
DA:19,1
DA:21,1
DA:22,1
DA:23,1
DA:25,1
DA:26,1
DA:27,1
DA:29,1
DA:30,1
DA:31,1
DA:33,1
LF:25
LH:25
BRF:0
BRH:0
end_of_record
TN:
SF:/Users/tmcw/src/turf/turf_modules/turf-size/index.js
FN:17,(anonymous_1)
FNF:1
FNH:1
FNDA:7,(anonymous_1)
DA:17,1
DA:18,7
DA:19,7
DA:20,7
DA:21,7
DA:22,7
DA:23,7
DA:25,7
DA:26,7
DA:27,7
DA:28,7
DA:30,7
DA:31,7
LF:13
LH:13
BRF:0
BRH:0
end_of_record
TN:
SF:/Users/tmcw/src/turf/turf_modules/turf-square/test.js
FN:4,(anonymous_1)
FNF:1
FNH:1
FNDA:1,(anonymous_1)
DA:1,1
DA:2,1
DA:4,1
DA:5,1
DA:6,1
DA:8,1
DA:9,1
DA:11,1
DA:12,1
DA:13,1
LF:10
LH:10
BRF:0
BRH:0
end_of_record
TN:
SF:/Users/tmcw/src/turf/turf_modules/turf-square/index.js
FN:19,(anonymous_1)
FNF:1
FNH:1
FNDA:2,(anonymous_1)
DA:1,1
DA:2,1
DA:3,1
DA:19,1
DA:20,2
DA:21,2
DA:22,2
DA:23,2
DA:24,2
DA:26,2
DA:27,2
DA:28,2
DA:29,1
DA:30,1
DA:31,1
DA:32,1
DA:33,1
DA:34,1
DA:37,1
DA:38,1
DA:39,1
DA:40,1
DA:41,1
DA:42,1
LF:24
LH:24
BRDA:28,1,0,1
BRDA:28,1,1,1
BRF:2
BRH:2
end_of_record
TN:
SF:/Users/tmcw/src/turf/turf_modules/turf-sum/test.js
FN:7,(anonymous_1)
FNF:1
FNH:1
FNDA:1,(anonymous_1)
DA:1,1
DA:2,1
DA:3,1
DA:4,1
DA:5,1
DA:7,1
DA:8,1
DA:9,1
DA:10,1
DA:11,1
DA:12,1
DA:13,1
DA:14,1
DA:15,1
DA:16,1
DA:18,1
DA:20,1
DA:21,1
DA:22,1
DA:24,1
LF:20
LH:20
BRF:0
BRH:0
end_of_record
TN:
SF:/Users/tmcw/src/turf/turf_modules/turf-sum/index.js
FN:30,(anonymous_1)
FN:31,(anonymous_2)
FN:36,(anonymous_3)
FNF:3
FNH:3
FNDA:1,(anonymous_1)
FNDA:2,(anonymous_2)
FNDA:10,(anonymous_3)
DA:1,1
DA:2,1
DA:30,1
DA:31,1
DA:32,2
DA:33,0
DA:35,2
DA:36,2
DA:37,10
DA:38,5
DA:41,2
DA:44,1
LF:12
LH:11
BRDA:32,1,0,0
BRDA:32,1,1,2
BRDA:37,2,0,5
BRDA:37,2,1,5
BRF:4
BRH:3
end_of_record
TN:
SF:/Users/tmcw/src/turf/turf_modules/turf-tin/test.js
FN:5,(anonymous_1)
FNF:1
FNH:1
FNDA:1,(anonymous_1)
DA:1,1
DA:2,1
DA:3,1
DA:5,1
DA:6,1
DA:8,1
DA:10,1
DA:11,1
DA:13,1
DA:14,1
LF:10
LH:10
BRF:0
BRH:0
end_of_record
TN:
SF:/Users/tmcw/src/turf/turf_modules/turf-tin/index.js
FN:28,(anonymous_1)
FN:30,(anonymous_2)
FN:35,(anonymous_3)
FN:43,(anonymous_4)
FN:44,(anonymous_5)
FN:64,correctRings
FN:65,(anonymous_7)
FN:70,Triangle
FN:106,byX
FN:110,dedup
FN:131,triangulate
FNF:11
FNH:11
FNDA:1,(anonymous_1)
FNDA:17,(anonymous_2)
FNDA:24,(anonymous_3)
FNDA:24,(anonymous_4)
FNDA:72,(anonymous_5)
FNDA:24,correctRings
FNDA:24,(anonymous_7)
FNDA:84,Triangle
FNDA:53,byX
FNDA:17,dedup
FNDA:1,triangulate
DA:3,1
DA:4,1
DA:5,1
DA:6,1
DA:28,1
DA:30,1
DA:31,17
DA:36,24
DA:41,1
DA:43,1
DA:44,24
DA:45,72
DA:46,72
DA:48,24
DA:49,24
DA:51,24
DA:52,24
DA:54,24
DA:55,24
DA:60,1
DA:61,1
DA:64,1
DA:65,24
DA:66,24
DA:70,1
DA:71,84
DA:72,84
DA:73,84
DA:75,84
DA:86,84
DA:87,0
DA:88,0
DA:89,0
DA:90,0
DA:92,0
DA:93,0
DA:94,0
DA:98,84
DA:99,84
DA:100,84
DA:101,84
DA:102,84
DA:106,1
DA:107,53
DA:110,1
DA:111,17
DA:114,17
DA:115,115
DA:116,115
DA:117,115
DA:118,115
DA:119,425
DA:120,425
DA:121,425
DA:122,32
DA:123,32
DA:124,32
DA:125,32
DA:131,1
DA:133,1
DA:134,0
DA:139,1
DA:141,1
DA:147,1
DA:148,16
DA:149,16
DA:160,1
DA:177,1
DA:178,1
DA:182,17
DA:183,17
DA:184,17
DA:188,178
DA:189,178
DA:190,21
DA:191,21
DA:192,21
DA:196,157
DA:197,157
DA:198,108
DA:201,49
DA:206,49
DA:210,17
DA:213,17
DA:214,17
DA:215,83
DA:216,83
DA:217,83
DA:223,1
DA:225,1
DA:226,1
DA:227,35
DA:230,11
DA:233,1
LF:94
LH:86
BRDA:41,1,0,1
BRDA:41,1,1,0
BRDA:46,2,0,24
BRDA:46,2,1,24
BRDA:46,2,2,24
BRDA:66,3,0,24
BRDA:66,3,1,0
BRDA:86,4,0,0
BRDA:86,4,1,84
BRDA:121,5,0,32
BRDA:121,5,1,393
BRDA:121,6,0,425
BRDA:121,6,1,50
BRDA:121,6,2,425
BRDA:121,6,3,127
BRDA:133,7,0,0
BRDA:133,7,1,1
BRDA:148,8,0,3
BRDA:148,8,1,13
BRDA:149,9,0,3
BRDA:149,9,1,13
BRDA:162,10,0,0
BRDA:162,10,1,1
BRDA:189,11,0,21
BRDA:189,11,1,157
BRDA:189,12,0,178
BRDA:189,12,1,104
BRDA:197,13,0,108
BRDA:197,13,1,49
BRDA:227,14,0,11
BRDA:227,14,1,24
BRDA:227,15,0,35
BRDA:227,15,1,28
BRDA:227,15,2,24
BRF:34
BRH:29
end_of_record
TN:
SF:/Users/tmcw/src/turf/turf_modules/turf-variance/test.js
FN:7,(anonymous_1)
FNF:1
FNH:1
FNDA:1,(anonymous_1)
DA:1,1
DA:2,1
DA:3,1
DA:4,1
DA:5,1
DA:7,1
DA:8,1
DA:9,1
DA:10,1
DA:11,1
DA:12,1
DA:13,1
DA:14,1
DA:15,1
DA:16,1
DA:18,1
DA:20,1
DA:21,1
DA:23,1
LF:19
LH:19
BRF:0
BRH:0
end_of_record
TN:
SF:/Users/tmcw/src/turf/turf_modules/turf-variance/index.js
FN:30,(anonymous_1)
FN:31,(anonymous_2)
FN:36,(anonymous_3)
FNF:3
FNH:3
FNDA:1,(anonymous_1)
FNDA:2,(anonymous_2)
FNDA:10,(anonymous_3)
DA:1,1
DA:2,1
DA:30,1
DA:31,1
DA:32,2
DA:33,0
DA:35,2
DA:36,2
DA:37,10
DA:38,5
DA:41,2
DA:44,1
LF:12
LH:11
BRDA:32,1,0,0
BRDA:32,1,1,2
BRDA:37,2,0,5
BRDA:37,2,1,5
BRF:4
BRH:3
end_of_record
TN:
SF:/Users/tmcw/src/turf/turf_modules/turf-within/test.js
FN:7,(anonymous_1)
FNF:1
FNH:1
FNDA:1,(anonymous_1)
DA:1,1
DA:2,1
DA:3,1
DA:4,1
DA:5,1
DA:7,1
DA:8,1
DA:11,1
DA:12,1
DA:13,1
DA:14,1
DA:16,1
DA:18,1
DA:19,1
DA:22,1
DA:23,1
DA:24,1
DA:25,1
DA:26,1
DA:27,1
DA:28,1
DA:29,1
DA:30,1
DA:31,1
DA:33,1
DA:34,1
DA:35,1
LF:27
LH:27
BRF:0
BRH:0
end_of_record
TN:
SF:/Users/tmcw/src/turf/turf_modules/turf-within/index.js
FN:36,(anonymous_1)
FNF:1
FNH:1
FNDA:2,(anonymous_1)
DA:1,1
DA:2,1
DA:36,1
DA:37,2
DA:38,2
DA:39,3
DA:40,13
DA:41,13
DA:42,6
DA:46,2
LF:10
LH:10
BRDA:41,1,0,6
BRDA:41,1,1,7
BRF:2
BRH:2
end_of_record
