{"/Users/morgan/Documents/turf/index.js":{"path":"/Users/morgan/Documents/turf/index.js","s":{"1":1},"b":{},"f":{},"fnMap":{},"statementMap":{"1":{"start":{"line":1,"column":0},"end":{"line":60,"column":0}}},"branchMap":{}},"/Users/morgan/Documents/turf/lib/area.js":{"path":"/Users/morgan/Documents/turf/lib/area.js","s":{"1":1,"2":1},"b":{},"f":{"1":0},"fnMap":{"1":{"name":"(anonymous_1)","line":5,"loc":{"start":{"line":5,"column":17},"end":{"line":5,"column":40}}}},"statementMap":{"1":{"start":{"line":3,"column":0},"end":{"line":5,"column":0}},"2":{"start":{"line":5,"column":0},"end":{"line":13,"column":0}}},"branchMap":{}},"/Users/morgan/Documents/turf/lib/near.js":{"path":"/Users/morgan/Documents/turf/lib/near.js","s":{"1":1},"b":{},"f":{"1":0},"fnMap":{"1":{"name":"(anonymous_1)","line":3,"loc":{"start":{"line":3,"column":17},"end":{"line":3,"column":68}}}},"statementMap":{"1":{"start":{"line":3,"column":0},"end":{"line":6,"column":0}}},"branchMap":{}},"/Users/morgan/Documents/turf/lib/isolines.js":{"path":"/Users/morgan/Documents/turf/lib/isolines.js","s":{"1":1,"2":1,"3":1,"4":1,"5":1,"6":1,"7":1,"8":1,"9":1,"10":1,"11":1,"12":6,"13":6,"14":6,"15":6,"16":6,"17":6,"18":1536,"19":34304,"20":34304,"21":947,"22":947,"23":947,"24":6,"25":6,"26":96,"27":96,"28":96,"29":1536,"30":947,"31":589,"32":96,"33":6,"34":6,"35":6,"36":6,"37":96,"38":96,"39":6,"40":6,"41":6,"42":6,"43":6,"44":75,"45":73,"46":73,"47":4560,"48":73,"49":73,"50":73,"51":73,"52":6,"53":1,"54":1,"55":1,"56":30664,"57":30664,"58":1,"59":649,"60":649,"61":18288,"62":18288,"63":18288,"64":18288,"65":649,"66":649,"67":649,"68":1,"69":38,"70":38,"71":38,"72":1,"73":1468,"74":509,"75":959,"76":1468,"77":1197,"78":1468,"79":1,"80":4489,"81":4489,"82":4489,"83":4489,"84":4489,"85":4489,"86":10250,"87":8699,"88":1241,"89":1241,"90":7458,"91":805,"92":10250,"93":7989,"94":1471,"95":1471,"96":6518,"97":956,"98":10250,"99":1527,"100":8723,"101":4489,"102":4489,"103":1543,"104":1543,"105":1543,"106":1543,"107":1543,"108":1543,"109":1505,"110":1543,"111":1543,"112":1543,"113":519,"114":519,"115":484,"116":484,"117":484,"118":484,"119":35,"120":35,"121":35,"122":35,"123":519,"124":900,"125":900,"126":549,"127":549,"128":549,"129":549,"130":351,"131":351,"132":351,"133":351,"134":900,"135":1527,"136":59,"137":59,"138":59,"139":59,"140":59,"141":1468,"142":249,"143":603,"144":603,"145":603,"146":603,"147":603,"148":400,"149":865,"150":865,"151":865,"152":865,"153":865,"154":1,"155":6,"156":6,"157":6,"158":6,"159":4489,"160":4489,"161":38,"162":4489,"163":6,"164":6,"165":6,"166":6,"167":38,"168":38,"169":38,"170":75,"171":75,"172":75,"173":75,"174":75,"175":4564,"176":4564,"177":75,"178":75,"179":6,"180":122,"181":6,"182":0,"183":6,"184":6,"185":6,"186":6,"187":1,"188":6,"189":6,"190":6,"191":6,"192":8731,"193":6,"194":8731,"195":6,"196":6,"197":6,"198":6,"199":6,"200":6,"201":6,"202":6,"203":6,"204":6,"205":6,"206":6,"207":6,"208":6,"209":90,"210":1350,"211":1350,"212":1350,"213":1350,"214":1350,"215":1350,"216":1350,"217":1350,"218":1069,"219":8673,"220":1748,"221":8740,"222":6992,"223":6992,"224":6992,"225":1748,"226":1748,"227":1748,"228":8740,"229":4114,"230":4626,"231":4436,"232":190,"233":1748,"234":6992,"235":6992,"236":6992,"237":5244,"238":1748,"239":6992,"240":6992,"241":4489,"242":0,"243":0,"244":0,"245":0,"246":0,"247":0,"248":0,"249":0,"250":0,"251":0,"252":117,"253":117,"254":117,"255":117,"256":117,"257":2,"258":2,"259":2,"260":2,"261":2,"262":8,"263":8,"264":8,"265":8,"266":8,"267":3,"268":3,"269":3,"270":3,"271":3,"272":980,"273":980,"274":980,"275":980,"276":980,"277":1690,"278":1690,"279":1690,"280":1690,"281":1690,"282":1689,"283":1689,"284":1689,"285":1689,"286":1689,"287":0,"288":4489},"b":{"1":[947,33357],"2":[947,589],"3":[73,2],"4":[509,959],"5":[1197,271],"6":[8699,1551],"7":[1241,7458],"8":[805,6653],"9":[7989,2261],"10":[1471,6518],"11":[956,5562],"12":[1527,8723],"13":[10250,4688],"14":[2046,2443],"15":[2427,2062],"16":[1543,519,900,1527],"17":[1505,38],"18":[484,35],"19":[549,351],"20":[59,1468],"21":[249,603,400,865],"22":[754,714],"23":[865,603],"24":[6,0],"25":[38,4451],"26":[4639,4564],"27":[1069,281],"28":[1350,1069],"29":[1748,6925],"30":[8673,6138],"31":[6992,1748],"32":[4114,4626],"33":[4436,190],"34":[5244,1748],"35":[4489,2503],"36":[0,0,117,2,8,3,980,1690,1689,0]},"f":{"1":6,"2":6,"3":6,"4":6,"5":6,"6":1536,"7":34304,"8":34304,"9":947,"10":1536,"11":75,"12":4560,"13":30664,"14":649,"15":38,"16":1468,"17":4489,"18":6,"19":4489,"20":6,"21":122,"22":6,"23":8731,"24":8731},"fnMap":{"1":{"name":"(anonymous_1)","line":15,"loc":{"start":{"line":15,"column":17},"end":{"line":15,"column":62}}},"2":{"name":"(anonymous_2)","line":16,"loc":{"start":{"line":16,"column":19},"end":{"line":16,"column":43}}},"3":{"name":"(anonymous_3)","line":17,"loc":{"start":{"line":17,"column":21},"end":{"line":17,"column":40}}},"4":{"name":"(anonymous_4)","line":18,"loc":{"start":{"line":18,"column":21},"end":{"line":18,"column":40}}},"5":{"name":"(anonymous_5)","line":19,"loc":{"start":{"line":19,"column":33},"end":{"line":19,"column":58}}},"6":{"name":"(anonymous_6)","line":21,"loc":{"start":{"line":21,"column":38},"end":{"line":21,"column":50}}},"7":{"name":"(anonymous_7)","line":22,"loc":{"start":{"line":22,"column":39},"end":{"line":22,"column":57}}},"8":{"name":"(anonymous_8)","line":23,"loc":{"start":{"line":23,"column":37},"end":{"line":23,"column":60}}},"9":{"name":"(anonymous_9)","line":25,"loc":{"start":{"line":25,"column":45},"end":{"line":25,"column":66}}},"10":{"name":"(anonymous_10)","line":41,"loc":{"start":{"line":41,"column":27},"end":{"line":41,"column":50}}},"11":{"name":"(anonymous_11)","line":63,"loc":{"start":{"line":63,"column":30},"end":{"line":63,"column":41}}},"12":{"name":"(anonymous_12)","line":66,"loc":{"start":{"line":66,"column":24},"end":{"line":66,"column":39}}},"13":{"name":"pointsEqual","line":155,"loc":{"start":{"line":155,"column":2},"end":{"line":155,"column":29}}},"14":{"name":"reverseList","line":160,"loc":{"start":{"line":160,"column":2},"end":{"line":160,"column":29}}},"15":{"name":"ContourBuilder","line":179,"loc":{"start":{"line":179,"column":2},"end":{"line":179,"column":33}}},"16":{"name":"(anonymous_16)","line":184,"loc":{"start":{"line":184,"column":40},"end":{"line":184,"column":55}}},"17":{"name":"(anonymous_17)","line":197,"loc":{"start":{"line":197,"column":40},"end":{"line":197,"column":55}}},"18":{"name":"Conrec","line":337,"loc":{"start":{"line":337,"column":2},"end":{"line":337,"column":31}}},"19":{"name":"(anonymous_19)","line":353,"loc":{"start":{"line":353,"column":25},"end":{"line":353,"column":79}}},"20":{"name":"(anonymous_20)","line":360,"loc":{"start":{"line":360,"column":25},"end":{"line":360,"column":36}}},"21":{"name":"(anonymous_21)","line":379,"loc":{"start":{"line":379,"column":15},"end":{"line":379,"column":30}}},"22":{"name":"(anonymous_22)","line":413,"loc":{"start":{"line":413,"column":29},"end":{"line":413,"column":74}}},"23":{"name":"(anonymous_23)","line":419,"loc":{"start":{"line":419,"column":16},"end":{"line":419,"column":32}}},"24":{"name":"(anonymous_24)","line":423,"loc":{"start":{"line":423,"column":16},"end":{"line":423,"column":32}}}},"statementMap":{"1":{"start":{"line":3,"column":0},"end":{"line":5,"column":0}},"2":{"start":{"line":5,"column":0},"end":{"line":6,"column":0}},"3":{"start":{"line":6,"column":0},"end":{"line":7,"column":0}},"4":{"start":{"line":7,"column":0},"end":{"line":8,"column":0}},"5":{"start":{"line":8,"column":0},"end":{"line":9,"column":0}},"6":{"start":{"line":9,"column":0},"end":{"line":10,"column":0}},"7":{"start":{"line":10,"column":0},"end":{"line":11,"column":0}},"8":{"start":{"line":11,"column":0},"end":{"line":12,"column":0}},"9":{"start":{"line":12,"column":0},"end":{"line":13,"column":0}},"10":{"start":{"line":13,"column":0},"end":{"line":15,"column":0}},"11":{"start":{"line":15,"column":0},"end":{"line":151,"column":2}},"12":{"start":{"line":16,"column":2},"end":{"line":81,"column":0}},"13":{"start":{"line":17,"column":4},"end":{"line":80,"column":2}},"14":{"start":{"line":18,"column":6},"end":{"line":79,"column":4}},"15":{"start":{"line":19,"column":8},"end":{"line":78,"column":6}},"16":{"start":{"line":20,"column":10},"end":{"line":21,"column":10}},"17":{"start":{"line":21,"column":10},"end":{"line":37,"column":10}},"18":{"start":{"line":22,"column":12},"end":{"line":35,"column":10}},"19":{"start":{"line":23,"column":14},"end":{"line":34,"column":12}},"20":{"start":{"line":24,"column":16},"end":{"line":32,"column":17}},"21":{"start":{"line":25,"column":18},"end":{"line":29,"column":16}},"22":{"start":{"line":26,"column":20},"end":{"line":27,"column":20}},"23":{"start":{"line":27,"column":20},"end":{"line":28,"column":18}},"24":{"start":{"line":37,"column":10},"end":{"line":38,"column":10}},"25":{"start":{"line":38,"column":10},"end":{"line":49,"column":11}},"26":{"start":{"line":39,"column":12},"end":{"line":40,"column":12}},"27":{"start":{"line":40,"column":12},"end":{"line":41,"column":12}},"28":{"start":{"line":41,"column":12},"end":{"line":48,"column":12}},"29":{"start":{"line":42,"column":14},"end":{"line":46,"column":15}},"30":{"start":{"line":43,"column":16},"end":{"line":44,"column":14}},"31":{"start":{"line":45,"column":16},"end":{"line":46,"column":14}},"32":{"start":{"line":48,"column":12},"end":{"line":49,"column":10}},"33":{"start":{"line":50,"column":10},"end":{"line":51,"column":10}},"34":{"start":{"line":51,"column":10},"end":{"line":52,"column":10}},"35":{"start":{"line":52,"column":10},"end":{"line":53,"column":10}},"36":{"start":{"line":53,"column":10},"end":{"line":56,"column":11}},"37":{"start":{"line":54,"column":12},"end":{"line":55,"column":12}},"38":{"start":{"line":55,"column":12},"end":{"line":56,"column":10}},"39":{"start":{"line":58,"column":10},"end":{"line":59,"column":10}},"40":{"start":{"line":59,"column":10},"end":{"line":60,"column":10}},"41":{"start":{"line":60,"column":10},"end":{"line":62,"column":10}},"42":{"start":{"line":62,"column":10},"end":{"line":63,"column":10}},"43":{"start":{"line":63,"column":10},"end":{"line":76,"column":10}},"44":{"start":{"line":64,"column":12},"end":{"line":74,"column":13}},"45":{"start":{"line":65,"column":14},"end":{"line":66,"column":14}},"46":{"start":{"line":66,"column":14},"end":{"line":69,"column":14}},"47":{"start":{"line":67,"column":16},"end":{"line":68,"column":14}},"48":{"start":{"line":69,"column":14},"end":{"line":70,"column":14}},"49":{"start":{"line":70,"column":14},"end":{"line":71,"column":14}},"50":{"start":{"line":71,"column":14},"end":{"line":73,"column":14}},"51":{"start":{"line":73,"column":14},"end":{"line":74,"column":12}},"52":{"start":{"line":76,"column":10},"end":{"line":77,"column":8}},"53":{"start":{"line":151,"column":2},"end":{"line":151,"column":26}},"54":{"start":{"line":153,"column":2},"end":{"line":153,"column":22}},"55":{"start":{"line":155,"column":2},"end":{"line":158,"column":3}},"56":{"start":{"line":156,"column":4},"end":{"line":156,"column":37}},"57":{"start":{"line":157,"column":4},"end":{"line":157,"column":35}},"58":{"start":{"line":160,"column":2},"end":{"line":177,"column":3}},"59":{"start":{"line":161,"column":4},"end":{"line":161,"column":23}},"60":{"start":{"line":163,"column":4},"end":{"line":171,"column":5}},"61":{"start":{"line":165,"column":6},"end":{"line":165,"column":25}},"62":{"start":{"line":166,"column":6},"end":{"line":166,"column":24}},"63":{"start":{"line":167,"column":6},"end":{"line":167,"column":21}},"64":{"start":{"line":170,"column":6},"end":{"line":170,"column":16}},"65":{"start":{"line":174,"column":4},"end":{"line":174,"column":25}},"66":{"start":{"line":175,"column":4},"end":{"line":175,"column":26}},"67":{"start":{"line":176,"column":4},"end":{"line":176,"column":21}},"68":{"start":{"line":179,"column":2},"end":{"line":183,"column":3}},"69":{"start":{"line":180,"column":4},"end":{"line":180,"column":23}},"70":{"start":{"line":181,"column":4},"end":{"line":181,"column":18}},"71":{"start":{"line":182,"column":4},"end":{"line":182,"column":19}},"72":{"start":{"line":184,"column":2},"end":{"line":197,"column":2}},"73":{"start":{"line":186,"column":4},"end":{"line":190,"column":5}},"74":{"start":{"line":187,"column":6},"end":{"line":187,"column":33}},"75":{"start":{"line":189,"column":6},"end":{"line":189,"column":25}},"76":{"start":{"line":192,"column":4},"end":{"line":194,"column":5}},"77":{"start":{"line":193,"column":6},"end":{"line":193,"column":33}},"78":{"start":{"line":195,"column":4},"end":{"line":195,"column":17}},"79":{"start":{"line":197,"column":2},"end":{"line":337,"column":2}},"80":{"start":{"line":198,"column":4},"end":{"line":198,"column":20}},"81":{"start":{"line":199,"column":4},"end":{"line":199,"column":18}},"82":{"start":{"line":200,"column":4},"end":{"line":200,"column":18}},"83":{"start":{"line":201,"column":4},"end":{"line":201,"column":25}},"84":{"start":{"line":202,"column":4},"end":{"line":202,"column":25}},"85":{"start":{"line":204,"column":4},"end":{"line":229,"column":5}},"86":{"start":{"line":205,"column":6},"end":{"line":213,"column":7}},"87":{"start":{"line":207,"column":8},"end":{"line":212,"column":9}},"88":{"start":{"line":208,"column":10},"end":{"line":208,"column":18}},"89":{"start":{"line":209,"column":10},"end":{"line":209,"column":26}},"90":{"start":{"line":210,"column":15},"end":{"line":212,"column":9}},"91":{"start":{"line":211,"column":10},"end":{"line":211,"column":18}},"92":{"start":{"line":214,"column":6},"end":{"line":222,"column":7}},"93":{"start":{"line":216,"column":8},"end":{"line":221,"column":9}},"94":{"start":{"line":217,"column":10},"end":{"line":217,"column":18}},"95":{"start":{"line":218,"column":10},"end":{"line":218,"column":26}},"96":{"start":{"line":219,"column":15},"end":{"line":221,"column":9}},"97":{"start":{"line":220,"column":10},"end":{"line":220,"column":18}},"98":{"start":{"line":224,"column":6},"end":{"line":228,"column":7}},"99":{"start":{"line":225,"column":8},"end":{"line":225,"column":14}},"100":{"start":{"line":227,"column":8},"end":{"line":227,"column":21}},"101":{"start":{"line":232,"column":4},"end":{"line":232,"column":60}},"102":{"start":{"line":234,"column":4},"end":{"line":327,"column":5}},"103":{"start":{"line":236,"column":8},"end":{"line":236,"column":36}},"104":{"start":{"line":237,"column":8},"end":{"line":237,"column":36}},"105":{"start":{"line":238,"column":8},"end":{"line":238,"column":21}},"106":{"start":{"line":239,"column":8},"end":{"line":239,"column":21}},"107":{"start":{"line":243,"column":8},"end":{"line":243,"column":75}},"108":{"start":{"line":244,"column":8},"end":{"line":246,"column":9}},"109":{"start":{"line":245,"column":10},"end":{"line":245,"column":27}},"110":{"start":{"line":247,"column":8},"end":{"line":247,"column":20}},"111":{"start":{"line":249,"column":8},"end":{"line":249,"column":21}},"112":{"start":{"line":250,"column":6},"end":{"line":250,"column":12}},"113":{"start":{"line":253,"column":8},"end":{"line":253,"column":24}},"114":{"start":{"line":255,"column":8},"end":{"line":265,"column":9}},"115":{"start":{"line":256,"column":10},"end":{"line":256,"column":28}},"116":{"start":{"line":257,"column":10},"end":{"line":257,"column":25}},"117":{"start":{"line":258,"column":10},"end":{"line":258,"column":28}},"118":{"start":{"line":259,"column":10},"end":{"line":259,"column":23}},"119":{"start":{"line":261,"column":10},"end":{"line":261,"column":25}},"120":{"start":{"line":262,"column":10},"end":{"line":262,"column":28}},"121":{"start":{"line":263,"column":10},"end":{"line":263,"column":28}},"122":{"start":{"line":264,"column":10},"end":{"line":264,"column":23}},"123":{"start":{"line":266,"column":6},"end":{"line":266,"column":12}},"124":{"start":{"line":269,"column":8},"end":{"line":269,"column":24}},"125":{"start":{"line":271,"column":8},"end":{"line":281,"column":9}},"126":{"start":{"line":272,"column":10},"end":{"line":272,"column":28}},"127":{"start":{"line":273,"column":10},"end":{"line":273,"column":25}},"128":{"start":{"line":274,"column":10},"end":{"line":274,"column":28}},"129":{"start":{"line":275,"column":10},"end":{"line":275,"column":23}},"130":{"start":{"line":277,"column":10},"end":{"line":277,"column":25}},"131":{"start":{"line":278,"column":10},"end":{"line":278,"column":28}},"132":{"start":{"line":279,"column":10},"end":{"line":279,"column":28}},"133":{"start":{"line":280,"column":10},"end":{"line":280,"column":23}},"134":{"start":{"line":282,"column":6},"end":{"line":282,"column":12}},"135":{"start":{"line":287,"column":8},"end":{"line":293,"column":9}},"136":{"start":{"line":288,"column":10},"end":{"line":288,"column":61}},"137":{"start":{"line":289,"column":10},"end":{"line":289,"column":28}},"138":{"start":{"line":290,"column":10},"end":{"line":290,"column":23}},"139":{"start":{"line":291,"column":10},"end":{"line":291,"column":27}},"140":{"start":{"line":292,"column":10},"end":{"line":292,"column":16}},"141":{"start":{"line":298,"column":8},"end":{"line":326,"column":7}},"142":{"start":{"line":301,"column":12},"end":{"line":301,"column":28}},"143":{"start":{"line":305,"column":12},"end":{"line":305,"column":35}},"144":{"start":{"line":306,"column":12},"end":{"line":306,"column":35}},"145":{"start":{"line":307,"column":12},"end":{"line":307,"column":30}},"146":{"start":{"line":310,"column":12},"end":{"line":310,"column":32}},"147":{"start":{"line":311,"column":10},"end":{"line":311,"column":16}},"148":{"start":{"line":315,"column":12},"end":{"line":315,"column":28}},"149":{"start":{"line":319,"column":12},"end":{"line":319,"column":35}},"150":{"start":{"line":320,"column":12},"end":{"line":320,"column":35}},"151":{"start":{"line":321,"column":12},"end":{"line":321,"column":30}},"152":{"start":{"line":324,"column":12},"end":{"line":324,"column":32}},"153":{"start":{"line":325,"column":8},"end":{"line":325,"column":14}},"154":{"start":{"line":337,"column":2},"end":{"line":389,"column":3}},"155":{"start":{"line":338,"column":4},"end":{"line":384,"column":5}},"156":{"start":{"line":339,"column":6},"end":{"line":339,"column":19}},"157":{"start":{"line":340,"column":6},"end":{"line":340,"column":22}},"158":{"start":{"line":353,"column":6},"end":{"line":360,"column":6}},"159":{"start":{"line":354,"column":8},"end":{"line":354,"column":31}},"160":{"start":{"line":355,"column":8},"end":{"line":357,"column":9}},"161":{"start":{"line":356,"column":10},"end":{"line":356,"column":64}},"162":{"start":{"line":358,"column":8},"end":{"line":358,"column":66}},"163":{"start":{"line":360,"column":6},"end":{"line":382,"column":4}},"164":{"start":{"line":361,"column":8},"end":{"line":361,"column":19}},"165":{"start":{"line":362,"column":8},"end":{"line":362,"column":27}},"166":{"start":{"line":363,"column":8},"end":{"line":378,"column":9}},"167":{"start":{"line":364,"column":10},"end":{"line":364,"column":25}},"168":{"start":{"line":365,"column":10},"end":{"line":365,"column":33}},"169":{"start":{"line":366,"column":10},"end":{"line":377,"column":11}},"170":{"start":{"line":367,"column":12},"end":{"line":367,"column":27}},"171":{"start":{"line":368,"column":12},"end":{"line":368,"column":24}},"172":{"start":{"line":369,"column":12},"end":{"line":369,"column":29}},"173":{"start":{"line":370,"column":12},"end":{"line":370,"column":21}},"174":{"start":{"line":371,"column":12},"end":{"line":374,"column":13}},"175":{"start":{"line":372,"column":14},"end":{"line":372,"column":27}},"176":{"start":{"line":373,"column":14},"end":{"line":373,"column":25}},"177":{"start":{"line":375,"column":12},"end":{"line":375,"column":23}},"178":{"start":{"line":376,"column":12},"end":{"line":376,"column":23}},"179":{"start":{"line":379,"column":8},"end":{"line":379,"column":52}},"180":{"start":{"line":379,"column":32},"end":{"line":379,"column":49}},"181":{"start":{"line":380,"column":8},"end":{"line":380,"column":17}},"182":{"start":{"line":383,"column":6},"end":{"line":383,"column":37}},"183":{"start":{"line":385,"column":4},"end":{"line":385,"column":27}},"184":{"start":{"line":386,"column":4},"end":{"line":386,"column":27}},"185":{"start":{"line":387,"column":4},"end":{"line":387,"column":27}},"186":{"start":{"line":388,"column":4},"end":{"line":388,"column":27}},"187":{"start":{"line":413,"column":2},"end":{"line":599,"column":0}},"188":{"start":{"line":414,"column":4},"end":{"line":414,"column":61}},"189":{"start":{"line":415,"column":4},"end":{"line":415,"column":39}},"190":{"start":{"line":416,"column":4},"end":{"line":416,"column":23}},"191":{"start":{"line":419,"column":4},"end":{"line":423,"column":4}},"192":{"start":{"line":420,"column":6},"end":{"line":420,"column":55}},"193":{"start":{"line":423,"column":4},"end":{"line":426,"column":4}},"194":{"start":{"line":424,"column":6},"end":{"line":424,"column":55}},"195":{"start":{"line":426,"column":4},"end":{"line":426,"column":11}},"196":{"start":{"line":427,"column":4},"end":{"line":427,"column":11}},"197":{"start":{"line":428,"column":4},"end":{"line":428,"column":11}},"198":{"start":{"line":429,"column":4},"end":{"line":429,"column":19}},"199":{"start":{"line":430,"column":4},"end":{"line":430,"column":13}},"200":{"start":{"line":431,"column":4},"end":{"line":431,"column":13}},"201":{"start":{"line":432,"column":4},"end":{"line":432,"column":17}},"202":{"start":{"line":433,"column":4},"end":{"line":433,"column":17}},"203":{"start":{"line":434,"column":4},"end":{"line":434,"column":17}},"204":{"start":{"line":435,"column":4},"end":{"line":435,"column":17}},"205":{"start":{"line":439,"column":4},"end":{"line":439,"column":26}},"206":{"start":{"line":440,"column":4},"end":{"line":440,"column":26}},"207":{"start":{"line":445,"column":4},"end":{"line":455,"column":6}},"208":{"start":{"line":457,"column":4},"end":{"line":596,"column":5}},"209":{"start":{"line":458,"column":6},"end":{"line":595,"column":7}},"210":{"start":{"line":459,"column":8},"end":{"line":459,"column":25}},"211":{"start":{"line":460,"column":8},"end":{"line":460,"column":44}},"212":{"start":{"line":461,"column":8},"end":{"line":461,"column":48}},"213":{"start":{"line":462,"column":8},"end":{"line":462,"column":38}},"214":{"start":{"line":463,"column":8},"end":{"line":463,"column":44}},"215":{"start":{"line":464,"column":8},"end":{"line":464,"column":48}},"216":{"start":{"line":465,"column":8},"end":{"line":465,"column":38}},"217":{"start":{"line":467,"column":8},"end":{"line":594,"column":9}},"218":{"start":{"line":468,"column":10},"end":{"line":593,"column":11}},"219":{"start":{"line":469,"column":12},"end":{"line":592,"column":13}},"220":{"start":{"line":470,"column":14},"end":{"line":488,"column":15}},"221":{"start":{"line":471,"column":16},"end":{"line":481,"column":17}},"222":{"start":{"line":474,"column":18},"end":{"line":474,"column":54}},"223":{"start":{"line":475,"column":18},"end":{"line":475,"column":39}},"224":{"start":{"line":476,"column":18},"end":{"line":476,"column":39}},"225":{"start":{"line":478,"column":18},"end":{"line":478,"column":52}},"226":{"start":{"line":479,"column":18},"end":{"line":479,"column":42}},"227":{"start":{"line":480,"column":18},"end":{"line":480,"column":42}},"228":{"start":{"line":482,"column":16},"end":{"line":487,"column":28}},"229":{"start":{"line":483,"column":18},"end":{"line":483,"column":28}},"230":{"start":{"line":484,"column":23},"end":{"line":487,"column":28}},"231":{"start":{"line":485,"column":18},"end":{"line":485,"column":29}},"232":{"start":{"line":487,"column":18},"end":{"line":487,"column":28}},"233":{"start":{"line":519,"column":14},"end":{"line":591,"column":15}},"234":{"start":{"line":520,"column":16},"end":{"line":520,"column":23}},"235":{"start":{"line":521,"column":16},"end":{"line":521,"column":23}},"236":{"start":{"line":522,"column":16},"end":{"line":526,"column":17}},"237":{"start":{"line":523,"column":20},"end":{"line":523,"column":29}},"238":{"start":{"line":525,"column":20},"end":{"line":525,"column":27}},"239":{"start":{"line":527,"column":16},"end":{"line":527,"column":66}},"240":{"start":{"line":528,"column":16},"end":{"line":590,"column":17}},"241":{"start":{"line":529,"column":18},"end":{"line":586,"column":19}},"242":{"start":{"line":531,"column":22},"end":{"line":531,"column":32}},"243":{"start":{"line":532,"column":22},"end":{"line":532,"column":32}},"244":{"start":{"line":533,"column":22},"end":{"line":533,"column":32}},"245":{"start":{"line":534,"column":22},"end":{"line":534,"column":32}},"246":{"start":{"line":535,"column":22},"end":{"line":535,"column":28}},"247":{"start":{"line":537,"column":22},"end":{"line":537,"column":32}},"248":{"start":{"line":538,"column":22},"end":{"line":538,"column":32}},"249":{"start":{"line":539,"column":22},"end":{"line":539,"column":32}},"250":{"start":{"line":540,"column":22},"end":{"line":540,"column":32}},"251":{"start":{"line":541,"column":22},"end":{"line":541,"column":28}},"252":{"start":{"line":543,"column":22},"end":{"line":543,"column":32}},"253":{"start":{"line":544,"column":22},"end":{"line":544,"column":32}},"254":{"start":{"line":545,"column":22},"end":{"line":545,"column":32}},"255":{"start":{"line":546,"column":22},"end":{"line":546,"column":32}},"256":{"start":{"line":547,"column":22},"end":{"line":547,"column":28}},"257":{"start":{"line":549,"column":22},"end":{"line":549,"column":32}},"258":{"start":{"line":550,"column":22},"end":{"line":550,"column":32}},"259":{"start":{"line":551,"column":22},"end":{"line":551,"column":38}},"260":{"start":{"line":552,"column":22},"end":{"line":552,"column":38}},"261":{"start":{"line":553,"column":22},"end":{"line":553,"column":28}},"262":{"start":{"line":555,"column":22},"end":{"line":555,"column":32}},"263":{"start":{"line":556,"column":22},"end":{"line":556,"column":32}},"264":{"start":{"line":557,"column":22},"end":{"line":557,"column":38}},"265":{"start":{"line":558,"column":22},"end":{"line":558,"column":38}},"266":{"start":{"line":559,"column":22},"end":{"line":559,"column":28}},"267":{"start":{"line":561,"column":22},"end":{"line":561,"column":32}},"268":{"start":{"line":562,"column":22},"end":{"line":562,"column":32}},"269":{"start":{"line":563,"column":22},"end":{"line":563,"column":38}},"270":{"start":{"line":564,"column":22},"end":{"line":564,"column":38}},"271":{"start":{"line":565,"column":22},"end":{"line":565,"column":28}},"272":{"start":{"line":567,"column":22},"end":{"line":567,"column":38}},"273":{"start":{"line":568,"column":22},"end":{"line":568,"column":38}},"274":{"start":{"line":569,"column":22},"end":{"line":569,"column":38}},"275":{"start":{"line":570,"column":22},"end":{"line":570,"column":38}},"276":{"start":{"line":571,"column":22},"end":{"line":571,"column":28}},"277":{"start":{"line":573,"column":22},"end":{"line":573,"column":38}},"278":{"start":{"line":574,"column":22},"end":{"line":574,"column":38}},"279":{"start":{"line":575,"column":22},"end":{"line":575,"column":38}},"280":{"start":{"line":576,"column":22},"end":{"line":576,"column":38}},"281":{"start":{"line":577,"column":22},"end":{"line":577,"column":28}},"282":{"start":{"line":579,"column":22},"end":{"line":579,"column":38}},"283":{"start":{"line":580,"column":22},"end":{"line":580,"column":38}},"284":{"start":{"line":581,"column":22},"end":{"line":581,"column":38}},"285":{"start":{"line":582,"column":22},"end":{"line":582,"column":38}},"286":{"start":{"line":583,"column":22},"end":{"line":583,"column":28}},"287":{"start":{"line":585,"column":22},"end":{"line":585,"column":28}},"288":{"start":{"line":589,"column":18},"end":{"line":589,"column":50}}},"branchMap":{"1":{"line":24,"type":"if","locations":[{"start":{"line":24,"column":16},"end":{"line":24,"column":16}},{"start":{"line":24,"column":16},"end":{"line":24,"column":16}}]},"2":{"line":42,"type":"if","locations":[{"start":{"line":42,"column":14},"end":{"line":42,"column":14}},{"start":{"line":42,"column":14},"end":{"line":42,"column":14}}]},"3":{"line":64,"type":"if","locations":[{"start":{"line":64,"column":12},"end":{"line":64,"column":12}},{"start":{"line":64,"column":12},"end":{"line":64,"column":12}}]},"4":{"line":186,"type":"if","locations":[{"start":{"line":186,"column":4},"end":{"line":186,"column":4}},{"start":{"line":186,"column":4},"end":{"line":186,"column":4}}]},"5":{"line":192,"type":"if","locations":[{"start":{"line":192,"column":4},"end":{"line":192,"column":4}},{"start":{"line":192,"column":4},"end":{"line":192,"column":4}}]},"6":{"line":205,"type":"if","locations":[{"start":{"line":205,"column":6},"end":{"line":205,"column":6}},{"start":{"line":205,"column":6},"end":{"line":205,"column":6}}]},"7":{"line":207,"type":"if","locations":[{"start":{"line":207,"column":8},"end":{"line":207,"column":8}},{"start":{"line":207,"column":8},"end":{"line":207,"column":8}}]},"8":{"line":210,"type":"if","locations":[{"start":{"line":210,"column":15},"end":{"line":210,"column":15}},{"start":{"line":210,"column":15},"end":{"line":210,"column":15}}]},"9":{"line":214,"type":"if","locations":[{"start":{"line":214,"column":6},"end":{"line":214,"column":6}},{"start":{"line":214,"column":6},"end":{"line":214,"column":6}}]},"10":{"line":216,"type":"if","locations":[{"start":{"line":216,"column":8},"end":{"line":216,"column":8}},{"start":{"line":216,"column":8},"end":{"line":216,"column":8}}]},"11":{"line":219,"type":"if","locations":[{"start":{"line":219,"column":15},"end":{"line":219,"column":15}},{"start":{"line":219,"column":15},"end":{"line":219,"column":15}}]},"12":{"line":224,"type":"if","locations":[{"start":{"line":224,"column":6},"end":{"line":224,"column":6}},{"start":{"line":224,"column":6},"end":{"line":224,"column":6}}]},"13":{"line":224,"type":"binary-expr","locations":[{"start":{"line":224,"column":10},"end":{"line":224,"column":20}},{"start":{"line":224,"column":24},"end":{"line":224,"column":34}}]},"14":{"line":232,"type":"cond-expr","locations":[{"start":{"line":232,"column":28},"end":{"line":232,"column":29}},{"start":{"line":232,"column":32},"end":{"line":232,"column":33}}]},"15":{"line":232,"type":"cond-expr","locations":[{"start":{"line":232,"column":53},"end":{"line":232,"column":54}},{"start":{"line":232,"column":57},"end":{"line":232,"column":58}}]},"16":{"line":234,"type":"switch","locations":[{"start":{"line":235,"column":6},"end":{"line":250,"column":12}},{"start":{"line":252,"column":6},"end":{"line":266,"column":12}},{"start":{"line":268,"column":6},"end":{"line":282,"column":12}},{"start":{"line":284,"column":6},"end":{"line":326,"column":7}}]},"17":{"line":244,"type":"if","locations":[{"start":{"line":244,"column":8},"end":{"line":244,"column":8}},{"start":{"line":244,"column":8},"end":{"line":244,"column":8}}]},"18":{"line":255,"type":"if","locations":[{"start":{"line":255,"column":8},"end":{"line":255,"column":8}},{"start":{"line":255,"column":8},"end":{"line":255,"column":8}}]},"19":{"line":271,"type":"if","locations":[{"start":{"line":271,"column":8},"end":{"line":271,"column":8}},{"start":{"line":271,"column":8},"end":{"line":271,"column":8}}]},"20":{"line":287,"type":"if","locations":[{"start":{"line":287,"column":8},"end":{"line":287,"column":8}},{"start":{"line":287,"column":8},"end":{"line":287,"column":8}}]},"21":{"line":298,"type":"switch","locations":[{"start":{"line":299,"column":10},"end":{"line":301,"column":28}},{"start":{"line":303,"column":10},"end":{"line":311,"column":16}},{"start":{"line":313,"column":10},"end":{"line":315,"column":28}},{"start":{"line":317,"column":10},"end":{"line":325,"column":14}}]},"22":{"line":298,"type":"cond-expr","locations":[{"start":{"line":298,"column":27},"end":{"line":298,"column":28}},{"start":{"line":298,"column":31},"end":{"line":298,"column":32}}]},"23":{"line":298,"type":"cond-expr","locations":[{"start":{"line":298,"column":48},"end":{"line":298,"column":49}},{"start":{"line":298,"column":52},"end":{"line":298,"column":53}}]},"24":{"line":338,"type":"if","locations":[{"start":{"line":338,"column":4},"end":{"line":338,"column":4}},{"start":{"line":338,"column":4},"end":{"line":338,"column":4}}]},"25":{"line":355,"type":"if","locations":[{"start":{"line":355,"column":8},"end":{"line":355,"column":8}},{"start":{"line":355,"column":8},"end":{"line":355,"column":8}}]},"26":{"line":371,"type":"binary-expr","locations":[{"start":{"line":371,"column":19},"end":{"line":371,"column":20}},{"start":{"line":371,"column":24},"end":{"line":371,"column":27}}]},"27":{"line":467,"type":"if","locations":[{"start":{"line":467,"column":8},"end":{"line":467,"column":8}},{"start":{"line":467,"column":8},"end":{"line":467,"column":8}}]},"28":{"line":467,"type":"binary-expr","locations":[{"start":{"line":467,"column":12},"end":{"line":467,"column":22}},{"start":{"line":467,"column":24},"end":{"line":467,"column":37}}]},"29":{"line":469,"type":"if","locations":[{"start":{"line":469,"column":12},"end":{"line":469,"column":12}},{"start":{"line":469,"column":12},"end":{"line":469,"column":12}}]},"30":{"line":469,"type":"binary-expr","locations":[{"start":{"line":469,"column":16},"end":{"line":469,"column":26}},{"start":{"line":469,"column":28},"end":{"line":469,"column":38}}]},"31":{"line":471,"type":"if","locations":[{"start":{"line":471,"column":16},"end":{"line":471,"column":16}},{"start":{"line":471,"column":16},"end":{"line":471,"column":16}}]},"32":{"line":482,"type":"if","locations":[{"start":{"line":482,"column":16},"end":{"line":482,"column":16}},{"start":{"line":482,"column":16},"end":{"line":482,"column":16}}]},"33":{"line":484,"type":"if","locations":[{"start":{"line":484,"column":23},"end":{"line":484,"column":23}},{"start":{"line":484,"column":23},"end":{"line":484,"column":23}}]},"34":{"line":522,"type":"if","locations":[{"start":{"line":522,"column":16},"end":{"line":522,"column":16}},{"start":{"line":522,"column":16},"end":{"line":522,"column":16}}]},"35":{"line":528,"type":"if","locations":[{"start":{"line":528,"column":16},"end":{"line":528,"column":16}},{"start":{"line":528,"column":16},"end":{"line":528,"column":16}}]},"36":{"line":529,"type":"switch","locations":[{"start":{"line":530,"column":20},"end":{"line":535,"column":28}},{"start":{"line":536,"column":20},"end":{"line":541,"column":28}},{"start":{"line":542,"column":20},"end":{"line":547,"column":28}},{"start":{"line":548,"column":20},"end":{"line":553,"column":28}},{"start":{"line":554,"column":20},"end":{"line":559,"column":28}},{"start":{"line":560,"column":20},"end":{"line":565,"column":28}},{"start":{"line":566,"column":20},"end":{"line":571,"column":28}},{"start":{"line":572,"column":20},"end":{"line":577,"column":28}},{"start":{"line":578,"column":20},"end":{"line":583,"column":28}},{"start":{"line":584,"column":20},"end":{"line":585,"column":28}}]}}},"/Users/morgan/Documents/turf/lib/tin.js":{"path":"/Users/morgan/Documents/turf/lib/tin.js","s":{"1":1,"2":1,"3":1,"4":1,"5":1,"6":1,"7":17,"8":17,"9":272,"10":17,"11":17,"12":17,"13":379,"14":379,"15":379,"16":17,"17":13,"18":292,"19":292,"20":876,"21":876,"22":292,"23":584,"24":292,"25":292,"26":292,"27":876,"28":17,"29":379,"30":17,"31":1,"32":379,"33":379,"34":379,"35":379,"36":379,"37":1,"38":1351,"39":1351,"40":1351,"41":1351,"42":1351,"43":0,"44":0,"45":0,"46":0,"47":0,"48":0,"49":0,"50":1351,"51":1351,"52":1351,"53":1351,"54":1351,"55":1,"56":0,"57":0,"58":0,"59":0,"60":0,"61":0,"62":1,"63":839,"64":1,"65":272,"66":272,"67":272,"68":1852,"69":1852,"70":1852,"71":1852,"72":6731,"73":6731,"74":6731,"75":518,"76":518,"77":518,"78":518,"79":1,"80":17,"81":0,"82":17,"83":17,"84":17,"85":255,"86":45,"87":255,"88":48,"89":17,"90":17,"91":17,"92":272,"93":272,"94":272,"95":2794,"96":2794,"97":321,"98":321,"99":321,"100":2473,"101":2473,"102":1683,"103":790,"104":790,"105":272,"106":272,"107":272,"108":1334,"109":1334,"110":1334,"111":17,"112":17,"113":17,"114":561,"115":182,"116":17},"b":{"1":[13,4],"2":[292,584],"3":[292,292],"4":[292,0],"5":[379,0],"6":[0,1351],"7":[518,6213],"8":[6731,783,6731,2043],"9":[0,17],"10":[45,210],"11":[48,207],"12":[6,11],"13":[321,2473],"14":[2794,1624],"15":[1683,790],"16":[182,379],"17":[561,445,379]},"f":{"1":17,"2":272,"3":379,"4":292,"5":876,"6":876,"7":379,"8":379,"9":379,"10":1351,"11":0,"12":839,"13":272,"14":17},"fnMap":{"1":{"name":"(anonymous_1)","line":12,"loc":{"start":{"line":12,"column":17},"end":{"line":12,"column":42}}},"2":{"name":"(anonymous_2)","line":15,"loc":{"start":{"line":15,"column":26},"end":{"line":15,"column":37}}},"3":{"name":"(anonymous_3)","line":24,"loc":{"start":{"line":24,"column":23},"end":{"line":24,"column":41}}},"4":{"name":"(anonymous_4)","line":32,"loc":{"start":{"line":32,"column":31},"end":{"line":32,"column":44}}},"5":{"name":"(anonymous_5)","line":34,"loc":{"start":{"line":34,"column":42},"end":{"line":34,"column":53}}},"6":{"name":"(anonymous_6)","line":35,"loc":{"start":{"line":35,"column":47},"end":{"line":35,"column":69}}},"7":{"name":"(anonymous_7)","line":51,"loc":{"start":{"line":51,"column":29},"end":{"line":51,"column":42}}},"8":{"name":"correctRings","line":57,"loc":{"start":{"line":57,"column":0},"end":{"line":57,"column":27}}},"9":{"name":"(anonymous_9)","line":58,"loc":{"start":{"line":58,"column":36},"end":{"line":58,"column":50}}},"10":{"name":"Triangle","line":67,"loc":{"start":{"line":67,"column":0},"end":{"line":67,"column":27}}},"11":{"name":"(anonymous_11)","line":103,"loc":{"start":{"line":103,"column":26},"end":{"line":103,"column":40}}},"12":{"name":"byX","line":112,"loc":{"start":{"line":112,"column":0},"end":{"line":112,"column":19}}},"13":{"name":"dedup","line":116,"loc":{"start":{"line":116,"column":0},"end":{"line":116,"column":22}}},"14":{"name":"triangulate","line":137,"loc":{"start":{"line":137,"column":0},"end":{"line":137,"column":31}}}},"statementMap":{"1":{"start":{"line":3,"column":0},"end":{"line":4,"column":0}},"2":{"start":{"line":4,"column":0},"end":{"line":8,"column":0}},"3":{"start":{"line":8,"column":0},"end":{"line":9,"column":0}},"4":{"start":{"line":9,"column":0},"end":{"line":10,"column":0}},"5":{"start":{"line":10,"column":0},"end":{"line":12,"column":0}},"6":{"start":{"line":12,"column":0},"end":{"line":57,"column":0}},"7":{"start":{"line":14,"column":2},"end":{"line":15,"column":2}},"8":{"start":{"line":15,"column":2},"end":{"line":19,"column":2}},"9":{"start":{"line":16,"column":4},"end":{"line":17,"column":2}},"10":{"start":{"line":19,"column":2},"end":{"line":20,"column":2}},"11":{"start":{"line":20,"column":2},"end":{"line":24,"column":2}},"12":{"start":{"line":24,"column":2},"end":{"line":30,"column":2}},"13":{"start":{"line":25,"column":4},"end":{"line":26,"column":4}},"14":{"start":{"line":26,"column":4},"end":{"line":28,"column":4}},"15":{"start":{"line":28,"column":4},"end":{"line":29,"column":2}},"16":{"start":{"line":30,"column":2},"end":{"line":49,"column":3}},"17":{"start":{"line":32,"column":4},"end":{"line":49,"column":2}},"18":{"start":{"line":33,"column":6},"end":{"line":34,"column":6}},"19":{"start":{"line":34,"column":6},"end":{"line":48,"column":4}},"20":{"start":{"line":35,"column":8},"end":{"line":47,"column":6}},"21":{"start":{"line":36,"column":10},"end":{"line":44,"column":11}},"22":{"start":{"line":37,"column":12},"end":{"line":38,"column":10}},"23":{"start":{"line":39,"column":15},"end":{"line":44,"column":11}},"24":{"start":{"line":40,"column":12},"end":{"line":41,"column":10}},"25":{"start":{"line":42,"column":15},"end":{"line":44,"column":11}},"26":{"start":{"line":43,"column":12},"end":{"line":44,"column":10}},"27":{"start":{"line":45,"column":10},"end":{"line":46,"column":8}},"28":{"start":{"line":51,"column":2},"end":{"line":54,"column":2}},"29":{"start":{"line":52,"column":4},"end":{"line":53,"column":2}},"30":{"start":{"line":54,"column":2},"end":{"line":55,"column":0}},"31":{"start":{"line":57,"column":0},"end":{"line":65,"column":1}},"32":{"start":{"line":58,"column":2},"end":{"line":64,"column":2}},"33":{"start":{"line":59,"column":4},"end":{"line":60,"column":4}},"34":{"start":{"line":60,"column":4},"end":{"line":62,"column":5}},"35":{"start":{"line":61,"column":6},"end":{"line":62,"column":4}},"36":{"start":{"line":64,"column":2},"end":{"line":65,"column":0}},"37":{"start":{"line":67,"column":0},"end":{"line":101,"column":1}},"38":{"start":{"line":68,"column":2},"end":{"line":69,"column":2}},"39":{"start":{"line":69,"column":2},"end":{"line":70,"column":2}},"40":{"start":{"line":70,"column":2},"end":{"line":72,"column":2}},"41":{"start":{"line":72,"column":2},"end":{"line":83,"column":2}},"42":{"start":{"line":83,"column":2},"end":{"line":100,"column":3}},"43":{"start":{"line":84,"column":4},"end":{"line":85,"column":4}},"44":{"start":{"line":85,"column":4},"end":{"line":86,"column":4}},"45":{"start":{"line":86,"column":4},"end":{"line":87,"column":4}},"46":{"start":{"line":87,"column":4},"end":{"line":89,"column":4}},"47":{"start":{"line":89,"column":4},"end":{"line":90,"column":4}},"48":{"start":{"line":90,"column":4},"end":{"line":91,"column":4}},"49":{"start":{"line":91,"column":4},"end":{"line":92,"column":2}},"50":{"start":{"line":95,"column":4},"end":{"line":96,"column":4}},"51":{"start":{"line":96,"column":4},"end":{"line":97,"column":4}},"52":{"start":{"line":97,"column":4},"end":{"line":98,"column":4}},"53":{"start":{"line":98,"column":4},"end":{"line":99,"column":4}},"54":{"start":{"line":99,"column":4},"end":{"line":100,"column":2}},"55":{"start":{"line":103,"column":0},"end":{"line":112,"column":0}},"56":{"start":{"line":104,"column":2},"end":{"line":105,"column":2}},"57":{"start":{"line":105,"column":2},"end":{"line":106,"column":2}},"58":{"start":{"line":106,"column":2},"end":{"line":107,"column":2}},"59":{"start":{"line":107,"column":2},"end":{"line":108,"column":2}},"60":{"start":{"line":108,"column":2},"end":{"line":109,"column":2}},"61":{"start":{"line":109,"column":2},"end":{"line":110,"column":0}},"62":{"start":{"line":112,"column":0},"end":{"line":114,"column":1}},"63":{"start":{"line":113,"column":2},"end":{"line":114,"column":0}},"64":{"start":{"line":116,"column":0},"end":{"line":135,"column":1}},"65":{"start":{"line":117,"column":2},"end":{"line":120,"column":2}},"66":{"start":{"line":120,"column":2},"end":{"line":134,"column":3}},"67":{"start":{"line":120,"column":9},"end":{"line":134,"column":3}},"68":{"start":{"line":121,"column":4},"end":{"line":122,"column":4}},"69":{"start":{"line":122,"column":4},"end":{"line":123,"column":4}},"70":{"start":{"line":123,"column":4},"end":{"line":124,"column":4}},"71":{"start":{"line":124,"column":4},"end":{"line":133,"column":5}},"72":{"start":{"line":125,"column":6},"end":{"line":126,"column":6}},"73":{"start":{"line":126,"column":6},"end":{"line":127,"column":6}},"74":{"start":{"line":127,"column":6},"end":{"line":132,"column":7}},"75":{"start":{"line":128,"column":8},"end":{"line":129,"column":8}},"76":{"start":{"line":129,"column":8},"end":{"line":130,"column":8}},"77":{"start":{"line":130,"column":8},"end":{"line":131,"column":8}},"78":{"start":{"line":131,"column":8},"end":{"line":132,"column":6}},"79":{"start":{"line":137,"column":0},"end":{"line":240,"column":1}},"80":{"start":{"line":139,"column":2},"end":{"line":145,"column":2}},"81":{"start":{"line":140,"column":4},"end":{"line":145,"column":2}},"82":{"start":{"line":145,"column":2},"end":{"line":147,"column":2}},"83":{"start":{"line":147,"column":2},"end":{"line":153,"column":2}},"84":{"start":{"line":153,"column":2},"end":{"line":156,"column":3}},"85":{"start":{"line":154,"column":4},"end":{"line":155,"column":4}},"86":{"start":{"line":154,"column":29},"end":{"line":155,"column":4}},"87":{"start":{"line":155,"column":4},"end":{"line":156,"column":2}},"88":{"start":{"line":155,"column":29},"end":{"line":156,"column":2}},"89":{"start":{"line":166,"column":2},"end":{"line":183,"column":2}},"90":{"start":{"line":183,"column":2},"end":{"line":184,"column":2}},"91":{"start":{"line":184,"column":2},"end":{"line":225,"column":3}},"92":{"start":{"line":188,"column":4},"end":{"line":189,"column":4}},"93":{"start":{"line":189,"column":4},"end":{"line":190,"column":4}},"94":{"start":{"line":190,"column":4},"end":{"line":213,"column":5}},"95":{"start":{"line":194,"column":6},"end":{"line":195,"column":6}},"96":{"start":{"line":195,"column":6},"end":{"line":199,"column":7}},"97":{"start":{"line":196,"column":8},"end":{"line":197,"column":8}},"98":{"start":{"line":197,"column":8},"end":{"line":198,"column":8}},"99":{"start":{"line":198,"column":8},"end":{"line":198,"column":16}},"100":{"start":{"line":202,"column":6},"end":{"line":203,"column":6}},"101":{"start":{"line":203,"column":6},"end":{"line":204,"column":16}},"102":{"start":{"line":204,"column":8},"end":{"line":204,"column":16}},"103":{"start":{"line":207,"column":6},"end":{"line":212,"column":6}},"104":{"start":{"line":212,"column":6},"end":{"line":213,"column":4}},"105":{"start":{"line":216,"column":4},"end":{"line":219,"column":4}},"106":{"start":{"line":219,"column":4},"end":{"line":220,"column":4}},"107":{"start":{"line":220,"column":4},"end":{"line":224,"column":5}},"108":{"start":{"line":221,"column":6},"end":{"line":222,"column":6}},"109":{"start":{"line":222,"column":6},"end":{"line":223,"column":6}},"110":{"start":{"line":223,"column":6},"end":{"line":224,"column":4}},"111":{"start":{"line":229,"column":2},"end":{"line":231,"column":2}},"112":{"start":{"line":231,"column":2},"end":{"line":232,"column":2}},"113":{"start":{"line":232,"column":2},"end":{"line":239,"column":2}},"114":{"start":{"line":233,"column":4},"end":{"line":239,"column":2}},"115":{"start":{"line":236,"column":6},"end":{"line":239,"column":2}},"116":{"start":{"line":239,"column":2},"end":{"line":240,"column":0}}},"branchMap":{"1":{"line":30,"type":"if","locations":[{"start":{"line":30,"column":2},"end":{"line":30,"column":2}},{"start":{"line":30,"column":2},"end":{"line":30,"column":2}}]},"2":{"line":36,"type":"if","locations":[{"start":{"line":36,"column":10},"end":{"line":36,"column":10}},{"start":{"line":36,"column":10},"end":{"line":36,"column":10}}]},"3":{"line":39,"type":"if","locations":[{"start":{"line":39,"column":15},"end":{"line":39,"column":15}},{"start":{"line":39,"column":15},"end":{"line":39,"column":15}}]},"4":{"line":42,"type":"if","locations":[{"start":{"line":42,"column":15},"end":{"line":42,"column":15}},{"start":{"line":42,"column":15},"end":{"line":42,"column":15}}]},"5":{"line":60,"type":"if","locations":[{"start":{"line":60,"column":4},"end":{"line":60,"column":4}},{"start":{"line":60,"column":4},"end":{"line":60,"column":4}}]},"6":{"line":83,"type":"if","locations":[{"start":{"line":83,"column":2},"end":{"line":83,"column":2}},{"start":{"line":83,"column":2},"end":{"line":83,"column":2}}]},"7":{"line":127,"type":"if","locations":[{"start":{"line":127,"column":6},"end":{"line":127,"column":6}},{"start":{"line":127,"column":6},"end":{"line":127,"column":6}}]},"8":{"line":127,"type":"binary-expr","locations":[{"start":{"line":127,"column":10},"end":{"line":127,"column":17}},{"start":{"line":127,"column":21},"end":{"line":127,"column":28}},{"start":{"line":127,"column":34},"end":{"line":127,"column":41}},{"start":{"line":127,"column":45},"end":{"line":127,"column":52}}]},"9":{"line":139,"type":"if","locations":[{"start":{"line":139,"column":2},"end":{"line":139,"column":2}},{"start":{"line":139,"column":2},"end":{"line":139,"column":2}}]},"10":{"line":154,"type":"if","locations":[{"start":{"line":154,"column":4},"end":{"line":154,"column":4}},{"start":{"line":154,"column":4},"end":{"line":154,"column":4}}]},"11":{"line":155,"type":"if","locations":[{"start":{"line":155,"column":4},"end":{"line":155,"column":4}},{"start":{"line":155,"column":4},"end":{"line":155,"column":4}}]},"12":{"line":168,"type":"cond-expr","locations":[{"start":{"line":168,"column":27},"end":{"line":168,"column":29}},{"start":{"line":168,"column":32},"end":{"line":168,"column":34}}]},"13":{"line":195,"type":"if","locations":[{"start":{"line":195,"column":6},"end":{"line":195,"column":6}},{"start":{"line":195,"column":6},"end":{"line":195,"column":6}}]},"14":{"line":195,"type":"binary-expr","locations":[{"start":{"line":195,"column":9},"end":{"line":195,"column":15}},{"start":{"line":195,"column":19},"end":{"line":195,"column":38}}]},"15":{"line":203,"type":"if","locations":[{"start":{"line":203,"column":6},"end":{"line":203,"column":6}},{"start":{"line":203,"column":6},"end":{"line":203,"column":6}}]},"16":{"line":233,"type":"if","locations":[{"start":{"line":233,"column":4},"end":{"line":233,"column":4}},{"start":{"line":233,"column":4},"end":{"line":233,"column":4}}]},"17":{"line":233,"type":"binary-expr","locations":[{"start":{"line":233,"column":7},"end":{"line":233,"column":29}},{"start":{"line":234,"column":7},"end":{"line":234,"column":29}},{"start":{"line":235,"column":7},"end":{"line":235,"column":29}}]}}},"/Users/morgan/Documents/turf/lib/polygon.js":{"path":"/Users/morgan/Documents/turf/lib/polygon.js","s":{"1":1,"2":484,"3":0,"4":484,"5":484,"6":104,"7":484},"b":{"1":[0,484],"2":[104,380]},"f":{"1":484},"fnMap":{"1":{"name":"(anonymous_1)","line":1,"loc":{"start":{"line":1,"column":17},"end":{"line":1,"column":50}}}},"statementMap":{"1":{"start":{"line":1,"column":0},"end":{"line":23,"column":0}},"2":{"start":{"line":2,"column":2},"end":{"line":3,"column":2}},"3":{"start":{"line":2,"column":27},"end":{"line":3,"column":2}},"4":{"start":{"line":3,"column":2},"end":{"line":11,"column":2}},"5":{"start":{"line":11,"column":2},"end":{"line":13,"column":3}},"6":{"start":{"line":12,"column":4},"end":{"line":13,"column":2}},"7":{"start":{"line":15,"column":2},"end":{"line":16,"column":0}}},"branchMap":{"1":{"line":2,"type":"if","locations":[{"start":{"line":2,"column":2},"end":{"line":2,"column":2}},{"start":{"line":2,"column":2},"end":{"line":2,"column":2}}]},"2":{"line":11,"type":"if","locations":[{"start":{"line":11,"column":2},"end":{"line":11,"column":2}},{"start":{"line":11,"column":2},"end":{"line":11,"column":2}}]}}},"/Users/morgan/Documents/turf/lib/nearest.js":{"path":"/Users/morgan/Documents/turf/lib/nearest.js","s":{"1":1,"2":1,"3":1,"4":1,"5":877,"6":877,"7":877,"8":877,"9":15317,"10":877,"11":877,"12":877,"13":14440,"14":14440,"15":2526,"16":2526,"17":14440,"18":877,"19":15317,"20":1,"21":877,"22":877},"b":{"1":[877,14440],"2":[2526,11914],"3":[877,13563]},"f":{"1":877,"2":15317,"3":877,"4":14440,"5":877},"fnMap":{"1":{"name":"(anonymous_1)","line":6,"loc":{"start":{"line":6,"column":17},"end":{"line":6,"column":52}}},"2":{"name":"(anonymous_2)","line":10,"loc":{"start":{"line":10,"column":29},"end":{"line":10,"column":41}}},"3":{"name":"(anonymous_3)","line":13,"loc":{"start":{"line":13,"column":43},"end":{"line":13,"column":62}}},"4":{"name":"(anonymous_4)","line":18,"loc":{"start":{"line":18,"column":43},"end":{"line":18,"column":62}}},"5":{"name":"complete","line":31,"loc":{"start":{"line":31,"column":2},"end":{"line":31,"column":24}}}},"statementMap":{"1":{"start":{"line":1,"column":0},"end":{"line":2,"column":0}},"2":{"start":{"line":2,"column":0},"end":{"line":4,"column":0}},"3":{"start":{"line":4,"column":0},"end":{"line":6,"column":0}},"4":{"start":{"line":6,"column":0},"end":{"line":36,"column":0}},"5":{"start":{"line":7,"column":2},"end":{"line":8,"column":2}},"6":{"start":{"line":8,"column":2},"end":{"line":9,"column":2}},"7":{"start":{"line":9,"column":2},"end":{"line":10,"column":2}},"8":{"start":{"line":10,"column":2},"end":{"line":31,"column":2}},"9":{"start":{"line":11,"column":4},"end":{"line":27,"column":5}},"10":{"start":{"line":12,"column":6},"end":{"line":13,"column":6}},"11":{"start":{"line":13,"column":6},"end":{"line":16,"column":4}},"12":{"start":{"line":14,"column":8},"end":{"line":15,"column":6}},"13":{"start":{"line":18,"column":6},"end":{"line":27,"column":4}},"14":{"start":{"line":19,"column":8},"end":{"line":22,"column":9}},"15":{"start":{"line":20,"column":10},"end":{"line":21,"column":10}},"16":{"start":{"line":21,"column":10},"end":{"line":22,"column":8}},"17":{"start":{"line":23,"column":8},"end":{"line":25,"column":9}},"18":{"start":{"line":24,"column":10},"end":{"line":25,"column":8}},"19":{"start":{"line":28,"column":4},"end":{"line":29,"column":2}},"20":{"start":{"line":31,"column":2},"end":{"line":34,"column":3}},"21":{"start":{"line":32,"column":4},"end":{"line":33,"column":4}},"22":{"start":{"line":33,"column":4},"end":{"line":34,"column":2}}},"branchMap":{"1":{"line":11,"type":"if","locations":[{"start":{"line":11,"column":4},"end":{"line":11,"column":4}},{"start":{"line":11,"column":4},"end":{"line":11,"column":4}}]},"2":{"line":19,"type":"if","locations":[{"start":{"line":19,"column":8},"end":{"line":19,"column":8}},{"start":{"line":19,"column":8},"end":{"line":19,"column":8}}]},"3":{"line":23,"type":"if","locations":[{"start":{"line":23,"column":8},"end":{"line":23,"column":8}},{"start":{"line":23,"column":8},"end":{"line":23,"column":8}}]}}},"/Users/morgan/Documents/turf/lib/distance.js":{"path":"/Users/morgan/Documents/turf/lib/distance.js","s":{"1":1,"2":15396,"3":61584,"4":15396,"5":15396,"6":15396,"7":15396,"8":15396,"9":15396,"10":15396,"11":15396,"12":15396,"13":15396,"14":15394,"15":15394,"16":0,"17":0,"18":2,"19":2,"20":0,"21":0,"22":15396,"23":15396},"b":{"1":[15394,0,2,0]},"f":{"1":15396,"2":61584},"fnMap":{"1":{"name":"(anonymous_1)","line":5,"loc":{"start":{"line":5,"column":17},"end":{"line":5,"column":54}}},"2":{"name":"(anonymous_2)","line":6,"loc":{"start":{"line":6,"column":14},"end":{"line":6,"column":30}}}},"statementMap":{"1":{"start":{"line":5,"column":0},"end":{"line":45,"column":0}},"2":{"start":{"line":6,"column":2},"end":{"line":9,"column":2}},"3":{"start":{"line":7,"column":4},"end":{"line":8,"column":2}},"4":{"start":{"line":9,"column":2},"end":{"line":10,"column":2}},"5":{"start":{"line":10,"column":2},"end":{"line":17,"column":2}},"6":{"start":{"line":17,"column":2},"end":{"line":18,"column":2}},"7":{"start":{"line":18,"column":2},"end":{"line":19,"column":2}},"8":{"start":{"line":19,"column":2},"end":{"line":20,"column":2}},"9":{"start":{"line":20,"column":2},"end":{"line":21,"column":2}},"10":{"start":{"line":21,"column":2},"end":{"line":23,"column":2}},"11":{"start":{"line":23,"column":2},"end":{"line":25,"column":2}},"12":{"start":{"line":25,"column":2},"end":{"line":26,"column":2}},"13":{"start":{"line":26,"column":2},"end":{"line":39,"column":3}},"14":{"start":{"line":28,"column":6},"end":{"line":29,"column":6}},"15":{"start":{"line":29,"column":6},"end":{"line":29,"column":11}},"16":{"start":{"line":31,"column":6},"end":{"line":32,"column":6}},"17":{"start":{"line":32,"column":6},"end":{"line":32,"column":11}},"18":{"start":{"line":34,"column":6},"end":{"line":35,"column":6}},"19":{"start":{"line":35,"column":6},"end":{"line":35,"column":11}},"20":{"start":{"line":37,"column":6},"end":{"line":38,"column":6}},"21":{"start":{"line":38,"column":6},"end":{"line":38,"column":11}},"22":{"start":{"line":40,"column":2},"end":{"line":41,"column":2}},"23":{"start":{"line":41,"column":2},"end":{"line":42,"column":0}}},"branchMap":{"1":{"line":26,"type":"switch","locations":[{"start":{"line":27,"column":4},"end":{"line":29,"column":11}},{"start":{"line":30,"column":4},"end":{"line":32,"column":11}},{"start":{"line":33,"column":4},"end":{"line":35,"column":11}},{"start":{"line":36,"column":4},"end":{"line":38,"column":11}}]}}},"/Users/morgan/Documents/turf/lib/point.js":{"path":"/Users/morgan/Documents/turf/lib/point.js","s":{"1":1,"2":5267,"3":0,"4":5267,"5":5267},"b":{"1":[0,5267],"2":[5267,5267]},"f":{"1":5267},"fnMap":{"1":{"name":"(anonymous_1)","line":1,"loc":{"start":{"line":1,"column":17},"end":{"line":1,"column":43}}}},"statementMap":{"1":{"start":{"line":1,"column":0},"end":{"line":13,"column":0}},"2":{"start":{"line":2,"column":2},"end":{"line":3,"column":2}},"3":{"start":{"line":2,"column":31},"end":{"line":3,"column":2}},"4":{"start":{"line":3,"column":2},"end":{"line":11,"column":2}},"5":{"start":{"line":11,"column":2},"end":{"line":12,"column":0}}},"branchMap":{"1":{"line":2,"type":"if","locations":[{"start":{"line":2,"column":2},"end":{"line":2,"column":2}},{"start":{"line":2,"column":2},"end":{"line":2,"column":2}}]},"2":{"line":2,"type":"binary-expr","locations":[{"start":{"line":2,"column":5},"end":{"line":2,"column":15}},{"start":{"line":2,"column":19},"end":{"line":2,"column":29}}]}}},"/Users/morgan/Documents/turf/lib/inside.js":{"path":"/Users/morgan/Documents/turf/lib/inside.js","s":{"1":1,"2":69693,"3":69693,"4":69693,"5":69693,"6":69693,"7":323929,"8":323929,"9":323929,"10":323929,"11":21230,"12":69693},"b":{"1":[323929,42726],"2":[21230,302699]},"f":{"1":69693},"fnMap":{"1":{"name":"(anonymous_1)","line":5,"loc":{"start":{"line":5,"column":17},"end":{"line":5,"column":47}}}},"statementMap":{"1":{"start":{"line":5,"column":0},"end":{"line":23,"column":0}},"2":{"start":{"line":6,"column":2},"end":{"line":7,"column":2}},"3":{"start":{"line":7,"column":2},"end":{"line":8,"column":2}},"4":{"start":{"line":8,"column":2},"end":{"line":10,"column":2}},"5":{"start":{"line":10,"column":2},"end":{"line":10,"column":23}},"6":{"start":{"line":11,"column":2},"end":{"line":18,"column":3}},"7":{"start":{"line":12,"column":4},"end":{"line":12,"column":37}},"8":{"start":{"line":13,"column":4},"end":{"line":13,"column":37}},"9":{"start":{"line":15,"column":4},"end":{"line":16,"column":55}},"10":{"start":{"line":17,"column":4},"end":{"line":17,"column":40}},"11":{"start":{"line":17,"column":19},"end":{"line":17,"column":40}},"12":{"start":{"line":19,"column":2},"end":{"line":20,"column":0}}},"branchMap":{"1":{"line":15,"type":"binary-expr","locations":[{"start":{"line":15,"column":21},"end":{"line":15,"column":41}},{"start":{"line":16,"column":12},"end":{"line":16,"column":53}}]},"2":{"line":17,"type":"if","locations":[{"start":{"line":17,"column":4},"end":{"line":17,"column":4}},{"start":{"line":17,"column":4},"end":{"line":17,"column":4}}]}}},"/Users/morgan/Documents/turf/lib/grid.js":{"path":"/Users/morgan/Documents/turf/lib/grid.js","s":{"1":1,"2":1,"3":1,"4":1,"5":14,"6":14,"7":14,"8":14,"9":14,"10":14,"11":14,"12":14,"13":214,"14":3314,"15":14},"b":{},"f":{"1":14},"fnMap":{"1":{"name":"(anonymous_1)","line":6,"loc":{"start":{"line":6,"column":17},"end":{"line":6,"column":47}}}},"statementMap":{"1":{"start":{"line":1,"column":0},"end":{"line":2,"column":0}},"2":{"start":{"line":2,"column":0},"end":{"line":4,"column":0}},"3":{"start":{"line":4,"column":0},"end":{"line":6,"column":0}},"4":{"start":{"line":6,"column":0},"end":{"line":24,"column":0}},"5":{"start":{"line":7,"column":2},"end":{"line":8,"column":2}},"6":{"start":{"line":8,"column":2},"end":{"line":9,"column":2}},"7":{"start":{"line":9,"column":2},"end":{"line":10,"column":2}},"8":{"start":{"line":10,"column":2},"end":{"line":11,"column":2}},"9":{"start":{"line":11,"column":2},"end":{"line":12,"column":2}},"10":{"start":{"line":12,"column":2},"end":{"line":13,"column":2}},"11":{"start":{"line":13,"column":2},"end":{"line":17,"column":2}},"12":{"start":{"line":17,"column":2},"end":{"line":21,"column":3}},"13":{"start":{"line":18,"column":4},"end":{"line":20,"column":5}},"14":{"start":{"line":19,"column":6},"end":{"line":20,"column":4}},"15":{"start":{"line":22,"column":2},"end":{"line":23,"column":0}}},"branchMap":{}},"/Users/morgan/Documents/turf/lib/extent.js":{"path":"/Users/morgan/Documents/turf/lib/extent.js","s":{"1":1,"2":1,"3":20,"4":20,"5":15,"6":201,"7":201,"8":195,"9":195,"10":3,"11":3,"12":3,"13":3,"14":3,"15":0,"16":0,"17":0,"18":0,"19":0,"20":0,"21":0,"22":0,"23":0,"24":201,"25":0,"26":201,"27":222,"28":34,"29":222,"30":62,"31":222,"32":70,"33":222,"34":43,"35":15,"36":15,"37":5,"38":5,"39":5,"40":2,"41":3,"42":5,"43":1,"44":1,"45":1,"46":1,"47":1,"48":1,"49":1,"50":0,"51":0,"52":1,"53":1,"54":1,"55":1,"56":1,"57":1,"58":1,"59":5,"60":0,"61":5,"62":28,"63":7,"64":28,"65":6,"66":28,"67":12,"68":28,"69":12,"70":5,"71":5},"b":{"1":[15,5],"2":[195,3,3,0,0,0],"3":[0,201],"4":[201,0],"5":[34,188],"6":[62,160],"7":[70,152],"8":[43,179],"9":[2,3],"10":[1,1,1,0,1,1],"11":[0,5],"12":[7,21],"13":[6,22],"14":[12,16],"15":[12,16]},"f":{"1":20},"fnMap":{"1":{"name":"(anonymous_1)","line":3,"loc":{"start":{"line":3,"column":17},"end":{"line":3,"column":38}}}},"statementMap":{"1":{"start":{"line":1,"column":0},"end":{"line":3,"column":0}},"2":{"start":{"line":3,"column":0},"end":{"line":112,"column":0}},"3":{"start":{"line":4,"column":2},"end":{"line":8,"column":2}},"4":{"start":{"line":8,"column":2},"end":{"line":110,"column":3}},"5":{"start":{"line":9,"column":4},"end":{"line":53,"column":5}},"6":{"start":{"line":10,"column":6},"end":{"line":11,"column":6}},"7":{"start":{"line":11,"column":6},"end":{"line":34,"column":7}},"8":{"start":{"line":13,"column":10},"end":{"line":14,"column":10}},"9":{"start":{"line":14,"column":10},"end":{"line":14,"column":15}},"10":{"start":{"line":16,"column":10},"end":{"line":17,"column":10}},"11":{"start":{"line":17,"column":10},"end":{"line":17,"column":15}},"12":{"start":{"line":19,"column":10},"end":{"line":20,"column":10}},"13":{"start":{"line":20,"column":10},"end":{"line":21,"column":10}},"14":{"start":{"line":21,"column":10},"end":{"line":21,"column":15}},"15":{"start":{"line":23,"column":10},"end":{"line":24,"column":10}},"16":{"start":{"line":24,"column":10},"end":{"line":24,"column":15}},"17":{"start":{"line":26,"column":10},"end":{"line":27,"column":10}},"18":{"start":{"line":27,"column":10},"end":{"line":28,"column":10}},"19":{"start":{"line":28,"column":10},"end":{"line":28,"column":15}},"20":{"start":{"line":30,"column":10},"end":{"line":31,"column":10}},"21":{"start":{"line":31,"column":10},"end":{"line":32,"column":10}},"22":{"start":{"line":32,"column":10},"end":{"line":33,"column":10}},"23":{"start":{"line":33,"column":10},"end":{"line":33,"column":15}},"24":{"start":{"line":35,"column":6},"end":{"line":37,"column":7}},"25":{"start":{"line":36,"column":8},"end":{"line":37,"column":6}},"26":{"start":{"line":39,"column":6},"end":{"line":52,"column":7}},"27":{"start":{"line":40,"column":8},"end":{"line":42,"column":9}},"28":{"start":{"line":41,"column":10},"end":{"line":42,"column":8}},"29":{"start":{"line":43,"column":8},"end":{"line":45,"column":9}},"30":{"start":{"line":44,"column":10},"end":{"line":45,"column":8}},"31":{"start":{"line":46,"column":8},"end":{"line":48,"column":9}},"32":{"start":{"line":47,"column":10},"end":{"line":48,"column":8}},"33":{"start":{"line":49,"column":8},"end":{"line":51,"column":9}},"34":{"start":{"line":50,"column":10},"end":{"line":51,"column":8}},"35":{"start":{"line":54,"column":4},"end":{"line":55,"column":4}},"36":{"start":{"line":55,"column":4},"end":{"line":56,"column":2}},"37":{"start":{"line":58,"column":4},"end":{"line":59,"column":4}},"38":{"start":{"line":59,"column":4},"end":{"line":60,"column":4}},"39":{"start":{"line":60,"column":4},"end":{"line":65,"column":5}},"40":{"start":{"line":61,"column":6},"end":{"line":62,"column":4}},"41":{"start":{"line":64,"column":6},"end":{"line":65,"column":4}},"42":{"start":{"line":66,"column":4},"end":{"line":89,"column":5}},"43":{"start":{"line":68,"column":8},"end":{"line":69,"column":8}},"44":{"start":{"line":69,"column":8},"end":{"line":69,"column":13}},"45":{"start":{"line":71,"column":8},"end":{"line":72,"column":8}},"46":{"start":{"line":72,"column":8},"end":{"line":72,"column":13}},"47":{"start":{"line":74,"column":8},"end":{"line":75,"column":8}},"48":{"start":{"line":75,"column":8},"end":{"line":76,"column":8}},"49":{"start":{"line":76,"column":8},"end":{"line":76,"column":13}},"50":{"start":{"line":78,"column":8},"end":{"line":79,"column":8}},"51":{"start":{"line":79,"column":8},"end":{"line":79,"column":13}},"52":{"start":{"line":81,"column":8},"end":{"line":82,"column":8}},"53":{"start":{"line":82,"column":8},"end":{"line":83,"column":8}},"54":{"start":{"line":83,"column":8},"end":{"line":83,"column":13}},"55":{"start":{"line":85,"column":8},"end":{"line":86,"column":8}},"56":{"start":{"line":86,"column":8},"end":{"line":87,"column":8}},"57":{"start":{"line":87,"column":8},"end":{"line":88,"column":8}},"58":{"start":{"line":88,"column":8},"end":{"line":88,"column":13}},"59":{"start":{"line":90,"column":4},"end":{"line":92,"column":5}},"60":{"start":{"line":91,"column":6},"end":{"line":92,"column":4}},"61":{"start":{"line":94,"column":4},"end":{"line":107,"column":5}},"62":{"start":{"line":95,"column":6},"end":{"line":97,"column":7}},"63":{"start":{"line":96,"column":8},"end":{"line":97,"column":6}},"64":{"start":{"line":98,"column":6},"end":{"line":100,"column":7}},"65":{"start":{"line":99,"column":8},"end":{"line":100,"column":6}},"66":{"start":{"line":101,"column":6},"end":{"line":103,"column":7}},"67":{"start":{"line":102,"column":8},"end":{"line":103,"column":6}},"68":{"start":{"line":104,"column":6},"end":{"line":106,"column":7}},"69":{"start":{"line":105,"column":8},"end":{"line":106,"column":6}},"70":{"start":{"line":108,"column":4},"end":{"line":109,"column":4}},"71":{"start":{"line":109,"column":4},"end":{"line":110,"column":2}}},"branchMap":{"1":{"line":8,"type":"if","locations":[{"start":{"line":8,"column":2},"end":{"line":8,"column":2}},{"start":{"line":8,"column":2},"end":{"line":8,"column":2}}]},"2":{"line":11,"type":"switch","locations":[{"start":{"line":12,"column":8},"end":{"line":14,"column":15}},{"start":{"line":15,"column":8},"end":{"line":17,"column":15}},{"start":{"line":18,"column":8},"end":{"line":21,"column":15}},{"start":{"line":22,"column":8},"end":{"line":24,"column":15}},{"start":{"line":25,"column":8},"end":{"line":28,"column":15}},{"start":{"line":29,"column":8},"end":{"line":33,"column":15}}]},"3":{"line":35,"type":"if","locations":[{"start":{"line":35,"column":6},"end":{"line":35,"column":6}},{"start":{"line":35,"column":6},"end":{"line":35,"column":6}}]},"4":{"line":35,"type":"binary-expr","locations":[{"start":{"line":35,"column":9},"end":{"line":35,"column":36}},{"start":{"line":35,"column":40},"end":{"line":35,"column":68}}]},"5":{"line":40,"type":"if","locations":[{"start":{"line":40,"column":8},"end":{"line":40,"column":8}},{"start":{"line":40,"column":8},"end":{"line":40,"column":8}}]},"6":{"line":43,"type":"if","locations":[{"start":{"line":43,"column":8},"end":{"line":43,"column":8}},{"start":{"line":43,"column":8},"end":{"line":43,"column":8}}]},"7":{"line":46,"type":"if","locations":[{"start":{"line":46,"column":8},"end":{"line":46,"column":8}},{"start":{"line":46,"column":8},"end":{"line":46,"column":8}}]},"8":{"line":49,"type":"if","locations":[{"start":{"line":49,"column":8},"end":{"line":49,"column":8}},{"start":{"line":49,"column":8},"end":{"line":49,"column":8}}]},"9":{"line":60,"type":"if","locations":[{"start":{"line":60,"column":4},"end":{"line":60,"column":4}},{"start":{"line":60,"column":4},"end":{"line":60,"column":4}}]},"10":{"line":66,"type":"switch","locations":[{"start":{"line":67,"column":6},"end":{"line":69,"column":13}},{"start":{"line":70,"column":6},"end":{"line":72,"column":13}},{"start":{"line":73,"column":6},"end":{"line":76,"column":13}},{"start":{"line":77,"column":6},"end":{"line":79,"column":13}},{"start":{"line":80,"column":6},"end":{"line":83,"column":13}},{"start":{"line":84,"column":6},"end":{"line":88,"column":13}}]},"11":{"line":90,"type":"if","locations":[{"start":{"line":90,"column":4},"end":{"line":90,"column":4}},{"start":{"line":90,"column":4},"end":{"line":90,"column":4}}]},"12":{"line":95,"type":"if","locations":[{"start":{"line":95,"column":6},"end":{"line":95,"column":6}},{"start":{"line":95,"column":6},"end":{"line":95,"column":6}}]},"13":{"line":98,"type":"if","locations":[{"start":{"line":98,"column":6},"end":{"line":98,"column":6}},{"start":{"line":98,"column":6},"end":{"line":98,"column":6}}]},"14":{"line":101,"type":"if","locations":[{"start":{"line":101,"column":6},"end":{"line":101,"column":6}},{"start":{"line":101,"column":6},"end":{"line":101,"column":6}}]},"15":{"line":104,"type":"if","locations":[{"start":{"line":104,"column":6},"end":{"line":104,"column":6}},{"start":{"line":104,"column":6},"end":{"line":104,"column":6}}]}}},"/Users/morgan/Documents/turf/lib/planepoint.js":{"path":"/Users/morgan/Documents/turf/lib/planepoint.js","s":{"1":1,"2":1,"3":1896,"4":1896,"5":1896,"6":1896,"7":1896,"8":1896,"9":1896},"b":{},"f":{"1":1896},"fnMap":{"1":{"name":"(anonymous_1)","line":3,"loc":{"start":{"line":3,"column":17},"end":{"line":3,"column":48}}}},"statementMap":{"1":{"start":{"line":1,"column":0},"end":{"line":23,"column":0}},"2":{"start":{"line":3,"column":0},"end":{"line":23,"column":0}},"3":{"start":{"line":4,"column":2},"end":{"line":5,"column":6}},"4":{"start":{"line":5,"column":6},"end":{"line":6,"column":6}},"5":{"start":{"line":6,"column":6},"end":{"line":9,"column":6}},"6":{"start":{"line":9,"column":6},"end":{"line":12,"column":6}},"7":{"start":{"line":12,"column":6},"end":{"line":16,"column":2}},"8":{"start":{"line":16,"column":2},"end":{"line":21,"column":2}},"9":{"start":{"line":21,"column":2},"end":{"line":22,"column":0}}},"branchMap":{}},"/Users/morgan/Documents/turf/lib/featurecollection.js":{"path":"/Users/morgan/Documents/turf/lib/featurecollection.js","s":{"1":1,"2":111,"3":111},"b":{},"f":{"1":111},"fnMap":{"1":{"name":"(anonymous_1)","line":1,"loc":{"start":{"line":1,"column":17},"end":{"line":1,"column":35}}}},"statementMap":{"1":{"start":{"line":1,"column":0},"end":{"line":9,"column":0}},"2":{"start":{"line":2,"column":2},"end":{"line":7,"column":2}},"3":{"start":{"line":7,"column":2},"end":{"line":8,"column":0}}},"branchMap":{}},"/Users/morgan/Documents/turf/lib/linestring.js":{"path":"/Users/morgan/Documents/turf/lib/linestring.js","s":{"1":1,"2":84,"3":0,"4":84,"5":84},"b":{"1":[0,84]},"f":{"1":84},"fnMap":{"1":{"name":"(anonymous_1)","line":1,"loc":{"start":{"line":1,"column":17},"end":{"line":1,"column":50}}}},"statementMap":{"1":{"start":{"line":1,"column":0},"end":{"line":14,"column":0}},"2":{"start":{"line":2,"column":2},"end":{"line":3,"column":2}},"3":{"start":{"line":2,"column":27},"end":{"line":3,"column":2}},"4":{"start":{"line":3,"column":2},"end":{"line":11,"column":2}},"5":{"start":{"line":11,"column":2},"end":{"line":12,"column":0}}},"branchMap":{"1":{"line":2,"type":"if","locations":[{"start":{"line":2,"column":2},"end":{"line":2,"column":2}},{"start":{"line":2,"column":2},"end":{"line":2,"column":2}}]}}},"/Users/morgan/Documents/turf/lib/square.js":{"path":"/Users/morgan/Documents/turf/lib/square.js","s":{"1":1,"2":1,"3":1,"4":1,"5":1,"6":1,"7":14,"8":14,"9":14,"10":14,"11":14,"12":14,"13":14,"14":14,"15":13,"16":13,"17":13,"18":13,"19":13,"20":13,"21":1,"22":1,"23":1,"24":1,"25":1,"26":1},"b":{"1":[13,1]},"f":{"1":14,"2":14,"3":14,"4":13,"5":1},"fnMap":{"1":{"name":"(anonymous_1)","line":9,"loc":{"start":{"line":9,"column":17},"end":{"line":9,"column":38}}},"2":{"name":"(anonymous_2)","line":16,"loc":{"start":{"line":16,"column":41},"end":{"line":16,"column":74}}},"3":{"name":"(anonymous_3)","line":17,"loc":{"start":{"line":17,"column":42},"end":{"line":17,"column":73}}},"4":{"name":"(anonymous_4)","line":21,"loc":{"start":{"line":21,"column":37},"end":{"line":21,"column":68}}},"5":{"name":"(anonymous_5)","line":30,"loc":{"start":{"line":30,"column":38},"end":{"line":30,"column":70}}}},"statementMap":{"1":{"start":{"line":1,"column":0},"end":{"line":2,"column":0}},"2":{"start":{"line":2,"column":0},"end":{"line":5,"column":0}},"3":{"start":{"line":5,"column":0},"end":{"line":6,"column":0}},"4":{"start":{"line":6,"column":0},"end":{"line":7,"column":0}},"5":{"start":{"line":7,"column":0},"end":{"line":9,"column":0}},"6":{"start":{"line":9,"column":0},"end":{"line":41,"column":0}},"7":{"start":{"line":10,"column":2},"end":{"line":11,"column":2}},"8":{"start":{"line":11,"column":2},"end":{"line":12,"column":2}},"9":{"start":{"line":12,"column":2},"end":{"line":13,"column":2}},"10":{"start":{"line":13,"column":2},"end":{"line":14,"column":2}},"11":{"start":{"line":14,"column":2},"end":{"line":16,"column":2}},"12":{"start":{"line":16,"column":2},"end":{"line":40,"column":0}},"13":{"start":{"line":17,"column":4},"end":{"line":37,"column":2}},"14":{"start":{"line":18,"column":6},"end":{"line":35,"column":7}},"15":{"start":{"line":19,"column":8},"end":{"line":20,"column":8}},"16":{"start":{"line":20,"column":8},"end":{"line":21,"column":8}},"17":{"start":{"line":21,"column":8},"end":{"line":26,"column":6}},"18":{"start":{"line":22,"column":10},"end":{"line":23,"column":10}},"19":{"start":{"line":23,"column":10},"end":{"line":24,"column":10}},"20":{"start":{"line":24,"column":10},"end":{"line":25,"column":8}},"21":{"start":{"line":28,"column":8},"end":{"line":29,"column":8}},"22":{"start":{"line":29,"column":8},"end":{"line":30,"column":8}},"23":{"start":{"line":30,"column":8},"end":{"line":35,"column":6}},"24":{"start":{"line":31,"column":10},"end":{"line":32,"column":10}},"25":{"start":{"line":32,"column":10},"end":{"line":33,"column":10}},"26":{"start":{"line":33,"column":10},"end":{"line":34,"column":8}}},"branchMap":{"1":{"line":18,"type":"if","locations":[{"start":{"line":18,"column":6},"end":{"line":18,"column":6}},{"start":{"line":18,"column":6},"end":{"line":18,"column":6}}]}}},"/Users/morgan/Documents/turf/lib/midpoint.js":{"path":"/Users/morgan/Documents/turf/lib/midpoint.js","s":{"1":1,"2":1,"3":1,"4":1,"5":20,"6":0,"7":20,"8":20,"9":20,"10":20,"11":20,"12":20,"13":20,"14":20,"15":20,"16":20},"b":{"1":[0,20],"2":[20,20,20,20]},"f":{"1":20},"fnMap":{"1":{"name":"(anonymous_1)","line":7,"loc":{"start":{"line":7,"column":17},"end":{"line":7,"column":48}}}},"statementMap":{"1":{"start":{"line":3,"column":0},"end":{"line":4,"column":0}},"2":{"start":{"line":4,"column":0},"end":{"line":5,"column":0}},"3":{"start":{"line":5,"column":0},"end":{"line":7,"column":0}},"4":{"start":{"line":7,"column":0},"end":{"line":24,"column":0}},"5":{"start":{"line":8,"column":2},"end":{"line":10,"column":2}},"6":{"start":{"line":8,"column":70},"end":{"line":10,"column":2}},"7":{"start":{"line":10,"column":2},"end":{"line":10,"column":42}},"8":{"start":{"line":11,"column":2},"end":{"line":11,"column":42}},"9":{"start":{"line":12,"column":2},"end":{"line":12,"column":42}},"10":{"start":{"line":13,"column":2},"end":{"line":13,"column":42}},"11":{"start":{"line":15,"column":2},"end":{"line":15,"column":19}},"12":{"start":{"line":16,"column":2},"end":{"line":16,"column":18}},"13":{"start":{"line":17,"column":2},"end":{"line":17,"column":19}},"14":{"start":{"line":18,"column":2},"end":{"line":18,"column":18}},"15":{"start":{"line":20,"column":2},"end":{"line":20,"column":37}},"16":{"start":{"line":22,"column":2},"end":{"line":23,"column":0}}},"branchMap":{"1":{"line":8,"type":"if","locations":[{"start":{"line":8,"column":2},"end":{"line":8,"column":2}},{"start":{"line":8,"column":2},"end":{"line":8,"column":2}}]},"2":{"line":8,"type":"binary-expr","locations":[{"start":{"line":8,"column":5},"end":{"line":8,"column":20}},{"start":{"line":8,"column":24},"end":{"line":8,"column":39}},{"start":{"line":8,"column":43},"end":{"line":8,"column":49}},{"start":{"line":8,"column":53},"end":{"line":8,"column":68}}]}}},"/Users/morgan/Documents/turf/lib/isobands.js":{"path":"/Users/morgan/Documents/turf/lib/isobands.js","s":{"1":1,"2":1,"3":1,"4":1,"5":1,"6":1,"7":1,"8":1,"9":1,"10":1,"11":1,"12":1,"13":1,"14":6,"15":6,"16":6,"17":6,"18":6,"19":6,"20":1536,"21":34304,"22":34304,"23":947,"24":947,"25":947,"26":6,"27":6,"28":96,"29":96,"30":96,"31":1536,"32":947,"33":589,"34":96,"35":6,"36":6,"37":6,"38":6,"39":96,"40":96,"41":6,"42":6,"43":6,"44":6,"45":6,"46":61,"47":61,"48":61,"49":3704,"50":61,"51":61,"52":61,"53":61,"54":6,"55":6,"56":6,"57":53,"58":53,"59":168,"60":20,"61":20,"62":53,"63":33,"64":6,"65":6,"66":33,"67":33,"68":6,"69":1,"70":1,"71":1,"72":23471,"73":23471,"74":1,"75":565,"76":565,"77":15451,"78":15451,"79":15451,"80":15451,"81":565,"82":565,"83":565,"84":1,"85":33,"86":33,"87":33,"88":1,"89":1209,"90":401,"91":808,"92":1209,"93":1000,"94":1209,"95":1,"96":3643,"97":3643,"98":3643,"99":3643,"100":3643,"101":3643,"102":7895,"103":6667,"104":1039,"105":1039,"106":5628,"107":635,"108":7895,"109":6203,"110":1230,"111":1230,"112":4973,"113":730,"114":7895,"115":1261,"116":6634,"117":3643,"118":3643,"119":1270,"120":1270,"121":1270,"122":1270,"123":1270,"124":1270,"125":1237,"126":1270,"127":1270,"128":1270,"129":413,"130":413,"131":403,"132":403,"133":403,"134":403,"135":10,"136":10,"137":10,"138":10,"139":413,"140":699,"141":699,"142":439,"143":439,"144":439,"145":439,"146":260,"147":260,"148":260,"149":260,"150":699,"151":1261,"152":52,"153":52,"154":52,"155":52,"156":52,"157":1209,"158":200,"159":470,"160":470,"161":470,"162":470,"163":470,"164":365,"165":739,"166":739,"167":739,"168":739,"169":739,"170":1,"171":6,"172":6,"173":6,"174":6,"175":3643,"176":3643,"177":33,"178":3643,"179":6,"180":6,"181":6,"182":6,"183":33,"184":33,"185":33,"186":61,"187":61,"188":61,"189":61,"190":61,"191":3704,"192":3704,"193":61,"194":61,"195":6,"196":104,"197":6,"198":0,"199":6,"200":6,"201":6,"202":6,"203":1,"204":6,"205":6,"206":6,"207":6,"208":7278,"209":6,"210":7278,"211":6,"212":6,"213":6,"214":6,"215":6,"216":6,"217":6,"218":6,"219":6,"220":6,"221":6,"222":6,"223":6,"224":6,"225":90,"226":1350,"227":1350,"228":1350,"229":1350,"230":1350,"231":1350,"232":1350,"233":1350,"234":1041,"235":8485,"236":1428,"237":7140,"238":5712,"239":5712,"240":5712,"241":1428,"242":1428,"243":1428,"244":7140,"245":3334,"246":3806,"247":3802,"248":4,"249":1428,"250":5712,"251":5712,"252":5712,"253":4284,"254":1428,"255":5712,"256":5712,"257":3643,"258":0,"259":0,"260":0,"261":0,"262":0,"263":0,"264":0,"265":0,"266":0,"267":0,"268":0,"269":0,"270":0,"271":0,"272":0,"273":0,"274":0,"275":0,"276":0,"277":0,"278":8,"279":8,"280":8,"281":8,"282":8,"283":0,"284":0,"285":0,"286":0,"287":0,"288":765,"289":765,"290":765,"291":765,"292":765,"293":1435,"294":1435,"295":1435,"296":1435,"297":1435,"298":1435,"299":1435,"300":1435,"301":1435,"302":1435,"303":0,"304":3643},"b":{"1":[947,33357],"2":[947,589],"3":[61,0],"4":[20,148],"5":[33,20],"6":[401,808],"7":[1000,209],"8":[6667,1228],"9":[1039,5628],"10":[635,4993],"11":[6203,1692],"12":[1230,4973],"13":[730,4243],"14":[1261,6634],"15":[7895,3652],"16":[1674,1969],"17":[1960,1683],"18":[1270,413,699,1261],"19":[1237,33],"20":[403,10],"21":[439,260],"22":[52,1209],"23":[200,470,365,739],"24":[635,574],"25":[739,470],"26":[6,0],"27":[33,3610],"28":[3765,3704],"29":[1041,309],"30":[1350,1041],"31":[1428,7057],"32":[8485,6897],"33":[5712,1428],"34":[3334,3806],"35":[3802,4],"36":[4284,1428],"37":[3643,2069],"38":[0,0,0,0,8,0,765,1435,1435,0]},"f":{"1":6,"2":6,"3":6,"4":6,"5":6,"6":1536,"7":34304,"8":34304,"9":947,"10":1536,"11":61,"12":3704,"13":6,"14":53,"15":168,"16":33,"17":33,"18":23471,"19":565,"20":33,"21":1209,"22":3643,"23":6,"24":3643,"25":6,"26":104,"27":6,"28":7278,"29":7278},"fnMap":{"1":{"name":"(anonymous_1)","line":17,"loc":{"start":{"line":17,"column":17},"end":{"line":17,"column":62}}},"2":{"name":"(anonymous_2)","line":18,"loc":{"start":{"line":18,"column":19},"end":{"line":18,"column":43}}},"3":{"name":"(anonymous_3)","line":19,"loc":{"start":{"line":19,"column":21},"end":{"line":19,"column":40}}},"4":{"name":"(anonymous_4)","line":20,"loc":{"start":{"line":20,"column":21},"end":{"line":20,"column":40}}},"5":{"name":"(anonymous_5)","line":21,"loc":{"start":{"line":21,"column":33},"end":{"line":21,"column":58}}},"6":{"name":"(anonymous_6)","line":23,"loc":{"start":{"line":23,"column":38},"end":{"line":23,"column":50}}},"7":{"name":"(anonymous_7)","line":24,"loc":{"start":{"line":24,"column":39},"end":{"line":24,"column":57}}},"8":{"name":"(anonymous_8)","line":25,"loc":{"start":{"line":25,"column":37},"end":{"line":25,"column":60}}},"9":{"name":"(anonymous_9)","line":27,"loc":{"start":{"line":27,"column":45},"end":{"line":27,"column":66}}},"10":{"name":"(anonymous_10)","line":43,"loc":{"start":{"line":43,"column":27},"end":{"line":43,"column":50}}},"11":{"name":"(anonymous_11
[...]
:465,"column":4},"end":{"line":465,"column":17}},"223":{"start":{"line":469,"column":4},"end":{"line":469,"column":26}},"224":{"start":{"line":470,"column":4},"end":{"line":470,"column":26}},"225":{"start":{"line":475,"column":4},"end":{"line":485,"column":6}},"226":{"start":{"line":487,"column":4},"end":{"line":626,"column":5}},"227":{"start":{"line":488,"column":6},"end":{"line":625,"column":7}},"228":{"start":{"line":489,"column":8},"end":{"line":489,"column":25}},"229":{"start":{"line":490,"column":8},"end":{"line":490,"column":44}},"230":{"start":{"line":491,"column":8},"end":{"line":491,"column":48}},"231":{"start":{"line":492,"column":8},"end":{"line":492,"column":38}},"232":{"start":{"line":493,"column":8},"end":{"line":493,"column":44}},"233":{"start":{"line":494,"column":8},"end":{"line":494,"column":48}},"234":{"start":{"line":495,"column":8},"end":{"line":495,"column":38}},"235":{"start":{"line":497,"column":8},"end":{"line":624,"column":9}},"236":{"start":{"line":498,"column":10},"end":{"line":623,"column":11}},"237":{"start":{"line":499,"column":12},"end":{"line":622,"column":13}},"238":{"start":{"line":500,"column":14},"end":{"line":518,"column":15}},"239":{"start":{"line":501,"column":16},"end":{"line":511,"column":17}},"240":{"start":{"line":504,"column":18},"end":{"line":504,"column":54}},"241":{"start":{"line":505,"column":18},"end":{"line":505,"column":39}},"242":{"start":{"line":506,"column":18},"end":{"line":506,"column":39}},"243":{"start":{"line":508,"column":18},"end":{"line":508,"column":52}},"244":{"start":{"line":509,"column":18},"end":{"line":509,"column":42}},"245":{"start":{"line":510,"column":18},"end":{"line":510,"column":42}},"246":{"start":{"line":512,"column":16},"end":{"line":517,"column":28}},"247":{"start":{"line":513,"column":18},"end":{"line":513,"column":28}},"248":{"start":{"line":514,"column":23},"end":{"line":517,"column":28}},"249":{"start":{"line":515,"column":18},"end":{"line":515,"column":29}},"250":{"start":{"line":517,"column":18},"end":{"line":517,"column":28}},"251":{"start":{"line":549,"column":14},"end":{"line":621,"column":15}},"252":{"start":{"line":550,"column":16},"end":{"line":550,"column":23}},"253":{"start":{"line":551,"column":16},"end":{"line":551,"column":23}},"254":{"start":{"line":552,"column":16},"end":{"line":556,"column":17}},"255":{"start":{"line":553,"column":20},"end":{"line":553,"column":29}},"256":{"start":{"line":555,"column":20},"end":{"line":555,"column":27}},"257":{"start":{"line":557,"column":16},"end":{"line":557,"column":66}},"258":{"start":{"line":558,"column":16},"end":{"line":620,"column":17}},"259":{"start":{"line":559,"column":18},"end":{"line":616,"column":19}},"260":{"start":{"line":561,"column":22},"end":{"line":561,"column":32}},"261":{"start":{"line":562,"column":22},"end":{"line":562,"column":32}},"262":{"start":{"line":563,"column":22},"end":{"line":563,"column":32}},"263":{"start":{"line":564,"column":22},"end":{"line":564,"column":32}},"264":{"start":{"line":565,"column":22},"end":{"line":565,"column":28}},"265":{"start":{"line":567,"column":22},"end":{"line":567,"column":32}},"266":{"start":{"line":568,"column":22},"end":{"line":568,"column":32}},"267":{"start":{"line":569,"column":22},"end":{"line":569,"column":32}},"268":{"start":{"line":570,"column":22},"end":{"line":570,"column":32}},"269":{"start":{"line":571,"column":22},"end":{"line":571,"column":28}},"270":{"start":{"line":573,"column":22},"end":{"line":573,"column":32}},"271":{"start":{"line":574,"column":22},"end":{"line":574,"column":32}},"272":{"start":{"line":575,"column":22},"end":{"line":575,"column":32}},"273":{"start":{"line":576,"column":22},"end":{"line":576,"column":32}},"274":{"start":{"line":577,"column":22},"end":{"line":577,"column":28}},"275":{"start":{"line":579,"column":22},"end":{"line":579,"column":32}},"276":{"start":{"line":580,"column":22},"end":{"line":580,"column":32}},"277":{"start":{"line":581,"column":22},"end":{"line":581,"column":38}},"278":{"start":{"line":582,"column":22},"end":{"line":582,"column":38}},"279":{"start":{"line":583,"column":22},"end":{"line":583,"column":28}},"280":{"start":{"line":585,"column":22},"end":{"line":585,"column":32}},"281":{"start":{"line":586,"column":22},"end":{"line":586,"column":32}},"282":{"start":{"line":587,"column":22},"end":{"line":587,"column":38}},"283":{"start":{"line":588,"column":22},"end":{"line":588,"column":38}},"284":{"start":{"line":589,"column":22},"end":{"line":589,"column":28}},"285":{"start":{"line":591,"column":22},"end":{"line":591,"column":32}},"286":{"start":{"line":592,"column":22},"end":{"line":592,"column":32}},"287":{"start":{"line":593,"column":22},"end":{"line":593,"column":38}},"288":{"start":{"line":594,"column":22},"end":{"line":594,"column":38}},"289":{"start":{"line":595,"column":22},"end":{"line":595,"column":28}},"290":{"start":{"line":597,"column":22},"end":{"line":597,"column":38}},"291":{"start":{"line":598,"column":22},"end":{"line":598,"column":38}},"292":{"start":{"line":599,"column":22},"end":{"line":599,"column":38}},"293":{"start":{"line":600,"column":22},"end":{"line":600,"column":38}},"294":{"start":{"line":601,"column":22},"end":{"line":601,"column":28}},"295":{"start":{"line":603,"column":22},"end":{"line":603,"column":38}},"296":{"start":{"line":604,"column":22},"end":{"line":604,"column":38}},"297":{"start":{"line":605,"column":22},"end":{"line":605,"column":38}},"298":{"start":{"line":606,"column":22},"end":{"line":606,"column":38}},"299":{"start":{"line":607,"column":22},"end":{"line":607,"column":28}},"300":{"start":{"line":609,"column":22},"end":{"line":609,"column":38}},"301":{"start":{"line":610,"column":22},"end":{"line":610,"column":38}},"302":{"start":{"line":611,"column":22},"end":{"line":611,"column":38}},"303":{"start":{"line":612,"column":22},"end":{"line":612,"column":38}},"304":{"start":{"line":613,"column":22},"end":{"line":613,"column":28}},"305":{"start":{"line":615,"column":22},"end":{"line":615,"column":28}},"306":{"start":{"line":619,"column":18},"end":{"line":619,"column":50}}},"branchMap":{"1":{"line":26,"type":"if","locations":[{"start":{"line":26,"column":16},"end":{"line":26,"column":16}},{"start":{"line":26,"column":16},"end":{"line":26,"column":16}}]},"2":{"line":44,"type":"if","locations":[{"start":{"line":44,"column":14},"end":{"line":44,"column":14}},{"start":{"line":44,"column":14},"end":{"line":44,"column":14}}]},"3":{"line":66,"type":"if","locations":[{"start":{"line":66,"column":12},"end":{"line":66,"column":12}},{"start":{"line":66,"column":12},"end":{"line":66,"column":12}}]},"4":{"line":80,"type":"if","locations":[{"start":{"line":80,"column":10},"end":{"line":80,"column":10}},{"start":{"line":80,"column":10},"end":{"line":80,"column":10}}]},"5":{"line":86,"type":"if","locations":[{"start":{"line":86,"column":18},"end":{"line":86,"column":18}},{"start":{"line":86,"column":18},"end":{"line":86,"column":18}}]},"6":{"line":91,"type":"if","locations":[{"start":{"line":91,"column":16},"end":{"line":91,"column":16}},{"start":{"line":91,"column":16},"end":{"line":91,"column":16}}]},"7":{"line":216,"type":"if","locations":[{"start":{"line":216,"column":4},"end":{"line":216,"column":4}},{"start":{"line":216,"column":4},"end":{"line":216,"column":4}}]},"8":{"line":222,"type":"if","locations":[{"start":{"line":222,"column":4},"end":{"line":222,"column":4}},{"start":{"line":222,"column":4},"end":{"line":222,"column":4}}]},"9":{"line":235,"type":"if","locations":[{"start":{"line":235,"column":6},"end":{"line":235,"column":6}},{"start":{"line":235,"column":6},"end":{"line":235,"column":6}}]},"10":{"line":237,"type":"if","locations":[{"start":{"line":237,"column":8},"end":{"line":237,"column":8}},{"start":{"line":237,"column":8},"end":{"line":237,"column":8}}]},"11":{"line":240,"type":"if","locations":[{"start":{"line":240,"column":15},"end":{"line":240,"column":15}},{"start":{"line":240,"column":15},"end":{"line":240,"column":15}}]},"12":{"line":244,"type":"if","locations":[{"start":{"line":244,"column":6},"end":{"line":244,"column":6}},{"start":{"line":244,"column":6},"end":{"line":244,"column":6}}]},"13":{"line":246,"type":"if","locations":[{"start":{"line":246,"column":8},"end":{"line":246,"column":8}},{"start":{"line":246,"column":8},"end":{"line":246,"column":8}}]},"14":{"line":249,"type":"if","locations":[{"start":{"line":249,"column":15},"end":{"line":249,"column":15}},{"start":{"line":249,"column":15},"end":{"line":249,"column":15}}]},"15":{"line":254,"type":"if","locations":[{"start":{"line":254,"column":6},"end":{"line":254,"column":6}},{"start":{"line":254,"column":6},"end":{"line":254,"column":6}}]},"16":{"line":254,"type":"binary-expr","locations":[{"start":{"line":254,"column":10},"end":{"line":254,"column":20}},{"start":{"line":254,"column":24},"end":{"line":254,"column":34}}]},"17":{"line":262,"type":"cond-expr","locations":[{"start":{"line":262,"column":28},"end":{"line":262,"column":29}},{"start":{"line":262,"column":32},"end":{"line":262,"column":33}}]},"18":{"line":262,"type":"cond-expr","locations":[{"start":{"line":262,"column":53},"end":{"line":262,"column":54}},{"start":{"line":262,"column":57},"end":{"line":262,"column":58}}]},"19":{"line":264,"type":"switch","locations":[{"start":{"line":265,"column":6},"end":{"line":280,"column":12}},{"start":{"line":282,"column":6},"end":{"line":296,"column":12}},{"start":{"line":298,"column":6},"end":{"line":312,"column":12}},{"start":{"line":314,"column":6},"end":{"line":356,"column":7}}]},"20":{"line":274,"type":"if","locations":[{"start":{"line":274,"column":8},"end":{"line":274,"column":8}},{"start":{"line":274,"column":8},"end":{"line":274,"column":8}}]},"21":{"line":285,"type":"if","locations":[{"start":{"line":285,"column":8},"end":{"line":285,"column":8}},{"start":{"line":285,"column":8},"end":{"line":285,"column":8}}]},"22":{"line":301,"type":"if","locations":[{"start":{"line":301,"column":8},"end":{"line":301,"column":8}},{"start":{"line":301,"column":8},"end":{"line":301,"column":8}}]},"23":{"line":317,"type":"if","locations":[{"start":{"line":317,"column":8},"end":{"line":317,"column":8}},{"start":{"line":317,"column":8},"end":{"line":317,"column":8}}]},"24":{"line":328,"type":"switch","locations":[{"start":{"line":329,"column":10},"end":{"line":331,"column":28}},{"start":{"line":333,"column":10},"end":{"line":341,"column":16}},{"start":{"line":343,"column":10},"end":{"line":345,"column":28}},{"start":{"line":347,"column":10},"end":{"line":355,"column":14}}]},"25":{"line":328,"type":"cond-expr","locations":[{"start":{"line":328,"column":27},"end":{"line":328,"column":28}},{"start":{"line":328,"column":31},"end":{"line":328,"column":32}}]},"26":{"line":328,"type":"cond-expr","locations":[{"start":{"line":328,"column":48},"end":{"line":328,"column":49}},{"start":{"line":328,"column":52},"end":{"line":328,"column":53}}]},"27":{"line":368,"type":"if","locations":[{"start":{"line":368,"column":4},"end":{"line":368,"column":4}},{"start":{"line":368,"column":4},"end":{"line":368,"column":4}}]},"28":{"line":385,"type":"if","locations":[{"start":{"line":385,"column":8},"end":{"line":385,"column":8}},{"start":{"line":385,"column":8},"end":{"line":385,"column":8}}]},"29":{"line":401,"type":"binary-expr","locations":[{"start":{"line":401,"column":19},"end":{"line":401,"column":20}},{"start":{"line":401,"column":24},"end":{"line":401,"column":27}}]},"30":{"line":497,"type":"if","locations":[{"start":{"line":497,"column":8},"end":{"line":497,"column":8}},{"start":{"line":497,"column":8},"end":{"line":497,"column":8}}]},"31":{"line":497,"type":"binary-expr","locations":[{"start":{"line":497,"column":12},"end":{"line":497,"column":22}},{"start":{"line":497,"column":24},"end":{"line":497,"column":37}}]},"32":{"line":499,"type":"if","locations":[{"start":{"line":499,"column":12},"end":{"line":499,"column":12}},{"start":{"line":499,"column":12},"end":{"line":499,"column":12}}]},"33":{"line":499,"type":"binary-expr","locations":[{"start":{"line":499,"column":16},"end":{"line":499,"column":26}},{"start":{"line":499,"column":28},"end":{"line":499,"column":38}}]},"34":{"line":501,"type":"if","locations":[{"start":{"line":501,"column":16},"end":{"line":501,"column":16}},{"start":{"line":501,"column":16},"end":{"line":501,"column":16}}]},"35":{"line":512,"type":"if","locations":[{"start":{"line":512,"column":16},"end":{"line":512,"column":16}},{"start":{"line":512,"column":16},"end":{"line":512,"column":16}}]},"36":{"line":514,"type":"if","locations":[{"start":{"line":514,"column":23},"end":{"line":514,"column":23}},{"start":{"line":514,"column":23},"end":{"line":514,"column":23}}]},"37":{"line":552,"type":"if","locations":[{"start":{"line":552,"column":16},"end":{"line":552,"column":16}},{"start":{"line":552,"column":16},"end":{"line":552,"column":16}}]},"38":{"line":558,"type":"if","locations":[{"start":{"line":558,"column":16},"end":{"line":558,"column":16}},{"start":{"line":558,"column":16},"end":{"line":558,"column":16}}]},"39":{"line":559,"type":"switch","locations":[{"start":{"line":560,"column":20},"end":{"line":565,"column":28}},{"start":{"line":566,"column":20},"end":{"line":571,"column":28}},{"start":{"line":572,"column":20},"end":{"line":577,"column":28}},{"start":{"line":578,"column":20},"end":{"line":583,"column":28}},{"start":{"line":584,"column":20},"end":{"line":589,"column":28}},{"start":{"line":590,"column":20},"end":{"line":595,"column":28}},{"start":{"line":596,"column":20},"end":{"line":601,"column":28}},{"start":{"line":602,"column":20},"end":{"line":607,"column":28}},{"start":{"line":608,"column":20},"end":{"line":613,"column":28}},{"start":{"line":614,"column":20},"end":{"line":615,"column":28}}]}}},"/Users/morgan/Documents/turf/lib/filter.js":{"path":"/Users/morgan/Documents/turf/lib/filter.js","s":{"1":1,"2":1,"3":1,"4":1,"5":1,"6":1,"7":6,"8":3,"9":1},"b":{"1":[3,3]},"f":{"1":1},"fnMap":{"1":{"name":"(anonymous_1)","line":5,"loc":{"start":{"line":5,"column":17},"end":{"line":5,"column":49}}}},"statementMap":{"1":{"start":{"line":1,"column":0},"end":{"line":2,"column":0}},"2":{"start":{"line":2,"column":0},"end":{"line":3,"column":0}},"3":{"start":{"line":3,"column":0},"end":{"line":5,"column":0}},"4":{"start":{"line":5,"column":0},"end":{"line":14,"column":0}},"5":{"start":{"line":6,"column":2},"end":{"line":6,"column":38}},"6":{"start":{"line":7,"column":2},"end":{"line":11,"column":3}},"7":{"start":{"line":8,"column":4},"end":{"line":10,"column":5}},"8":{"start":{"line":9,"column":6},"end":{"line":10,"column":4}},"9":{"start":{"line":12,"column":2},"end":{"line":13,"column":0}}},"branchMap":{"1":{"line":8,"type":"if","locations":[{"start":{"line":8,"column":4},"end":{"line":8,"column":4}},{"start":{"line":8,"column":4},"end":{"line":8,"column":4}}]}}},"/Users/morgan/Documents/turf/lib/intersect.js":{"path":"/Users/morgan/Documents/turf/lib/intersect.js","s":{"1":1,"2":1,"3":1,"4":1,"5":2,"6":2,"7":2,"8":2,"9":2,"10":2,"11":2,"12":2},"b":{},"f":{"1":2},"fnMap":{"1":{"name":"(anonymous_1)","line":6,"loc":{"start":{"line":6,"column":17},"end":{"line":6,"column":47}}}},"statementMap":{"1":{"start":{"line":2,"column":0},"end":{"line":3,"column":0}},"2":{"start":{"line":3,"column":0},"end":{"line":4,"column":0}},"3":{"start":{"line":4,"column":0},"end":{"line":6,"column":0}},"4":{"start":{"line":6,"column":0},"end":{"line":16,"column":0}},"5":{"start":{"line":7,"column":2},"end":{"line":8,"column":2}},"6":{"start":{"line":8,"column":2},"end":{"line":9,"column":2}},"7":{"start":{"line":9,"column":2},"end":{"line":10,"column":2}},"8":{"start":{"line":10,"column":2},"end":{"line":11,"column":2}},"9":{"start":{"line":11,"column":2},"end":{"line":12,"column":2}},"10":{"start":{"line":12,"column":2},"end":{"line":13,"column":2}},"11":{"start":{"line":13,"column":2},"end":{"line":14,"column":2}},"12":{"start":{"line":14,"column":2},"end":{"line":15,"column":0}}},"branchMap":{}},"/Users/morgan/Documents/turf/lib/load.js":{"path":"/Users/morgan/Documents/turf/lib/load.js","s":{"1":1,"2":1,"3":66,"4":66,"5":0,"6":66,"7":66},"b":{"1":[0,66]},"f":{"1":66,"2":66},"fnMap":{"1":{"name":"(anonymous_1)","line":5,"loc":{"start":{"line":5,"column":17},"end":{"line":5,"column":38}}},"2":{"name":"(anonymous_2)","line":6,"loc":{"start":{"line":6,"column":20},"end":{"line":6,"column":38}}}},"statementMap":{"1":{"start":{"line":1,"column":0},"end":{"line":5,"column":0}},"2":{"start":{"line":5,"column":0},"end":{"line":13,"column":0}},"3":{"start":{"line":6,"column":2},"end":{"line":11,"column":0}},"4":{"start":{"line":7,"column":4},"end":{"line":8,"column":4}},"5":{"start":{"line":7,"column":13},"end":{"line":8,"column":4}},"6":{"start":{"line":8,"column":4},"end":{"line":9,"column":4}},"7":{"start":{"line":9,"column":4},"end":{"line":10,"column":2}}},"branchMap":{"1":{"line":7,"type":"if","locations":[{"start":{"line":7,"column":4},"end":{"line":7,"column":4}},{"start":{"line":7,"column":4},"end":{"line":7,"column":4}}]}}},"/Users/morgan/Documents/turf/lib/reclass.js":{"path":"/Users/morgan/Documents/turf/lib/reclass.js","s":{"1":1,"2":1,"3":1,"4":1,"5":1,"6":1,"7":17,"8":17,"9":17,"10":68,"11":17,"12":17,"13":17,"14":1},"b":{"1":[17,51],"2":[68,45]},"f":{"1":1,"2":17},"fnMap":{"1":{"name":"(anonymous_1)","line":5,"loc":{"start":{"line":5,"column":17},"end":{"line":5,"column":68}}},"2":{"name":"(anonymous_2)","line":7,"loc":{"start":{"line":7,"column":22},"end":{"line":7,"column":39}}}},"statementMap":{"1":{"start":{"line":1,"column":0},"end":{"line":2,"column":0}},"2":{"start":{"line":2,"column":0},"end":{"line":3,"column":0}},"3":{"start":{"line":3,"column":0},"end":{"line":5,"column":0}},"4":{"start":{"line":5,"column":0},"end":{"line":20,"column":0}},"5":{"start":{"line":6,"column":2},"end":{"line":7,"column":2}},"6":{"start":{"line":7,"column":2},"end":{"line":18,"column":2}},"7":{"start":{"line":8,"column":4},"end":{"line":9,"column":4}},"8":{"start":{"line":9,"column":4},"end":{"line":10,"column":4}},"9":{"start":{"line":10,"column":4},"end":{"line":15,"column":5}},"10":{"start":{"line":11,"column":6},"end":{"line":14,"column":7}},"11":{"start":{"line":12,"column":8},"end":{"line":13,"column":8}},"12":{"start":{"line":13,"column":8},"end":{"line":14,"column":6}},"13":{"start":{"line":16,"column":4},"end":{"line":17,"column":2}},"14":{"start":{"line":18,"column":2},"end":{"line":19,"column":0}}},"branchMap":{"1":{"line":11,"type":"if","locations":[{"start":{"line":11,"column":6},"end":{"line":11,"column":6}},{"start":{"line":11,"column":6},"end":{"line":11,"column":6}}]},"2":{"line":11,"type":"binary-expr","locations":[{"start":{"line":11,"column":9},"end":{"line":11,"column":58}},{"start":{"line":11,"column":62},"end":{"line":11,"column":111}}]}}},"/Users/morgan/Documents/turf/lib/remove.js":{"path":"/Users/morgan/Documents/turf/lib/remove.js","s":{"1":1,"2":1,"3":1,"4":1,"5":1,"6":1,"7":6,"8":3,"9":1},"b":{"1":[3,3]},"f":{"1":1},"fnMap":{"1":{"name":"(anonymous_1)","line":5,"loc":{"start":{"line":5,"column":17},"end":{"line":5,"column":54}}}},"statementMap":{"1":{"start":{"line":1,"column":0},"end":{"line":2,"column":0}},"2":{"start":{"line":2,"column":0},"end":{"line":3,"column":0}},"3":{"start":{"line":3,"column":0},"end":{"line":5,"column":0}},"4":{"start":{"line":5,"column":0},"end":{"line":14,"column":0}},"5":{"start":{"line":6,"column":2},"end":{"line":6,"column":38}},"6":{"start":{"line":7,"column":2},"end":{"line":11,"column":3}},"7":{"start":{"line":8,"column":4},"end":{"line":10,"column":5}},"8":{"start":{"line":9,"column":6},"end":{"line":10,"column":4}},"9":{"start":{"line":12,"column":2},"end":{"line":13,"column":0}}},"branchMap":{"1":{"line":8,"type":"if","locations":[{"start":{"line":8,"column":4},"end":{"line":8,"column":4}},{"start":{"line":8,"column":4},"end":{"line":8,"column":4}}]}}},"/Users/morgan/Documents/turf/lib/smooth.js":{"path":"/Users/morgan/Documents/turf/lib/smooth.js","s":{},"b":{},"f":{},"fnMap":{},"statementMap":{},"branchMap":{}}}