TN:
SF:/Users/morgan/Documents/turf/index.js
FNF:0
FNH:0
DA:1,1
LF:1
LH:1
BRF:0
BRH:0
end_of_record
TN:
SF:/Users/morgan/Documents/turf/lib/area.js
FN:5,(anonymous_1)
FNF:1
FNH:0
FNDA:0,(anonymous_1)
DA:3,1
DA:5,1
LF:2
LH:2
BRF:0
BRH:0
end_of_record
TN:
SF:/Users/morgan/Documents/turf/lib/near.js
FN:3,(anonymous_1)
FNF:1
FNH:0
FNDA:0,(anonymous_1)
DA:3,1
LF:1
LH:1
BRF:0
BRH:0
end_of_record
TN:
SF:/Users/morgan/Documents/turf/lib/isolines.js
FN:15,(anonymous_1)
FN:16,(anonymous_2)
FN:17,(anonymous_3)
FN:18,(anonymous_4)
FN:19,(anonymous_5)
FN:21,(anonymous_6)
FN:22,(anonymous_7)
FN:23,(anonymous_8)
FN:25,(anonymous_9)
FN:41,(anonymous_10)
FN:63,(anonymous_11)
FN:66,(anonymous_12)
FN:155,pointsEqual
FN:160,reverseList
FN:179,ContourBuilder
FN:184,(anonymous_16)
FN:197,(anonymous_17)
FN:337,Conrec
FN:353,(anonymous_19)
FN:360,(anonymous_20)
FN:379,(anonymous_21)
FN:413,(anonymous_22)
FN:419,(anonymous_23)
FN:423,(anonymous_24)
FNF:24
FNH:24
FNDA:6,(anonymous_1)
FNDA:6,(anonymous_2)
FNDA:6,(anonymous_3)
FNDA:6,(anonymous_4)
FNDA:6,(anonymous_5)
FNDA:1536,(anonymous_6)
FNDA:34304,(anonymous_7)
FNDA:34304,(anonymous_8)
FNDA:947,(anonymous_9)
FNDA:1536,(anonymous_10)
FNDA:75,(anonymous_11)
FNDA:4560,(anonymous_12)
FNDA:30664,pointsEqual
FNDA:649,reverseList
FNDA:38,ContourBuilder
FNDA:1468,(anonymous_16)
FNDA:4489,(anonymous_17)
FNDA:6,Conrec
FNDA:4489,(anonymous_19)
FNDA:6,(anonymous_20)
FNDA:122,(anonymous_21)
FNDA:6,(anonymous_22)
FNDA:8731,(anonymous_23)
FNDA:8731,(anonymous_24)
DA:3,1
DA:5,1
DA:6,1
DA:7,1
DA:8,1
DA:9,1
DA:10,1
DA:11,1
DA:12,1
DA:13,1
DA:15,1
DA:16,6
DA:17,6
DA:18,6
DA:19,6
DA:20,6
DA:21,6
DA:22,1536
DA:23,34304
DA:24,34304
DA:25,947
DA:26,947
DA:27,947
DA:37,6
DA:38,6
DA:39,96
DA:40,96
DA:41,96
DA:42,1536
DA:43,947
DA:45,589
DA:48,96
DA:50,6
DA:51,6
DA:52,6
DA:53,6
DA:54,96
DA:55,96
DA:58,6
DA:59,6
DA:60,6
DA:62,6
DA:63,6
DA:64,75
DA:65,73
DA:66,73
DA:67,4560
DA:69,73
DA:70,73
DA:71,73
DA:73,73
DA:76,6
DA:151,1
DA:153,1
DA:155,1
DA:156,30664
DA:157,30664
DA:160,1
DA:161,649
DA:163,649
DA:165,18288
DA:166,18288
DA:167,18288
DA:170,18288
DA:174,649
DA:175,649
DA:176,649
DA:179,1
DA:180,38
DA:181,38
DA:182,38
DA:184,1
DA:186,1468
DA:187,509
DA:189,959
DA:192,1468
DA:193,1197
DA:195,1468
DA:197,1
DA:198,4489
DA:199,4489
DA:200,4489
DA:201,4489
DA:202,4489
DA:204,4489
DA:205,10250
DA:207,8699
DA:208,1241
DA:209,1241
DA:210,7458
DA:211,805
DA:214,10250
DA:216,7989
DA:217,1471
DA:218,1471
DA:219,6518
DA:220,956
DA:224,10250
DA:225,1527
DA:227,8723
DA:232,4489
DA:234,4489
DA:236,1543
DA:237,1543
DA:238,1543
DA:239,1543
DA:243,1543
DA:244,1543
DA:245,1505
DA:247,1543
DA:249,1543
DA:250,1543
DA:253,519
DA:255,519
DA:256,484
DA:257,484
DA:258,484
DA:259,484
DA:261,35
DA:262,35
DA:263,35
DA:264,35
DA:266,519
DA:269,900
DA:271,900
DA:272,549
DA:273,549
DA:274,549
DA:275,549
DA:277,351
DA:278,351
DA:279,351
DA:280,351
DA:282,900
DA:287,1527
DA:288,59
DA:289,59
DA:290,59
DA:291,59
DA:292,59
DA:298,1468
DA:301,249
DA:305,603
DA:306,603
DA:307,603
DA:310,603
DA:311,603
DA:315,400
DA:319,865
DA:320,865
DA:321,865
DA:324,865
DA:325,865
DA:337,1
DA:338,6
DA:339,6
DA:340,6
DA:353,6
DA:354,4489
DA:355,4489
DA:356,38
DA:358,4489
DA:360,6
DA:361,6
DA:362,6
DA:363,6
DA:364,38
DA:365,38
DA:366,38
DA:367,75
DA:368,75
DA:369,75
DA:370,75
DA:371,75
DA:372,4564
DA:373,4564
DA:375,75
DA:376,75
DA:379,122
DA:380,6
DA:383,0
DA:385,6
DA:386,6
DA:387,6
DA:388,6
DA:413,1
DA:414,6
DA:415,6
DA:416,6
DA:419,6
DA:420,8731
DA:423,6
DA:424,8731
DA:426,6
DA:427,6
DA:428,6
DA:429,6
DA:430,6
DA:431,6
DA:432,6
DA:433,6
DA:434,6
DA:435,6
DA:439,6
DA:440,6
DA:445,6
DA:457,6
DA:458,90
DA:459,1350
DA:460,1350
DA:461,1350
DA:462,1350
DA:463,1350
DA:464,1350
DA:465,1350
DA:467,1350
DA:468,1069
DA:469,8673
DA:470,1748
DA:471,8740
DA:474,6992
DA:475,6992
DA:476,6992
DA:478,1748
DA:479,1748
DA:480,1748
DA:482,8740
DA:483,4114
DA:484,4626
DA:485,4436
DA:487,190
DA:519,1748
DA:520,6992
DA:521,6992
DA:522,6992
DA:523,5244
DA:525,1748
DA:527,6992
DA:528,6992
DA:529,4489
DA:531,0
DA:532,0
DA:533,0
DA:534,0
DA:535,0
DA:537,0
DA:538,0
DA:539,0
DA:540,0
DA:541,0
DA:543,117
DA:544,117
DA:545,117
DA:546,117
DA:547,117
DA:549,2
DA:550,2
DA:551,2
DA:552,2
DA:553,2
DA:555,8
DA:556,8
DA:557,8
DA:558,8
DA:559,8
DA:561,3
DA:562,3
DA:563,3
DA:564,3
DA:565,3
DA:567,980
DA:568,980
DA:569,980
DA:570,980
DA:571,980
DA:573,1690
DA:574,1690
DA:575,1690
DA:576,1690
DA:577,1690
DA:579,1689
DA:580,1689
DA:581,1689
DA:582,1689
DA:583,1689
DA:585,0
DA:589,4489
LF:287
LH:275
BRDA:24,1,0,947
BRDA:24,1,1,33357
BRDA:42,2,0,947
BRDA:42,2,1,589
BRDA:64,3,0,73
BRDA:64,3,1,2
BRDA:186,4,0,509
BRDA:186,4,1,959
BRDA:192,5,0,1197
BRDA:192,5,1,271
BRDA:205,6,0,8699
BRDA:205,6,1,1551
BRDA:207,7,0,1241
BRDA:207,7,1,7458
BRDA:210,8,0,805
BRDA:210,8,1,6653
BRDA:214,9,0,7989
BRDA:214,9,1,2261
BRDA:216,10,0,1471
BRDA:216,10,1,6518
BRDA:219,11,0,956
BRDA:219,11,1,5562
BRDA:224,12,0,1527
BRDA:224,12,1,8723
BRDA:224,13,0,10250
BRDA:224,13,1,4688
BRDA:232,14,0,2046
BRDA:232,14,1,2443
BRDA:232,15,0,2427
BRDA:232,15,1,2062
BRDA:234,16,0,1543
BRDA:234,16,1,519
BRDA:234,16,2,900
BRDA:234,16,3,1527
BRDA:244,17,0,1505
BRDA:244,17,1,38
BRDA:255,18,0,484
BRDA:255,18,1,35
BRDA:271,19,0,549
BRDA:271,19,1,351
BRDA:287,20,0,59
BRDA:287,20,1,1468
BRDA:298,21,0,249
BRDA:298,21,1,603
BRDA:298,21,2,400
BRDA:298,21,3,865
BRDA:298,22,0,754
BRDA:298,22,1,714
BRDA:298,23,0,865
BRDA:298,23,1,603
BRDA:338,24,0,6
BRDA:338,24,1,0
BRDA:355,25,0,38
BRDA:355,25,1,4451
BRDA:371,26,0,4639
BRDA:371,26,1,4564
BRDA:467,27,0,1069
BRDA:467,27,1,281
BRDA:467,28,0,1350
BRDA:467,28,1,1069
BRDA:469,29,0,1748
BRDA:469,29,1,6925
BRDA:469,30,0,8673
BRDA:469,30,1,6138
BRDA:471,31,0,6992
BRDA:471,31,1,1748
BRDA:482,32,0,4114
BRDA:482,32,1,4626
BRDA:484,33,0,4436
BRDA:484,33,1,190
BRDA:522,34,0,5244
BRDA:522,34,1,1748
BRDA:528,35,0,4489
BRDA:528,35,1,2503
BRDA:529,36,0,0
BRDA:529,36,1,0
BRDA:529,36,2,117
BRDA:529,36,3,2
BRDA:529,36,4,8
BRDA:529,36,5,3
BRDA:529,36,6,980
BRDA:529,36,7,1690
BRDA:529,36,8,1689
BRDA:529,36,9,0
BRF:84
BRH:80
end_of_record
TN:
SF:/Users/morgan/Documents/turf/lib/tin.js
FN:12,(anonymous_1)
FN:15,(anonymous_2)
FN:24,(anonymous_3)
FN:32,(anonymous_4)
FN:34,(anonymous_5)
FN:35,(anonymous_6)
FN:51,(anonymous_7)
FN:57,correctRings
FN:58,(anonymous_9)
FN:67,Triangle
FN:103,(anonymous_11)
FN:112,byX
FN:116,dedup
FN:137,triangulate
FNF:14
FNH:13
FNDA:17,(anonymous_1)
FNDA:272,(anonymous_2)
FNDA:379,(anonymous_3)
FNDA:292,(anonymous_4)
FNDA:876,(anonymous_5)
FNDA:876,(anonymous_6)
FNDA:379,(anonymous_7)
FNDA:379,correctRings
FNDA:379,(anonymous_9)
FNDA:1351,Triangle
FNDA:0,(anonymous_11)
FNDA:839,byX
FNDA:272,dedup
FNDA:17,triangulate
DA:3,1
DA:4,1
DA:8,1
DA:9,1
DA:10,1
DA:12,1
DA:14,17
DA:15,17
DA:16,272
DA:19,17
DA:20,17
DA:24,17
DA:25,379
DA:26,379
DA:28,379
DA:30,17
DA:32,13
DA:33,292
DA:34,292
DA:35,876
DA:36,876
DA:37,292
DA:39,584
DA:40,292
DA:42,292
DA:43,292
DA:45,876
DA:51,17
DA:52,379
DA:54,17
DA:57,1
DA:58,379
DA:59,379
DA:60,379
DA:61,379
DA:64,379
DA:67,1
DA:68,1351
DA:69,1351
DA:70,1351
DA:72,1351
DA:83,1351
DA:84,0
DA:85,0
DA:86,0
DA:87,0
DA:89,0
DA:90,0
DA:91,0
DA:95,1351
DA:96,1351
DA:97,1351
DA:98,1351
DA:99,1351
DA:103,1
DA:104,0
DA:105,0
DA:106,0
DA:107,0
DA:108,0
DA:109,0
DA:112,1
DA:113,839
DA:116,1
DA:117,272
DA:120,272
DA:121,1852
DA:122,1852
DA:123,1852
DA:124,1852
DA:125,6731
DA:126,6731
DA:127,6731
DA:128,518
DA:129,518
DA:130,518
DA:131,518
DA:137,1
DA:139,17
DA:140,0
DA:145,17
DA:147,17
DA:153,17
DA:154,255
DA:155,255
DA:166,17
DA:183,17
DA:184,17
DA:188,272
DA:189,272
DA:190,272
DA:194,2794
DA:195,2794
DA:196,321
DA:197,321
DA:198,321
DA:202,2473
DA:203,2473
DA:204,1683
DA:207,790
DA:212,790
DA:216,272
DA:219,272
DA:220,272
DA:221,1334
DA:222,1334
DA:223,1334
DA:229,17
DA:231,17
DA:232,17
DA:233,561
DA:236,182
DA:239,17
LF:113
LH:99
BRDA:30,1,0,13
BRDA:30,1,1,4
BRDA:36,2,0,292
BRDA:36,2,1,584
BRDA:39,3,0,292
BRDA:39,3,1,292
BRDA:42,4,0,292
BRDA:42,4,1,0
BRDA:60,5,0,379
BRDA:60,5,1,0
BRDA:83,6,0,0
BRDA:83,6,1,1351
BRDA:127,7,0,518
BRDA:127,7,1,6213
BRDA:127,8,0,6731
BRDA:127,8,1,783
BRDA:127,8,2,6731
BRDA:127,8,3,2043
BRDA:139,9,0,0
BRDA:139,9,1,17
BRDA:154,10,0,45
BRDA:154,10,1,210
BRDA:155,11,0,48
BRDA:155,11,1,207
BRDA:168,12,0,6
BRDA:168,12,1,11
BRDA:195,13,0,321
BRDA:195,13,1,2473
BRDA:195,14,0,2794
BRDA:195,14,1,1624
BRDA:203,15,0,1683
BRDA:203,15,1,790
BRDA:233,16,0,182
BRDA:233,16,1,379
BRDA:233,17,0,561
BRDA:233,17,1,445
BRDA:233,17,2,379
BRF:37
BRH:33
end_of_record
TN:
SF:/Users/morgan/Documents/turf/lib/polygon.js
FN:1,(anonymous_1)
FNF:1
FNH:1
FNDA:484,(anonymous_1)
DA:1,1
DA:2,484
DA:3,484
DA:11,484
DA:12,104
DA:15,484
LF:6
LH:6
BRDA:2,1,0,0
BRDA:2,1,1,484
BRDA:11,2,0,104
BRDA:11,2,1,380
BRF:4
BRH:3
end_of_record
TN:
SF:/Users/morgan/Documents/turf/lib/nearest.js
FN:6,(anonymous_1)
FN:10,(anonymous_2)
FN:13,(anonymous_3)
FN:18,(anonymous_4)
FN:31,complete
FNF:5
FNH:5
FNDA:877,(anonymous_1)
FNDA:15317,(anonymous_2)
FNDA:877,(anonymous_3)
FNDA:14440,(anonymous_4)
FNDA:877,complete
DA:1,1
DA:2,1
DA:4,1
DA:6,1
DA:7,877
DA:8,877
DA:9,877
DA:10,877
DA:11,15317
DA:12,877
DA:13,877
DA:14,877
DA:18,14440
DA:19,14440
DA:20,2526
DA:21,2526
DA:23,14440
DA:24,877
DA:28,15317
DA:31,1
DA:32,877
DA:33,877
LF:22
LH:22
BRDA:11,1,0,877
BRDA:11,1,1,14440
BRDA:19,2,0,2526
BRDA:19,2,1,11914
BRDA:23,3,0,877
BRDA:23,3,1,13563
BRF:6
BRH:6
end_of_record
TN:
SF:/Users/morgan/Documents/turf/lib/distance.js
FN:5,(anonymous_1)
FN:6,(anonymous_2)
FNF:2
FNH:2
FNDA:15396,(anonymous_1)
FNDA:61584,(anonymous_2)
DA:5,1
DA:6,15396
DA:7,61584
DA:9,15396
DA:10,15396
DA:17,15396
DA:18,15396
DA:19,15396
DA:20,15396
DA:21,15396
DA:23,15396
DA:25,15396
DA:26,15396
DA:28,15394
DA:29,15394
DA:31,0
DA:32,0
DA:34,2
DA:35,2
DA:37,0
DA:38,0
DA:40,15396
DA:41,15396
LF:23
LH:19
BRDA:26,1,0,15394
BRDA:26,1,1,0
BRDA:26,1,2,2
BRDA:26,1,3,0
BRF:4
BRH:2
end_of_record
TN:
SF:/Users/morgan/Documents/turf/lib/point.js
FN:1,(anonymous_1)
FNF:1
FNH:1
FNDA:5267,(anonymous_1)
DA:1,1
DA:2,5267
DA:3,5267
DA:11,5267
LF:4
LH:4
BRDA:2,1,0,0
BRDA:2,1,1,5267
BRDA:2,2,0,5267
BRDA:2,2,1,5267
BRF:4
BRH:3
end_of_record
TN:
SF:/Users/morgan/Documents/turf/lib/inside.js
FN:5,(anonymous_1)
FNF:1
FNH:1
FNDA:69693,(anonymous_1)
DA:5,1
DA:6,69693
DA:7,69693
DA:8,69693
DA:10,69693
DA:11,69693
DA:12,323929
DA:13,323929
DA:15,323929
DA:17,323929
DA:19,69693
LF:11
LH:11
BRDA:15,1,0,323929
BRDA:15,1,1,42726
BRDA:17,2,0,21230
BRDA:17,2,1,302699
BRF:4
BRH:4
end_of_record
TN:
SF:/Users/morgan/Documents/turf/lib/grid.js
FN:6,(anonymous_1)
FNF:1
FNH:1
FNDA:14,(anonymous_1)
DA:1,1
DA:2,1
DA:4,1
DA:6,1
DA:7,14
DA:8,14
DA:9,14
DA:10,14
DA:11,14
DA:12,14
DA:13,14
DA:17,14
DA:18,214
DA:19,3314
DA:22,14
LF:15
LH:15
BRF:0
BRH:0
end_of_record
TN:
SF:/Users/morgan/Documents/turf/lib/extent.js
FN:3,(anonymous_1)
FNF:1
FNH:1
FNDA:20,(anonymous_1)
DA:1,1
DA:3,1
DA:4,20
DA:8,20
DA:9,15
DA:10,201
DA:11,201
DA:13,195
DA:14,195
DA:16,3
DA:17,3
DA:19,3
DA:20,3
DA:21,3
DA:23,0
DA:24,0
DA:26,0
DA:27,0
DA:28,0
DA:30,0
DA:31,0
DA:32,0
DA:33,0
DA:35,201
DA:36,0
DA:39,201
DA:40,222
DA:41,34
DA:43,222
DA:44,62
DA:46,222
DA:47,70
DA:49,222
DA:50,43
DA:54,15
DA:55,15
DA:58,5
DA:59,5
DA:60,5
DA:61,2
DA:64,3
DA:66,5
DA:68,1
DA:69,1
DA:71,1
DA:72,1
DA:74,1
DA:75,1
DA:76,1
DA:78,0
DA:79,0
DA:81,1
DA:82,1
DA:83,1
DA:85,1
DA:86,1
DA:87,1
DA:88,1
DA:90,5
DA:91,0
DA:94,5
DA:95,28
DA:96,7
DA:98,28
DA:99,6
DA:101,28
DA:102,12
DA:104,28
DA:105,12
DA:108,5
DA:109,5
LF:71
LH:58
BRDA:8,1,0,15
BRDA:8,1,1,5
BRDA:11,2,0,195
BRDA:11,2,1,3
BRDA:11,2,2,3
BRDA:11,2,3,0
BRDA:11,2,4,0
BRDA:11,2,5,0
BRDA:35,3,0,0
BRDA:35,3,1,201
BRDA:35,4,0,201
BRDA:35,4,1,0
BRDA:40,5,0,34
BRDA:40,5,1,188
BRDA:43,6,0,62
BRDA:43,6,1,160
BRDA:46,7,0,70
BRDA:46,7,1,152
BRDA:49,8,0,43
BRDA:49,8,1,179
BRDA:60,9,0,2
BRDA:60,9,1,3
BRDA:66,10,0,1
BRDA:66,10,1,1
BRDA:66,10,2,1
BRDA:66,10,3,0
BRDA:66,10,4,1
BRDA:66,10,5,1
BRDA:90,11,0,0
BRDA:90,11,1,5
BRDA:95,12,0,7
BRDA:95,12,1,21
BRDA:98,13,0,6
BRDA:98,13,1,22
BRDA:101,14,0,12
BRDA:101,14,1,16
BRDA:104,15,0,12
BRDA:104,15,1,16
BRF:38
BRH:31
end_of_record
TN:
SF:/Users/morgan/Documents/turf/lib/planepoint.js
FN:3,(anonymous_1)
FNF:1
FNH:1
FNDA:1896,(anonymous_1)
DA:1,1
DA:3,1
DA:4,1896
DA:5,1896
DA:6,1896
DA:9,1896
DA:12,1896
DA:16,1896
DA:21,1896
LF:9
LH:9
BRF:0
BRH:0
end_of_record
TN:
SF:/Users/morgan/Documents/turf/lib/featurecollection.js
FN:1,(anonymous_1)
FNF:1
FNH:1
FNDA:111,(anonymous_1)
DA:1,1
DA:2,111
DA:7,111
LF:3
LH:3
BRF:0
BRH:0
end_of_record
TN:
SF:/Users/morgan/Documents/turf/lib/linestring.js
FN:1,(anonymous_1)
FNF:1
FNH:1
FNDA:84,(anonymous_1)
DA:1,1
DA:2,84
DA:3,84
DA:11,84
LF:4
LH:4
BRDA:2,1,0,0
BRDA:2,1,1,84
BRF:2
BRH:1
end_of_record
TN:
SF:/Users/morgan/Documents/turf/lib/square.js
FN:9,(anonymous_1)
FN:16,(anonymous_2)
FN:17,(anonymous_3)
FN:21,(anonymous_4)
FN:30,(anonymous_5)
FNF:5
FNH:5
FNDA:14,(anonymous_1)
FNDA:14,(anonymous_2)
FNDA:14,(anonymous_3)
FNDA:13,(anonymous_4)
FNDA:1,(anonymous_5)
DA:1,1
DA:2,1
DA:5,1
DA:6,1
DA:7,1
DA:9,1
DA:10,14
DA:11,14
DA:12,14
DA:13,14
DA:14,14
DA:16,14
DA:17,14
DA:18,14
DA:19,13
DA:20,13
DA:21,13
DA:22,13
DA:23,13
DA:24,13
DA:28,1
DA:29,1
DA:30,1
DA:31,1
DA:32,1
DA:33,1
LF:26
LH:26
BRDA:18,1,0,13
BRDA:18,1,1,1
BRF:2
BRH:2
end_of_record
TN:
SF:/Users/morgan/Documents/turf/lib/midpoint.js
FN:7,(anonymous_1)
FNF:1
FNH:1
FNDA:20,(anonymous_1)
DA:3,1
DA:4,1
DA:5,1
DA:7,1
DA:8,20
DA:10,20
DA:11,20
DA:12,20
DA:13,20
DA:15,20
DA:16,20
DA:17,20
DA:18,20
DA:20,20
DA:22,20
LF:15
LH:15
BRDA:8,1,0,0
BRDA:8,1,1,20
BRDA:8,2,0,20
BRDA:8,2,1,20
BRDA:8,2,2,20
BRDA:8,2,3,20
BRF:6
BRH:5
end_of_record
TN:
SF:/Users/morgan/Documents/turf/lib/isobands.js
FN:17,(anonymous_1)
FN:18,(anonymous_2)
FN:19,(anonymous_3)
FN:20,(anonymous_4)
FN:21,(anonymous_5)
FN:23,(anonymous_6)
FN:24,(anonymous_7)
FN:25,(anonymous_8)
FN:27,(anonymous_9)
FN:43,(anonymous_10)
FN:65,(anonymous_11)
FN:68,(anonymous_12)
FN:80,(anonymous_13)
FN:82,(anonymous_14)
FN:84,(anonymous_15)
FN:95,(anonymous_16)
FN:96,(anonymous_17)
FN:180,pointsEqual
FN:185,reverseList
FN:204,ContourBuilder
FN:209,(anonymous_21)
FN:222,(anonymous_22)
FN:362,Conrec
FN:378,(anonymous_24)
FN:385,(anonymous_25)
FN:404,(anonymous_26)
FN:438,(anonymous_27)
FN:444,(anonymous_28)
FN:448,(anonymous_29)
FNF:29
FNH:29
FNDA:6,(anonymous_1)
FNDA:6,(anonymous_2)
FNDA:6,(anonymous_3)
FNDA:6,(anonymous_4)
FNDA:6,(anonymous_5)
FNDA:1536,(anonymous_6)
FNDA:34304,(anonymous_7)
FNDA:34304,(anonymous_8)
FNDA:947,(anonymous_9)
FNDA:1536,(anonymous_10)
FNDA:61,(anonymous_11)
FNDA:3704,(anonymous_12)
FNDA:6,(anonymous_13)
FNDA:53,(anonymous_14)
FNDA:168,(anonymous_15)
FNDA:33,(anonymous_16)
FNDA:33,(anonymous_17)
FNDA:23471,pointsEqual
FNDA:565,reverseList
FNDA:33,ContourBuilder
FNDA:1209,(anonymous_21)
FNDA:3643,(anonymous_22)
FNDA:6,Conrec
FNDA:3643,(anonymous_24)
FNDA:6,(anonymous_25)
FNDA:104,(anonymous_26)
FNDA:6,(anonymous_27)
FNDA:7278,(anonymous_28)
FNDA:7278,(anonymous_29)
DA:3,1
DA:5,1
DA:6,1
DA:7,1
DA:8,1
DA:9,1
DA:10,1
DA:11,1
DA:12,1
DA:13,1
DA:14,1
DA:15,1
DA:17,1
DA:18,6
DA:19,6
DA:20,6
DA:21,6
DA:22,6
DA:23,6
DA:24,1536
DA:25,34304
DA:26,34304
DA:27,947
DA:28,947
DA:29,947
DA:39,6
DA:40,6
DA:41,96
DA:42,96
DA:43,96
DA:44,1536
DA:45,947
DA:47,589
DA:50,96
DA:52,6
DA:53,6
DA:54,6
DA:55,6
DA:56,96
DA:57,96
DA:60,6
DA:61,6
DA:62,6
DA:64,6
DA:65,6
DA:66,61
DA:67,61
DA:68,61
DA:69,3704
DA:71,61
DA:72,61
DA:73,61
DA:75,61
DA:80,6
DA:81,6
DA:82,6
DA:83,53
DA:84,53
DA:85,168
DA:86,20
DA:87,20
DA:90,53
DA:91,33
DA:94,6
DA:95,6
DA:96,33
DA:97,33
DA:100,6
DA:176,1
DA:178,1
DA:180,1
DA:181,23471
DA:182,23471
DA:185,1
DA:186,565
DA:188,565
DA:190,15451
DA:191,15451
DA:192,15451
DA:195,15451
DA:199,565
DA:200,565
DA:201,565
DA:204,1
DA:205,33
DA:206,33
DA:207,33
DA:209,1
DA:211,1209
DA:212,401
DA:214,808
DA:217,1209
DA:218,1000
DA:220,1209
DA:222,1
DA:223,3643
DA:224,3643
DA:225,3643
DA:226,3643
DA:227,3643
DA:229,3643
DA:230,7895
DA:232,6667
DA:233,1039
DA:234,1039
DA:235,5628
DA:236,635
DA:239,7895
DA:241,6203
DA:242,1230
DA:243,1230
DA:244,4973
DA:245,730
DA:249,7895
DA:250,1261
DA:252,6634
DA:257,3643
DA:259,3643
DA:261,1270
DA:262,1270
DA:263,1270
DA:264,1270
DA:268,1270
DA:269,1270
DA:270,1237
DA:272,1270
DA:274,1270
DA:275,1270
DA:278,413
DA:280,413
DA:281,403
DA:282,403
DA:283,403
DA:284,403
DA:286,10
DA:287,10
DA:288,10
DA:289,10
DA:291,413
DA:294,699
DA:296,699
DA:297,439
DA:298,439
DA:299,439
DA:300,439
DA:302,260
DA:303,260
DA:304,260
DA:305,260
DA:307,699
DA:312,1261
DA:313,52
DA:314,52
DA:315,52
DA:316,52
DA:317,52
DA:323,1209
DA:326,200
DA:330,470
DA:331,470
DA:332,470
DA:335,470
DA:336,470
DA:340,365
DA:344,739
DA:345,739
DA:346,739
DA:349,739
DA:350,739
DA:362,1
DA:363,6
DA:364,6
DA:365,6
DA:378,6
DA:379,3643
DA:380,3643
DA:381,33
DA:383,3643
DA:385,6
DA:386,6
DA:387,6
DA:388,6
DA:389,33
DA:390,33
DA:391,33
DA:392,61
DA:393,61
DA:394,61
DA:395,61
DA:396,61
DA:397,3704
DA:398,3704
DA:400,61
DA:401,61
DA:404,104
DA:405,6
DA:408,0
DA:410,6
DA:411,6
DA:412,6
DA:413,6
DA:438,1
DA:439,6
DA:440,6
DA:441,6
DA:444,6
DA:445,7278
DA:448,6
DA:449,7278
DA:451,6
DA:452,6
DA:453,6
DA:454,6
DA:455,6
DA:456,6
DA:457,6
DA:458,6
DA:459,6
DA:460,6
DA:464,6
DA:465,6
DA:470,6
DA:482,6
DA:483,90
DA:484,1350
DA:485,1350
DA:486,1350
DA:487,1350
DA:488,1350
DA:489,1350
DA:490,1350
DA:492,1350
DA:493,1041
DA:494,8485
DA:495,1428
DA:496,7140
DA:499,5712
DA:500,5712
DA:501,5712
DA:503,1428
DA:504,1428
DA:505,1428
DA:507,7140
DA:508,3334
DA:509,3806
DA:510,3802
DA:512,4
DA:544,1428
DA:545,5712
DA:546,5712
DA:547,5712
DA:548,4284
DA:550,1428
DA:552,5712
DA:553,5712
DA:554,3643
DA:556,0
DA:557,0
DA:558,0
DA:559,0
DA:560,0
DA:562,0
DA:563,0
DA:564,0
DA:565,0
DA:566,0
DA:568,0
DA:569,0
DA:570,0
DA:571,0
DA:572,0
DA:574,0
DA:575,0
DA:576,0
DA:577,0
DA:578,0
DA:580,8
DA:581,8
DA:582,8
DA:583,8
DA:584,8
DA:586,0
DA:587,0
DA:588,0
DA:589,0
DA:590,0
DA:592,765
DA:593,765
DA:594,765
DA:595,765
DA:596,765
DA:598,1435
DA:599,1435
DA:600,1435
DA:601,1435
DA:602,1435
DA:604,1435
DA:605,1435
DA:606,1435
DA:607,1435
DA:608,1435
DA:610,0
DA:614,3643
LF:303
LH:276
BRDA:26,1,0,947
BRDA:26,1,1,33357
BRDA:44,2,0,947
BRDA:44,2,1,589
BRDA:66,3,0,61
BRDA:66,3,1,0
BRDA:85,4,0,20
BRDA:85,4,1,148
BRDA:90,5,0,33
BRDA:90,5,1,20
BRDA:211,6,0,401
BRDA:211,6,1,808
BRDA:217,7,0,1000
BRDA:217,7,1,209
BRDA:230,8,0,6667
BRDA:230,8,1,1228
BRDA:232,9,0,1039
BRDA:232,9,1,5628
BRDA:235,10,0,635
BRDA:235,10,1,4993
BRDA:239,11,0,6203
BRDA:239,11,1,1692
BRDA:241,12,0,1230
BRDA:241,12,1,4973
BRDA:244,13,0,730
BRDA:244,13,1,4243
BRDA:249,14,0,1261
BRDA:249,14,1,6634
BRDA:249,15,0,7895
BRDA:249,15,1,3652
BRDA:257,16,0,1674
BRDA:257,16,1,1969
BRDA:257,17,0,1960
BRDA:257,17,1,1683
BRDA:259,18,0,1270
BRDA:259,18,1,413
BRDA:259,18,2,699
BRDA:259,18,3,1261
BRDA:269,19,0,1237
BRDA:269,19,1,33
BRDA:280,20,0,403
BRDA:280,20,1,10
BRDA:296,21,0,439
BRDA:296,21,1,260
BRDA:312,22,0,52
BRDA:312,22,1,1209
BRDA:323,23,0,200
BRDA:323,23,1,470
BRDA:323,23,2,365
BRDA:323,23,3,739
BRDA:323,24,0,635
BRDA:323,24,1,574
BRDA:323,25,0,739
BRDA:323,25,1,470
BRDA:363,26,0,6
BRDA:363,26,1,0
BRDA:380,27,0,33
BRDA:380,27,1,3610
BRDA:396,28,0,3765
BRDA:396,28,1,3704
BRDA:492,29,0,1041
BRDA:492,29,1,309
BRDA:492,30,0,1350
BRDA:492,30,1,1041
BRDA:494,31,0,1428
BRDA:494,31,1,7057
BRDA:494,32,0,8485
BRDA:494,32,1,6897
BRDA:496,33,0,5712
BRDA:496,33,1,1428
BRDA:507,34,0,3334
BRDA:507,34,1,3806
BRDA:509,35,0,3802
BRDA:509,35,1,4
BRDA:547,36,0,4284
BRDA:547,36,1,1428
BRDA:553,37,0,3643
BRDA:553,37,1,2069
BRDA:554,38,0,0
BRDA:554,38,1,0
BRDA:554,38,2,0
BRDA:554,38,3,0
BRDA:554,38,4,8
BRDA:554,38,5,0
BRDA:554,38,6,765
BRDA:554,38,7,1435
BRDA:554,38,8,1435
BRDA:554,38,9,0
BRF:88
BRH:80
end_of_record
TN:
SF:/Users/morgan/Documents/turf/lib/donuts.js
FN:17,(anonymous_1)
FN:19,(anonymous_2)
FN:20,(anonymous_3)
FN:21,(anonymous_4)
FN:24,(anonymous_5)
FN:49,contained
FN:51,(anonymous_7)
FNF:7
FNH:7
FNDA:9,(anonymous_1)
FNDA:74,(anonymous_2)
FNDA:810,(anonymous_3)
FNDA:810,(anonymous_4)
FNDA:183,(anonymous_5)
FNDA:810,contained
FNDA:810,(anonymous_7)
DA:9,1
DA:10,1
DA:11,1
DA:12,1
DA:13,1
DA:14,1
DA:15,1
DA:17,1
DA:18,9
DA:19,9
DA:20,74
DA:21,810
DA:22,810
DA:23,190
DA:24,183
DA:25,183
DA:26,183
DA:27,6
DA:32,620
DA:33,546
DA:34,546
DA:35,58
DA:46,9
DA:49,1
DA:50,810
DA:51,810
DA:52,810
LF:27
LH:27
BRDA:22,1,0,190
BRDA:22,1,1,620
BRDA:22,2,0,810
BRDA:22,2,1,736
BRDA:23,3,0,183
BRDA:23,3,1,7
BRDA:26,4,0,6
BRDA:26,4,1,177
BRDA:26,5,0,183
BRDA:26,5,1,6
BRDA:32,6,0,546
BRDA:32,6,1,74
BRDA:34,7,0,58
BRDA:34,7,1,488
BRF:14
BRH:14
end_of_record
TN:
SF:/Users/morgan/Documents/turf/lib/erase.js
FN:11,(anonymous_1)
FN:26,correctRings
FN:27,(anonymous_3)
FNF:3
FNH:3
FNDA:187,(anonymous_1)
FNDA:374,correctRings
FNDA:571,(anonymous_3)
DA:6,1
DA:8,1
DA:9,1
DA:11,1
DA:12,187
DA:13,187
DA:15,187
DA:16,187
DA:17,187
DA:18,187
DA:19,187
DA:20,187
DA:22,187
DA:23,187
DA:26,1
DA:27,374
DA:28,571
DA:29,571
DA:30,11
DA:33,374
LF:20
LH:20
BRDA:29,1,0,11
BRDA:29,1,1,560
BRF:2
BRH:2
end_of_record
TN:
SF:/Users/morgan/Documents/turf/lib/union.js
FN:10,(anonymous_1)
FNF:1
FNH:1
FNDA:64,(anonymous_1)
DA:6,1
DA:7,1
DA:8,1
DA:10,1
DA:11,64
DA:12,64
DA:13,64
DA:14,64
DA:15,64
DA:16,64
DA:17,64
DA:22,64
LF:12
LH:12
BRF:0
BRH:0
end_of_record
TN:
SF:/Users/morgan/Documents/turf/lib/merge.js
FN:9,(anonymous_1)
FN:12,(anonymous_2)
FN:14,(anonymous_3)
FN:23,(anonymous_4)
FNF:4
FNH:4
FNDA:38,(anonymous_1)
FNDA:63,(anonymous_2)
FNDA:63,(anonymous_3)
FNDA:38,(anonymous_4)
DA:4,1
DA:6,1
DA:7,1
DA:9,1
DA:10,38
DA:11,38
DA:13,63
DA:14,63
DA:15,63
DA:16,63
DA:20,0
DA:24,38
LF:12
LH:11
BRDA:13,1,0,63
BRDA:13,1,1,0
BRF:2
BRH:1
end_of_record
TN:
SF:/Users/morgan/Documents/turf/lib/convex.js
FN:9,(anonymous_1)
FN:10,(anonymous_2)
FN:12,(anonymous_3)
FN:13,(anonymous_4)
FNF:4
FNH:4
FNDA:2,(anonymous_1)
FNDA:2,(anonymous_2)
FNDA:2,(anonymous_3)
FNDA:2,(anonymous_4)
DA:4,1
DA:5,1
DA:6,1
DA:7,1
DA:9,1
DA:10,2
DA:11,2
DA:12,2
DA:13,2
DA:14,2
DA:15,2
LF:11
LH:11
BRDA:11,1,0,0
BRDA:11,1,1,2
BRDA:14,2,0,0
BRDA:14,2,1,2
BRF:4
BRH:2
end_of_record
TN:
SF:/Users/morgan/Documents/turf/lib/buffer.js
FN:13,(anonymous_1)
FN:26,(anonymous_2)
FN:36,(anonymous_3)
FNF:3
FNH:3
FNDA:8,(anonymous_1)
FNDA:4,(anonymous_2)
FNDA:8,(anonymous_3)
DA:6,1
DA:8,1
DA:9,1
DA:10,1
DA:11,1
DA:13,1
DA:14,8
DA:16,8
DA:17,8
DA:19,0
DA:20,0
DA:22,0
DA:25,8
DA:26,4
DA:27,4
DA:28,4
DA:32,4
DA:36,1
DA:37,8
DA:38,8
DA:39,8
DA:40,8
DA:41,8
DA:42,8
DA:43,2
DA:48,2
DA:49,2
DA:52,6
DA:53,6
LF:29
LH:26
BRDA:14,1,0,8
BRDA:14,1,1,0
BRDA:14,1,2,0
BRDA:25,2,0,4
BRDA:25,2,1,4
BRDA:42,3,0,2
BRDA:42,3,1,6
BRF:7
BRH:5
end_of_record
TN:
SF:/Users/morgan/Documents/turf/lib/combine.js
FN:4,(anonymous_1)
FNF:1
FNH:1
FNDA:7,(anonymous_1)
DA:2,1
DA:4,1
DA:5,7
DA:6,7
DA:7,7
DA:8,7
DA:10,2
DA:17,2
DA:18,2
DA:19,2
DA:21,1
DA:28,1
DA:29,1
DA:30,1
DA:32,4
DA:39,4
DA:40,4
DA:41,4
LF:18
LH:18
BRDA:8,1,0,2
BRDA:8,1,1,1
BRDA:8,1,2,4
BRF:3
BRH:3
end_of_record
TN:
SF:/Users/morgan/Documents/turf/lib/within.js
FN:6,(anonymous_1)
FN:8,(anonymous_2)
FN:9,(anonymous_3)
FN:10,(anonymous_4)
FNF:4
FNH:4
FNDA:4,(anonymous_1)
FNDA:5,(anonymous_2)
FNDA:21,(anonymous_3)
FNDA:21,(anonymous_4)
DA:1,1
DA:2,1
DA:3,1
DA:4,1
DA:6,1
DA:7,4
DA:8,4
DA:9,5
DA:10,21
DA:11,21
DA:12,11
DA:17,4
LF:12
LH:12
BRDA:11,1,0,11
BRDA:11,1,1,10
BRF:2
BRH:2
end_of_record
TN:
SF:/Users/morgan/Documents/turf/lib/concave.js
FN:15,(anonymous_1)
FN:16,(anonymous_2)
FN:18,(anonymous_3)
FN:20,(anonymous_4)
FN:22,(anonymous_5)
FN:31,(anonymous_6)
FN:34,(anonymous_7)
FN:38,(anonymous_8)
FN:39,(anonymous_9)
FN:40,(anonymous_10)
FN:49,(anonymous_11)
FNF:11
FNH:11
FNDA:1,(anonymous_1)
FNDA:1,(anonymous_2)
FNDA:1,(anonymous_3)
FNDA:1,(anonymous_4)
FNDA:1,(anonymous_5)
FNDA:1,(anonymous_6)
FNDA:16,(anonymous_7)
FNDA:16,(anonymous_8)
FNDA:16,(anonymous_9)
FNDA:16,(anonymous_10)
FNDA:1,(anonymous_11)
DA:7,1
DA:8,1
DA:9,1
DA:10,1
DA:11,1
DA:12,1
DA:13,1
DA:15,1
DA:16,1
DA:17,1
DA:18,1
DA:19,1
DA:20,1
DA:21,1
DA:22,1
DA:23,1
DA:24,1
DA:31,1
DA:32,1
DA:33,1
DA:35,16
DA:36,16
DA:37,16
DA:38,16
DA:39,16
DA:40,16
DA:41,16
DA:42,4
DA:44,16
DA:50,1
LF:30
LH:30
BRDA:17,1,0,0
BRDA:17,1,1,1
BRDA:21,2,0,0
BRDA:21,2,1,1
BRDA:23,3,0,0
BRDA:23,3,1,1
BRDA:41,4,0,4
BRDA:41,4,1,12
BRDA:41,5,0,16
BRDA:41,5,1,10
BRDA:41,5,2,6
BRF:11
BRH:8
end_of_record
TN:
SF:/Users/morgan/Documents/turf/lib/count.js
FN:5,(anonymous_1)
FN:6,(anonymous_2)
FN:11,(anonymous_3)
FN:12,(anonymous_4)
FNF:4
FNH:4
FNDA:2,(anonymous_1)
FNDA:4,(anonymous_2)
FNDA:20,(anonymous_3)
FNDA:20,(anonymous_4)
DA:1,1
DA:2,1
DA:3,1
DA:5,1
DA:6,2
DA:7,4
DA:8,0
DA:10,4
DA:11,4
DA:12,20
DA:13,20
DA:14,10
DA:18,4
DA:20,2
LF:14
LH:13
BRDA:7,1,0,0
BRDA:7,1,1,4
BRDA:13,2,0,10
BRDA:13,2,1,10
BRF:4
BRH:3
end_of_record
TN:
SF:/Users/morgan/Documents/turf/lib/variance.js
FN:6,(anonymous_1)
FN:7,(anonymous_2)
FN:12,(anonymous_3)
FN:13,(anonymous_4)
FNF:4
FNH:4
FNDA:2,(anonymous_1)
FNDA:4,(anonymous_2)
FNDA:20,(anonymous_3)
FNDA:20,(anonymous_4)
DA:1,1
DA:2,1
DA:4,1
DA:6,1
DA:7,2
DA:8,4
DA:9,0
DA:11,4
DA:12,4
DA:13,20
DA:14,20
DA:15,10
DA:19,4
DA:21,2
LF:14
LH:13
BRDA:8,1,0,0
BRDA:8,1,1,4
BRDA:14,2,0,10
BRDA:14,2,1,10
BRF:4
BRH:3
end_of_record
TN:
SF:/Users/morgan/Documents/turf/lib/deviation.js
FN:6,(anonymous_1)
FN:7,(anonymous_2)
FN:12,(anonymous_3)
FN:13,(anonymous_4)
FNF:4
FNH:4
FNDA:2,(anonymous_1)
FNDA:4,(anonymous_2)
FNDA:20,(anonymous_3)
FNDA:20,(anonymous_4)
DA:1,1
DA:2,1
DA:4,1
DA:6,1
DA:7,2
DA:8,4
DA:9,0
DA:11,4
DA:12,4
DA:13,20
DA:14,20
DA:15,10
DA:19,4
DA:21,2
LF:14
LH:13
BRDA:8,1,0,0
BRDA:8,1,1,4
BRDA:14,2,0,10
BRDA:14,2,1,10
BRF:4
BRH:3
end_of_record
TN:
SF:/Users/morgan/Documents/turf/lib/median.js
FN:6,(anonymous_1)
FN:7,(anonymous_2)
FN:12,(anonymous_3)
FN:13,(anonymous_4)
FNF:4
FNH:4
FNDA:2,(anonymous_1)
FNDA:4,(anonymous_2)
FNDA:20,(anonymous_3)
FNDA:20,(anonymous_4)
DA:1,1
DA:2,1
DA:4,1
DA:6,1
DA:7,2
DA:8,4
DA:9,0
DA:11,4
DA:12,4
DA:13,20
DA:14,20
DA:15,10
DA:19,4
DA:21,2
LF:14
LH:13
BRDA:8,1,0,0
BRDA:8,1,1,4
BRDA:14,2,0,10
BRDA:14,2,1,10
BRF:4
BRH:3
end_of_record
TN:
SF:/Users/morgan/Documents/turf/lib/min.js
FN:6,(anonymous_1)
FN:7,(anonymous_2)
FN:12,(anonymous_3)
FN:13,(anonymous_4)
FNF:4
FNH:4
FNDA:2,(anonymous_1)
FNDA:4,(anonymous_2)
FNDA:20,(anonymous_3)
FNDA:20,(anonymous_4)
DA:1,1
DA:2,1
DA:4,1
DA:6,1
DA:7,2
DA:8,4
DA:9,0
DA:11,4
DA:12,4
DA:13,20
DA:14,20
DA:15,10
DA:19,4
DA:21,2
LF:14
LH:13
BRDA:8,1,0,0
BRDA:8,1,1,4
BRDA:14,2,0,10
BRDA:14,2,1,10
BRF:4
BRH:3
end_of_record
TN:
SF:/Users/morgan/Documents/turf/lib/max.js
FN:6,(anonymous_1)
FN:7,(anonymous_2)
FN:12,(anonymous_3)
FN:13,(anonymous_4)
FNF:4
FNH:4
FNDA:2,(anonymous_1)
FNDA:4,(anonymous_2)
FNDA:20,(anonymous_3)
FNDA:20,(anonymous_4)
DA:1,1
DA:2,1
DA:4,1
DA:6,1
DA:7,2
DA:8,4
DA:9,0
DA:11,4
DA:12,4
DA:13,20
DA:14,20
DA:15,10
DA:19,4
DA:21,2
LF:14
LH:13
BRDA:8,1,0,0
BRDA:8,1,1,4
BRDA:14,2,0,10
BRDA:14,2,1,10
BRF:4
BRH:3
end_of_record
TN:
SF:/Users/morgan/Documents/turf/lib/aggregate.js
FN:12,(anonymous_1)
FN:13,(anonymous_2)
FN:16,(anonymous_3)
FN:21,(anonymous_4)
FN:26,(anonymous_5)
FN:31,(anonymous_6)
FN:36,(anonymous_7)
FN:41,(anonymous_8)
FN:46,(anonymous_9)
FN:51,(anonymous_10)
FNF:10
FNH:10
FNDA:1,(anonymous_1)
FNDA:8,(anonymous_2)
FNDA:1,(anonymous_3)
FNDA:1,(anonymous_4)
FNDA:1,(anonymous_5)
FNDA:1,(anonymous_6)
FNDA:1,(anonymous_7)
FNDA:1,(anonymous_8)
FNDA:1,(anonymous_9)
FNDA:1,(anonymous_10)
DA:1,1
DA:2,1
DA:3,1
DA:4,1
DA:5,1
DA:6,1
DA:7,1
DA:8,1
DA:9,1
DA:10,1
DA:12,1
DA:13,1
DA:14,8
DA:16,1
DA:17,1
DA:19,1
DA:21,1
DA:22,1
DA:24,1
DA:26,1
DA:27,1
DA:29,1
DA:31,1
DA:32,1
DA:34,1
DA:36,1
DA:37,1
DA:39,1
DA:41,1
DA:42,1
DA:44,1
DA:46,1
DA:47,1
DA:49,1
DA:51,1
DA:52,1
DA:54,1
DA:56,0
DA:59,1
LF:39
LH:38
BRDA:14,1,0,1
BRDA:14,1,1,1
BRDA:14,1,2,1
BRDA:14,1,3,1
BRDA:14,1,4,1
BRDA:14,1,5,1
BRDA:14,1,6,1
BRDA:14,1,7,1
BRDA:14,1,8,0
BRF:9
BRH:8
end_of_record
TN:
SF:/Users/morgan/Documents/turf/lib/average.js
FN:6,(anonymous_1)
FN:7,(anonymous_2)
FN:12,(anonymous_3)
FN:13,(anonymous_4)
FNF:4
FNH:4
FNDA:2,(anonymous_1)
FNDA:4,(anonymous_2)
FNDA:20,(anonymous_3)
FNDA:20,(anonymous_4)
DA:1,1
DA:2,1
DA:4,1
DA:6,1
DA:7,2
DA:8,4
DA:9,0
DA:11,4
DA:12,4
DA:13,20
DA:14,20
DA:15,10
DA:19,4
DA:22,2
LF:14
LH:13
BRDA:8,1,0,0
BRDA:8,1,1,4
BRDA:14,2,0,10
BRDA:14,2,1,10
BRF:4
BRH:3
end_of_record
TN:
SF:/Users/morgan/Documents/turf/lib/sum.js
FN:6,(anonymous_1)
FN:7,(anonymous_2)
FN:12,(anonymous_3)
FN:13,(anonymous_4)
FNF:4
FNH:4
FNDA:2,(anonymous_1)
FNDA:4,(anonymous_2)
FNDA:20,(anonymous_3)
FNDA:20,(anonymous_4)
DA:1,1
DA:2,1
DA:4,1
DA:6,1
DA:7,2
DA:8,4
DA:9,0
DA:11,4
DA:12,4
DA:13,20
DA:14,20
DA:15,10
DA:19,4
DA:21,2
LF:14
LH:13
BRDA:8,1,0,0
BRDA:8,1,1,4
BRDA:14,2,0,10
BRDA:14,2,1,10
BRF:4
BRH:3
end_of_record
TN:
SF:/Users/morgan/Documents/turf/lib/flip.js
FN:4,(anonymous_1)
FN:12,(anonymous_2)
FN:19,(anonymous_3)
FN:20,(anonymous_4)
FN:30,(anonymous_5)
FN:36,(anonymous_6)
FN:42,(anonymous_7)
FN:43,(anonymous_8)
FN:58,(anonymous_9)
FNF:9
FNH:6
FNDA:4,(anonymous_1)
FNDA:2,(anonymous_2)
FNDA:2,(anonymous_3)
FNDA:6,(anonymous_4)
FNDA:2,(anonymous_5)
FNDA:0,(anonymous_6)
FNDA:0,(anonymous_7)
FNDA:0,(anonymous_8)
FNDA:11,(anonymous_9)
DA:1,1
DA:2,1
DA:4,1
DA:5,4
DA:6,3
DA:8,1
DA:9,1
DA:10,1
DA:12,1
DA:13,2
DA:14,2
DA:16,1
DA:17,1
DA:19,1
DA:20,2
DA:21,6
DA:22,6
DA:25,1
DA:26,1
DA:29,1
DA:30,1
DA:31,2
DA:33,2
DA:34,2
DA:36,0
DA:37,0
DA:38,0
DA:40,0
DA:42,0
DA:43,0
DA:44,0
DA:45,0
DA:48,0
DA:51,1
DA:54,0
DA:58,1
DA:59,11
DA:60,11
DA:61,11
LF:39
LH:29
BRDA:5,1,0,3
BRDA:5,1,1,1
BRDA:6,2,0,1
BRDA:6,2,1,1
BRDA:6,2,2,1
BRDA:29,3,0,1
BRDA:29,3,1,0
BRDA:31,4,0,2
BRDA:31,4,1,0
BRDA:31,4,2,0
BRF:10
BRH:7
end_of_record
TN:
SF:/Users/morgan/Documents/turf/lib/simplify.js
FN:4,(anonymous_1)
FN:8,(anonymous_2)
FNF:2
FNH:2
FNDA:4,(anonymous_1)
FNDA:13,(anonymous_2)
DA:2,1
DA:4,1
DA:5,4
DA:10,13
DA:11,13
DA:14,4
DA:15,4
DA:16,4
LF:8
LH:8
BRF:0
BRH:0
end_of_record
TN:
SF:/Users/morgan/Documents/turf/lib/topo.js
FN:3,(anonymous_1)
FNF:1
FNH:1
FNDA:2,(anonymous_1)
DA:1,1
DA:3,1
DA:4,2
DA:5,2
LF:4
LH:4
BRF:0
BRH:0
end_of_record
TN:
SF:/Users/morgan/Documents/turf/lib/bezier.js
FN:7,(anonymous_1)
FN:11,(anonymous_2)
FN:66,(anonymous_3)
FN:106,(anonymous_4)
FN:124,(anonymous_5)
FN:136,(anonymous_6)
FN:182,(anonymous_7)
FN:184,bezier
FN:185,(anonymous_9)
FN:212,(anonymous_10)
FNF:10
FNH:7
FNDA:1,(anonymous_1)
FNDA:13,(anonymous_2)
FNDA:1,(anonymous_3)
FNDA:1,(anonymous_4)
FNDA:0,(anonymous_5)
FNDA:0,(anonymous_6)
FNDA:1001,(anonymous_7)
FNDA:1001,bezier
FNDA:1001,(anonymous_9)
FNDA:0,(anonymous_10)
DA:3,1
DA:4,1
DA:5,1
DA:7,1
DA:8,1
DA:9,1
DA:10,1
DA:11,1
DA:12,13
DA:15,1
DA:21,1
DA:22,500
DA:23,500
DA:26,1
DA:66,1
DA:67,1
DA:68,1
DA:69,1
DA:70,1
DA:71,1
DA:72,1
DA:73,1
DA:74,1
DA:76,13
DA:77,1
DA:78,12
DA:79,12
DA:80,12
DA:82,1
DA:83,1
DA:84,11
DA:85,11
DA:86,11
DA:87,11
DA:88,11
DA:89,11
DA:98,1
DA:99,1
DA:100,1
DA:106,1
DA:107,1
DA:108,1
DA:109,1
DA:110,1
DA:111,500
DA:112,500
DA:113,500
DA:114,0
DA:115,0
DA:118,1
DA:124,1
DA:125,0
DA:126,0
DA:127,0
DA:136,1
DA:137,0
DA:138,0
DA:139,0
DA:140,0
DA:141,0
DA:142,0
DA:143,0
DA:145,0
DA:146,0
DA:147,0
DA:148,0
DA:149,0
DA:151,0
DA:152,0
DA:153,0
DA:154,0
DA:161,0
DA:162,0
DA:163,0
DA:164,0
DA:167,0
DA:168,0
DA:169,0
DA:170,0
DA:172,0
DA:182,1
DA:184,1
DA:185,1001
DA:186,1001
DA:187,1001
DA:189,1001
DA:190,1001
DA:195,1001
DA:197,1001
DA:198,1001
DA:199,1001
DA:201,1001
DA:202,1001
DA:204,1001
DA:205,1001
DA:206,1001
DA:212,1
DA:213,0
DA:214,0
DA:215,0
DA:216,0
DA:217,0
DA:218,0
DA:219,0
DA:220,0
DA:222,0
DA:223,0
LF:107
LH:67
BRDA:23,1,0,250
BRDA:23,1,1,250
BRDA:67,2,0,1
BRDA:67,2,1,0
BRDA:68,3,0,1
BRDA:68,3,1,0
BRDA:69,4,0,1
BRDA:69,4,1,0
BRDA:72,5,0,1
BRDA:72,5,1,1
BRDA:76,6,0,13
BRDA:76,6,1,13
BRDA:113,7,0,0
BRDA:113,7,1,500
BRDA:137,8,0,0
BRDA:137,8,1,0
BRDA:198,9,0,0
BRDA:198,9,1,1001
BRDA:199,10,0,0
BRDA:199,10,1,1001
BRDA:202,11,0,0
BRDA:202,11,1,1001
BRDA:213,12,0,0
BRDA:213,12,1,0
BRDA:219,13,0,0
BRDA:219,13,1,0
BRF:26
BRH:13
end_of_record
TN:
SF:/Users/morgan/Documents/turf/lib/tag.js
FN:5,(anonymous_1)
FN:6,(anonymous_2)
FN:10,(anonymous_3)
FN:12,(anonymous_4)
FNF:4
FNH:4
FNDA:1,(anonymous_1)
FNDA:23,(anonymous_2)
FNDA:115,(anonymous_3)
FNDA:90,(anonymous_4)
DA:1,1
DA:2,1
DA:3,1
DA:5,1
DA:6,1
DA:7,23
DA:8,0
DA:10,23
DA:11,115
DA:12,90
DA:13,90
DA:14,14
DA:17,76
DA:23,1
LF:14
LH:13
BRDA:7,1,0,0
BRDA:7,1,1,23
BRDA:11,2,0,90
BRDA:11,2,1,25
BRDA:13,3,0,14
BRDA:13,3,1,76
BRF:6
BRH:5
end_of_record
TN:
SF:/Users/morgan/Documents/turf/lib/size.js
FN:1,(anonymous_1)
FNF:1
FNH:1
FNDA:4,(anonymous_1)
DA:1,1
DA:2,4
DA:3,4
DA:4,4
DA:5,4
DA:7,4
DA:8,4
LF:7
LH:7
BRF:0
BRH:0
end_of_record
TN:
SF:/Users/morgan/Documents/turf/lib/sample.js
FN:6,(anonymous_1)
FNF:1
FNH:1
FNDA:1,(anonymous_1)
DA:1,1
DA:2,1
DA:4,1
DA:6,1
DA:7,1
DA:8,1
LF:6
LH:6
BRF:0
BRH:0
end_of_record
TN:
SF:/Users/morgan/Documents/turf/lib/jenks.js
FN:4,(anonymous_1)
FN:8,(anonymous_2)
FNF:2
FNH:2
FNDA:3,(anonymous_1)
FNDA:51,(anonymous_2)
DA:1,1
DA:4,1
DA:5,3
DA:6,3
DA:8,3
DA:9,51
DA:10,51
DA:13,3
DA:15,3
LF:9
LH:9
BRDA:9,1,0,51
BRDA:9,1,1,0
BRF:2
BRH:1
end_of_record
TN:
SF:/Users/morgan/Documents/turf/lib/quantile.js
FN:4,(anonymous_1)
FN:8,(anonymous_2)
FN:11,(anonymous_3)
FNF:3
FNH:3
FNDA:1,(anonymous_1)
FNDA:17,(anonymous_2)
FNDA:7,(anonymous_3)
DA:1,1
DA:4,1
DA:5,1
DA:6,1
DA:8,1
DA:9,17
DA:11,1
DA:12,7
DA:14,1
LF:9
LH:9
BRF:0
BRH:0
end_of_record
TN:
SF:/Users/morgan/Documents/turf/lib/save.js
FN:5,(anonymous_1)
FN:9,(anonymous_2)
FN:15,(anonymous_3)
FN:16,(anonymous_4)
FNF:4
FNH:2
FNDA:2,(anonymous_1)
FNDA:2,(anonymous_2)
FNDA:0,(anonymous_3)
FNDA:0,(anonymous_4)
DA:1,1
DA:2,1
DA:3,1
DA:5,1
DA:6,2
DA:7,2
DA:9,2
DA:10,2
DA:12,2
DA:15,0
DA:16,0
DA:17,0
DA:20,0
LF:13
LH:9
BRDA:6,1,0,0
BRDA:6,1,1,2
BRDA:7,2,0,2
BRDA:7,2,1,0
BRF:4
BRH:2
end_of_record
TN:
SF:/Users/morgan/Documents/turf/lib/envelope.js
FN:7,(anonymous_1)
FN:8,(anonymous_2)
FN:9,(anonymous_3)
FNF:3
FNH:3
FNDA:1,(anonymous_1)
FNDA:1,(anonymous_2)
FNDA:1,(anonymous_3)
DA:1,1
DA:2,1
DA:4,1
DA:5,1
DA:7,1
DA:8,1
DA:9,1
DA:10,1
LF:8
LH:8
BRF:0
BRH:0
end_of_record
TN:
SF:/Users/morgan/Documents/turf/lib/bboxPolygon.js
FN:7,(anonymous_1)
FNF:1
FNH:1
FNDA:2,(anonymous_1)
DA:1,1
DA:2,1
DA:4,1
DA:5,1
DA:7,1
DA:8,2
DA:9,2
DA:10,2
DA:11,2
DA:13,2
DA:19,2
LF:11
LH:11
BRF:0
BRH:0
end_of_record
TN:
SF:/Users/morgan/Documents/turf/lib/center.js
FN:5,(anonymous_1)
FN:6,(anonymous_2)
FNF:2
FNH:2
FNDA:1,(anonymous_1)
FNDA:1,(anonymous_2)
DA:1,1
DA:2,1
DA:3,1
DA:5,1
DA:6,1
DA:7,1
DA:8,1
DA:9,1
DA:16,1
LF:9
LH:9
BRF:0
BRH:0
end_of_record
TN:
SF:/Users/morgan/Documents/turf/lib/centroid.js
FN:9,(anonymous_1)
FN:10,(anonymous_2)
FN:16,(anonymous_3)
FNF:3
FNH:3
FNDA:2,(anonymous_1)
FNDA:2,(anonymous_2)
FNDA:8,(anonymous_3)
DA:1,1
DA:2,1
DA:4,1
DA:7,1
DA:9,1
DA:10,2
DA:11,2
DA:16,2
DA:17,8
DA:18,8
DA:21,2
DA:22,2
DA:24,2
LF:13
LH:13
BRF:0
BRH:0
end_of_record
TN:
SF:/Users/morgan/Documents/turf/lib/explode.js
FN:8,(anonymous_1)
FN:79,(anonymous_2)
FNF:2
FNH:2
FNDA:3,(anonymous_1)
FNDA:12,(anonymous_2)
DA:1,1
DA:2,1
DA:5,1
DA:6,1
DA:8,1
DA:9,3
DA:10,3
DA:11,1
DA:12,4
DA:14,4
DA:15,4
DA:17,0
DA:18,0
DA:20,0
DA:21,0
DA:22,0
DA:24,0
DA:25,0
DA:27,0
DA:28,0
DA:29,0
DA:31,0
DA:32,0
DA:33,0
DA:34,0
DA:36,4
DA:37,0
DA:40,1
DA:43,2
DA:44,2
DA:45,2
DA:48,0
DA:50,2
DA:52,0
DA:53,0
DA:55,0
DA:56,0
DA:58,2
DA:59,2
DA:60,2
DA:62,0
DA:63,0
DA:65,0
DA:66,0
DA:67,0
DA:69,0
DA:70,0
DA:71,0
DA:72,0
DA:74,2
DA:75,0
DA:78,3
DA:79,3
DA:80,12
DA:82,3
LF:55
LH:25
BRDA:10,1,0,1
BRDA:10,1,1,2
BRDA:12,2,0,4
BRDA:12,2,1,0
BRDA:12,2,2,0
BRDA:12,2,3,0
BRDA:12,2,4,0
BRDA:12,2,5,0
BRDA:36,3,0,0
BRDA:36,3,1,4
BRDA:36,4,0,4
BRDA:36,4,1,0
BRDA:44,5,0,2
BRDA:44,5,1,0
BRDA:50,6,0,0
BRDA:50,6,1,0
BRDA:50,6,2,2
BRDA:50,6,3,0
BRDA:50,6,4,0
BRDA:50,6,5,0
BRDA:74,7,0,0
BRDA:74,7,1,2
BRF:22
BRH:8
end_of_record
TN:
SF:/Users/morgan/Documents/turf/lib/contour.js
FN:17,(anonymous_1)
FN:18,(anonymous_2)
FN:19,(anonymous_3)
FN:20,(anonymous_4)
FN:21,(anonymous_5)
FN:23,(anonymous_6)
FN:24,(anonymous_7)
FN:25,(anonymous_8)
FN:27,(anonymous_9)
FN:43,(anonymous_10)
FN:65,(anonymous_11)
FN:68,(anonymous_12)
FN:81,(anonymous_13)
FN:83,(anonymous_14)
FN:85,(anonymous_15)
FN:96,(anonymous_16)
FN:97,(anonymous_17)
FN:185,pointsEqual
FN:190,reverseList
FN:209,ContourBuilder
FN:214,(anonymous_21)
FN:227,(anonymous_22)
FN:367,Conrec
FN:383,(anonymous_24)
FN:390,(anonymous_25)
FN:409,(anonymous_26)
FN:443,(anonymous_27)
FN:449,(anonymous_28)
FN:453,(anonymous_29)
FNF:29
FNH:0
FNDA:0,(anonymous_1)
FNDA:0,(anonymous_2)
FNDA:0,(anonymous_3)
FNDA:0,(anonymous_4)
FNDA:0,(anonymous_5)
FNDA:0,(anonymous_6)
FNDA:0,(anonymous_7)
FNDA:0,(anonymous_8)
FNDA:0,(anonymous_9)
FNDA:0,(anonymous_10)
FNDA:0,(anonymous_11)
FNDA:0,(anonymous_12)
FNDA:0,(anonymous_13)
FNDA:0,(anonymous_14)
FNDA:0,(anonymous_15)
FNDA:0,(anonymous_16)
FNDA:0,(anonymous_17)
FNDA:0,pointsEqual
FNDA:0,reverseList
FNDA:0,ContourBuilder
FNDA:0,(anonymous_21)
FNDA:0,(anonymous_22)
FNDA:0,Conrec
FNDA:0,(anonymous_24)
FNDA:0,(anonymous_25)
FNDA:0,(anonymous_26)
FNDA:0,(anonymous_27)
FNDA:0,(anonymous_28)
FNDA:0,(anonymous_29)
DA:3,1
DA:5,1
DA:6,1
DA:7,1
DA:8,1
DA:9,1
DA:10,1
DA:11,1
DA:12,1
DA:13,1
DA:14,1
DA:15,1
DA:17,1
DA:18,0
DA:19,0
DA:20,0
DA:21,0
DA:22,0
DA:23,0
DA:24,0
DA:25,0
DA:26,0
DA:27,0
DA:28,0
DA:29,0
DA:39,0
DA:40,0
DA:41,0
DA:42,0
DA:43,0
DA:44,0
DA:45,0
DA:47,0
DA:50,0
DA:52,0
DA:53,0
DA:54,0
DA:55,0
DA:56,0
DA:57,0
DA:60,0
DA:61,0
DA:62,0
DA:64,0
DA:65,0
DA:66,0
DA:67,0
DA:68,0
DA:69,0
DA:71,0
DA:72,0
DA:73,0
DA:75,0
DA:80,0
DA:81,0
DA:82,0
DA:83,0
DA:84,0
DA:85,0
DA:86,0
DA:87,0
DA:88,0
DA:91,0
DA:92,0
DA:95,0
DA:96,0
DA:97,0
DA:98,0
DA:101,0
DA:105,0
DA:181,1
DA:183,1
DA:185,1
DA:186,0
DA:187,0
DA:190,1
DA:191,0
DA:193,0
DA:195,0
DA:196,0
DA:197,0
DA:200,0
DA:204,0
DA:205,0
DA:206,0
DA:209,1
DA:210,0
DA:211,0
DA:212,0
DA:214,1
DA:216,0
DA:217,0
DA:219,0
DA:222,0
DA:223,0
DA:225,0
DA:227,1
DA:228,0
DA:229,0
DA:230,0
DA:231,0
DA:232,0
DA:234,0
DA:235,0
DA:237,0
DA:238,0
DA:239,0
DA:240,0
DA:241,0
DA:244,0
DA:246,0
DA:247,0
DA:248,0
DA:249,0
DA:250,0
DA:254,0
DA:255,0
DA:257,0
DA:262,0
DA:264,0
DA:266,0
DA:267,0
DA:268,0
DA:269,0
DA:273,0
DA:274,0
DA:275,0
DA:277,0
DA:279,0
DA:280,0
DA:283,0
DA:285,0
DA:286,0
DA:287,0
DA:288,0
DA:289,0
DA:291,0
DA:292,0
DA:293,0
DA:294,0
DA:296,0
DA:299,0
DA:301,0
DA:302,0
DA:303,0
DA:304,0
DA:305,0
DA:307,0
DA:308,0
DA:309,0
DA:310,0
DA:312,0
DA:317,0
DA:318,0
DA:319,0
DA:320,0
DA:321,0
DA:322,0
DA:328,0
DA:331,0
DA:335,0
DA:336,0
DA:337,0
DA:340,0
DA:341,0
DA:345,0
DA:349,0
DA:350,0
DA:351,0
DA:354,0
DA:355,0
DA:367,1
DA:368,0
DA:369,0
DA:370,0
DA:383,0
DA:384,0
DA:385,0
DA:386,0
DA:388,0
DA:390,0
DA:391,0
DA:392,0
DA:393,0
DA:394,0
DA:395,0
DA:396,0
DA:397,0
DA:398,0
DA:399,0
DA:400,0
DA:401,0
DA:402,0
DA:403,0
DA:405,0
DA:406,0
DA:409,0
DA:410,0
DA:413,0
DA:415,0
DA:416,0
DA:417,0
DA:418,0
DA:443,1
DA:444,0
DA:445,0
DA:446,0
DA:449,0
DA:450,0
DA:453,0
DA:454,0
DA:456,0
DA:457,0
DA:458,0
DA:459,0
DA:460,0
DA:461,0
DA:462,0
DA:463,0
DA:464,0
DA:465,0
DA:469,0
DA:470,0
DA:475,0
DA:487,0
DA:488,0
DA:489,0
DA:490,0
DA:491,0
DA:492,0
DA:493,0
DA:494,0
DA:495,0
DA:497,0
DA:498,0
DA:499,0
DA:500,0
DA:501,0
DA:504,0
DA:505,0
DA:506,0
DA:508,0
DA:509,0
DA:510,0
DA:512,0
DA:513,0
DA:514,0
DA:515,0
DA:517,0
DA:549,0
DA:550,0
DA:551,0
DA:552,0
DA:553,0
DA:555,0
DA:557,0
DA:558,0
DA:559,0
DA:561,0
DA:562,0
DA:563,0
DA:564,0
DA:565,0
DA:567,0
DA:568,0
DA:569,0
DA:570,0
DA:571,0
DA:573,0
DA:574,0
DA:575,0
DA:576,0
DA:577,0
DA:579,0
DA:580,0
DA:581,0
DA:582,0
DA:583,0
DA:585,0
DA:586,0
DA:587,0
DA:588,0
DA:589,0
DA:591,0
DA:592,0
DA:593,0
DA:594,0
DA:595,0
DA:597,0
DA:598,0
DA:599,0
DA:600,0
DA:601,0
DA:603,0
DA:604,0
DA:605,0
DA:606,0
DA:607,0
DA:609,0
DA:610,0
DA:611,0
DA:612,0
DA:613,0
DA:615,0
DA:619,0
LF:305
LH:22
BRDA:26,1,0,0
BRDA:26,1,1,0
BRDA:44,2,0,0
BRDA:44,2,1,0
BRDA:66,3,0,0
BRDA:66,3,1,0
BRDA:80,4,0,0
BRDA:80,4,1,0
BRDA:86,5,0,0
BRDA:86,5,1,0
BRDA:91,6,0,0
BRDA:91,6,1,0
BRDA:216,7,0,0
BRDA:216,7,1,0
BRDA:222,8,0,0
BRDA:222,8,1,0
BRDA:235,9,0,0
BRDA:235,9,1,0
BRDA:237,10,0,0
BRDA:237,10,1,0
BRDA:240,11,0,0
BRDA:240,11,1,0
BRDA:244,12,0,0
BRDA:244,12,1,0
BRDA:246,13,0,0
BRDA:246,13,1,0
BRDA:249,14,0,0
BRDA:249,14,1,0
BRDA:254,15,0,0
BRDA:254,15,1,0
BRDA:254,16,0,0
BRDA:254,16,1,0
BRDA:262,17,0,0
BRDA:262,17,1,0
BRDA:262,18,0,0
BRDA:262,18,1,0
BRDA:264,19,0,0
BRDA:264,19,1,0
BRDA:264,19,2,0
BRDA:264,19,3,0
BRDA:274,20,0,0
BRDA:274,20,1,0
BRDA:285,21,0,0
BRDA:285,21,1,0
BRDA:301,22,0,0
BRDA:301,22,1,0
BRDA:317,23,0,0
BRDA:317,23,1,0
BRDA:328,24,0,0
BRDA:328,24,1,0
BRDA:328,24,2,0
BRDA:328,24,3,0
BRDA:328,25,0,0
BRDA:328,25,1,0
BRDA:328,26,0,0
BRDA:328,26,1,0
BRDA:368,27,0,0
BRDA:368,27,1,0
BRDA:385,28,0,0
BRDA:385,28,1,0
BRDA:401,29,0,0
BRDA:401,29,1,0
BRDA:497,30,0,0
BRDA:497,30,1,0
BRDA:497,31,0,0
BRDA:497,31,1,0
BRDA:499,32,0,0
BRDA:499,32,1,0
BRDA:499,33,0,0
BRDA:499,33,1,0
BRDA:501,34,0,0
BRDA:501,34,1,0
BRDA:512,35,0,0
BRDA:512,35,1,0
BRDA:514,36,0,0
BRDA:514,36,1,0
BRDA:552,37,0,0
BRDA:552,37,1,0
BRDA:558,38,0,0
BRDA:558,38,1,0
BRDA:559,39,0,0
BRDA:559,39,1,0
BRDA:559,39,2,0
BRDA:559,39,3,0
BRDA:559,39,4,0
BRDA:559,39,5,0
BRDA:559,39,6,0
BRDA:559,39,7,0
BRDA:559,39,8,0
BRDA:559,39,9,0
BRF:90
BRH:0
end_of_record
TN:
SF:/Users/morgan/Documents/turf/lib/filter.js
FN:5,(anonymous_1)
FNF:1
FNH:1
FNDA:1,(anonymous_1)
DA:1,1
DA:2,1
DA:3,1
DA:5,1
DA:6,1
DA:7,1
DA:8,6
DA:9,3
DA:12,1
LF:9
LH:9
BRDA:8,1,0,3
BRDA:8,1,1,3
BRF:2
BRH:2
end_of_record
TN:
SF:/Users/morgan/Documents/turf/lib/intersect.js
FN:6,(anonymous_1)
FNF:1
FNH:1
FNDA:2,(anonymous_1)
DA:2,1
DA:3,1
DA:4,1
DA:6,1
DA:7,2
DA:8,2
DA:9,2
DA:10,2
DA:11,2
DA:12,2
DA:13,2
DA:14,2
LF:12
LH:12
BRF:0
BRH:0
end_of_record
TN:
SF:/Users/morgan/Documents/turf/lib/load.js
FN:5,(anonymous_1)
FN:6,(anonymous_2)
FNF:2
FNH:2
FNDA:66,(anonymous_1)
FNDA:66,(anonymous_2)
DA:1,1
DA:5,1
DA:6,66
DA:7,66
DA:8,66
DA:9,66
LF:6
LH:6
BRDA:7,1,0,0
BRDA:7,1,1,66
BRF:2
BRH:1
end_of_record
TN:
SF:/Users/morgan/Documents/turf/lib/reclass.js
FN:5,(anonymous_1)
FN:7,(anonymous_2)
FNF:2
FNH:2
FNDA:1,(anonymous_1)
FNDA:17,(anonymous_2)
DA:1,1
DA:2,1
DA:3,1
DA:5,1
DA:6,1
DA:7,1
DA:8,17
DA:9,17
DA:10,17
DA:11,68
DA:12,17
DA:13,17
DA:16,17
DA:18,1
LF:14
LH:14
BRDA:11,1,0,17
BRDA:11,1,1,51
BRDA:11,2,0,68
BRDA:11,2,1,45
BRF:4
BRH:4
end_of_record
TN:
SF:/Users/morgan/Documents/turf/lib/remove.js
FN:5,(anonymous_1)
FNF:1
FNH:1
FNDA:1,(anonymous_1)
DA:1,1
DA:2,1
DA:3,1
DA:5,1
DA:6,1
DA:7,1
DA:8,6
DA:9,3
DA:12,1
LF:9
LH:9
BRDA:8,1,0,3
BRDA:8,1,1,3
BRF:2
BRH:2
end_of_record
TN:
SF:/Users/morgan/Documents/turf/lib/smooth.js
FNF:0
FNH:0
LF:0
LH:0
BRF:0
BRH:0
end_of_record
